[node-1:15937] *** Process received signal ***
[node-1:15937] Signal: Segmentation fault (11)
[node-1:15937] Signal code: Address not mapped (1)
[node-1:15937] Failing at address: 0x7ffea192fc20
[node-1:15937] [ 0] /lib/x86_64-linux-gnu/libc.so.6(+0x3ef10)[0x7f9053b83f10]
[node-1:15937] [ 1] ./main(+0x10ad)[0x555a3fdea0ad]
[node-1:15937] [ 2] ./main(+0x12b6)[0x555a3fdea2b6]
[node-1:15937] [ 3] ./main(+0x1601)[0x555a3fdea601]
[node-1:15937] [ 4] /lib/x86_64-linux-gnu/libc.so.6(__libc_start_main+0xe7)[0x7f9053b66c87]
[node-1:15937] [ 5] ./main(+0xb1a)[0x555a3fde9b1a]
[node-1:15937] *** End of error message ***
[node-3:21769] *** Process received signal ***
[node-3:21769] Signal: Segmentation fault (11)
[node-3:21769] Signal code: Address not mapped (1)
[node-3:21769] Failing at address: 0x7ffda8c92a30
[node-2:00586] *** Process received signal ***
[node-2:00586] Signal: Segmentation fault (11)
[node-2:00586] Signal code:  (128)
[node-2:00586] Failing at address: (nil)
[node-4:07636] *** Process received signal ***
[node-4:07636] Signal: Segmentation fault (11)
[node-4:07636] Signal code: Address not mapped (1)
[node-4:07636] Failing at address: 0x7fff95668720
[node-5:15430] *** Process received signal ***
[node-5:15430] Signal: Segmentation fault (11)
[node-5:15430] Signal code: Address not mapped (1)
[node-5:15430] Failing at address: 0x7ffdf50447c0
[node-3:21769] [ 0] /lib/x86_64-linux-gnu/libc.so.6(+0x3ef10)[0x7f4583013f10]
[node-3:21769] [ 1] ./main(+0x10ad)[0x55b8a2e110ad]
[node-3:21769] [node-2:00586] [ 0] /lib/x86_64-linux-gnu/libc.so.6(+0x3ef10)[0x7f80bc717f10]
[node-2:00586] [ 1] ./main(+0x10ad)[0x5582c5acd0ad[node-4:07636] [ 0] /lib/x86_64-linux-gnu/libc.so.6(+0x3ef10)[0x7fa590f26f10]
[node-4:07636] [ 1] ./main(+0x10ad)[0x55b0e92ff0ad]
[node-4:07636] [ 2] ./main(+0x12b6)[0x55b0e92ff2b6]
[node-4:07636] [ 3] ./main(+0x1601)[0x55b0e92ff601]
[node-4:07636] [node-5:15430] [ 0] /lib/x86_64-linux-gnu/libc.so.6(+0x3ef10)[0x7f4512877f10]
[ 2] ./main(+0x12b6)[0x55b8a2e112b6]
[node-3:21769] [ 3] ]
[node-2:00586] [ 2] ./main(+0x12b6)[0x5582c5acd2b6]
[node-2:00586] [ 3] ./main(+0x1601)[0x5582c5acd601]
[node-2:00586] [ 4] /lib/x86_64-linux-gnu/libc.so.6(__libc_start_main+0xe7)[0x7f80bc6fac87]
[node-2:00586] [ 5] ./main(+0xb1a)[0x5582c5accb1a[ 4] /lib/x86_64-linux-gnu/libc.so.6(__libc_start_main+0xe7)[0x7fa590f09c87]
[node-4:07636] [ 5] ./main(+0xb1a)[0x55b0e92feb1a]
[node-4:07636] *** End of error message ***
[node-5:15430] [ 1] ./main(+0x10ad)[0x55c165e860ad]
[node-5:15430] [ 2] ./main(+0x1601)[0x55b8a2e11601]
[node-3:21769] [ 4] ]
[node-2:00586] *** End of error message ***
./main(+0x12b6)[0x55c165e862b6]
[node-5:15430] [ 3] ./main(+0x1601)[0x55c165e86601]
/lib/x86_64-linux-gnu/libc.so.6(__libc_start_main+0xe7)[0x7f4582ff6c87]
[node-3:21769] [ 5] ./main(+0xb1a)[0x55b8a2e10b1a]
[node-3:21769] *** End of error message ***
[node-5:15430] [ 4] /lib/x86_64-linux-gnu/libc.so.6(__libc_start_main+0xe7)[0x7f451285ac87]
[node-5:15430] [ 5] ./main(+0xb1a)[0x55c165e85b1a]
[node-5:15430] *** End of error message ***
--------------------------------------------------------------------------
mpirun noticed that process rank 0 with PID 0 on node node-1 exited on signal 11 (Segmentation fault).
--------------------------------------------------------------------------
