[node-9:02931] *** Process received signal ***
[node-9:02931] Signal: Segmentation fault (11)
[node-9:02931] Signal code: Address not mapped (1)
[node-9:02931] Failing at address: 0x7ffe809a8e90
[node-9:02931] [ 0] /lib/x86_64-linux-gnu/libc.so.6(+0x3ef10)[0x7f95d17b1f10]
[node-9:02931] [ 1] ./main_openmp(+0x10dd)[0x5572016cd0dd]
[node-9:02931] [ 2] ./main_openmp(+0x12e6)[0x5572016cd2e6]
[node-9:02931] [ 3] ./main_openmp(+0x1631)[0x5572016cd631]
[node-9:02931] [ 4] /lib/x86_64-linux-gnu/libc.so.6(__libc_start_main+0xe7)[0x7f95d1794c87]
[node-9:02931] [ 5] ./main_openmp(+0xb1a)[0x5572016ccb1a]
[node-9:02931] *** End of error message ***
[node-10:18834] *** Process received signal ***
[node-10:18834] Signal: Segmentation fault (11)
[node-10:18834] Signal code: Address not mapped (1)
[node-10:18834] Failing at address: 0x7ffdc77b27a0
[node-10:18834] [ 0] /lib/x86_64-linux-gnu/libc.so.6(+0x3ef10)[0x7f7f1f572f10]
[node-10:18834] [ 1] ./main_openmp(+0x10dd)[0x564f1704b0dd]
[node-10:18834] [ 2] ./main_openmp(+0x12e6)[0x564f1704b2e6]
[node-10:18834] [ 3] ./main_openmp(+0x1631)[0x564f1704b631]
[node-10:18834] [ 4] /lib/x86_64-linux-gnu/libc.so.6(__libc_start_main+0xe7)[0x7f7f1f555c87]
[node-10:18834] [ 5] ./main_openmp(+0xb1a)[0x564f1704ab1a]
[node-10:18834] *** End of error message ***
--------------------------------------------------------------------------
mpirun noticed that process rank 0 with PID 0 on node node-9 exited on signal 11 (Segmentation fault).
--------------------------------------------------------------------------
