[node-1:05334] *** Process received signal ***
[node-1:05334] Signal: Segmentation fault (11)
[node-1:05334] Signal code: Address not mapped (1)
[node-1:05334] Failing at address: 0x7ffe25fd34a0
[node-1:05334] [ 0] /lib/x86_64-linux-gnu/libc.so.6(+0x3ef10)[0x7f909e5b9f10]
[node-1:05334] [ 1] ./main(+0x10ad)[0x55a2aefa90ad]
[node-1:05334] [ 2] ./main(+0x12b6)[0x55a2aefa92b6]
[node-1:05334] [ 3] ./main(+0x1601)[0x55a2aefa9601]
[node-1:05334] [ 4] /lib/x86_64-linux-gnu/libc.so.6(__libc_start_main+0xe7)[0x7f909e59cc87]
[node-1:05334] [ 5] ./main(+0xb1a)[0x55a2aefa8b1a]
[node-1:05334] *** End of error message ***
[node-2:22930] *** Process received signal ***
[node-2:22930] Signal: Segmentation fault (11)
[node-2:22930] Signal code: Address not mapped (1)
[node-2:22930] Failing at address: 0x7ffe6315a710
[node-2:22930] [ 0] /lib/x86_64-linux-gnu/libc.so.6(+0x3ef10)[0x7fbe5645af10]
[node-2:22930] [ 1] ./main(+0x10ad)[0x55e814dc00ad]
[node-2:22930] [ 2] ./main(+0x12b6)[0x55e814dc02b6]
[node-2:22930] [ 3] ./main(+0x1601)[0x55e814dc0601]
[node-2:22930] [ 4] /lib/x86_64-linux-gnu/libc.so.6(__libc_start_main+0xe7)[0x7fbe5643dc87]
[node-2:22930] [ 5] ./main(+0xb1a)[0x55e814dbfb1a]
[node-2:22930] *** End of error message ***
--------------------------------------------------------------------------
mpirun noticed that process rank 0 with PID 0 on node node-1 exited on signal 11 (Segmentation fault).
--------------------------------------------------------------------------
