[node-1:25569] *** Process received signal ***
[node-1:25569] Signal: Segmentation fault (11)
[node-1:25569] Signal code: Address not mapped (1)
[node-1:25569] Failing at address: 0x7fffbc6cfe00
[node-1:25569] [ 0] /lib/x86_64-linux-gnu/libc.so.6(+0x3ef10)[0x7fd3ac1e1f10]
[node-1:25569] [ 1] ./main(+0x10ad)[0x55ed5fc070ad]
[node-1:25569] [ 2] ./main(+0x12b6)[0x55ed5fc072b6]
[node-1:25569] [ 3] ./main(+0x1601)[0x55ed5fc07601]
[node-1:25569] [ 4] [node-3:30369] *** Process received signal ***
[node-3:30369] Signal: Segmentation fault (11)
[node-3:30369] Signal code: Address not mapped (1)
[node-3:30369] Failing at address: 0x7ffeb83d32e0
/lib/x86_64-linux-gnu/libc.so.6(__libc_start_main+0xe7)[0x7fd3ac1c4c87]
[node-1:25569] [ 5] ./main(+0xb1a)[0x55ed5fc06b1a]
[node-1:25569] *** End of error message ***
[node-2:10446] *** Process received signal ***
[node-2:10446] Signal: Segmentation fault (11)
[node-2:10446] Signal code:  (128)
[node-2:10446] Failing at address: (nil)
[node-3:30369] [ 0] [node-2:10446] [ 0] /lib/x86_64-linux-gnu/libc.so.6(+0x3ef10)[0x7f68262b0f10]
[node-3:30369] [ 1] ./main(+0x10ad)[0x55e531d4f0ad]
[node-3:30369] [ 2] ./main(+0x12b6)[0x55e531d4f2b6]
/lib/x86_64-linux-gnu/libc.so.6(+0x3ef10)[0x7fc39f518f10]
[node-2:10446] [ 1] [node-3:30369] [ 3] ./main(+0x1601)[0x55e531d4f601]
[node-3:30369] [ 4] ./main(+0x10ad)[0x555f1946a0ad]
[node-2:10446] [ 2] ./main/lib/x86_64-linux-gnu/libc.so.6(__libc_start_main+0xe7)[0x7f6826293c87]
[node-3:30369] [ 5] ./main(+0xb1a)[0x55e531d4eb1a]
[node-3:30369] *** End of error message ***
(+0x12b6)[0x555f1946a2b6]
[node-2:10446] [ 3] ./main(+0x1601)[0x555f1946a601]
[node-2:10446] [ 4] /lib/x86_64-linux-gnu/libc.so.6(__libc_start_main+0xe7)[0x7fc39f4fbc87]
[node-2:10446] [ 5] ./main(+0xb1a)[0x555f19469b1a]
[node-2:10446] *** End of error message ***
--------------------------------------------------------------------------
mpirun noticed that process rank 1 with PID 10446 on node node-2 exited on signal 11 (Segmentation fault).
--------------------------------------------------------------------------
