[node-9:32370] *** Process received signal ***
[node-9:32370] Signal: Segmentation fault (11)
[node-9:32370] Signal code: Address not mapped (1)
[node-9:32370] Failing at address: 0x7ffc9fcf7210
[node-9:32370] [ 0] /lib/x86_64-linux-gnu/libc.so.6(+0x3ef10)[0x7f6e2f0c2f10]
[node-9:32370] [ 1] ./main_openmp(+0x10dd)[0x564f6bc0d0dd]
[node-9:32370] [ 2] ./main_openmp(+0x12e6)[0x564f6bc0d2e6]
[node-9:32370] [ 3] ./main_openmp(+0x1631)[0x564f6bc0d631]
[node-9:32370] [ 4] /lib/x86_64-linux-gnu/libc.so.6(__libc_start_main+0xe7)[0x7f6e2f0a5c87]
[node-9:32370] [ 5] ./main_openmp(+0xb1a)[0x564f6bc0cb1a]
[node-9:32370] *** End of error message ***
[node-10:16931] *** Process received signal ***
[node-10:16931] Signal: Segmentation fault (11)
[node-10:16931] Signal code: Address not mapped (1)
[node-10:16931] Failing at address: 0x7ffdef6005c0
[node-10:16931] [ 0] /lib/x86_64-linux-gnu/libc.so.6(+0x3ef10)[0x7faad072bf10]
[node-10:16931] [ 1] ./main_openmp(+0x10dd)[0x560499a430dd]
[node-10:16931] [ 2] ./main_openmp(+0x12e6)[0x560499a432e6]
[node-10:16931] [ 3] ./main_openmp(+0x1631)[0x560499a43631]
[node-10:16931] [ 4] /lib/x86_64-linux-gnu/libc.so.6(__libc_start_main+0xe7)[0x7faad070ec87]
[node-10:16931] [ 5] ./main_openmp(+0xb1a)[0x560499a42b1a]
[node-10:16931] *** End of error message ***
--------------------------------------------------------------------------
mpirun noticed that process rank 1 with PID 16931 on node node-10 exited on signal 11 (Segmentation fault).
--------------------------------------------------------------------------
