[node-5:08149] *** Process received signal ***
[node-5:08149] Signal: Segmentation fault (11)
[node-5:08149] Signal code: Address not mapped (1)
[node-5:08149] Failing at address: 0x7ffc8f38d8b0
[node-5:08149] [ 0] /lib/x86_64-linux-gnu/libc.so.6(+0x3ef10)[0x7f8fbf2a8f10]
[node-5:08149] [ 1] ./main(+0x10ad)[0x5603997150ad]
[node-5:08149] [ 2] ./main(+0x12b6)[0x5603997152b6]
[node-5:08149] [ 3] ./main(+0x1601)[0x560399715601]
[node-5:08149] [ 4] /lib/x86_64-linux-gnu/libc.so.6(__libc_start_main+0xe7)[0x7f8fbf28bc87]
[node-5:08149] [ 5] ./main(+0xb1a)[0x560399714b1a]
[node-5:08149] *** End of error message ***
[node-10:16605] *** Process received signal ***
[node-10:16605] Signal: Segmentation fault (11)
[node-10:16605] Signal code: Address not mapped (1)
[node-10:16605] Failing at address: 0x7ffd79cbdb80
[node-10:16605] [ 0] /lib/x86_64-linux-gnu/libc.so.6(+0x3ef10)[0x7f1320c6af10]
[node-10:16605] [ 1] ./main(+0x10ad)[0x559de0c130ad]
[node-10:16605] [ 2] ./main(+0x12b6)[0x559de0c132b6]
[node-7:18598] *** Process received signal ***
[node-7:18598] Signal: Segmentation fault (11)
[node-7:18598] Signal code: Address not mapped (1)
[node-7:18598] Failing at address: 0x7ffb868e4c50
[node-7:18598] [ 0] [node-10:16605] [ 3] ./main(+0x1601)[0x559de0c13601]
[node-10:16605] [ 4] /lib/x86_64-linux-gnu/libc.so.6(+0x3ef10)[0x7f50ecb43f10]
[node-7:18598] [ 1] ./main(+0x10ad)[0x561977b560ad]
[node-7:18598] [ 2] ./main(+0x12b6)[0x561977b562b6]
[node-7:18598] [ 3] ./main(+0x1601)[0x561977b56601]
[node-7:18598] [ 4] [node-9:31952] *** Process received signal ***
[node-9:31952] Signal: Segmentation fault (11)
[node-9:31952] Signal code: Address not mapped (1)
[node-9:31952] Failing at address: 0x7ffe3e7cdc80
/lib/x86_64-linux-gnu/libc.so.6(__libc_start_main+0xe7)[0x7f1320c4dc87]
[node-10:16605] [ 5] ./main(+0xb1a)[0x559de0c12b1a]
[node-10:16605] *** End of error message ***
/lib/x86_64-linux-gnu/libc.so.6(__libc_start_main+0xe7)[0x7f50ecb26c87]
[node-7:18598] [ 5] ./main(+0xb1a)[0x561977b55b1a]
[node-7:18598] *** End of error message ***
[node-9:31952] [ 0] /lib/x86_64-linux-gnu/libc.so.6(+0x3ef10)[0x7f10fb0bff10]
[node-9:31952] [ 1] ./main(+0x10ad)[0x55edb55010ad]
[node-9:31952] [ 2] ./main(+0x12b6)[0x55edb55012b6]
[node-9:31952] [ 3] ./main(+0x1601)[0x55edb5501601]
[node-9:31952] [ 4] /lib/x86_64-linux-gnu/libc.so.6(__libc_start_main+0xe7)[0x7f10fb0a2c87]
[node-9:31952] [ 5] ./main(+0xb1a)[0x55edb5500b1a]
[node-9:31952] *** End of error message ***
--------------------------------------------------------------------------
mpirun noticed that process rank 3 with PID 16605 on node node-10 exited on signal 11 (Segmentation fault).
--------------------------------------------------------------------------
