[node-5:11395] *** Process received signal ***
[node-5:11395] Signal: Segmentation fault (11)
[node-5:11395] Signal code: Address not mapped (1)
[node-5:11395] Failing at address: 0x7ffdc830eb70
[node-5:11395] [ 0] /lib/x86_64-linux-gnu/libc.so.6(+0x3ef10)[0x7f0eb2b3cf10]
[node-5:11395] [ 1] ./main(+0x10ad)[0x55dfa43a60ad]
[node-5:11395] [ 2] ./main(+0x12b6)[0x55dfa43a62b6]
[node-5:11395] [ 3] ./main(+0x1601)[0x55dfa43a6601]
[node-5:11395] [ 4] /lib/x86_64-linux-gnu/libc.so.6(__libc_start_main+0xe7)[0x7f0eb2b1fc87]
[node-5:11395] [ 5] ./main(+0xb1a)[0x55dfa43a5b1a]
[node-5:11395] *** End of error message ***
[node-6:30842] *** Process received signal ***
[node-6:30842] Signal: Segmentation fault (11)
[node-6:30842] Signal code: Address not mapped (1)
[node-6:30842] Failing at address: 0x7ffd0a34fcd0
[node-6:30842] [ 0] /lib/x86_64-linux-gnu/libc.so.6(+0x3ef10)[0x7f4716d66f10]
[node-6:30842] [ 1] ./main(+0x10ad)[0x56086bd540ad]
[node-6:30842] [ 2] ./main(+0x12b6)[0x56086bd542b6]
[node-6:30842] [ 3] ./main(+0x1601)[0x56086bd54601]
[node-6:30842] [ 4] /lib/x86_64-linux-gnu/libc.so.6(__libc_start_main+0xe7)[0x7f4716d49c87]
[node-6:30842] [ 5] ./main(+0xb1a)[0x56086bd53b1a]
[node-6:30842] *** End of error message ***
[node-7:21406] *** Process received signal ***
[node-7:21406] Signal: Segmentation fault (11)
[node-7:21406] Signal code: Address not mapped (1)
[node-7:21406] Failing at address: 0x7ffbfb5b09c0
[node-7:21406] [ 0] /lib/x86_64-linux-gnu/libc.so.6(+0x3ef10)[0x7f866df97f10]
[node-7:21406] [ 1] ./main(+0x10ad)[0x55bf7b3e70ad]
[node-7:21406] [ 2] ./main(+0x12b6)[0x55bf7b3e72b6]
[node-7:21406] [ 3] ./main(+0x1601)[0x55bf7b3e7601]
[node-7:21406] [ 4] /lib/x86_64-linux-gnu/libc.so.6(__libc_start_main+0xe7)[0x7f866df7ac87]
[node-7:21406] [ 5] ./main(+0xb1a)[0x55bf7b3e6b1a]
[node-7:21406] *** End of error message ***
--------------------------------------------------------------------------
mpirun noticed that process rank 1 with PID 30842 on node node-6 exited on signal 11 (Segmentation fault).
--------------------------------------------------------------------------
