[node-1:08035] *** Process received signal ***
[node-1:08035] Signal: Segmentation fault (11)
[node-1:08035] Signal code: Address not mapped (1)
[node-1:08035] Failing at address: 0x7ffba0948cd0
[node-1:08035] [ 0] /lib/x86_64-linux-gnu/libc.so.6(+0x3ef10)[0x7f4702f35f10]
[node-1:08035] [ 1] ./main(+0x10ad)[0x563ac40030ad]
[node-1:08035] [ 2] ./main(+0x12b6)[0x563ac40032b6]
[node-1:08035] [ 3] ./main(+0x1601)[0x563ac4003601]
[node-1:08035] [ 4] /lib/x86_64-linux-gnu/libc.so.6(__libc_start_main+0xe7)[0x7f4702f18c87]
[node-1:08035] [ 5] ./main(+0xb1a)[0x563ac4002b1a]
[node-1:08035] *** End of error message ***
[node-2:25420] *** Process received signal ***
[node-2:25420] Signal: Segmentation fault (11)
[node-2:25420] Signal code: Address not mapped (1)
[node-2:25420] Failing at address: 0x7ffc9c1c8580
[node-2:25420] [ 0] /lib/x86_64-linux-gnu/libc.so.6(+0x3ef10)[0x7f24d87f0f10]
[node-2:25420] [ 1] ./main(+0x10ad)[0x55df497450ad[node-4:32672] *** Process received signal ***
[node-4:32672] Signal: Segmentation fault (11)
[node-4:32672] Signal code: Address not mapped (1)
[node-4:32672] Failing at address: 0x7ffc3fd666d0
]
[node-2:25420] [ 2] ./main(+0x12b6)[0x55df497452b6]
[node-2:25420] [ 3] ./main(+0x1601)[0x55df49745601]
[node-2:25420] [ 4] /lib/x86_64-linux-gnu/libc.so.6(__libc_start_main+0xe7)[0x7f24d87d3c87]
[node-2:25420] [ 5] ./main(+0xb1a)[0x55df49744b1a]
[node-2:25420] *** End of error message ***
[node-4:32672] [ 0] /lib/x86_64-linux-gnu/libc.so.6(+0x3ef10)[0x7fa01cc51f10]
[node-4:32672] [ 1] ./main(+0x10ad)[0x55892e1ef0ad]
[node-4:32672] [ 2] ./main(+0x12b6)[0x55892e1ef2b6]
[node-4:32672] [ 3] ./main(+0x1601)[0x55892e1ef601]
[node-4:32672] [ 4] /lib/x86_64-linux-gnu/libc.so.6(__libc_start_main+0xe7)[0x7fa01cc34c87]
[node-4:32672] [ 5] ./main(+0xb1a)[0x55892e1eeb1a]
[node-4:32672] *** End of error message ***
[node-3:14850] *** Process received signal ***
[node-3:14850] Signal: Segmentation fault (11)
[node-3:14850] Signal code: Address not mapped (1)
[node-3:14850] Failing at address: 0x7ffe45f72300
[node-3:14850] [ 0] /lib/x86_64-linux-gnu/libc.so.6(+0x3ef10)[0x7fd401543f10]
[node-3:14850] [ 1] ./main(+0x10ad)[0x5654adcf30ad]
[node-3:14850] [ 2] ./main(+0x12b6)[0x5654adcf32b6]
[node-3:14850] [ 3] ./main(+0x1601)[0x5654adcf3601]
[node-3:14850] [ 4] /lib/x86_64-linux-gnu/libc.so.6(__libc_start_main+0xe7)[0x7fd401526c87]
[node-3:14850] [ 5] ./main(+0xb1a)[0x5654adcf2b1a]
[node-3:14850] *** End of error message ***
--------------------------------------------------------------------------
mpirun noticed that process rank 0 with PID 0 on node node-1 exited on signal 11 (Segmentation fault).
--------------------------------------------------------------------------
