[node-6:09773] *** Process received signal ***
[node-6:09773] Signal: Segmentation fault (11)
[node-6:09773] Signal code: Address not mapped (1)
[node-6:09773] Failing at address: 0x7fff25271cd0
[node-6:09773] [ 0] /lib/x86_64-linux-gnu/libc.so.6(+0x3ef10)[0x7fac6fb21f10]
[node-6:09773] [ 1] ./main_openmp(+0x10dd)[0x5564e166b0dd]
[node-6:09773] [ 2] ./main_openmp(+0x12e6)[0x5564e166b2e6]
[node-6:09773] [ 3] ./main_openmp(+0x1631)[0x5564e166b631]
[node-6:09773] [ 4] /lib/x86_64-linux-gnu/libc.so.6(__libc_start_main+0xe7)[0x7fac6fb04c87]
[node-6:09773] [ 5] ./main_openmp(+0xb1a)[0x5564e166ab1a]
[node-6:09773] *** End of error message ***
[node-7:30917] *** Process received signal ***
[node-7:30917] Signal: Segmentation fault (11)
[node-7:30917] Signal code: Address not mapped (1)
[node-7:30917] Failing at address: 0x7ffd7b6b8830
[node-7:30917] [ 0] [node-8:23497] *** Process received signal ***
[node-8:23497] Signal: Segmentation fault (11)
[node-8:23497] Signal code: Address not mapped (1)
[node-8:23497] Failing at address: 0x7ffdd1d1e230
[node-8:23497] [ 0] /lib/x86_64-linux-gnu/libc.so.6(+0x3ef10)[0x7f78b03b0f10]
[node-8:23497] [ 1] ./main_openmp(+0x10dd)[0x5583dbe080dd]
[node-8:23497] [ 2] ./main_openmp(+0x12e6)[0x5583dbe082e6]
[node-8:23497] [ 3] ./main_openmp(+0x1631)[0x5583dbe08631]
[node-8:23497] [ 4] /lib/x86_64-linux-gnu/libc.so.6(__libc_start_main+0xe7)[0x7f78b0393c87]
[node-8:23497] [ 5] ./main_openmp(+0xb1a)[0x5583dbe07b1a]
/lib/x86_64-linux-gnu/libc.so.6(+0x3ef10)[0x7f813d82af10]
[node-7:30917] [ 1] ./main_openmp(+0x10dd)[0x564f785dd0dd]
[node-7:30917] [ 2] ./main_openmp(+0x12e6)[0x564f785dd2e6]
[node-7:30917] [node-8:23497] *** End of error message ***
[ 3] ./main_openmp(+0x1631)[0x564f785dd631]
[node-7:30917] [ 4] /lib/x86_64-linux-gnu/libc.so.6(__libc_start_main+0xe7)[0x7f813d80dc87]
[node-7:30917] [ 5] ./main_openmp(+0xb1a)[0x564f785dcb1a]
[node-7:30917] *** End of error message ***
[node-9:05248] *** Process received signal ***
[node-9:05248] Signal: Segmentation fault (11)
[node-9:05248] Signal code: Address not mapped (1)
[node-9:05248] Failing at address: 0x7ffebbaf3160
[node-9:05248] [ 0] /lib/x86_64-linux-gnu/libc.so.6(+0x3ef10)[0x7fb6be811f10]
[node-9:05248] [ 1] ./main_openmp(+0x10dd)[0x5616da9270dd]
[node-9:05248] [ 2] ./main_openmp(+0x12e6)[0x5616da9272e6]
[node-9:05248] [ 3] ./main_openmp(+0x1631)[0x5616da927631]
[node-9:05248] [ 4] /lib/x86_64-linux-gnu/libc.so.6(__libc_start_main+0xe7)[0x7fb6be7f4c87]
[node-9:05248] [ 5] ./main_openmp(+0xb1a)[0x5616da926b1a]
[node-9:05248] *** End of error message ***
[node-10:20433] *** Process received signal ***
[node-10:20433] Signal: Segmentation fault (11)
[node-10:20433] Signal code: Address not mapped (1)
[node-10:20433] Failing at address: 0x7ffcb6b64d10
[node-10:20433] [ 0] /lib/x86_64-linux-gnu/libc.so.6(+0x3ef10)[0x7fad91760f10]
[node-10:20433] [ 1] ./main_openmp(+0x10dd)[0x55e40f39f0dd]
[node-10:20433] [ 2] ./main_openmp(+0x12e6)[0x55e40f39f2e6]
[node-10:20433] [ 3] ./main_openmp(+0x1631)[0x55e40f39f631]
[node-10:20433] [ 4] /lib/x86_64-linux-gnu/libc.so.6(__libc_start_main+0xe7)[0x7fad91743c87]
[node-10:20433] [ 5] ./main_openmp(+0xb1a)[0x55e40f39eb1a]
[node-10:20433] *** End of error message ***
--------------------------------------------------------------------------
mpirun noticed that process rank 3 with PID 5248 on node node-9 exited on signal 11 (Segmentation fault).
--------------------------------------------------------------------------
