[node-9:01576] *** Process received signal ***
[node-9:01576] Signal: Segmentation fault (11)
[node-9:01576] Signal code: Address not mapped (1)
[node-9:01576] Failing at address: 0x7fff33f40650
[node-9:01576] [ 0] /lib/x86_64-linux-gnu/libc.so.6(+0x3ef10)[0x7f19bf80bf10]
[node-9:01576] [ 1] ./main(+0x10ad)[0x558a053260ad]
[node-9:01576] [ 2] ./main(+0x12b6)[0x558a053262b6]
[node-9:01576] [ 3] ./main(+0x1601)[0x558a05326601]
[node-9:01576] [ 4] /lib/x86_64-linux-gnu/libc.so.6(__libc_start_main+0xe7)[0x7f19bf7eec87]
[node-9:01576] [ 5] ./main(+0xb1a)[0x558a05325b1a]
[node-9:01576] *** End of error message ***
[node-10:17885] *** Process received signal ***
[node-10:17885] Signal: Segmentation fault (11)
[node-10:17885] Signal code: Address not mapped (1)
[node-10:17885] Failing at address: 0x7fff46fc7840
[node-10:17885] [ 0] /lib/x86_64-linux-gnu/libc.so.6(+0x3ef10)[0x7fe695bddf10]
[node-10:17885] [ 1] ./main(+0x10ad)[0x56259f8f60ad]
[node-10:17885] [ 2] ./main(+0x12b6)[0x56259f8f62b6]
[node-10:17885] [ 3] ./main(+0x1601)[0x56259f8f6601]
[node-10:17885] [ 4] /lib/x86_64-linux-gnu/libc.so.6(__libc_start_main+0xe7)[0x7fe695bc0c87]
[node-10:17885] [ 5] ./main(+0xb1a)[0x56259f8f5b1a]
[node-10:17885] *** End of error message ***
--------------------------------------------------------------------------
mpirun noticed that process rank 1 with PID 17885 on node node-10 exited on signal 11 (Segmentation fault).
--------------------------------------------------------------------------
