[node-5:11346] *** Process received signal ***
[node-5:11346] Signal: Segmentation fault (11)
[node-5:11346] Signal code: Address not mapped (1)
[node-5:11346] Failing at address: 0x7ffc4daa1d20
[node-5:11346] [ 0] /lib/x86_64-linux-gnu/libc.so.6(+0x3ef10)[0x7f8c08455f10]
[node-5:11346] [ 1] ./main(+0x10ad)[0x5593a86490ad]
[node-5:11346] [ 2] ./main(+0x12b6)[0x5593a86492b6]
[node-5:11346] [ 3] ./main(+0x1601)[0x5593a8649601]
[node-5:11346] [ 4] /lib/x86_64-linux-gnu/libc.so.6(__libc_start_main+0xe7)[0x7f8c08438c87]
[node-5:11346] [ 5] ./main(+0xb1a)[0x5593a8648b1a]
[node-5:11346] *** End of error message ***
[node-6:30795] *** Process received signal ***
[node-6:30795] Signal: Segmentation fault (11)
[node-6:30795] Signal code: Address not mapped (1)
[node-6:30795] Failing at address: 0x7ffe19b2b940
[node-6:30795] [ 0] /lib/x86_64-linux-gnu/libc.so.6(+0x3ef10)[0x7fd976cc5f10]
[node-6:30795] [ 1] ./main(+0x10ad)[0x560a021960ad]
[node-6:30795] [ 2] ./main(+0x12b6)[0x560a021962b6]
[node-6:30795] [ 3] ./main(+0x1601)[0x560a02196601]
[node-6:30795] [ 4] /lib/x86_64-linux-gnu/libc.so.6(__libc_start_main+0xe7)[0x7fd976ca8c87]
[node-6:30795] [ 5] ./main(+0xb1a)[0x560a02195b1a]
[node-6:30795] *** End of error message ***
--------------------------------------------------------------------------
mpirun noticed that process rank 1 with PID 30795 on node node-6 exited on signal 11 (Segmentation fault).
--------------------------------------------------------------------------
