[node-1:11162] *** Process received signal ***
[node-1:11162] Signal: Segmentation fault (11)
[node-1:11162] Signal code:  (128)
[node-1:11162] Failing at address: (nil)
[node-1:11162] [ 0] /lib/x86_64-linux-gnu/libc.so.6(+0x3ef10)[0x7fe14fc87f10]
[node-1:11162] [ 1] ./main(+0x10ad)[0x555c27ca10ad]
[node-1:11162] [ 2] ./main(+0x12b6)[0x555c27ca12b6]
[node-1:11162] [ 3] ./main(+0x1601)[0x555c27ca1601]
[node-1:11162] [ 4] /lib/x86_64-linux-gnu/libc.so.6(__libc_start_main+0xe7)[0x7fe14fc6ac87]
[node-1:11162] [ 5] ./main(+0xb1a)[0x555c27ca0b1a]
[node-1:11162] *** End of error message ***
[node-4:02906] *** Process received signal ***
[node-4:02906] Signal: Segmentation fault (11)
[node-4:02906] Signal code:  (128)
[node-4:02906] Failing at address: (nil)
[node-4:02906] [ 0] [node-2:28383] *** Process received signal ***
[node-2:28383] Signal: Segmentation fault (11)
[node-2:28383] Signal code: Address not mapped (1)
[node-2:28383] Failing at address: 0x7fff9c0813f0
/lib/x86_64-linux-gnu/libc.so.6(+0x3ef10)[0x7f14e5569f10]
[node-4:02906] [ 1] ./main(+0x10ad)[0x557a7ef8b0ad]
[node-4:02906] [ 2] [node-2:28383] [ 0] /lib/x86_64-linux-gnu/libc.so.6(+0x3ef10)[0x7fe5747cbf10]
[node-2:28383] [ 1] ./main(+0x12b6)[0x557a7ef8b2b6]
[node-4:02906] [ 3] ./main(+0x1601)[0x557a7ef8b601]
[node-4:02906] [ 4] /lib/x86_64-linux-gnu/libc.so.6(__libc_start_main+0xe7)[0x7f14e554cc87]
[node-4:02906] [ 5] ./main(+0xb1a)[0x557a7ef8ab1a]
[node-4:02906] *** End of error message ***
[node-3:17572] *** Process received signal ***
[node-3:17572] Signal: Segmentation fault (11)
[node-3:17572] Signal code: Address not mapped (1)
[node-3:17572] Failing at address: 0x7ffdbdf1e150
./main(+0x10ad)[0x55c2937a00ad]
[node-2:28383] [ 2] ./main(+0x12b6)[0x55c2937a02b6]
[node-2:28383] [ 3] ./main(+0x1601)[0x55c2937a0601]
[node-2:28383] [ 4] /lib/x86_64-linux-gnu/libc.so.6(__libc_start_main+0xe7)[0x7fe5747aec87]
[node-2:28383] [ 5] ./main(+0xb1a)[0x55c29379fb1a]
[node-2:28383] *** End of error message ***
[node-3:17572] [ 0] /lib/x86_64-linux-gnu/libc.so.6(+0x3ef10)[0x7fb55856df10]
[node-3:17572] [ 1] ./main(+0x10ad)[0x55d6526fc0ad]
[node-3:17572] [ 2] ./main(+0x12b6)[0x55d6526fc2b6]
[node-3:17572] [ 3] ./main(+0x1601)[0x55d6526fc601]
[node-3:17572] [ 4] /lib/x86_64-linux-gnu/libc.so.6(__libc_start_main+0xe7)[0x7fb558550c87]
[node-3:17572] [ 5] ./main(+0xb1a)[0x55d6526fbb1a]
[node-3:17572] *** End of error message ***
--------------------------------------------------------------------------
mpirun noticed that process rank 3 with PID 2906 on node node-4 exited on signal 11 (Segmentation fault).
--------------------------------------------------------------------------
