[node-5:04751] *** Process received signal ***
[node-5:04751] Signal: Segmentation fault (11)
[node-5:04751] Signal code: Address not mapped (1)
[node-5:04751] Failing at address: 0x7fff37b5bbe0
[node-5:04751] [ 0] /lib/x86_64-linux-gnu/libc.so.6(+0x3ef10)[0x7fcd5a8eef10]
[node-5:04751] [ 1] ./main(+0x10ad)[0x563e07e9e0ad]
[node-5:04751] [ 2] ./main(+0x12b6)[0x563e07e9e2b6]
[node-5:04751] [ 3] ./main(+0x1601)[0x563e07e9e601]
[node-5:04751] [ 4] /lib/x86_64-linux-gnu/libc.so.6(__libc_start_main+0xe7)[0x7fcd5a8d1c87]
[node-5:04751] [ 5] ./main(+0xb1a)[0x563e07e9db1a]
[node-5:04751] *** End of error message ***
[node-6:25109] *** Process received signal ***
[node-6:25109] Signal: Segmentation fault (11)
[node-6:25109] Signal code: Address not mapped (1)
[node-6:25109] Failing at address: 0x7ffe05cbf470
[node-6:25109] [ 0] /lib/x86_64-linux-gnu/libc.so.6(+0x3ef10)[0x7fb5d866bf10]
[node-6:25109] [ 1] ./main(+0x10ad)[0x55d96da540ad]
[node-6:25109] [ 2] ./main(+0x12b6)[0x55d96da542b6]
[node-6:25109] [ 3] ./main(+0x1601)[0x55d96da54601]
[node-6:25109] [ 4] /lib/x86_64-linux-gnu/libc.so.6(__libc_start_main+0xe7)[0x7fb5d864ec87]
[node-6:25109] [ 5] ./main(+0xb1a)[0x55d96da53b1a]
[node-6:25109] *** End of error message ***
--------------------------------------------------------------------------
mpirun noticed that process rank 1 with PID 25109 on node node-6 exited on signal 11 (Segmentation fault).
--------------------------------------------------------------------------
