[node-1:19411] *** Process received signal ***
[node-1:19411] Signal: Segmentation fault (11)
[node-1:19411] Signal code: Address not mapped (1)
[node-1:19411] Failing at address: 0x7ffc96a89e30
[node-1:19411] [ 0] /lib/x86_64-linux-gnu/libc.so.6(+0x3ef10)[0x7fca11598f10]
[node-1:19411] [ 1] ./main_openmp(+0x10dd)[0x55ddd8d080dd]
[node-1:19411] [ 2] ./main_openmp(+0x12e6)[0x55ddd8d082e6]
[node-1:19411] [ 3] ./main_openmp(+0x1631)[0x55ddd8d08631]
[node-1:19411] [ 4] /lib/x86_64-linux-gnu/libc.so.6(__libc_start_main+0xe7)[0x7fca1157bc87]
[node-1:19411] [ 5] ./main_openmp(+0xb1a)[0x55ddd8d07b1a]
[node-1:19411] *** End of error message ***
[node-2:04130] *** Process received signal ***
[node-2:04130] Signal: Segmentation fault (11)
[node-2:04130] Signal code: Address not mapped (1)
[node-2:04130] Failing at address: 0x7ffc79904140
[node-2:04130] [ 0] /lib/x86_64-linux-gnu/libc.so.6(+0x3ef10)[0x7fdeee0d9f10]
[node-2:04130] [ 1] ./main_openmp(+0x10dd)[0x55d2f565b0dd]
[node-2:04130] [ 2] ./main_openmp(+0x12e6)[0x55d2f565b2e6]
[node-2:04130] [ 3] ./main_openmp(+0x1631)[0x55d2f565b631]
[node-2:04130] [ 4] /lib/x86_64-linux-gnu/libc.so.6(__libc_start_main+0xe7)[0x7fdeee0bcc87]
[node-2:04130] [ 5] ./main_openmp(+0xb1a)[0x55d2f565ab1a]
[node-2:04130] *** End of error message ***
[node-3:24851] *** Process received signal ***
[node-3:24851] Signal: Segmentation fault (11)
[node-3:24851] Signal code: Address not mapped (1)
[node-3:24851] Failing at address: 0x7ffd9131c970
[node-3:24851] [ 0] /lib/x86_64-linux-gnu/libc.so.6(+0x3ef10)[0x7f6262c30f10]
[node-3:24851] [ 1] ./main_openmp(+0x10dd)[0x55eac4e6c0dd]
[node-3:24851] [ 2] ./main_openmp(+0x12e6)[0x55eac4e6c2e6]
[node-3:24851] [ 3] ./main_openmp(+0x1631)[0x55eac4e6c631]
[node-3:24851] [ 4] /lib/x86_64-linux-gnu/libc.so.6(__libc_start_main+0xe7)[0x7f6262c13c87]
[node-3:24851] [ 5] ./main_openmp(+0xb1a)[0x55eac4e6bb1a]
[node-3:24851] *** End of error message ***
[node-9:02978] *** Process received signal ***
[node-9:02978] Signal: Segmentation fault (11)
[node-9:02978] Signal code: Address not mapped (1)
[node-9:02978] Failing at address: 0x7fff0ebd68a0
[node-9:02978] [ 0] [node-8:21015] *** Process received signal ***
[node-8:21015] Signal: Segmentation fault (11)
[node-8:21015] Signal code: Address not mapped (1)
[node-8:21015] Failing at address: 0x7fff3b3c7640
/lib/x86_64-linux-gnu/libc.so.6(+0x3ef10)[0x7fbc3bd95f10]
[node-9:02978] [node-8:21015] [ 0] /lib/x86_64-linux-gnu/libc.so.6(+0x3ef10)[0x7fbe64adbf10]
[node-8:21015] [ 1] ./main_openmp(+0x10dd)[0x55a041cbd0dd]
[ 1] ./main_openmp(+0x10dd)[0x55e42177d0dd]
[node-9:02978] [ 2] ./main_openmp([node-8:21015] [ 2] ./main_openmp(+0x12e6)[0x55a041cbd2e6]
[node-8:21015] [ 3] ./main_openmp(+0x1631)[0x55a041cbd631]
[node-8:21015] [ 4] /lib/x86_64-linux-gnu/libc.so.6(__libc_start_main+0xe7)[0x7fbe64abec87]
[node-8:21015] [ 5] +0x12e6)[0x55e42177d2e6]
[node-9:02978] [ 3] ./main_openmp(+0x1631)[0x55e42177d631]
./main_openmp(+0xb1a)[0x55a041cbcb1a]
[node-8:21015] *** End of error message ***
[node-9:02978] [ 4] /lib/x86_64-linux-gnu/libc.so.6(__libc_start_main+0xe7)[0x7fbc3bd78c87]
[node-9:02978] [ 5] ./main_openmp(+0xb1a)[0x55e42177cb1a]
[node-9:02978] *** End of error message ***
--------------------------------------------------------------------------
mpirun noticed that process rank 0 with PID 0 on node node-1 exited on signal 11 (Segmentation fault).
--------------------------------------------------------------------------
