[node-3:21723] *** Process received signal ***
[node-3:21723] Signal: Segmentation fault (11)
[node-3:21723] Signal code: Address not mapped (1)
[node-3:21723] Failing at address: 0x7ffd2db681f0
[node-3:21723] [ 0] /lib/x86_64-linux-gnu/libc.so.6(+0x3ef10)[0x7f33e138df10]
[node-3:21723] [ 1] ./main(+0x10ad)[0x557c409890ad]
[node-3:21723] [ 2] ./main(+0x12b6)[0x557c409892b6]
[node-3:21723] [ 3] ./main(+0x1601)[0x557c40989601]
[node-3:21723] [ 4] /lib/x86_64-linux-gnu/libc.so.6(__libc_start_main+0xe7)[0x7f33e1370c87]
[node-3:21723] [ 5] ./main(+0xb1a)[0x557c40988b1a]
[node-3:21723] *** End of error message ***
[node-5:15379] *** Process received signal ***
[node-5:15379] Signal: Segmentation fault (11)
[node-5:15379] Signal code: Address not mapped (1)
[node-5:15379] Failing at address: 0x7ffd31cc6d20
[node-5:15379] [ 0] /lib/x86_64-linux-gnu/libc.so.6(+0x3ef10)[0x7f9e2ab34f10]
[node-5:15379] [ 1] ./main(+0x10ad)[0x55f8e25f40ad]
[node-5:15379] [ 2] ./main(+0x12b6)[0x55f8e25f42b6]
[node-5:15379] [ 3] ./main(+0x1601)[node-4:07589] *** Process received signal ***
[node-4:07589] Signal: Segmentation fault (11)
[node-4:07589] Signal code: Address not mapped (1)
[node-4:07589] Failing at address: 0x7ffd0ecc5130
[0x55f8e25f4601]
[node-5:15379] [ 4] /lib/x86_64-linux-gnu/libc.so.6(__libc_start_main+0xe7)[0x7f9e2ab17c87]
[node-5:15379] [ 5] ./main(+0xb1a)[0x55f8e25f3b1a]
[node-5:15379] *** End of error message ***
[node-4:07589] [ 0] /lib/x86_64-linux-gnu/libc.so.6(+0x3ef10)[0x7f965693df10]
[node-4:07589] [ 1] ./main(+0x10ad)[0x55c6e3ec00ad]
[node-4:07589] [ 2] ./main(+0x12b6)[0x55c6e3ec02b6]
[node-4:07589] [ 3] ./main(+0x1601)[0x55c6e3ec0601]
[node-4:07589] [ 4] /lib/x86_64-linux-gnu/libc.so.6(__libc_start_main+0xe7)[0x7f9656920c87]
[node-4:07589] [ 5] ./main(+0xb1a)[0x55c6e3ebfb1a]
[node-4:07589] *** End of error message ***
--------------------------------------------------------------------------
mpirun noticed that process rank 0 with PID 0 on node node-3 exited on signal 11 (Segmentation fault).
--------------------------------------------------------------------------
