[node-1:27136] *** Process received signal ***
[node-1:27136] Signal: Segmentation fault (11)
[node-1:27136] Signal code: Address not mapped (1)
[node-1:27136] Failing at address: 0x7ffc8ddf3a80
[node-1:27136] [ 0] /lib/x86_64-linux-gnu/libc.so.6(+0x3ef10)[0x7fbf64b00f10]
[node-1:27136] [ 1] ./main(+0x10ad)[0x55739ad1d0ad]
[node-1:27136] [ 2] ./main(+0x12b6)[0x55739ad1d2b6]
[node-1:27136] [ 3] ./main(+0x1601)[0x55739ad1d601]
[node-1:27136] [ 4] /lib/x86_64-linux-gnu/libc.so.6(__libc_start_main+0xe7)[0x7fbf64ae3c87]
[node-1:27136] [ 5] ./main(+0xb1a)[0x55739ad1cb1a]
[node-1:27136] *** End of error message ***
[node-6:12189] *** Process received signal ***
[node-6:12189] Signal: Segmentation fault (11)
[node-6:12189] Signal code: Address not mapped (1)
[node-6:12189] Failing at address: 0x7ffd7d8c2c20
[node-6:12189] [ 0] /lib/x86_64-linux-gnu/libc.so.6(+0x3ef10)[0x7ff744b53f10]
[node-6:12189] [ 1] ./main(+0x10ad)[0x56494f3bb0ad]
[node-6:12189] [ 2] ./main(+0x12b6)[0x56494f3bb2b6]
[node-6:12189] [ 3] ./main(+0x1601)[0x56494f3bb601]
[node-6:12189] [ 4] /lib/x86_64-linux-gnu/libc.so.6(__libc_start_main+0xe7)[0x7ff744b36c87]
[node-6:12189] [ 5] ./main(+0xb1a)[0x56494f3bab1a]
[node-6:12189] *** End of error message ***
[node-2:12069] *** Process received signal ***
[node-2:12069] Signal: Segmentation fault (11)
[node-2:12069] Signal code: Address not mapped (1)
[node-2:12069] Failing at address: 0x7ffbcc2dd280
[node-2:12069] [ 0] /lib/x86_64-linux-gnu/libc.so.6(+0x3ef10)[0x7f2cf22ebf10]
[node-2:12069] [ 1] ./main(+0x10ad)[0x5555f1bb20ad]
[node-2:12069] [ 2] ./main(+0x12b6[node-4:18824] *** Process received signal ***
[node-4:18824] Signal: Segmentation fault (11)
[node-4:18824] Signal code: Address not mapped (1)
[node-4:18824] Failing at address: 0x7ffad75a8590
)[0x5555f1bb22b6]
[node-2:12069] [ 3] ./main(+0x1601)[0x5555f1bb2601]
[node-2:12069] [ 4] /lib/x86_64-linux-gnu/libc.so.6(__libc_start_main+0xe7)[0x7f2cf22cec87]
[node-2:12069] [ 5] ./main(+0xb1a)[0x5555f1bb1b1a]
[node-2:12069] *** End of error message ***
[node-3:31867] *** Process received signal ***
[node-3:31867] Signal: Segmentation fault (11)
[node-3:31867] Signal code: Address not mapped (1)
[node-3:31867] Failing at address: 0x7ffcd92bc430
[node-4:18824] [ 0] /lib/x86_64-linux-gnu/libc.so.6(+0x3ef10)[0x7fb237adbf10]
[node-4:18824] [ 1] ./main(+0x10ad)[0x563ef1c010ad]
[node-4:18824] [ 2] ./main(+0x12b6)[0x563ef1c012b6]
[node-4:18824] [ 3] ./main(+0x1601)[0x563ef1c01601]
[node-4:18824] [ 4] /lib/x86_64-linux-gnu/libc.so.6(__libc_start_main+0xe7)[0x7fb237abec87]
[node-4:18824] [ 5] ./main(+0xb1a)[0x563ef1c00b1a]
[node-4:18824] *** End of error message ***
[node-3:31867] [ 0] /lib/x86_64-linux-gnu/libc.so.6(+0x3ef10)[0x7fec5083ef10]
[node-3:31867] [ 1] ./main(+0x10ad)[0x5589c04710ad]
[node-3:31867] [ 2] ./main(+0x12b6)[0x5589c04712b6]
[node-3:31867] [ 3] ./main(+0x1601)[0x5589c0471601]
[node-3:31867] [node-5:26415] *** Process received signal ***
[node-5:26415] Signal: Segmentation fault (11)
[node-5:26415] Signal code: Address not mapped (1)
[node-5:26415] Failing at address: 0x7ffb41cb7d60
[ 4] /lib/x86_64-linux-gnu/libc.so.6(__libc_start_main+0xe7)[0x7fec50821c87]
[node-3:31867] [ 5] ./main(+0xb1a)[0x5589c0470b1a]
[node-3:31867] *** End of error message ***
[node-5:26415] [ 0] /lib/x86_64-linux-gnu/libc.so.6(+0x3ef10)[0x7fe845aa9f10]
[node-5:26415] [ 1] ./main(+0x10ad)[0x5600871e50ad]
[node-5:26415] [ 2] ./main(+0x12b6)[0x5600871e52b6]
[node-5:26415] [ 3] ./main(+0x1601)[0x5600871e5601]
[node-5:26415] [ 4] /lib/x86_64-linux-gnu/libc.so.6(__libc_start_main+0xe7)[0x7fe845a8cc87]
[node-5:26415] [ 5] ./main(+0xb1a)[0x5600871e4b1a]
[node-5:26415] *** End of error message ***
--------------------------------------------------------------------------
mpirun noticed that process rank 5 with PID 12189 on node node-6 exited on signal 11 (Segmentation fault).
--------------------------------------------------------------------------
