[node-9:00431] *** Process received signal ***
[node-9:00431] Signal: Segmentation fault (11)
[node-9:00431] Signal code: Address not mapped (1)
[node-9:00431] Failing at address: 0x7ffe090a1780
[node-9:00431] [ 0] /lib/x86_64-linux-gnu/libc.so.6(+0x3ef10)[0x7fde768d9f10]
[node-9:00431] [ 1] ./main_openmp(+0x10dd)[0x557e5718a0dd]
[node-9:00431] [ 2] ./main_openmp(+0x12e6)[0x557e5718a2e6]
[node-9:00431] [ 3] ./main_openmp(+0x1631)[0x557e5718a631]
[node-9:00431] [ 4] /lib/x86_64-linux-gnu/libc.so.6(__libc_start_main+0xe7)[0x7fde768bcc87]
[node-9:00431] [ 5] ./main_openmp(+0xb1a)[0x557e57189b1a]
[node-9:00431] *** End of error message ***
[node-10:17143] *** Process received signal ***
[node-10:17143] Signal: Segmentation fault (11)
[node-10:17143] Signal code: Address not mapped (1)
[node-10:17143] Failing at address: 0x7ffdd19641c0
[node-10:17143] [ 0] /lib/x86_64-linux-gnu/libc.so.6(+0x3ef10)[0x7fbe00c8ef10]
[node-10:17143] [ 1] ./main_openmp(+0x10dd)[0x556b0c0e60dd]
[node-10:17143] [ 2] ./main_openmp(+0x12e6)[0x556b0c0e62e6]
[node-10:17143] [ 3] ./main_openmp(+0x1631)[0x556b0c0e6631]
[node-10:17143] [ 4] /lib/x86_64-linux-gnu/libc.so.6(__libc_start_main+0xe7)[0x7fbe00c71c87]
[node-10:17143] [ 5] ./main_openmp(+0xb1a)[0x556b0c0e5b1a]
[node-10:17143] *** End of error message ***
--------------------------------------------------------------------------
mpirun noticed that process rank 1 with PID 17143 on node node-10 exited on signal 11 (Segmentation fault).
--------------------------------------------------------------------------
