[node-1:15656] *** Process received signal ***
[node-1:15656] Signal: Segmentation fault (11)
[node-1:15656] Signal code: Address not mapped (1)
[node-1:15656] Failing at address: 0x7ffe2589e2d0
[node-1:15656] [ 0] /lib/x86_64-linux-gnu/libc.so.6(+0x3ef10)[0x7f3afb831f10]
[node-1:15656] [ 1] ./main(+0x10ad)[0x564ee1c9e0ad]
[node-1:15656] [ 2] ./main(+0x12b6)[0x564ee1c9e2b6]
[node-1:15656] [ 3] ./main(+0x1601)[0x564ee1c9e601]
[node-1:15656] [ 4] /lib/x86_64-linux-gnu/libc.so.6(__libc_start_main+0xe7)[0x7f3afb814c87]
[node-1:15656] [ 5] ./main(+0xb1a)[0x564ee1c9db1a]
[node-1:15656] *** End of error message ***
[node-2:00349] *** Process received signal ***
[node-2:00349] Signal: Segmentation fault (11)
[node-2:00349] Signal code: Address not mapped (1)
[node-2:00349] Failing at address: 0x7ffbbb3cc480
[node-3:21512] *** Process received signal ***
[node-3:21512] Signal: Segmentation fault (11)
[node-3:21512] Signal code: Address not mapped (1)
[node-3:21512] Failing at address: 0x7ffed4ecaa60
[node-2:00349] [ 0] /lib/x86_64-linux-gnu/libc.so.6(+0x3ef10)[0x7fbd3219ef10]
[node-2:00349] [ 1] ./main(+0x10ad)[0x5595a22670ad]
[node-2:00349] [ 2] [node-3:21512] [ 0] /lib/x86_64-linux-gnu/libc.so.6(+0x3ef10)[0x7f7a902def10]
[node-3:21512] [ 1] ./main(+0x10ad)[0x55e43b7b10ad]
[node-3:21512] [ 2] ./main(+0x12b6)[0x55e43b7b12b6]
[node-3:21512] [ 3] ./main(+0x1601)[0x55e43b7b1601]
[node-3:21512] [ 4] /lib/x86_64-linux-gnu/libc.so.6(__libc_start_main+0xe7)[0x7f7a902c1c87]
[node-3:21512] [ 5] ./main(+0xb1a)[0x55e43b7b0b1a]
[node-3:21512] *** End of error message ***
./main(+0x12b6)[0x5595a22672b6]
[node-2:00349] [ 3] ./main(+0x1601)[0x5595a2267601]
[node-2:00349] [ 4] /lib/x86_64-linux-gnu/libc.so.6(__libc_start_main+0xe7)[0x7fbd32181c87]
[node-2:00349] [ 5] ./main(+0xb1a)[0x5595a2266b1a]
[node-2:00349] *** End of error message ***
--------------------------------------------------------------------------
mpirun noticed that process rank 0 with PID 0 on node node-1 exited on signal 11 (Segmentation fault).
--------------------------------------------------------------------------
