[node-1:22367] *** Process received signal ***
[node-1:22367] Signal: Segmentation fault (11)
[node-1:22367] Signal code: Address not mapped (1)
[node-1:22367] Failing at address: 0x7fff7f9dcf70
[node-1:22367] [ 0] /lib/x86_64-linux-gnu/libc.so.6(+0x3ef10)[0x7fa383881f10]
[node-1:22367] [ 1] ./main(+0x10ad)[0x562775bc90ad]
[node-1:22367] [ 2] ./main(+0x12b6)[0x562775bc92b6]
[node-1:22367] [ 3] ./main(+0x1601)[0x562775bc9601]
[node-1:22367] [ 4] /lib/x86_64-linux-gnu/libc.so.6(__libc_start_main+0xe7)[0x7fa383864c87]
[node-1:22367] [ 5] ./main(+0xb1a)[0x562775bc8b1a]
[node-1:22367] *** End of error message ***
[node-2:07202] *** Process received signal ***
[node-2:07202] Signal: Segmentation fault (11)
[node-2:07202] Signal code: Address not mapped (1)
[node-2:07202] Failing at address: 0x7fff113bb110
[node-2:07202] [ 0] /lib/x86_64-linux-gnu/libc.so.6(+0x3ef10)[0x7f54429f6f10]
[node-2:07202] [ 1] ./main(+0x10ad)[0x563771e440ad]
[node-2:07202] [ 2] ./main(+0x12b6)[0x563771e442b6]
[node-2:07202] [ 3] [node-3:27520] *** Process received signal ***
[node-3:27520] Signal: Segmentation fault (11)
[node-3:27520] Signal code: Address not mapped (1)
[node-3:27520] Failing at address: 0x7ffe3dfda4b0
./main(+0x1601)[0x563771e44601]
[node-2:07202] [ 4] /lib/x86_64-linux-gnu/libc.so.6(__libc_start_main+0xe7)[0x7f54429d9c87]
[node-2:07202] [ 5] ./main(+0xb1a)[0x563771e43b1a]
[node-2:07202] *** End of error message ***
[node-3:27520] [ 0] /lib/x86_64-linux-gnu/libc.so.6(+0x3ef10)[0x7f33903caf10]
[node-3:27520] [ 1] ./main(+0x10ad)[0x562044a6c0ad]
[node-3:27520] [ 2] ./main(+0x12b6)[0x562044a6c2b6]
[node-3:27520] [ 3] ./main(+0x1601)[0x562044a6c601]
[node-3:27520] [ 4] /lib/x86_64-linux-gnu/libc.so.6(__libc_start_main+0xe7)[0x7f33903adc87]
[node-3:27520] [ 5] ./main(+0xb1a)[0x562044a6bb1a]
[node-3:27520] *** End of error message ***
--------------------------------------------------------------------------
mpirun noticed that process rank 0 with PID 0 on node node-1 exited on signal 11 (Segmentation fault).
--------------------------------------------------------------------------
