[node-1:20101] *** Process received signal ***
[node-1:20101] Signal: Segmentation fault (11)
[node-1:20101] Signal code: Address not mapped (1)
[node-1:20101] Failing at address: 0x7fffe7b4b600
[node-1:20101] [ 0] /lib/x86_64-linux-gnu/libc.so.6(+0x3ef10)[0x7fd6fd0e6f10]
[node-1:20101] [ 1] ./main(+0x10ad)[0x55ce306040ad]
[node-1:20101] [ 2] ./main(+0x12b6)[0x55ce306042b6]
[node-1:20101] [ 3] ./main(+0x1601)[0x55ce30604601]
[node-1:20101] [ 4] [node-3:25541] *** Process received signal ***
[node-3:25541] Signal: Segmentation fault (11)
[node-3:25541] Signal code: Address not mapped (1)
[node-3:25541] Failing at address: 0x7ffe66c60a60
/lib/x86_64-linux-gnu/libc.so.6(__libc_start_main+0xe7)[0x7fd6fd0c9c87]
[node-1:20101] [ 5] ./main(+0xb1a)[0x55ce30603b1a]
[node-1:20101] *** End of error message ***
[node-3:25541] [ 0] [node-5:19685] *** Process received signal ***
[node-5:19685] Signal: Segmentation fault (11)
[node-5:19685] Signal code: Address not mapped (1)
[node-5:19685] Failing at address: 0x7ffcd6501480
/lib/x86_64-linux-gnu/libc.so.6(+0x3ef10)[0x7fd1c97e5f10]
[node-3:25541] [ 1] ./main(+0x10ad)[0x55a7cf2210ad]
[node-3:25541] [ 2] ./main(+0x12b6)[0x55a7cf2212b6]
[node-5:19685] [ 0] /lib/x86_64-linux-gnu/libc.so.6(+0x3ef10)[0x7fecd3090f10]
[node-5:19685] [ 1] ./main(+0x10ad)[0x55dd696a40ad]
[node-5:19685] [ 2] ./main(+0x12b6)[0x55dd696a42b6]
[node-5:19685] [ 3] ./main(+0x1601)[0x55dd696a4601]
[node-5:19685] [ 4] [node-3:25541] [ 3] ./main(+0x1601)[0x55a7cf221601/lib/x86_64-linux-gnu/libc.so.6(__libc_start_main+0xe7)[0x7fecd3073c87]
[node-5:19685] [ 5] ./main(+0xb1a)[0x55dd696a3b1a]
[node-5:19685] *** End of error message ***
]
[node-3:25541] [ 4] /lib/x86_64-linux-gnu/libc.so.6(__libc_start_main+0xe7)[0x7fd1c97c8c87]
[node-3:25541] [ 5] ./main(+0xb1a)[0x55a7cf220b1a]
[node-3:25541] *** End of error message ***
[node-2:04928] *** Process received signal ***
[node-2:04928] Signal: Segmentation fault (11)
[node-2:04928] Signal code: Address not mapped (1)
[node-2:04928] Failing at address: 0x7ffddc74b580
[node-4:11970] *** Process received signal ***
[node-4:11970] Signal: Segmentation fault (11)
[node-4:11970] Signal code: Address not mapped (1)
[node-4:11970] Failing at address: 0x7fffbdc0f5b0
[node-2:04928] [ 0] /lib/x86_64-linux-gnu/libc.so.6(+0x3ef10)[0x7fbbc3bdaf10]
[node-2:04928] [ 1] ./main(+0x10ad)[0x55a5a49190ad[node-4:11970] [ 0] ]
[node-2:04928] [ 2] ./main(+0x12b6)[0x55a5a49192b6]
[node-2:04928] [ 3] ./main(+0x1601)/lib/x86_64-linux-gnu/libc.so.6(+0x3ef10)[0x7fcbd2454f10]
[node-4:11970] [ 1] ./main(+0x10ad)[0x5653d89b80ad]
[node-4:11970] [ 2] ./main(+0x12b6)[0x5653d89b82b6]
[node-4:11970] [ 3] ./main(+0x1601)[0x5653d89b8601]
[node-4:11970] [ 4] [0x55a5a4919601]
[node-2:04928] [ 4] /lib/x86_64-linux-gnu/libc.so.6(__libc_start_main+0xe7)[0x7fbbc3bbdc87]
[node-2:04928] [ 5] ./main(+0xb1a)[0x55a5a4918b1a]
/lib/x86_64-linux-gnu/libc.so.6(__libc_start_main+0xe7)[0x7fcbd2437c87]
[node-4:11970] [ 5] ./main(+0xb1a)[0x5653d89b7b1a]
[node-2:04928] *** End of error message ***
[node-4:11970] *** End of error message ***
--------------------------------------------------------------------------
mpirun noticed that process rank 0 with PID 0 on node node-1 exited on signal 11 (Segmentation fault).
--------------------------------------------------------------------------
