[node-4:06891] *** Process received signal ***
[node-4:06891] Signal: Segmentation fault (11)
[node-4:06891] Signal code: Address not mapped (1)
[node-4:06891] Failing at address: 0x7ffe37da88c0
[node-4:06891] [ 0] /lib/x86_64-linux-gnu/libc.so.6(+0x3ef10)[0x7f53dcf8ef10]
[node-4:06891] [ 1] ./main(+0x10ad)[0x55ce4a7280ad]
[node-4:06891] [ 2] ./main(+0x12b6)[0x55ce4a7282b6]
[node-4:06891] [ 3] ./main(+0x1601)[0x55ce4a728601]
[node-4:06891] [ 4] /lib/x86_64-linux-gnu/libc.so.6(__libc_start_main+0xe7)[0x7f53dcf71c87]
[node-4:06891] [ 5] ./main(+0xb1a)[0x55ce4a727b1a]
[node-4:06891] *** End of error message ***
[node-7:23870] *** Process received signal ***
[node-7:23870] Signal: Segmentation fault (11)
[node-7:23870] Signal code: Address not mapped (1)
[node-7:23870] Failing at address: 0x7ffd24834c40
[node-5:14700] *** Process received signal ***
[node-5:14700] Signal: Segmentation fault (11)
[node-5:14700] Signal code: Address not mapped (1)
[node-5:14700] Failing at address: 0x7ffc5f2bf5c0
[node-5:14700] [ 0] [node-6:01354] *** Process received signal ***
[node-6:01354] Signal: Segmentation fault (11)
[node-6:01354] Signal code: Address not mapped (1)
[node-6:01354] Failing at address: 0x7ffc91735020
[node-8:19018] *** Process received signal ***
[node-8:19018] Signal: Segmentation fault (11)
[node-8:19018] Signal code: Address not mapped (1)
[node-8:19018] Failing at address: 0x7ffd88cad1d0
[node-7:23870] [ 0] /lib/x86_64-linux-gnu/libc.so.6(+0x3ef10)[0x7f85bacaaf10]
[node-7:23870] [ 1] ./main(+0x10ad)[0x56233e4780ad]
[node-7:23870] [ 2] ./main(+0x12b6)[0x56233e4782b6]
/lib/x86_64-linux-gnu/libc.so.6(+0x3ef10)[0x7ff08d6f3f10]
[node-5:14700] [ 1] ./main(+0x10ad)[0x55c1b7b540ad]
[node-5:14700] [ 2] ./main(+0x12b6)[0x55c1b7b542b6]
[node-5:14700] [ 3] ./main(+0x1601)[0x55c1b7b54601]
[node-5:14700] [ 4] [node-6:01354] [ 0] /lib/x86_64-linux-gnu/libc.so.6(+0x3ef10)[0x7fa2888f1f10]
[node-6:01354] [ 1] ./main(+0x10ad)[0x55a8ee6760ad]
[node-6:01354] [ 2] ./main(+0x12b6)[0x55a8ee6762b6]
[node-6:01354] [ 3] ./main(+0x1601)[0x55a8ee676601]
[node-6:01354] [ 4] /lib/x86_64-linux-gnu/libc.so.6(__libc_start_main+0xe7)[0x7fa2888d4c87]
[node-6:01354] [ 5] ./main(+0xb1a)[0x55a8ee675b1a]
[node-6:01354] *** End of error message ***
[node-8:19018] [ 0] /lib/x86_64-linux-gnu/libc.so.6(+0x3ef10)[0x7fbcec454f10]
[node-8:19018] [ 1] ./main(+0x10ad)[0x559d7224a0ad[node-7:23870] [ 3] ./main(+0x1601)[0x56233e478601]
[node-7:23870] [ 4] /lib/x86_64-linux-gnu/libc.so.6(__libc_start_main+0xe7)[0x7f85bac8dc87]
[node-7:23870] [ 5] ./main(+0xb1a/lib/x86_64-linux-gnu/libc.so.6(__libc_start_main+0xe7)[0x7ff08d6d6c87]
[node-5:14700] [ 5] ./main(+0xb1a)[0x55c1b7b53b1a]
[node-5:14700] *** End of error message ***
]
[node-8:19018] [ 2] ./main(+0x12b6)[0x559d7224a2b6]
[node-8:19018] [ 3] ./main(+0x1601)[0x559d7224a601]
[node-8:19018] [ 4] )[0x56233e477b1a]
[node-7:23870] *** End of error message ***
/lib/x86_64-linux-gnu/libc.so.6(__libc_start_main+0xe7)[0x7fbcec437c87]
[node-8:19018] [ 5] ./main(+0xb1a)[0x559d72249b1a]
[node-8:19018] *** End of error message ***
--------------------------------------------------------------------------
mpirun noticed that process rank 2 with PID 1354 on node node-6 exited on signal 11 (Segmentation fault).
--------------------------------------------------------------------------
