[node-3:27325] *** Process received signal ***
[node-3:27325] Signal: Segmentation fault (11)
[node-3:27325] Signal code: Address not mapped (1)
[node-3:27325] Failing at address: 0x7ffb9f578180
[node-3:27325] [ 0] /lib/x86_64-linux-gnu/libc.so.6(+0x3ef10)[0x7f69a370bf10]
[node-3:27325] [ 1] ./main(+0x10ad)[0x55c5834d30ad]
[node-3:27325] [ 2] ./main(+0x12b6)[0x55c5834d32b6]
[node-3:27325] [ 3] ./main(+0x1601)[0x55c5834d3601]
[node-3:27325] [ 4] /lib/x86_64-linux-gnu/libc.so.6(__libc_start_main+0xe7)[0x7f69a36eec87]
[node-3:27325] [ 5] ./main(+0xb1a)[0x55c5834d2b1a]
[node-3:27325] *** End of error message ***
[node-4:14101] *** Process received signal ***
[node-4:14101] Signal: Segmentation fault (11)
[node-4:14101] Signal code: Address not mapped (1)
[node-4:14101] Failing at address: 0x7ffc4495ce20
[node-4:14101] [ 0] /lib/x86_64-linux-gnu/libc.so.6(+0x3ef10)[0x7fce1b054f10]
[node-4:14101] [ 1] ./main(+0x10ad)[0x556be53620ad]
[node-4:14101] [ 2] ./main(+0x12b6)[0x556be53622b6]
[node-4:14101] [ 3] ./main(+0x1601)[0x556be5362601]
[node-4:14101] [ 4] /lib/x86_64-linux-gnu/libc.so.6(__libc_start_main+0xe7)[0x7fce1b037c87]
[node-4:14101] [ 5] ./main(+0xb1a)[0x556be5361b1a]
[node-4:14101] *** End of error message ***
[node-5:21766] *** Process received signal ***
[node-5:21766] Signal: Segmentation fault (11)
[node-5:21766] Signal code: Address not mapped (1)
[node-5:21766] Failing at address: 0x7ffa40488240
[node-5:21766] [ 0] /lib/x86_64-linux-gnu/libc.so.6(+0x3ef10)[0x7f732a53af10]
[node-5:21766] [ 1] ./main(+0x10ad)[0x560e368e90ad]
[node-5:21766] [ 2] ./main(+0x12b6)[0x560e368e92b6]
[node-5:21766] [ 3] ./main(+0x1601)[0x560e368e9601]
[node-5:21766] [ 4] /lib/x86_64-linux-gnu/libc.so.6(__libc_start_main+0xe7)[0x7f732a51dc87]
[node-5:21766] [ 5] ./main(+0xb1a)[0x560e368e8b1a]
[node-5:21766] *** End of error message ***
--------------------------------------------------------------------------
mpirun noticed that process rank 0 with PID 0 on node node-3 exited on signal 11 (Segmentation fault).
--------------------------------------------------------------------------
