[node-1:24920] *** Process received signal ***
[node-1:24920] Signal: Segmentation fault (11)
[node-1:24920] Signal code: Address not mapped (1)
[node-1:24920] Failing at address: 0x7ffd2ccae6e0
[node-1:24920] [ 0] /lib/x86_64-linux-gnu/libc.so.6(+0x3ef10)[0x7fdd5900bf10]
[node-1:24920] [ 1] ./main_openmp(+0x10dd)[0x5630196ae0dd]
[node-1:24920] [ 2] ./main_openmp(+0x12e6)[0x5630196ae2e6]
[node-1:24920] [ 3] ./main_openmp(+0x1631)[0x5630196ae631]
[node-1:24920] [ 4] /lib/x86_64-linux-gnu/libc.so.6(__libc_start_main+0xe7)[0x7fdd58feec87]
[node-1:24920] [ 5] ./main_openmp(+0xb1a)[0x5630196adb1a]
[node-1:24920] *** End of error message ***
[node-6:10253] *** Process received signal ***
[node-6:10253] Signal: Segmentation fault (11)
[node-6:10253] Signal code: Address not mapped (1)
[node-6:10253] Failing at address: 0x7fff3a95b730
[node-6:10253] [ 0] /lib/x86_64-linux-gnu/libc.so.6(+0x3ef10)[0x7f4bf3392f10]
[node-6:10253] [ 1] ./main_openmp(+0x10dd)[0x55e28766d0dd]
[node-6:10253] [ 2] ./main_openmp(+0x12e6)[0x55e28766d2e6]
[node-6:10253] [ 3] ./main_openmp(+0x1631)[0x55e28766d631]
[node-6:10253] [ 4] /lib/x86_64-linux-gnu/libc.so.6(__libc_start_main+0xe7)[0x7f4bf3375c87]
[node-6:10253] [ 5] ./main_openmp(+0xb1a)[0x55e28766cb1a]
[node-6:10253] *** End of error message ***
[node-2:09755] *** Process received signal ***
[node-2:09755] Signal: Segmentation fault (11)
[node-2:09755] Signal code: Address not mapped (1)
[node-2:09755] Failing at address: 0x7fff446ab0f0
[node-2:09755] [ 0] /lib/x86_64-linux-gnu/libc.so.6(+0x3ef10)[0x7f88ed0a2f10]
[node-2:09755] [ 1] ./main_openmp(+0x10dd)[0x56534e08c0dd]
[node-2:09755] [ 2] ./main_openmp(+0x12e6)[0x56534e08c2e6]
[node-2:09755] [ 3] ./main_openmp(+0x1631)[0x56534e08c631]
[node-2:09755] [ 4] [node-4:16815] *** Process received signal ***
[node-4:16815] Signal: Segmentation fault (11)
[node-4:16815] Signal code: Address not mapped (1)
[node-4:16815] Failing at address: 0x7fffd11ac630
[node-3:29800] *** Process received signal ***
[node-3:29800] Signal: Segmentation fault (11)
[node-3:29800] Signal code: Address not mapped (1)
[node-3:29800] Failing at address: 0x7ffff59b8900
[node-3:29800] [ 0] [node-4:16815] [ 0] /lib/x86_64-linux-gnu/libc.so.6(+0x3ef10)[0x7ff777465f10]
[node-4:16815] [ 1] ./main_openmp(+0x10dd)[0x555c1d14f0dd]
[node-4:16815] [ 2] ./main_openmp(+0x12e6)[0x555c1d14f2e6]
/lib/x86_64-linux-gnu/libc.so.6(+0x3ef10)[0x7fd4e4a78f10]
[node-3:29800] [ 1] ./main_openmp(+0x10dd)[0x5589161cb0dd]
[node-3:29800] [ 2] ./main_openmp(+0x/lib/x86_64-linux-gnu/libc.so.6(__libc_start_main+0x12e6)[0x5589161cb2e6]
[node-3:29800] [ 3] ./main_openmp(+0x1631)[0x5589161cb631]
[node-3:29800] [ 4] e7)[0x7f88ed085c87]
[node-2:09755] [ 5] ./main_openmp(+0xb1a)[0x56534e08bb1a]
[node-2:09755] *** End of error message ***
[node-4:16815] [ 3] ./main_openmp(+0x1631)[0x555c1d14f631]
[node-4:16815] [ 4] /lib/x86_64-linux-gnu/libc.so.6(__libc_start_main+0xe7)[0x7ff777448c87]
[node-4:16815] [ 5] ./main_openmp(+0xb1a)[0x555c1d14eb1a]
[node-4:16815] *** End of error message ***
/lib/x86_64-linux-gnu/libc.so.6(__libc_start_main+0xe7)[0x7fd4e4a5bc87]
[node-3:29800] [ 5] ./main_openmp(+0xb1a)[0x5589161cab1a]
[node-3:29800] *** End of error message ***
[node-5:24428] *** Process received signal ***
[node-5:24428] Signal: Segmentation fault (11)
[node-5:24428] Signal code: Address not mapped (1)
[node-5:24428] Failing at address: 0x7ffcd9b56620
[node-5:24428] [ 0] /lib/x86_64-linux-gnu/libc.so.6(+0x3ef10)[0x7fbd8cffef10]
[node-5:24428] [ 1] ./main_openmp(+0x10dd)[0x55b3308c60dd]
[node-5:24428] [ 2] ./main_openmp(+0x12e6)[0x55b3308c62e6]
[node-5:24428] [ 3] ./main_openmp(+0x1631)[0x55b3308c6631]
[node-5:24428] [ 4] /lib/x86_64-linux-gnu/libc.so.6(__libc_start_main+0xe7)[0x7fbd8cfe1c87]
[node-5:24428] [ 5] ./main_openmp(+0xb1a)[0x55b3308c5b1a]
[node-5:24428] *** End of error message ***
--------------------------------------------------------------------------
mpirun noticed that process rank 5 with PID 10253 on node node-6 exited on signal 11 (Segmentation fault).
--------------------------------------------------------------------------
