[node-5:07892] *** Process received signal ***
[node-5:07892] Signal: Segmentation fault (11)
[node-5:07892] Signal code: Address not mapped (1)
[node-5:07892] Failing at address: 0x7ffa9f5dcff0
[node-5:07892] [ 0] /lib/x86_64-linux-gnu/libc.so.6(+0x3ef10)[0x7f4e07521f10]
[node-5:07892] [ 1] ./main(+0x10ad)[0x564780a310ad]
[node-5:07892] [ 2] ./main(+0x12b6)[0x564780a312b6]
[node-5:07892] [ 3] ./main(+0x1601)[0x564780a31601]
[node-5:07892] [ 4] /lib/x86_64-linux-gnu/libc.so.6(__libc_start_main+0xe7)[0x7f4e07504c87]
[node-5:07892] [ 5] ./main(+0xb1a)[0x564780a30b1a]
[node-5:07892] *** End of error message ***
[node-6:27821] *** Process received signal ***
[node-6:27821] Signal: Segmentation fault (11)
[node-6:27821] Signal code: Address not mapped (1)
[node-6:27821] Failing at address: 0x7ffa68d41d60
[node-6:27821] [ 0] /lib/x86_64-linux-gnu/libc.so.6(+0x3ef10)[0x7f02363a0f10]
[node-6:27821] [ 1] ./main(+0x10ad)[0x5581f49740ad]
[node-6:27821] [ 2] ./main(+0x12b6)[0x5581f49742b6]
[node-6:27821] [ 3] ./main(+0x1601)[0x5581f4974601]
[node-6:27821] [ 4] /lib/x86_64-linux-gnu/libc.so.6(__libc_start_main+0xe7)[0x7f0236383c87]
[node-6:27821] [ 5] ./main(+0xb1a)[0x5581f4973b1a]
[node-6:27821] *** End of error message ***
--------------------------------------------------------------------------
mpirun noticed that process rank 0 with PID 0 on node node-5 exited on signal 11 (Segmentation fault).
--------------------------------------------------------------------------
