[node-4:06571] *** Process received signal ***
[node-4:06571] Signal: Segmentation fault (11)
[node-4:06571] Signal code: Address not mapped (1)
[node-4:06571] Failing at address: 0x7ffe03662df0
[node-4:06571] [ 0] /lib/x86_64-linux-gnu/libc.so.6(+0x3ef10)[0x7fbf54f86f10]
[node-4:06571] [ 1] ./main(+0x10ad)[0x55e72da700ad]
[node-4:06571] [ 2] ./main(+0x12b6)[0x55e72da702b6]
[node-4:06571] [ 3] ./main(+0x1601)[0x55e72da70601]
[node-4:06571] [ 4] [node-6:01071] *** Process received signal ***
[node-6:01071] Signal: Segmentation fault (11)
[node-6:01071] Signal code: Address not mapped (1)
[node-6:01071] Failing at address: 0x7ffffb0df1b0
[node-6:01071] [ 0] /lib/x86_64-linux-gnu/libc.so.6(__libc_start_main+0xe7)[0x7fbf54f69c87]
[node-4:06571] [ 5] ./main(+0xb1a)[0x55e72da6fb1a]
[node-4:06571] *** End of error message ***
/lib/x86_64-linux-gnu/libc.so.6(+0x3ef10)[0x7fceb0368f10]
[node-6:01071] [ 1] ./main(+0x10ad)[0x55e2b07b30ad]
[node-6:01071] [ 2] ./main(+0x12b6)[0x55e2b07b32b6]
[node-6:01071] [ 3] ./main(+0x1601)[0x55e2b07b3601]
[node-6:01071] [ 4] /lib/x86_64-linux-gnu/libc.so.6(__libc_start_main+0xe7)[0x7fceb034bc87]
[node-6:01071] [ 5] ./main(+0xb1a)[0x55e2b07b2b1a]
[node-6:01071] *** End of error message ***
[node-5:14406] *** Process received signal ***
[node-5:14406] Signal: Segmentation fault (11)
[node-5:14406] Signal code: Address not mapped (1)
[node-5:14406] Failing at address: 0x7ffcedd9adf0
[node-7:23626] *** Process received signal ***
[node-7:23626] Signal: Segmentation fault (11)
[node-7:23626] Signal code: Address not mapped (1)
[node-7:23626] Failing at address: 0x7fff406a0560
[node-7:23626] [ 0] /lib/x86_64-linux-gnu/libc.so.6(+0x3ef10)[0x7f74a52d7f10]
[node-7:23626] [ 1] ./main(+0x10ad)[0x5620d64270ad]
[node-7:23626] [ 2] ./main(+0x12b6)[0x5620d64272b6]
[node-7:23626] [ 3] ./main(+0x1601)[0x5620d6427601]
[node-7:23626] [ 4] /lib/x86_64-linux-gnu/libc.so.6(__libc_start_main+0xe7)[0x7f74a52bac87]
[node-7:23626] [ 5] ./main(+0xb1a)[0x5620d6426b1a]
[node-7:23626] *** End of error message ***
[node-5:14406] [ 0] /lib/x86_64-linux-gnu/libc.so.6(+0x3ef10)[0x7fe549c01f10]
[node-5:14406] [ 1] ./main(+0x10ad)[0x557e19f2f0ad]
[node-5:14406] [ 2] ./main(+0x12b6)[0x557e19f2f2b6]
[node-5:14406] [ 3] ./main(+0x1601)[0x557e19f2f601]
[node-5:14406] [ 4] /lib/x86_64-linux-gnu/libc.so.6(__libc_start_main+0xe7)[0x7fe549be4c87]
[node-5:14406] [ 5] ./main(+0xb1a)[0x557e19f2eb1a]
[node-5:14406] *** End of error message ***
--------------------------------------------------------------------------
mpirun noticed that process rank 2 with PID 1071 on node node-6 exited on signal 11 (Segmentation fault).
--------------------------------------------------------------------------
