[node-1:21365] *** Process received signal ***
[node-1:21365] Signal: Segmentation fault (11)
[node-1:21365] Signal code: Address not mapped (1)
[node-1:21365] Failing at address: 0x7ffedca0ace0
[node-1:21365] [ 0] /lib/x86_64-linux-gnu/libc.so.6(+0x3ef10)[0x7f753f546f10]
[node-1:21365] [ 1] ./main(+0x10ad)[0x55d5718940ad]
[node-1:21365] [ 2] ./main(+0x12b6)[0x55d5718942b6]
[node-1:21365] [ 3] ./main(+0x1601)[0x55d571894601]
[node-1:21365] [ 4] /lib/x86_64-linux-gnu/libc.so.6(__libc_start_main+0xe7)[0x7f753f529c87]
[node-1:21365] [ 5] ./main(+0xb1a)[0x55d571893b1a]
[node-1:21365] *** End of error message ***
[node-3:26648] *** Process received signal ***
[node-3:26648] Signal: Segmentation fault (11)
[node-3:26648] Signal code: Address not mapped (1)
[node-3:26648] Failing at address: 0x7ffe13ce7fd0
[node-2:06188] *** Process received signal ***
[node-2:06188] Signal: Segmentation fault (11)
[node-2:06188] Signal code: Address not mapped (1)
[node-2:06188] Failing at address: 0x7fff5d52ea90
[node-3:26648] [ 0] /lib/x86_64-linux-gnu/libc.so.6(+0x3ef10)[0x7f92382b7f10]
[node-3:26648] [ 1] ./main(+0x10ad)[0x55ee5834c0ad]
[node-2:06188] [ 0] /lib/x86_64-linux-gnu/libc.so.6(+0x3ef10)[0x7f307752ef10]
[node-2:06188] [ 1] ./main(+0x10ad)[0x5557e86ca0ad]
[node-3:26648] [ 2] ./main(+0x12b6)[0x55ee5834c2b6]
[node-3:26648] [ 3] ./main(+0x1601)[0x55ee5834c601]
[node-3:26648] [ 4] /lib/x86_64-linux-gnu/libc.so.6(__libc_start_main+0xe7)[0x7f923829ac87]
[node-3:26648] [ 5] ./main(+0xb1a)[0x[node-2:06188] [ 2] ./main(+0x12b6)[0x5557e86ca2b6]
[node-2:06188] [ 3] ./main(+0x1601)[0x5557e86ca60155ee5834bb1a]
[node-3:26648] *** End of error message ***
]
[node-2:06188] [ 4] /lib/x86_64-linux-gnu/libc.so.6(__libc_start_main+0xe7)[0x7f3077511c87]
[node-2:06188] [ 5] ./main(+0xb1a)[0x5557e86c9b1a]
[node-2:06188] *** End of error message ***
[node-6:06906] *** Process received signal ***
[node-6:06906] Signal: Segmentation fault (11)
[node-6:06906] Signal code: Address not mapped (1)
[node-6:06906] Failing at address: 0x7ffde1244010
[node-6:06906] [ 0] /lib/x86_64-linux-gnu/libc.so.6(+0x3ef10)[0x7f79536ccf10]
[node-6:06906] [ 1] ./main(+0x10ad)[0x5653972890ad]
[node-6:06906] [ 2] ./main(+0x12b6)[0x5653972892b6]
[node-6:06906] [ 3] ./main(+0x1601)[0x565397289601]
[node-6:06906] [ 4] /lib/x86_64-linux-gnu/libc.so.6(__libc_start_main+0xe7)[0x7f79536afc87]
[node-6:06906] [ 5] ./main(+0xb1a)[0x565397288b1a]
[node-6:06906] *** End of error message ***
[node-7:28491] *** Process received signal ***
[node-7:28491] Signal: Segmentation fault (11)
[node-7:28491] Signal code: Address not mapped (1)
[node-7:28491] Failing at address: 0x7ffece581690
[node-7:28491] [ 0] /lib/x86_64-linux-gnu/libc.so.6(+0x3ef10)[0x7f5351babf10]
[node-7:28491] [ 1] ./main(+0x10ad)[0x55d961d000ad]
[node-7:28491] [ 2] ./main(+0x12b6)[0x55d961d002b6]
[node-7:28491] [ 3] ./main(+0x1601)[0x55d961d00601]
[node-7:28491] [ 4] /lib/x86_64-linux-gnu/libc.so.6(__libc_start_main+0xe7)[0x7f5351b8ec87]
[node-7:28491] [ 5] ./main(+0xb1a)[0x55d961cffb1a]
[node-7:28491] *** End of error message ***
[node-4:13255] *** Process received signal ***
[node-4:13255] Signal: Segmentation fault (11)
[node-4:13255] Signal code:  (128)
[node-4:13255] Failing at address: (nil)
[node-4:13255] [ 0] /lib/x86_64-linux-gnu/libc.so.6(+0x3ef10)[0x7f3ebc893f10]
[node-4:13255] [ 1] ./main(+0x10ad)[0x55aa4cbf90ad]
[node-4:13255] [ 2] ./main(+0x12b6)[0x55aa4cbf92b6]
[node-4:13255] [ 3] ./main(+0x1601)[0x55aa4cbf9601]
[node-4:13255] [ 4] /lib/x86_64-linux-gnu/libc.so.6(__libc_start_main+0xe7)[0x7f3ebc876c87]
[node-4:13255] [ 5] ./main(+0xb1a)[0x55aa4cbf8b1a]
[node-4:13255] *** End of error message ***
[node-5:20921] *** Process received signal ***
[node-5:20921] Signal: Segmentation fault (11)
[node-5:20921] Signal code: Address not mapped (1)
[node-5:20921] Failing at address: 0x7ffe4f5ff620
[node-5:20921] [ 0] /lib/x86_64-linux-gnu/libc.so.6(+0x3ef10)[0x7f11b9323f10]
[node-5:20921] [ 1] ./main(+0x10ad)[0x5609051f40ad]
[node-5:20921] [ 2] ./main(+0x12b6)[0x5609051f42b6]
[node-5:20921] [ 3] ./main(+0x1601)[0x5609051f4601]
[node-5:20921] [ 4] /lib/x86_64-linux-gnu/libc.so.6(__libc_start_main+0xe7)[0x7f11b9306c87]
[node-5:20921] [ 5] ./main(+0xb1a)[0x5609051f3b1a]
[node-5:20921] *** End of error message ***
--------------------------------------------------------------------------
mpirun noticed that process rank 0 with PID 0 on node node-1 exited on signal 11 (Segmentation fault).
--------------------------------------------------------------------------
