[node-9:05747] *** Process received signal ***
[node-9:05747] Signal: Segmentation fault (11)
[node-9:05747] Signal code: Address not mapped (1)
[node-9:05747] Failing at address: 0x7ffbfab08310
[node-9:05747] [ 0] /lib/x86_64-linux-gnu/libc.so.6(+0x3ef10)[0x7f4778b91f10]
[node-9:05747] [ 1] ./main_openmp(+0x10dd)[0x55a4c058c0dd]
[node-9:05747] [ 2] ./main_openmp(+0x12e6)[0x55a4c058c2e6]
[node-9:05747] [ 3] ./main_openmp(+0x1631)[0x55a4c058c631]
[node-9:05747] [ 4] /lib/x86_64-linux-gnu/libc.so.6(__libc_start_main+0xe7)[0x7f4778b74c87]
[node-9:05747] [ 5] ./main_openmp(+0xb1a)[0x55a4c058bb1a]
[node-9:05747] *** End of error message ***
[node-10:20770] *** Process received signal ***
[node-10:20770] Signal: Segmentation fault (11)
[node-10:20770] Signal code: Address not mapped (1)
[node-10:20770] Failing at address: 0x7ffd98f782e0
[node-10:20770] [ 0] /lib/x86_64-linux-gnu/libc.so.6(+0x3ef10)[0x7fe51db3ff10]
[node-10:20770] [ 1] ./main_openmp(+0x10dd)[0x56184e1230dd]
[node-10:20770] [ 2] ./main_openmp(+0x12e6)[0x56184e1232e6]
[node-10:20770] [ 3] ./main_openmp(+0x1631)[0x56184e123631]
[node-10:20770] [ 4] /lib/x86_64-linux-gnu/libc.so.6(__libc_start_main+0xe7)[0x7fe51db22c87]
[node-10:20770] [ 5] ./main_openmp(+0xb1a)[0x56184e122b1a]
[node-10:20770] *** End of error message ***
--------------------------------------------------------------------------
mpirun noticed that process rank 0 with PID 0 on node node-9 exited on signal 11 (Segmentation fault).
--------------------------------------------------------------------------
