[node-4:12650] *** Process received signal ***
[node-4:12650] Signal: Segmentation fault (11)
[node-4:12650] Signal code: Address not mapped (1)
[node-4:12650] Failing at address: 0x7ffdb43320f0
[node-4:12650] [ 0] /lib/x86_64-linux-gnu/libc.so.6(+0x3ef10)[0x7f1c846eff10]
[node-4:12650] [ 1] ./main(+0x10ad)[0x560eb91ed0ad]
[node-4:12650] [ 2] ./main(+0x12b6)[0x560eb91ed2b6]
[node-4:12650] [ 3] ./main(+0x1601)[0x560eb91ed601]
[node-4:12650] [ 4] /lib/x86_64-linux-gnu/libc.so.6(__libc_start_main+0xe7)[0x7f1c846d2c87]
[node-4:12650] [ 5] ./main(+0xb1a)[0x560eb91ecb1a]
[node-4:12650] *** End of error message ***
[node-5:20327] *** Process received signal ***
[node-5:20327] Signal: Segmentation fault (11)
[node-5:20327] Signal code: Address not mapped (1)
[node-5:20327] Failing at address: 0x7ffcccdb3f80
[node-5:20327] [ 0] /lib/x86_64-linux-gnu/libc.so.6(+0x3ef10)[0x7fb0d246df10]
[node-5:20327] [ 1] [node-7:27999] *** Process received signal ***
[node-7:27999] Signal: Segmentation fault (11)
[node-7:27999] Signal code: Address not mapped (1)
[node-7:27999] Failing at address: 0x7ffe67db0550
[node-7:27999] [ 0] ./main(+0x10ad)[0x564e3d5d00ad]
[node-5:20327] [ 2] ./main(+0x12b6)[0x564e3d5d02b6]
/lib/x86_64-linux-gnu/libc.so.6(+0x3ef10)[0x7f18c6f43f10]
[node-7:27999] [ 1] ./main(+0x10ad)[0x5576dfb000ad]
[node-7:27999] [ 2] ./main(+0x12b6)[0x5576dfb002b6]
[node-7:27999] [ 3] [node-5:20327] [ 3] ./main(+0x1601)[0x564e3d5d0601]
[node-5:20327] [ 4] ./main(+0x1601)[0x5576dfb00601]
[node-7:27999] [ 4] /lib/x86_64-linux-gnu/libc.so.6(__libc_start_main+0xe7)[0x7f18c6f26c87]
[node-7:27999] [ 5] ./main(+0xb1a)[0x5576dfaffb1a]
[node-7:27999] *** End of error message ***
/lib/x86_64-linux-gnu/libc.so.6(__libc_start_main+0xe7)[0x7fb0d2450c87]
[node-5:20327] [ 5] ./main(+0xb1a[node-6:06369] *** Process received signal ***
[node-6:06369] Signal: Segmentation fault (11)
[node-6:06369] Signal code: Address not mapped (1)
[node-6:06369] Failing at address: 0x7ffc1d818190
)[0x564e3d5cfb1a]
[node-5:20327] *** End of error message ***
[node-6:06369] [ 0] /lib/x86_64-linux-gnu/libc.so.6(+0x3ef10)[0x7f9a125bff10]
[node-6:06369] [ 1] ./main(+0x10ad)[0x55f54f3290ad]
[node-6:06369] [ 2] ./main(+0x12b6)[0x55f54f3292b6]
[node-6:06369] [ 3] ./main(+0x1601)[0x55f54f329601]
[node-6:06369] [ 4] /lib/x86_64-linux-gnu/libc.so.6(__libc_start_main+0xe7)[0x7f9a125a2c87]
[node-6:06369] [ 5] ./main(+0xb1a)[0x55f54f328b1a]
[node-6:06369] *** End of error message ***
--------------------------------------------------------------------------
mpirun noticed that process rank 2 with PID 6369 on node node-6 exited on signal 11 (Segmentation fault).
--------------------------------------------------------------------------
