[node-1:20899] *** Process received signal ***
[node-1:20899] Signal: Segmentation fault (11)
[node-1:20899] Signal code: Address not mapped (1)
[node-1:20899] Failing at address: 0x7ffd24eface0
[node-1:20899] [ 0] /lib/x86_64-linux-gnu/libc.so.6(+0x3ef10)[0x7f93230bff10]
[node-1:20899] [ 1] ./main(+0x10ad)[0x55abeacaf0ad]
[node-1:20899] [ 2] ./main(+0x12b6)[0x55abeacaf2b6]
[node-1:20899] [ 3] ./main(+0x1601)[0x55abeacaf601]
[node-1:20899] [ 4] /lib/x86_64-linux-gnu/libc.so.6(__libc_start_main+0xe7)[0x7f93230a2c87]
[node-1:20899] [ 5] ./main(+0xb1a)[0x55abeacaeb1a]
[node-1:20899] *** End of error message ***
[node-6:06457] *** Process received signal ***
[node-6:06457] Signal: Segmentation fault (11)
[node-6:06457] Signal code: Address not mapped (1)
[node-6:06457] Failing at address: 0x7ffebc3fc040
[node-6:06457] [ 0] /lib/x86_64-linux-gnu/libc.so.6(+0x3ef10)[0x7fefeed34f10]
[node-6:06457] [ 1] ./main(+0x10ad)[0x55f0080600ad]
[node-6:06457] [ 2] ./main(+0x12b6)[0x55f0080602b6]
[node-6:06457] [ 3] ./main(+0x1601)[0x55f008060601]
[node-6:06457] [node-4:12740] *** Process received signal ***
[node-4:12740] Signal: Segmentation fault (11)
[node-4:12740] Signal code: Address not mapped (1)
[node-4:12740] Failing at address: 0x7ffcc96f2ad0
[node-4:12740] [ 0] /lib/x86_64-linux-gnu/libc.so.6(+0x3ef10)[0x7f04eb825f10]
[node-4:12740] [ 1] ./main(+0x10ad)[0x5585498ca0ad]
[ 4] /lib/x86_64-linux-gnu/libc.so.6(__libc_start_main+0xe7)[0x7fefeed17c87]
[node-6:06457] [ 5] ./main(+0xb1a)[0x55f00805fb1a]
[node-6:06457] *** End of error message ***
[node-4:12740] [ 2] ./main(+0x12b6)[0x5585498ca2b6]
[node-4:12740] [ 3] ./main(+0x1601)[0x5585498ca601]
[node-4:12740] [ 4] [node-2:05693] *** Process received signal ***
[node-2:05693] Signal: Segmentation fault (11)
[node-2:05693] Signal code: Address not mapped (1)
[node-2:05693] Failing at address: 0x7ffc66fb6070
[node-2:05693] [ 0] /lib/x86_64-linux-gnu/libc.so.6(+0x3ef10)[0x7f472cbc2f10]
[node-2:05693] [ 1] ./main(+0x10ad)[0x55d29e4790ad]
[node-2:05693] [ 2] ./main(+0x12b6)[0x55d29e4792b6]
[node-2:05693] [ 3] ./main(+0x1601)[0x55d29e479601]
[node-3:26214] *** Process received signal ***
[node-3:26214] Signal: Segmentation fault (11)
[node-3:26214] Signal code: Address not mapped (1)
[node-3:26214] Failing at address: 0x7ffe4ba6b960
[node-3:26214] [ 0] /lib/x86_64-linux-gnu/libc.so.6(+0x3ef10)[0x7f14c3daef10]
[node-3:26214] [ 1] ./main(+0x10ad)[0x5609b3c490ad]
[node-3:26214] [ 2] ./main(+0x12b6)[0x5609b3c492b6]
[node-3:26214] /lib/x86_64-linux-gnu/libc.so.6(__libc_start_main+0xe7)[0x7f04eb808c87]
[node-4:12740] [ 5] ./main(+0xb1a)[0x5585498c9b1a]
[node-4:12740] *** End of error message ***
[node-2:05693] [ 4] /lib/x86_64-linux-gnu/libc.so.6(__libc_start_main+0xe7)[0x7f472cba5c87]
[node-2:05693] [ 5] ./main(+0xb1a)[0x55d29e478b1a]
[node-2:05693] *** End of error message ***
[ 3] ./main(+0x1601)[0x5609b3c49601]
[node-3:26214] [ 4] [node-5:20429] *** Process received signal ***
[node-5:20429] Signal: Segmentation fault (11)
[node-5:20429] Signal code: Address not mapped (1)
[node-5:20429] Failing at address: 0x7fff9f516a20
/lib/x86_64-linux-gnu/libc.so.6(__libc_start_main+0xe7)[0x7f14c3d91c87]
[node-3:26214] [ 5] ./main(+0xb1a)[0x5609b3c48b1a]
[node-3:26214] *** End of error message ***
[node-5:20429] [ 0] /lib/x86_64-linux-gnu/libc.so.6(+0x3ef10)[0x7fb1053dbf10]
[node-5:20429] [ 1] ./main(+0x10ad)[0x5618f6dc00ad]
[node-5:20429] [ 2] ./main(+0x12b6)[0x5618f6dc02b6]
[node-5:20429] [ 3] ./main(+0x1601)[0x5618f6dc0601]
[node-5:20429] [ 4] /lib/x86_64-linux-gnu/libc.so.6(__libc_start_main+0xe7)[0x7fb1053bec87]
[node-5:20429] [ 5] ./main(+0xb1a)[0x5618f6dbfb1a]
[node-5:20429] *** End of error message ***
--------------------------------------------------------------------------
mpirun noticed that process rank 0 with PID 0 on node node-1 exited on signal 11 (Segmentation fault).
--------------------------------------------------------------------------
