[node-1:25677] *** Process received signal ***
[node-1:25677] Signal: Segmentation fault (11)
[node-1:25677] Signal code: Address not mapped (1)
[node-1:25677] Failing at address: 0x7ffcc1403b70
[node-1:25677] [ 0] /lib/x86_64-linux-gnu/libc.so.6(+0x3ef10)[0x7fdaf4849f10]
[node-1:25677] [ 1] ./main(+0x10ad)[0x5623a3a340ad]
[node-1:25677] [ 2] ./main(+0x12b6)[0x5623a3a342b6]
[node-1:25677] [ 3] ./main(+0x1601)[0x5623a3a34601]
[node-1:25677] [ 4] /lib/x86_64-linux-gnu/libc.so.6(__libc_start_main+0xe7)[0x7fdaf482cc87]
[node-1:25677] [ 5] ./main(+0xb1a)[0x5623a3a33b1a]
[node-1:25677] *** End of error message ***
[node-3:30456] *** Process received signal ***
[node-3:30456] Signal: Segmentation fault (11)
[node-3:30456] Signal code: Address not mapped (1)
[node-3:30456] Failing at address: 0x7ffb68ecd0b0
[node-5:25081] *** Process received signal ***
[node-5:25081] Signal: Segmentation fault (11)
[node-5:25081] Signal code: Address not mapped (1)
[node-5:25081] Failing at address: 0x7ffd5d0cd2e0
[node-5:25081] [ 0] /lib/x86_64-linux-gnu/libc.so.6(+0x3ef10)[0x7f9b3bf45f10]
[node-5:25081] [ 1] ./main(+0x[node-3:30456] [ 0] 10ad)[0x56411d7d00ad]
[node-5:25081] [ 2] ./main(+0x12b6)[0x56411d7d02b6]
[node-5:25081] [ 3] ./main(+0x1601)[0x56411d7d0601]
[node-5:25081] [ 4] /lib/x86_64-linux-gnu/libc.so.6(__libc_start_main+0xe7)[0x7f9b3bf28c87]
[node-5:25081] [ 5] ./main(+0xb1a/lib/x86_64-linux-gnu/libc.so.6(+0x3ef10)[0x7f0b22c26f10]
[node-3:30456] [ 1] ./main(+0x10ad)[0x5635a22660ad]
[node-3:30456] [ 2] ./main(+0x12b6)[0x5635a22662b6]
[node-3:30456] [ 3] ./main(+0x1601)[0x5635a2266601]
[node-3:30456] [ 4] )[0x56411d7cfb1a]
[node-5:25081] *** End of error message ***
/lib/x86_64-linux-gnu/libc.so.6(__libc_start_main+0xe7)[0x7f0b22c09c87]
[node-3:30456] [ 5] ./main(+0xb1a)[0x5635a2265b1a]
[node-3:30456] *** End of error message ***
[node-2:10553] *** Process received signal ***
[node-2:10553] Signal: Segmentation fault (11)
[node-2:10553] Signal code: Address not mapped (1)
[node-2:10553] Failing at address: 0x7ffd7f20e4b0
[node-2:10553] [ 0] [node-6:10884] *** Process received signal ***
[node-6:10884] Signal: Segmentation fault (11)
[node-6:10884] Signal code: Address not mapped (1)
[node-6:10884] Failing at address: 0x7ffe814c3150
[node-6:10884] [ 0] /lib/x86_64-linux-gnu/libc.so.6(+0x3ef10)[0x7ff7a8c07f10]
[node-2:10553] [ 1] ./main(+0x10ad)[0x55c9d2ea40ad]
[node-2:10553] [ 2] ./main(+0x12b6)[0x55c9d2ea42b6]
/lib/x86_64-linux-gnu/libc.so.6(+0x3ef10)[0x7f1ca11b5f10]
[node-6:10884] [ 1] ./main(+0x10ad)[0x559cacc8f0ad]
[node-6:10884] [ 2] ./main(+0x12b6)[0x559cacc8f2b6]
[node-6:10884] [ 3] ./main(+0x1601)[0x559cacc8f601]
[node-6:10884] [ 4] /lib/x86_64-linux-gnu/libc.so.6(__libc_start_main+0xe7)[0x7f1ca1198c87]
[node-6:10884] [ 5] ./main(+0xb1a)[0x559cacc8eb1a]
[node-6:10884] *** End of error message ***
[node-4:17450] *** Process received signal ***
[node-4:17450] Signal: Segmentation fault (11)
[node-4:17450] Signal code: Address not mapped (1)
[node-4:17450] Failing at address: 0x7ffd9624ceb0
[node-2:10553] [ 3] ./main(+0x1601)[0x55c9d2ea4601]
[node-2:10553] [ 4] /lib/x86_64-linux-gnu/libc.so.6(__libc_start_main+0xe7)[0x7ff7a8beac87]
[node-2:10553] [ 5] ./main(+0xb1a)[0x55c9d2ea3b1a]
[node-2:10553] *** End of error message ***
[node-4:17450] [ 0] /lib/x86_64-linux-gnu/libc.so.6(+0x3ef10)[0x7f486c5cff10]
[node-4:17450] [ 1] ./main(+0x10ad)[0x5601f111f0ad]
[node-4:17450] [ 2] ./main(+0x12b6)[0x5601f111f2b6]
[node-4:17450] [ 3] ./main(+0x1601)[0x5601f111f601]
[node-4:17450] [ 4] /lib/x86_64-linux-gnu/libc.so.6(__libc_start_main+0xe7)[0x7f486c5b2c87]
[node-4:17450] [ 5] ./main(+0xb1a)[0x5601f111eb1a]
[node-4:17450] *** End of error message ***
--------------------------------------------------------------------------
mpirun noticed that process rank 0 with PID 0 on node node-1 exited on signal 11 (Segmentation fault).
--------------------------------------------------------------------------
