[node-1:26809] *** Process received signal ***
[node-1:26809] Signal: Segmentation fault (11)
[node-1:26809] Signal code: Address not mapped (1)
[node-1:26809] Failing at address: 0x7fffb15a0b60
[node-1:26809] [ 0] /lib/x86_64-linux-gnu/libc.so.6(+0x3ef10)[0x7f8064dd3f10]
[node-1:26809] [ 1] ./main(+0x10ad)[0x55652b06a0ad]
[node-1:26809] [ 2] ./main(+0x12b6)[0x55652b06a2b6]
[node-1:26809] [ 3] ./main(+0x1601)[0x55652b06a601]
[node-1:26809] [ 4] /lib/x86_64-linux-gnu/libc.so.6(__libc_start_main+0xe7)[0x7f8064db6c87]
[node-1:26809] [ 5] ./main(+0xb1a)[0x55652b069b1a]
[node-1:26809] *** End of error message ***
[node-3:31505] *** Process received signal ***
[node-3:31505] Signal: Segmentation fault (11)
[node-3:31505] Signal code: Address not mapped (1)
[node-3:31505] Failing at address: 0x7ffd7d7f1ae0
[node-3:31505] [ 0] /lib/x86_64-linux-gnu/libc.so.6(+0x3ef10)[node-2:11727] *** Process received signal ***
[node-2:11727] Signal: Segmentation fault (11)
[node-2:11727] Signal code: Address not mapped (1)
[node-2:11727] Failing at address: 0x7ffef74b9460
[0x7fa19bc94f10]
[node-3:31505] [ 1] ./main(+0x10ad)[0x55a16c7840ad]
[node-3:31505] [ 2] ./main(+0x12b6)[0x55a16c7842b6]
[node-2:11727] [ 0] /lib/x86_64-linux-gnu/libc.so.6(+0x3ef10)[0x7f3e66624f10]
[node-2:11727] [ 1] ./main(+0x10ad)[0x5654880270ad]
[node-2:11727] [ 2] ./main(+0x12b6)[0x5654880272b6]
[node-2:11727] [ 3] ./main(+0x1601)[0x[node-3:31505] [ 3] ./main(+0x1601)[0x55a16c784601]
[node-3:31505] [ 4] /lib/x86_64-linux-gnu/libc.so.6(__libc_start_main+0xe7)[0x7fa19bc77c87]
[node-3:31505] [ 5] ./main(+0xb1a)[0x55a16c783b1a]
[node-3:31505] *** End of error message ***
565488027601]
[node-2:11727] [ 4] /lib/x86_64-linux-gnu/libc.so.6(__libc_start_main+0xe7)[0x7f3e66607c87]
[node-2:11727] [ 5] ./main(+0xb1a)[0x565488026b1a]
[node-2:11727] *** End of error message ***
--------------------------------------------------------------------------
mpirun noticed that process rank 1 with PID 11727 on node node-2 exited on signal 11 (Segmentation fault).
--------------------------------------------------------------------------
