[node-2:06919] *** Process received signal ***
[node-2:06919] Signal: Segmentation fault (11)
[node-2:06919] Signal code: Address not mapped (1)
[node-2:06919] Failing at address: 0x7ffded705330
[node-3:27267] *** Process received signal ***
[node-3:27267] Signal: Segmentation fault (11)
[node-3:27267] Signal code:  (128)
[node-3:27267] Failing at address: (nil)
[node-2:06919] [ 0] /lib/x86_64-linux-gnu/libc.so.6(+0x3ef10)[0x7f493182df10]
[node-2:06919] [ 1] ./main(+0x10ad)[0x561c5a0180ad]
[node-3:27267] [ 0] /lib/x86_64-linux-gnu/libc.so.6(+0x3ef10)[0x7f5e01b16f10]
[node-3:27267] [ 1] ./main(+0x10ad)[0x55805c2190ad]
[node-3:27267] [node-2:06919] [ 2] ./main(+0x12b6)[0x561c5a0182b6]
[node-2:06919] [ 3] ./main(+0x1601)[0x561c5a018601]
[node-2:06919] [ 4] [ 2] ./main(+0x12b6)[0x55805c2192b6]
[node-3:27267] [ 3] ./main(+0x1601)[0x55805c219601]
[node-3:27267] [ 4] /lib/x86_64-linux-gnu/libc.so.6(__libc_start_main+0xe7)[0x7f5e01af9c87]
[node-3:27267] [ 5] ./main(+0xb1a)[0x55805c218b1a]
[node-3:27267] *** End of error message ***
/lib/x86_64-linux-gnu/libc.so.6(__libc_start_main+0xe7)[0x7f4931810c87]
[node-2:06919] [ 5] ./main(+0xb1a)[0x561c5a017b1a]
[node-2:06919] *** End of error message ***
[node-1:22091] *** Process received signal ***
[node-1:22091] Signal: Segmentation fault (11)
[node-1:22091] Signal code: Address not mapped (1)
[node-1:22091] Failing at address: 0x7ffe8c563980
[node-6:07660] *** Process received signal ***
[node-6:07660] Signal: Segmentation fault (11)
[node-6:07660] Signal code: Address not mapped (1)
[node-6:07660] Failing at address: 0x7fff842d35f0
[node-7:29097] *** Process received signal ***
[node-7:29097] Signal: Segmentation fault (11)
[node-7:29097] Signal code: Address not mapped (1)
[node-7:29097] Failing at address: 0x7ffefabc44d0
[node-1:22091] [ 0] /lib/x86_64-linux-gnu/libc.so.6(+0x3ef10)[0x7f5a31375f10]
[node-1:22091] [ 1] ./main(+0x10ad)[0x556d3172b0ad]
[node-1:22091] [ 2] ./main[node-6:07660] [ 0] [node-7:29097] [ 0] /lib/x86_64-linux-gnu/libc.so.6(+0x3ef10)[0x7faea04a6f10]
[node-7:29097] [ 1] ./main(+0x10ad)[0x556e400910ad(+0x12b6)[0x556d3172b2b6]
[node-1:22091] [ 3] ./main(+0x1601)[0x556d3172b601]
[node-1:22091] [ 4] /lib/x86_64-linux-gnu/libc.so.6(+0x3ef10)[0x7fe205a76f10]
[node-6:07660] [ 1] ./main(+0x10ad)[0x556f35e140ad]
[node-6:07660] [ 2] ./main(+0x12b6)[0x556f35e142b6]
[node-6:07660] [ 3] ./main(+0x1601)[0x556f35e14601]
[node-6:07660] [ 4] /lib/x86_64-linux-gnu/libc.so.6(__libc_start_main+0xe7)[0x7fe205a59c87]
[node-6:07660] ]
[node-7:29097] [ 2] ./main(+0x12b6)[0x556e400912b6]
[node-7:29097] [ 3] ./main(+0x1601)[0x[ 5] ./main(+0xb1a)[0x556f35e13b1a]
[node-6:07660] *** End of error message ***
556e40091601]
[node-7:29097] [ 4] /lib/x86_64-linux-gnu/libc.so.6(__libc_start_main+0xe7)[0x7faea0489c87]
/lib/x86_64-linux-gnu/libc.so.6(__libc_start_main+0xe7)[0x7f5a31358c87]
[node-1:22091] [ 5] ./main(+0xb1a)[0x556d3172ab1a]
[node-1:22091] *** End of error message ***
[node-7:29097] [ 5] ./main(+0xb1a)[0x556e40090b1a]
[node-7:29097] *** End of error message ***
[node-4:14056] *** Process received signal ***
[node-4:14056] Signal: Segmentation fault (11)
[node-4:14056] Signal code: Address not mapped (1)
[node-4:14056] Failing at address: 0x7fff7d72f640
[node-4:14056] [ 0] /lib/x86_64-linux-gnu/libc.so.6(+0x3ef10)[0x7f936d67ff10]
[node-4:14056] [ 1] ./main(+0x10ad)[0x5588b9a3e0ad]
[node-4:14056] [ 2] ./main(+0x12b6)[0x5588b9a3e2b6]
[node-4:14056] [ 3] ./main(+0x1601)[0x5588b9a3e601]
[node-4:14056] [ 4] [node-8:22218] *** Process received signal ***
[node-8:22218] Signal: Segmentation fault (11)
[node-8:22218] Signal code: Address not mapped (1)
[node-8:22218] Failing at address: 0x7ffe03999050
/lib/x86_64-linux-gnu/libc.so.6(__libc_start_main+0xe7)[0x7f936d662c87]
[node-4:14056] [ 5] ./main(+0xb1a)[0x5588b9a3db1a]
[node-4:14056] *** End of error message ***
[node-8:22218] [ 0] /lib/x86_64-linux-gnu/libc.so.6(+0x3ef10)[0x7f4529a4ff10]
[node-8:22218] [ 1] ./main(+0x10ad)[0x559e908ca0ad]
[node-8:22218] [ 2] ./main(+0x12b6)[0x559e908ca2b6]
[node-8:22218] [ 3] ./main(+0x1601)[0x559e908ca601]
[node-5:21717] *** Process received signal ***
[node-5:21717] Signal: Segmentation fault (11)
[node-5:21717] Signal code: Address not mapped (1)
[node-5:21717] Failing at address: 0x7ffd28bc7410
[node-8:22218] [ 4] [node-5:21717] [ 0] /lib/x86_64-linux-gnu/libc.so.6(+0x3ef10)[0x7fd6393c2f10]
[node-5:21717] [ 1] ./main(+0x10ad)[0x5627f63030ad]
[node-5:21717] [ 2] ./main(+0x/lib/x86_64-linux-gnu/libc.so.6(__libc_start_main+0xe7)[0x7f4529a32c87]
[node-8:22218] [ 5] ./main(+0xb1a)[0x559e908c9b1a]
[node-8:22218] *** End of error message ***
12b6)[0x5627f63032b6]
[node-5:21717] [ 3] ./main(+0x1601)[0x5627f6303601]
[node-5:21717] [ 4] /lib/x86_64-linux-gnu/libc.so.6(__libc_start_main+0xe7)[0x7fd6393a5c87]
[node-5:21717] [ 5] ./main(+0xb1a)[0x5627f6302b1a]
[node-5:21717] *** End of error message ***
--------------------------------------------------------------------------
mpirun noticed that process rank 5 with PID 7660 on node node-6 exited on signal 11 (Segmentation fault).
--------------------------------------------------------------------------
