[node-5:10155] *** Process received signal ***
[node-5:10155] Signal: Segmentation fault (11)
[node-5:10155] Signal code: Address not mapped (1)
[node-5:10155] Failing at address: 0x7ffa4d5982b0
[node-5:10155] [ 0] /lib/x86_64-linux-gnu/libc.so.6(+0x3ef10)[0x7fcf13894f10]
[node-5:10155] [ 1] ./main(+0x10ad)[0x563281ce00ad]
[node-5:10155] [ 2] ./main(+0x12b6)[0x563281ce02b6]
[node-5:10155] [ 3] ./main(+0x1601)[0x563281ce0601]
[node-5:10155] [ 4] /lib/x86_64-linux-gnu/libc.so.6(__libc_start_main+0xe7)[0x7fcf13877c87]
[node-5:10155] [ 5] ./main(+0xb1a)[0x563281cdfb1a]
[node-5:10155] *** End of error message ***
[node-6:29712] *** Process received signal ***
[node-6:29712] Signal: Segmentation fault (11)
[node-6:29712] Signal code: Address not mapped (1)
[node-6:29712] Failing at address: 0x7ffab9e331c0
[node-6:29712] [ 0] /lib/x86_64-linux-gnu/libc.so.6(+0x3ef10)[0x7f7854a35f10]
[node-6:29712] [ 1] ./main(+0x10ad)[0x5645279be0ad]
[node-6:29712] [ 2] ./main(+0x12b6)[0x5645279be2b6]
[node-6:29712] [ 3] ./main(+0x1601)[0x5645279be601]
[node-6:29712] [ 4] /lib/x86_64-linux-gnu/libc.so.6(__libc_start_main+0xe7)[0x7f7854a18c87]
[node-6:29712] [ 5] ./main(+0xb1a)[0x5645279bdb1a]
[node-6:29712] *** End of error message ***
[node-7:20342] *** Process received signal ***
[node-7:20342] Signal: Segmentation fault (11)
[node-7:20342] Signal code: Address not mapped (1)
[node-7:20342] Failing at address: 0x7ffc3ca57ca0
[node-7:20342] [ 0] /lib/x86_64-linux-gnu/libc.so.6(+0x3ef10)[0x7f6f055c7f10]
[node-7:20342] [ 1] ./main(+0x10ad)[0x55f3d636e0ad]
[node-7:20342] [ 2] ./main(+0x12b6)[0x55f3d636e2b6]
[node-7:20342] [ 3] ./main(+0x1601)[0x55f3d636e601]
[node-7:20342] [ 4] /lib/x86_64-linux-gnu/libc.so.6(__libc_start_main+0xe7)[0x7f6f055aac87]
[node-7:20342] [ 5] ./main(+0xb1a)[0x55f3d636db1a]
[node-7:20342] *** End of error message ***
--------------------------------------------------------------------------
mpirun noticed that process rank 1 with PID 29712 on node node-6 exited on signal 11 (Segmentation fault).
--------------------------------------------------------------------------
