[node-1:11690] *** Process received signal ***
[node-1:11690] Signal: Segmentation fault (11)
[node-1:11690] Signal code:  (128)
[node-1:11690] Failing at address: (nil)
[node-1:11690] [ 0] /lib/x86_64-linux-gnu/libc.so.6(+0x3ef10)[0x7f5473313f10]
[node-1:11690] [ 1] ./main(+0x10ad)[0x55f5453400ad]
[node-1:11690] [ 2] ./main(+0x12b6)[0x55f5453402b6]
[node-1:11690] [ 3] ./main(+0x1601)[0x55f545340601]
[node-1:11690] [ 4] /lib/x86_64-linux-gnu/libc.so.6(__libc_start_main+0xe7)[0x7f54732f6c87]
[node-1:11690] [ 5] ./main(+0xb1a)[0x55f54533fb1a]
[node-1:11690] *** End of error message ***
[node-2:28885] *** Process received signal ***
[node-2:28885] Signal: Segmentation fault (11)
[node-2:28885] Signal code: Address not mapped (1)
[node-2:28885] Failing at address: 0x7fffef670730
[node-2:28885] [ 0] /lib/x86_64-linux-gnu/libc.so.6(+0x3ef10)[0x7f4bac596f10]
[node-2:28885] [ 1] ./main(+0x10ad)[0x55e8150730ad]
[node-2:28885] [ 2] ./main(+0x12b6)[0x55e8150732b6]
[node-2:28885] [ 3] ./main(+0x1601)[0x55e815073601]
[node-2:28885] [ 4] [node-4:03353] *** Process received signal ***
[node-4:03353] Signal: Segmentation fault (11)
[node-4:03353] Signal code: Address not mapped (1)
[node-4:03353] Failing at address: 0x7ffec50b9770
[node-3:18045] *** Process received signal ***
[node-3:18045] Signal: Segmentation fault (11)
[node-3:18045] Signal code: Address not mapped (1)
[node-3:18045] Failing at address: 0x7ffe04428e10
[node-3:18045] [ 0] /lib/x86_64-linux-gnu/libc.so.6(+0x3ef10)[0x7f7903a92f10]
[node-3:18045] [ 1] ./main(+0x[node-4:03353] [ 0] /lib/x86_64-linux-gnu/libc.so.6(+0x3ef10)[0x7fa6417edf10]
[node-4:03353] [ 1] ./main(+0x10ad)[0x5622401a10ad]
[node-4:03353] [ 2] ./main(+0x12b6)[0x5622401a12b6]
[node-4:03353] [ 3] ./main(+0x1601)[0x5622401a1601]
[node-4:03353] [ 4] /lib/x86_64-linux-gnu/libc.so.6(__libc_start_main+0xe7)[0x7fa6417d0c87]
[node-4:03353] [ 5] ./main(+0xb1a)[0x5622401a0b1a]
[node-4:03353] *** End of error message ***
/lib/x86_64-linux-gnu/libc.so.6(__libc_start_main+0xe7)[0x7f4bac579c87]
[node-2:28885] [ 5] ./main(+0xb1a)[0x55e815072b1a]
[node-2:28885] *** End of error message ***
10ad)[0x55fa1b6920ad]
[node-3:18045] [ 2] ./main(+0x12b6)[0x55fa1b6922b6]
[node-3:18045] [ 3] ./main(+0x1601)[0x55fa1b692601]
[node-3:18045] [ 4] /lib/x86_64-linux-gnu/libc.so.6(__libc_start_main+0xe7)[0x7f7903a75c87]
[node-3:18045] [ 5] ./main(+0xb1a)[0x55fa1b691b1a]
[node-3:18045] *** End of error message ***
--------------------------------------------------------------------------
mpirun noticed that process rank 0 with PID 0 on node node-1 exited on signal 11 (Segmentation fault).
--------------------------------------------------------------------------
