[node-1:07981] *** Process received signal ***
[node-1:07981] Signal: Segmentation fault (11)
[node-1:07981] Signal code: Address not mapped (1)
[node-1:07981] Failing at address: 0x7fffffb83530
[node-1:07981] [ 0] /lib/x86_64-linux-gnu/libc.so.6(+0x3ef10)[0x7f041696af10]
[node-1:07981] [ 1] ./main(+0x10ad)[0x55dc100c10ad]
[node-1:07981] [ 2] ./main(+0x12b6)[0x55dc100c12b6]
[node-1:07981] [ 3] ./main(+0x1601)[0x55dc100c1601]
[node-1:07981] [ 4] /lib/x86_64-linux-gnu/libc.so.6(__libc_start_main+0xe7)[0x7f041694dc87]
[node-1:07981] [ 5] ./main(+0xb1a)[0x55dc100c0b1a]
[node-1:07981] *** End of error message ***
[node-2:25366] *** Process received signal ***
[node-2:25366] Signal: Segmentation fault (11)
[node-2:25366] Signal code: Address not mapped (1)
[node-2:25366] Failing at address: 0x7fff20cc0ce0
[node-2:25366] [ 0] /lib/x86_64-linux-gnu/libc.so.6(+0x3ef10)[0x7f43a807ff10]
[node-2:25366] [ 1] ./main(+0x10ad)[0x563c3a0820ad]
[node-2:25366] [ 2] ./main(+0x12b6)[0x563c3a0822b6]
[node-2:25366] [ 3] ./main(+0x1601)[0x563c3a082601]
[node-2:25366] [ 4] /lib/x86_64-linux-gnu/libc.so.6(__libc_start_main+0xe7)[0x7f43a8062c87]
[node-2:25366] [ 5] ./main(+0xb1a)[0x563c3a081b1a]
[node-2:25366] *** End of error message ***
--------------------------------------------------------------------------
mpirun noticed that process rank 0 with PID 0 on node node-1 exited on signal 11 (Segmentation fault).
--------------------------------------------------------------------------
