[node-1:16464] *** Process received signal ***
[node-1:16464] Signal: Segmentation fault (11)
[node-1:16464] Signal code: Address not mapped (1)
[node-1:16464] Failing at address: 0x7ffd1823b1e0
[node-1:16464] [ 0] /lib/x86_64-linux-gnu/libc.so.6(+0x3ef10)[0x7fd58323df10]
[node-1:16464] [ 1] ./main(+0x10ad)[0x5605b15690ad]
[node-1:16464] [ 2] ./main(+0x12b6)[0x5605b15692b6]
[node-1:16464] [ 3] ./main(+0x1601)[0x5605b1569601]
[node-1:16464] [ 4] /lib/x86_64-linux-gnu/libc.so.6(__libc_start_main+0xe7)[0x7fd583220c87]
[node-1:16464] [ 5] ./main(+0xb1a)[0x5605b1568b1a]
[node-1:16464] *** End of error message ***
[node-6:02425] *** Process received signal ***
[node-6:02425] Signal: Segmentation fault (11)
[node-6:02425] Signal code: Address not mapped (1)
[node-6:02425] Failing at address: 0x7ffdaede5d80
[node-6:02425] [ 0] [node-4:08188] *** Process received signal ***
[node-4:08188] Signal: Segmentation fault (11)
[node-4:08188] Signal code: Address not mapped (1)
[node-4:08188] Failing at address: 0x7ffcf0251ce0
[node-2:01191] *** Process received signal ***
[node-2:01191] Signal: Segmentation fault (11)
[node-2:01191] Signal code: Address not mapped (1)
[node-2:01191] Failing at address: 0x7ffe6bf72560
/lib/x86_64-linux-gnu/libc.so.6(+0x3ef10)[0x7fdcb073af10]
[node-6:02425] [ 1] ./main(+0x10ad)[0x556bdd1db0ad]
[node-6:02425] [ 2] ./main(+0x12b6)[0x556bdd1db2b6]
[node-6:02425] [ 3] ./main(+0x1601)[0x556bdd1db601]
[node-6:02425] [ 4] /lib/x86_64-linux-gnu/libc.so.6(__libc_start_main+0xe7)[0x7fdcb071dc87]
[node-6:02425] [ 5] ./main(+0xb1a)[0x556bdd1dab1a]
[node-6:02425] *** End of error message ***
[node-4:08188] [ 0] /lib/x86_64-linux-gnu/libc.so.6(+0x3ef10)[0x7f61ebfd4f10]
[node-2:01191] [ 0] /lib/x86_64-linux-gnu/libc.so.6(+0x3ef10)[0x[node-4:08188] [ 1] ./main(+0x10ad)[0x55a98f4000ad]
[node-4:08188] [ 2] ./main(+0x12b6)[0x55a98f4002b6]
[node-4:08188] [ 3] ./main(+0x1601)[0x55a98f400601]
[node-4:08188] [ 4] /lib/x86_64-linux-gnu/libc.so.6(__libc_start_main7f5ff52acf10]
[node-2:01191] [ 1] ./main(+0xe7)[0x7f61ebfb7c87]
[node-4:08188] [ 5] ./main(+0xb1a)[0x55a98f3ffb1a]
[node-4:08188] *** End of error message ***
+0x10ad)[0x5625cdd110ad]
[node-2:01191] [ 2] ./main(+0x12b6)[0x5625cdd112b6]
[node-2:01191] [ 3] ./main(+0x1601)[0x5625cdd11601]
[node-2:01191] [ 4] /lib/x86_64-linux-gnu/libc.so.6(__libc_start_main+0xe7)[0x7f5ff528fc87]
[node-2:01191] [ 5] ./main(+0xb1a)[0x5625cdd10b1a]
[node-2:01191] *** End of error message ***
[node-5:15977] *** Process received signal ***
[node-5:15977] Signal: Segmentation fault (11)
[node-5:15977] Signal code: Address not mapped (1)
[node-5:15977] Failing at address: 0x7ffcae7feec0
[node-5:15977] [ 0] /lib/x86_64-linux-gnu/libc.so.6(+0x3ef10)[0x7efe5cc7df10]
[node-5:15977] [ 1] ./main(+0x10ad)[0x5612368c60ad]
[node-5:15977] [ 2] ./main(+0x12b6)[0x5612368c62b6]
[node-5:15977] [ 3] ./main(+0x1601)[0x5612368c6601]
[node-5:15977] [ 4] /lib/x86_64-linux-gnu/libc.so.6(__libc_start_main+0xe7)[0x7efe5cc60c87]
[node-5:15977] [ 5] ./main(+0xb1a)[0x5612368c5b1a]
[node-5:15977] *** End of error message ***
[node-3:22260] *** Process received signal ***
[node-3:22260] Signal: Segmentation fault (11)
[node-3:22260] Signal code: Address not mapped (1)
[node-3:22260] Failing at address: 0x7ffe1d622680
[node-3:22260] [ 0] /lib/x86_64-linux-gnu/libc.so.6(+0x3ef10)[0x7fe550e70f10]
[node-3:22260] [ 1] ./main(+0x10ad)[0x55c74e2690ad]
[node-3:22260] [ 2] ./main(+0x12b6)[0x55c74e2692b6]
[node-3:22260] [ 3] ./main(+0x1601)[0x55c74e269601]
[node-3:22260] [ 4] /lib/x86_64-linux-gnu/libc.so.6(__libc_start_main+0xe7)[0x7fe550e53c87]
[node-3:22260] [ 5] ./main(+0xb1a)[0x55c74e268b1a]
[node-3:22260] *** End of error message ***
--------------------------------------------------------------------------
mpirun noticed that process rank 5 with PID 2425 on node node-6 exited on signal 11 (Segmentation fault).
--------------------------------------------------------------------------
