[node-1:11638] *** Process received signal ***
[node-1:11638] Signal: Segmentation fault (11)
[node-1:11638] Signal code: Address not mapped (1)
[node-1:11638] Failing at address: 0x7ffe116430b0
[node-1:11638] [ 0] /lib/x86_64-linux-gnu/libc.so.6(+0x3ef10)[0x7f2fc9cc3f10]
[node-1:11638] [ 1] ./main(+0x10ad)[0x55bae96cd0ad]
[node-1:11638] [ 2] ./main(+0x12b6)[0x55bae96cd2b6]
[node-1:11638] [ 3] ./main(+0x1601)[0x55bae96cd601]
[node-1:11638] [ 4] /lib/x86_64-linux-gnu/libc.so.6(__libc_start_main+0xe7)[0x7f2fc9ca6c87]
[node-1:11638] [ 5] ./main(+0xb1a)[0x55bae96ccb1a]
[node-1:11638] *** End of error message ***
[node-2:28832] *** Process received signal ***
[node-2:28832] Signal: Segmentation fault (11)
[node-2:28832] Signal code: Address not mapped (1)
[node-2:28832] Failing at address: 0x7ffccba764d0
[node-2:28832] [ 0] /lib/x86_64-linux-gnu/libc.so.6(+0x3ef10)[0x7fd1cbe7af10]
[node-2:28832] [ 1] ./main(+0x10ad)[0x55acdcf460ad]
[node-2:28832] [ 2] ./main(+0x12b6)[0x55acdcf462b6]
[node-2:28832] [ 3] ./main(+0x1601)[0x55acdcf46601]
[node-2:28832] [ 4] /lib/x86_64-linux-gnu/libc.so.6(__libc_start_main+0xe7)[0x7fd1cbe5dc87]
[node-2:28832] [ 5] ./main(+0xb1a)[0x55acdcf45b1a]
[node-2:28832] *** End of error message ***
--------------------------------------------------------------------------
mpirun noticed that process rank 0 with PID 0 on node node-1 exited on signal 11 (Segmentation fault).
--------------------------------------------------------------------------
