[node-1:10780] *** Process received signal ***
[node-1:10780] Signal: Segmentation fault (11)
[node-1:10780] Signal code: Address not mapped (1)
[node-1:10780] Failing at address: 0x7ffd7d070650
[node-1:10780] [ 0] /lib/x86_64-linux-gnu/libc.so.6(+0x3ef10)[0x7fe70d3f1f10]
[node-1:10780] [ 1] ./main(+0x10ad)[0x55fdd153a0ad]
[node-1:10780] [ 2] ./main(+0x12b6)[0x55fdd153a2b6]
[node-1:10780] [ 3] ./main(+0x1601)[0x55fdd153a601]
[node-1:10780] [ 4] /lib/x86_64-linux-gnu/libc.so.6(__libc_start_main+0xe7)[0x7fe70d3d4c87]
[node-1:10780] [ 5] ./main(+0xb1a)[0x55fdd1539b1a]
[node-1:10780] *** End of error message ***
[node-2:28027] *** Process received signal ***
[node-2:28027] Signal: Segmentation fault (11)
[node-2:28027] Signal code: Address not mapped (1)
[node-2:28027] Failing at address: 0x7fff353b9f20
[node-2:28027] [ 0] [node-3:17232] *** Process received signal ***
[node-3:17232] Signal: Segmentation fault (11)
[node-3:17232] Signal code: Address not mapped (1)
[node-3:17232] Failing at address: 0x7ffb48e69670
/lib/x86_64-linux-gnu/libc.so.6(+0x3ef10)[0x7f950afcbf10]
[node-2:28027] [ 1] ./main(+0x10ad)[0x5564537e40ad]
[node-2:28027] [ 2] ./main(+0x12b6)[0x5564537e42b6]
[node-3:17232] [ 0] /lib/x86_64-linux-gnu/libc.so.6(+0x3ef10)[0x7f3d1d258f10]
[node-3:17232] [ 1] ./main(+0x10ad)[0x55e441af40ad]
[node-3:17232] [ 2] ./main(+0x12b6)[0x55e441af42b6]
[node-2:28027] [ 3] ./main(+0x1601)[0x5564537e4601]
[node-2:28027] [ 4] [node-3:17232] [ 3] ./main(+0x1601)[0x55e441af4601]
[node-3:17232] [ 4] /lib/x86_64-linux-gnu/libc.so.6(__libc_start_main+0xe7)[0x7f950afaec87]
[node-2:28027] [ 5] ./main(+0xb1a)[0x5564537e3b1a]
/lib/x86_64-linux-gnu/libc.so.6(__libc_start_main+0xe7)[0x7f3d1d23bc87]
[node-3:17232] [ 5] ./main(+0xb1a)[0x55e441af3b1a]
[node-2:28027] *** End of error message ***
[node-3:17232] *** End of error message ***
--------------------------------------------------------------------------
mpirun noticed that process rank 2 with PID 17232 on node node-3 exited on signal 11 (Segmentation fault).
--------------------------------------------------------------------------
