[node-9:06296] *** Process received signal ***
[node-9:06296] Signal: Segmentation fault (11)
[node-9:06296] Signal code:  (128)
[node-9:06296] Failing at address: (nil)
[node-9:06296] [ 0] /lib/x86_64-linux-gnu/libc.so.6(+0x3ef10)[0x7f79914f2f10]
[node-9:06296] [ 1] ./main(+0x10ad)[0x55aa7992d0ad]
[node-9:06296] [ 2] ./main(+0x12b6)[0x55aa7992d2b6]
[node-9:06296] [ 3] ./main(+0x1601)[0x55aa7992d601]
[node-9:06296] [ 4] /lib/x86_64-linux-gnu/libc.so.6(__libc_start_main+0xe7)[0x7f79914d5c87]
[node-9:06296] [ 5] ./main(+0xb1a)[0x55aa7992cb1a]
[node-9:06296] *** End of error message ***
[node-10:21008] *** Process received signal ***
[node-10:21008] Signal: Segmentation fault (11)
[node-10:21008] Signal code:  (128)
[node-10:21008] Failing at address: (nil)
[node-10:21008] [ 0] /lib/x86_64-linux-gnu/libc.so.6(+0x3ef10)[0x7fc451cacf10]
[node-10:21008] [ 1] ./main(+0x10ad)[0x55a9e7ddc0ad]
[node-10:21008] [ 2] ./main(+0x12b6)[0x55a9e7ddc2b6]
[node-10:21008] [ 3] ./main(+0x1601)[0x55a9e7ddc601]
[node-10:21008] [ 4] /lib/x86_64-linux-gnu/libc.so.6(__libc_start_main+0xe7)[0x7fc451c8fc87]
[node-10:21008] [ 5] ./main(+0xb1a)[0x55a9e7ddbb1a]
[node-10:21008] *** End of error message ***
--------------------------------------------------------------------------
mpirun noticed that process rank 1 with PID 21008 on node node-10 exited on signal 11 (Segmentation fault).
--------------------------------------------------------------------------
