[node-5:03681] *** Process received signal ***
[node-5:03681] Signal: Segmentation fault (11)
[node-5:03681] Signal code: Address not mapped (1)
[node-5:03681] Failing at address: 0x7ffda8637d60
[node-5:03681] [ 0] /lib/x86_64-linux-gnu/libc.so.6(+0x3ef10)[0x7f11087a4f10]
[node-5:03681] [ 1] ./main(+0x10ad)[0x55c6495bb0ad]
[node-5:03681] [ 2] ./main(+0x12b6)[0x55c6495bb2b6]
[node-5:03681] [ 3] ./main(+0x1601)[0x55c6495bb601]
[node-5:03681] [ 4] /lib/x86_64-linux-gnu/libc.so.6(__libc_start_main+0xe7)[0x7f1108787c87]
[node-5:03681] [ 5] ./main(+0xb1a)[0x55c6495bab1a]
[node-5:03681] *** End of error message ***
[node-6:24130] *** Process received signal ***
[node-6:24130] Signal: Segmentation fault (11)
[node-6:24130] Signal code: Address not mapped (1)
[node-6:24130] Failing at address: 0x7ffe469291c0
[node-6:24130] [ 0] /lib/x86_64-linux-gnu/libc.so.6(+0x3ef10)[0x7f2af97fcf10]
[node-6:24130] [ 1] ./main(+0x10ad)[0x564258eea0ad]
[node-6:24130] [ 2] ./main(+0x12b6)[0x564258eea2b6]
[node-6:24130] [ 3] ./main(+0x1601)[0x564258eea601]
[node-6:24130] [ 4] /lib/x86_64-linux-gnu/libc.so.6(__libc_start_main+0xe7)[0x7f2af97dfc87]
[node-6:24130] [ 5] ./main(+0xb1a)[0x564258ee9b1a]
[node-6:24130] *** End of error message ***
[node-7:14926] *** Process received signal ***
[node-7:14926] Signal: Segmentation fault (11)
[node-7:14926] Signal code:  (128)
[node-7:14926] Failing at address: (nil)
[node-8:11443] *** Process received signal ***
[node-8:11443] Signal: Segmentation fault (11)
[node-8:11443] Signal code: Address not mapped (1)
[node-8:11443] Failing at address: 0x7ffdc6fd7920
[node-8:11443] [ 0] /lib/x86_64-linux-gnu/libc.so.6(+0x3ef10)[0x7fc523c56f10]
[node-8:11443] [ 1] ./main(+0x10ad)[0x56321d9dd0ad]
[node-8:11443] [ 2] ./main(+0x12b6)[0x56321d9dd2b6]
[node-8:11443] [ 3] ./main(+0x1601)[0x56321d9dd601]
[node-8:11443] [ 4] /lib/x86_64-linux-gnu/libc.so.6(__libc_start_main+0xe7)[0x7fc523c39c87]
[node-8:11443] [ 5] ./main([node-7:14926] [ 0] /lib/x86_64-linux-gnu/libc.so.6(+0x3ef10)[0x7efedc05df10]
[node-7:14926] [ 1] ./main(+0x10ad)[0x55f76575f0ad]
[node-7:14926] [ 2] ./main(+0x12b6)[0x55f76575f2b6]
[node-7:14926] [ 3] ./main(+0x1601)[0x55f76575f601]
[node-7:14926] [ 4] /lib/x86_64-linux-gnu/libc.so.6(__libc_start_main+0xe7)[0x7efedc040c87]
[node-7:14926] [ 5] +0xb1a)[0x56321d9dcb1a]
[node-8:11443] *** End of error message ***
./main(+0xb1a)[0x55f76575eb1a]
[node-7:14926] *** End of error message ***
--------------------------------------------------------------------------
mpirun noticed that process rank 1 with PID 24130 on node node-6 exited on signal 11 (Segmentation fault).
--------------------------------------------------------------------------
