[node-4:11922] *** Process received signal ***
[node-4:11922] Signal: Segmentation fault (11)
[node-4:11922] Signal code: Address not mapped (1)
[node-4:11922] Failing at address: 0x7ffca7579d80
[node-4:11922] [ 0] /lib/x86_64-linux-gnu/libc.so.6(+0x3ef10)[0x7f8e13495f10]
[node-4:11922] [ 1] ./main(+0x10ad)[0x556dd96d20ad]
[node-4:11922] [ 2] ./main(+0x12b6)[0x556dd96d22b6]
[node-4:11922] [ 3] ./main(+0x1601)[0x556dd96d2601]
[node-4:11922] [ 4] /lib/x86_64-linux-gnu/libc.so.6(__libc_start_main+0xe7)[0x7f8e13478c87]
[node-4:11922] [ 5] ./main(+0xb1a)[0x556dd96d1b1a]
[node-4:11922] *** End of error message ***
[node-6:05778] *** Process received signal ***
[node-6:05778] Signal: Segmentation fault (11)
[node-6:05778] Signal code: Address not mapped (1)
[node-6:05778] Failing at address: 0x7ffcd068f630
[node-6:05778] [ 0] /lib/x86_64-linux-gnu/libc.so.6(+0x3ef10)[0x7f26dffd3f10]
[node-6:05778] [ 1] ./main(+0x10ad)[0x563597c350ad]
[node-6:05778] [ 2] ./main(+0x12b6)[0x563597c352b6]
[node-6:05778] [ 3] ./main(+0x1601)[0x563597c35601]
[node-6:05778] [ 4] /lib/x86_64-linux-gnu/libc.so.6(__libc_start_main+0xe7)[0x7f26dffb6c87]
[node-6:05778] [ 5] ./main(+0xb1a)[0x563597c34b1a]
[node-6:05778] *** End of error message ***
[node-5:19633] *** Process received signal ***
[node-5:19633] Signal: Segmentation fault (11)
[node-5:19633] Signal code: Address not mapped (1)
[node-5:19633] Failing at address: 0x7ffd06cfb8d0
[node-7:27512] *** Process received signal ***
[node-7:27512] Signal: Segmentation fault (11)
[node-7:27512] Signal code: Address not mapped (1)
[node-7:27512] Failing at address: 0x7ffef44a78a0
[node-5:19633] [ 0] [node-7:27512] [ 0] /lib/x86_64-linux-gnu/libc.so.6(+0x3ef10)[0x7f719aac1f10]
[node-7:27512] [ 1] ./main(+0x10ad)/lib/x86_64-linux-gnu/libc.so.6(+0x3ef10)[0x7ff7c0a42f10]
[node-5:19633] [ 1] ./main(+0x10ad)[0x561dc653f0ad]
[node-5:19633] [ 2] ./main(+0x12b6)[0x561dc653f2b6]
[node-5:19633] [ 3] ./main([0x5576566820ad]
[node-7:27512] [ 2] ./main(+0x12b6)[0x5576566822b6]
[node-7:27512] [ 3] ./main(+0x1601+0x1601)[0x561dc653f601]
[node-5:19633] [ 4] /lib/x86_64-linux-gnu/libc.so.6(__libc_start_main+0xe7)[0x7ff7c0a25c87]
[node-5:19633] [ 5] ./main(+0xb1a)[0x561dc653eb1a]
[node-5:19633] *** End of error message ***
)[0x557656682601]
[node-7:27512] [ 4] /lib/x86_64-linux-gnu/libc.so.6(__libc_start_main+0xe7)[0x7f719aaa4c87]
[node-7:27512] [ 5] ./main(+0xb1a)[0x557656681b1a]
[node-7:27512] *** End of error message ***
--------------------------------------------------------------------------
mpirun noticed that process rank 2 with PID 5778 on node node-6 exited on signal 11 (Segmentation fault).
--------------------------------------------------------------------------
