[node-1:16097] *** Process received signal ***
[node-1:16097] Signal: Segmentation fault (11)
[node-1:16097] Signal code: Address not mapped (1)
[node-1:16097] Failing at address: 0x7ffdc7c71200
[node-1:16097] [ 0] /lib/x86_64-linux-gnu/libc.so.6(+0x3ef10)[0x7fccc6dbff10]
[node-1:16097] [ 1] ./main(+0x10ad)[0x5580fd52f0ad]
[node-1:16097] [ 2] ./main(+0x12b6)[0x5580fd52f2b6]
[node-1:16097] [ 3] ./main(+0x1601)[0x5580fd52f601]
[node-1:16097] [ 4] /lib/x86_64-linux-gnu/libc.so.6(__libc_start_main+0xe7)[0x7fccc6da2c87]
[node-1:16097] [ 5] ./main(+0xb1a)[0x5580fd52eb1a]
[node-1:16097] *** End of error message ***
[node-2:00783] *** Process received signal ***
[node-2:00783] Signal: Segmentation fault (11)
[node-2:00783] Signal code: Address not mapped (1)
[node-2:00783] Failing at address: 0x7ffcf2d03b70
[node-2:00783] [ 0] /lib/x86_64-linux-gnu/libc.so.6(+0x3ef10)[0x7f47ffae0f10]
[node-2:00783] [ 1] ./main(+0x10ad)[0x56462c3110ad]
[node-2:00783] [ 2] ./main(+0x12b6)[0x56462c3112b6]
[node-2:00783] [ 3] ./main(+0x1601)[0x56462c311601]
[node-3:21914] *** Process received signal ***
[node-3:21914] Signal: Segmentation fault (11)
[node-3:21914] Signal code: Address not mapped (1)
[node-3:21914] Failing at address: 0x7ffeaebfc820
[node-2:00783] [ 4] /lib/x86_64-linux-gnu/libc.so.6([node-4:07772] *** Process received signal ***
[node-4:07772] Signal: Segmentation fault (11)
[node-4:07772] Signal code: Address not mapped (1)
[node-4:07772] Failing at address: 0x7ffdc2411f80
[node-4:07772] [ 0] __libc_start_main+0xe7)[0x7f47ffac3c87]
[node-2:00783] [ 5] /lib/x86_64-linux-gnu/libc.so.6(+0x3ef10)[0x7f9b17350f10]
[node-4:07772] [ 1] ./main(+0x10ad)[0x55e90af510ad]
[node-4:07772] [ 2] ./main(+0x12b6)[0x55e90af512b6]
[node-4:07772] [ 3] ./main(+0x1601)[0x55e90af51601]
[node-4:07772] [ 4] ./main(+0xb1a)[0x56462c310b1a]
[node-2:00783] *** End of error message ***
/lib/x86_64-linux-gnu/libc.so.6(__libc_start_main+0xe7)[0x7f9b17333c87]
[node-4:07772] [ 5] ./main(+0xb1a)[0x55e90af50b1a]
[node-4:07772] *** End of error message ***
[node-3:21914] [ 0] /lib/x86_64-linux-gnu/libc.so.6(+0x3ef10)[0x7f1674702f10]
[node-3:21914] [ 1] ./main(+0x10ad)[0x55f6f8d7d0ad]
[node-3:21914] [ 2] ./main(+0x12b6)[0x55f6f8d7d2b6]
[node-3:21914] [ 3] ./main(+0x1601)[0x55f6f8d7d601]
[node-3:21914] [ 4] [node-8:19411] *** Process received signal ***
[node-8:19411] Signal: Segmentation fault (11)
[node-8:19411] Signal code: Address not mapped (1)
[node-8:19411] Failing at address: 0x7fffd5074150
[node-6:02063] *** Process received signal ***
[node-6:02063] Signal: Segmentation fault (11)
[node-6:02063] Signal code: Address not mapped (1)
[node-6:02063] Failing at address: 0x7ffd709c22b0
[node-6:02063] [ 0] /lib/x86_64-linux-gnu/libc.so.6(+0x3ef10)[0x7f53ce689f10]
[node-6:02063] [ 1] ./main(+0x10ad)[0x55a062eae0ad]
[node-6:02063] /lib/x86_64-linux-gnu/libc.so.6(__libc_start_main+0xe7)[0x7f16746e5c87]
[node-3:21914] [ 5] ./main(+0xb1a)[0x55f6f8d7cb1a]
[node-3:21914] *** End of error message ***
[node-8:19411] [ 0] [ 2] ./main(+0x12b6)[0x55a062eae2b6]
[node-6:02063] [ 3] ./main(+0x1601)[0x55a062eae601]
[node-6:02063] [ 4] /lib/x86_64-linux-gnu/libc.so.6(__libc_start_main+0xe7)[0x7f53ce66cc87]
[node-6:02063] [ 5] ./main(+0xb1a)[0x55a062eadb1a]
[node-6:02063] *** End of error message ***
/lib/x86_64-linux-gnu/libc.so.6(+0x3ef10)[0x7fdf81c0af10]
[node-8:19411] [ 1] ./main(+0x10ad)[0x5636531c20ad]
[node-8:19411] [ 2] ./main(+0x12b6)[0x5636531c22b6]
[node-8:19411] [ 3] ./main(+0x1601)[0x5636531c2601]
[node-8:19411] [ 4] /lib/x86_64-linux-gnu/libc.so.6(__libc_start_main+0xe7)[0x7fdf81bedc87]
[node-8:19411] [ 5] ./main(+0xb1a)[0x5636531c1b1a]
[node-8:19411] *** End of error message ***
[node-5:15570] *** Process received signal ***
[node-5:15570] Signal: Segmentation fault (11)
[node-5:15570] Signal code: Address not mapped (1)
[node-5:15570] Failing at address: 0x7fff942a0d10
[node-5:15570] [ 0] /lib/x86_64-linux-gnu/libc.so.6(+0x3ef10)[0x7f3fcc651f10]
[node-5:15570] [ 1] ./main(+0x10ad)[0x56454eaa10ad]
[node-5:15570] [ 2] ./main(+0x12b6)[0x56454eaa12b6]
[node-5:15570] [ 3] ./main(+0x1601)[0x56454eaa1601]
[node-5:15570] [ 4] [node-7:24494] *** Process received signal ***
[node-7:24494] Signal: Segmentation fault (11)
[node-7:24494] Signal code: Address not mapped (1)
[node-7:24494] Failing at address: 0x7fffa567d2a0
/lib/x86_64-linux-gnu/libc.so.6(__libc_start_main+0xe7)[0x7f3fcc634c87]
[node-5:15570] [ 5] ./main(+0xb1a)[0x56454eaa0b1a]
[node-5:15570] *** End of error message ***
[node-7:24494] [ 0] /lib/x86_64-linux-gnu/libc.so.6(+0x3ef10)[0x7f525782ff10]
[node-7:24494] [ 1] ./main(+0x10ad)[0x563a9aaec0ad]
[node-7:24494] [ 2] ./main(+0x12b6)[0x563a9aaec2b6]
[node-7:24494] [ 3] ./main(+0x1601)[0x563a9aaec601]
[node-7:24494] [ 4] /lib/x86_64-linux-gnu/libc.so.6(__libc_start_main+0xe7)[0x7f5257812c87]
[node-7:24494] [ 5] ./main(+0xb1a)[0x563a9aaebb1a]
[node-7:24494] *** End of error message ***
--------------------------------------------------------------------------
mpirun noticed that process rank 5 with PID 2063 on node node-6 exited on signal 11 (Segmentation fault).
--------------------------------------------------------------------------
