[node-9:03182] *** Process received signal ***
[node-9:03182] Signal: Segmentation fault (11)
[node-9:03182] Signal code: Address not mapped (1)
[node-9:03182] Failing at address: 0x7ffb374bbac0
[node-9:03182] [ 0] /lib/x86_64-linux-gnu/libc.so.6(+0x3ef10)[0x7fe4e8050f10]
[node-9:03182] [ 1] ./main_openmp(+0x10dd)[0x559ca04930dd]
[node-9:03182] [ 2] ./main_openmp(+0x12e6)[0x559ca04932e6]
[node-9:03182] [ 3] ./main_openmp(+0x1631)[0x559ca0493631]
[node-9:03182] [ 4] /lib/x86_64-linux-gnu/libc.so.6(__libc_start_main+0xe7)[0x7fe4e8033c87]
[node-9:03182] [ 5] ./main_openmp(+0xb1a)[0x559ca0492b1a]
[node-9:03182] *** End of error message ***
[node-10:18942] *** Process received signal ***
[node-10:18942] Signal: Segmentation fault (11)
[node-10:18942] Signal code: Address not mapped (1)
[node-10:18942] Failing at address: 0x7ffcaa298af0
[node-10:18942] [ 0] /lib/x86_64-linux-gnu/libc.so.6(+0x3ef10)[0x7f00e8e0ff10]
[node-10:18942] [ 1] ./main_openmp(+0x10dd)[0x55e8d22b50dd]
[node-10:18942] [ 2] ./main_openmp(+0x12e6)[0x55e8d22b52e6]
[node-10:18942] [ 3] ./main_openmp(+0x1631)[0x55e8d22b5631]
[node-10:18942] [ 4] /lib/x86_64-linux-gnu/libc.so.6(__libc_start_main+0xe7)[0x7f00e8df2c87]
[node-10:18942] [ 5] ./main_openmp(+0xb1a)[0x55e8d22b4b1a]
[node-10:18942] *** End of error message ***
--------------------------------------------------------------------------
mpirun noticed that process rank 1 with PID 18942 on node node-10 exited on signal 11 (Segmentation fault).
--------------------------------------------------------------------------
