[node-4:04894] *** Process received signal ***
[node-4:04894] Signal: Segmentation fault (11)
[node-4:04894] Signal code: Address not mapped (1)
[node-4:04894] Failing at address: 0x7ffd0aeaea20
[node-4:04894] [ 0] /lib/x86_64-linux-gnu/libc.so.6(+0x3ef10)[0x7f155062cf10]
[node-4:04894] [ 1] ./main_openmp(+0x10dd)[0x563988dc30dd]
[node-4:04894] [ 2] ./main_openmp(+0x12e6)[0x563988dc32e6]
[node-4:04894] [ 3] ./main_openmp(+0x1631)[0x563988dc3631]
[node-4:04894] [ 4] /lib/x86_64-linux-gnu/libc.so.6(__libc_start_main+0xe7)[0x7f155060fc87]
[node-4:04894] [ 5] ./main_openmp(+0xb1a)[0x563988dc2b1a]
[node-4:04894] *** End of error message ***
[node-5:12734] *** Process received signal ***
[node-5:12734] Signal: Segmentation fault (11)
[node-5:12734] Signal code: Address not mapped (1)
[node-5:12734] Failing at address: 0x7ffada8a28a0
[node-5:12734] [ 0] /lib/x86_64-linux-gnu/libc.so.6(+0x3ef10)[0x7f6ee460df10]
[node-5:12734] [ 1] ./main_openmp(+0x10dd)[0x[node-7:22454] *** Process received signal ***
[node-7:22454] Signal: Segmentation fault (11)
[node-7:22454] Signal code: Address not mapped (1)
[node-7:22454] Failing at address: 0x7ffc8561a200
5622839f30dd]
[node-5:12734] [ 2] ./main_openmp(+0x12e6)[0x5622839f32e6]
[node-5:12734] [ 3] ./main_openmp(+0x1631)[0x5622839f3631]
[node-5:12734] [ 4] /lib/x86_64-linux-gnu/libc.so.6(__libc_start_main+0xe7)[0x7f6ee45f0c87]
[node-5:12734] [ 5] ./main_openmp(+0xb1a)[0x5622839f2b1a]
[node-5:12734] *** End of error message ***
[node-7:22454] [ 0] /lib/x86_64-linux-gnu/libc.so.6(+0x3ef10)[0x7f8933440f10]
[node-7:22454] [ 1] ./main_openmp(+0x10dd)[0x562c2739a0dd]
[node-7:22454] [ 2] ./main_openmp(+0x12e6)[0x562c2739a2e6]
[node-7:22454] [ 3] ./main_openmp(+0x1631)[0x562c2739a631]
[node-7:22454] [ 4] /lib/x86_64-linux-gnu/libc.so.6(__libc_start_main+0xe7)[0x7f8933423c87]
[node-7:22454] [ 5] ./main_openmp(+0xb1a)[0x562c27399b1a]
[node-7:22454] *** End of error message ***
[node-6:32119] *** Process received signal ***
[node-6:32119] Signal: Segmentation fault (11)
[node-6:32119] Signal code: Address not mapped (1)
[node-6:32119] Failing at address: 0x7ffbd26bda70
[node-6:32119] [ 0] /lib/x86_64-linux-gnu/libc.so.6(+0x3ef10)[0x7fa29748cf10]
[node-6:32119] [ 1] ./main_openmp(+0x10dd)[0x56415ebc50dd]
[node-6:32119] [ 2] ./main_openmp(+0x12e6)[0x56415ebc52e6]
[node-6:32119] [ 3] ./main_openmp(+0x1631)[0x56415ebc5631]
[node-6:32119] [ 4] /lib/x86_64-linux-gnu/libc.so.6(__libc_start_main+0xe7)[0x7fa29746fc87]
[node-6:32119] [ 5] ./main_openmp(+0xb1a)[0x56415ebc4b1a]
[node-6:32119] *** End of error message ***
--------------------------------------------------------------------------
mpirun noticed that process rank 2 with PID 32119 on node node-6 exited on signal 11 (Segmentation fault).
--------------------------------------------------------------------------
