[node-9:00803] *** Process received signal ***
[node-9:00803] Signal: Segmentation fault (11)
[node-9:00803] Signal code: Address not mapped (1)
[node-9:00803] Failing at address: 0x7ffec8725bc0
[node-9:00803] [ 0] /lib/x86_64-linux-gnu/libc.so.6(+0x3ef10)[0x7f83d1045f10]
[node-9:00803] [ 1] ./main_openmp(+0x10dd)[0x5633d859e0dd]
[node-9:00803] [ 2] ./main_openmp(+0x12e6)[0x5633d859e2e6]
[node-9:00803] [ 3] ./main_openmp(+0x1631)[0x5633d859e631]
[node-9:00803] [ 4] /lib/x86_64-linux-gnu/libc.so.6(__libc_start_main+0xe7)[0x7f83d1028c87]
[node-10:17332] *** Process received signal ***
[node-10:17332] Signal: Segmentation fault (11)
[node-10:17332] Signal code: Address not mapped (1)
[node-10:17332] Failing at address: 0x7ffe528ce820
[node-9:00803] [ 5] ./main_openmp(+0xb1a)[0x5633d859db1a]
[node-9:00803] *** End of error message ***
[node-10:17332] [ 0] /lib/x86_64-linux-gnu/libc.so.6(+0x3ef10)[0x7fe3ce101f10]
[node-10:17332] [ 1] ./main_openmp(+0x10dd)[0x55b5e8b350dd]
[node-10:17332] [ 2] ./main_openmp(+0x12e6)[0x55b5e8b352e6]
[node-10:17332] [ 3] ./main_openmp(+0x1631)[0x55b5e8b35631]
[node-10:17332] [ 4] /lib/x86_64-linux-gnu/libc.so.6(__libc_start_main+0xe7)[0x7fe3ce0e4c87]
[node-10:17332] [ 5] ./main_openmp(+0xb1a)[0x55b5e8b34b1a]
[node-10:17332] *** End of error message ***
--------------------------------------------------------------------------
mpirun noticed that process rank 1 with PID 17332 on node node-10 exited on signal 11 (Segmentation fault).
--------------------------------------------------------------------------
