[node-1:27025] *** Process received signal ***
[node-1:27025] Signal: Segmentation fault (11)
[node-1:27025] Signal code: Address not mapped (1)
[node-1:27025] Failing at address: 0x7ffeff28b120
[node-1:27025] [ 0] /lib/x86_64-linux-gnu/libc.so.6(+0x3ef10)[0x7fd0a7662f10]
[node-1:27025] [ 1] ./main(+0x10ad)[0x55bb003de0ad]
[node-1:27025] [ 2] ./main(+0x12b6)[0x55bb003de2b6]
[node-1:27025] [ 3] ./main(+0x1601)[0x55bb003de601]
[node-1:27025] [ 4] /lib/x86_64-linux-gnu/libc.so.6(__libc_start_main+0xe7)[0x7fd0a7645c87]
[node-1:27025] [ 5] ./main(+0xb1a)[0x55bb003ddb1a]
[node-1:27025] *** End of error message ***
[node-2:11964] *** Process received signal ***
[node-2:11964] Signal: Segmentation fault (11)
[node-2:11964] Signal code: Address not mapped (1)
[node-2:11964] Failing at address: 0x7fffbd4ea4d0
[node-2:11964] [ 0] /lib/x86_64-linux-gnu/libc.so.6(+0x3ef10)[0x7facc8a17f10]
[node-2:11964] [ 1] ./main(+0x10ad)[0x55693e2420ad]
[node-2:11964] [ 2] ./main(+0x12b6)[node-3:31765] *** Process received signal ***
[node-3:31765] Signal: Segmentation fault (11)
[node-3:31765] Signal code: Address not mapped (1)
[node-3:31765] Failing at address: 0x7fff73396ee0
[node-3:31765] [ 0] /lib/x86_64-linux-gnu/libc.so.6(+0x3ef10)[0x7f8675234f10]
[node-3:31765] [ 1] ./main(+0x10ad)[0x559b23ae10ad]
[node-3:31765] [ 2] ./main(+0x12b6)[0x559b23ae12b6]
[node-3:31765] [0x55693e2422b6]
[node-2:11964] [ 3] ./main(+0x1601)[0x55693e242601]
[node-2:11964] [ 4] /lib/x86_64-linux-gnu/libc.so.6(__libc_start_main+0xe7)[0x7facc89fac87]
[node-2:11964] [ 5] ./main(+0xb1a)[0x55693e241b1a]
[node-2:11964] *** End of error message ***
[ 3] ./main(+0x1601)[0x559b23ae1601]
[node-3:31765] [ 4] /lib/x86_64-linux-gnu/libc.so.6(__libc_start_main+0xe7)[0x7f8675217c87]
[node-3:31765] [ 5] ./main(+0xb1a)[0x559b23ae0b1a]
[node-3:31765] *** End of error message ***
--------------------------------------------------------------------------
mpirun noticed that process rank 2 with PID 31765 on node node-3 exited on signal 11 (Segmentation fault).
--------------------------------------------------------------------------
