[node-9:03671] *** Process received signal ***
[node-9:03671] Signal: Segmentation fault (11)
[node-9:03671] Signal code: Address not mapped (1)
[node-9:03671] Failing at address: 0x7ffadb84d230
[node-9:03671] [ 0] /lib/x86_64-linux-gnu/libc.so.6(+0x3ef10)[0x7f995cdb6f10]
[node-9:03671] [ 1] ./main(+0x10ad)[0x55569467f0ad]
[node-9:03671] [ 2] ./main(+0x12b6)[0x55569467f2b6]
[node-9:03671] [ 3] ./main(+0x1601)[0x55569467f601]
[node-9:03671] [ 4] /lib/x86_64-linux-gnu/libc.so.6(__libc_start_main+0xe7)[0x7f995cd99c87]
[node-9:03671] [ 5] ./main(+0xb1a)[0x55569467eb1a]
[node-9:03671] *** End of error message ***
[node-10:19330] *** Process received signal ***
[node-10:19330] Signal: Segmentation fault (11)
[node-10:19330] Signal code: Address not mapped (1)
[node-10:19330] Failing at address: 0x7ffd74369520
[node-10:19330] [ 0] /lib/x86_64-linux-gnu/libc.so.6(+0x3ef10)[0x7f5107cb1f10]
[node-10:19330] [ 1] ./main(+0x10ad)[0x55e48a0670ad]
[node-10:19330] [ 2] ./main(+0x12b6)[0x55e48a0672b6]
[node-10:19330] [ 3] ./main(+0x1601)[0x55e48a067601]
[node-10:19330] [ 4] /lib/x86_64-linux-gnu/libc.so.6(__libc_start_main+0xe7)[0x7f5107c94c87]
[node-10:19330] [ 5] ./main(+0xb1a)[0x55e48a066b1a]
[node-10:19330] *** End of error message ***
--------------------------------------------------------------------------
mpirun noticed that process rank 0 with PID 0 on node node-9 exited on signal 11 (Segmentation fault).
--------------------------------------------------------------------------
