[node-4:08537] *** Process received signal ***
[node-4:08537] Signal: Segmentation fault (11)
[node-4:08537] Signal code: Address not mapped (1)
[node-4:08537] Failing at address: 0x7ffe85b20700
[node-4:08537] [ 0] /lib/x86_64-linux-gnu/libc.so.6(+0x3ef10)[0x7ff9598c9f10]
[node-4:08537] [ 1] ./main(+0x10ad)[0x560d3d92a0ad]
[node-4:08537] [ 2] ./main(+0x12b6)[0x560d3d92a2b6]
[node-4:08537] [ 3] ./main(+0x1601)[0x560d3d92a601]
[node-4:08537] [ 4] /lib/x86_64-linux-gnu/libc.so.6(__libc_start_main+0xe7)[0x7ff9598acc87]
[node-4:08537] [ 5] ./main(+0xb1a)[0x560d3d929b1a]
[node-4:08537] *** End of error message ***
[node-5:16314] *** Process received signal ***
[node-5:16314] Signal: Segmentation fault (11)
[node-5:16314] Signal code:  (128)
[node-5:16314] Failing at address: (nil)
[node-7:25031] *** Process received signal ***
[node-7:25031] Signal: Segmentation fault (11)
[node-7:25031] Signal code:  (128)
[node-7:25031] Failing at address: (nil)
[node-5:16314] [ 0] [node-6:02760] *** Process received signal ***
[node-6:02760] Signal: Segmentation fault (11)
[node-6:02760] Signal code: Address not mapped (1)
[node-6:02760] Failing at address: 0x7ffe4a764c80
[node-6:02760] [ 0] /lib/x86_64-linux-gnu/libc.so.6(+0x3ef10)[0x7f72dd86ef10]
[node-6:02760] [ 1] ./main(+0x10ad)[0x56079602d0ad]
[node-6:02760] [ 2] ./main(+0x12b6)[0x56079602d2b6]
[node-6:02760] [ 3] ./main(+0x1601)[0x56079602d601]
[node-6:02760] [ 4] [node-7:25031] [ 0] /lib/x86_64-linux-gnu/libc.so.6(+0x3ef10)[0x7fc197a9af10]
/lib/x86_64-linux-gnu/libc.so.6(+0x3ef10)[0x7ff7c72adf10]
[node-5:16314] [ 1] ./main[node-7:25031] [ 1] ./main(+0x10ad)[0x562af50940ad]
[node-7:25031] [ 2] ./main(+0x12b6(+0x10ad)[0x56456cc5f0ad]
[node-5:16314] [ 2] ./main(+0x12b6)[0x56456cc5f2b6/lib/x86_64-linux-gnu/libc.so.6(__libc_start_main+0xe7)[0x7f72dd851c87]
[node-6:02760] [ 5] ./main(+0xb1a)[0x56079602cb1a]
[node-6:02760] *** End of error message ***
)[0x562af50942b6]
[node-7:25031] [ 3] ./main(+0x1601)[0x562af5094601]
[node-7:25031] [ 4] /lib/x86_64-linux-gnu/libc.so.6(__libc_start_main+0xe7)[0x7fc197a7dc87]
[node-7:25031] ]
[node-5:16314] [ 3] ./main(+0x1601)[ 5] ./main(+0xb1a)[0x562af5093b1a]
[node-7:25031] *** End of error message ***
[0x56456cc5f601]
[node-5:16314] [ 4] /lib/x86_64-linux-gnu/libc.so.6(__libc_start_main+0xe7)[0x7ff7c7290c87]
[node-5:16314] [ 5] ./main(+0xb1a)[0x56456cc5eb1a]
[node-5:16314] *** End of error message ***
--------------------------------------------------------------------------
mpirun noticed that process rank 2 with PID 2760 on node node-6 exited on signal 11 (Segmentation fault).
--------------------------------------------------------------------------
