[node-3:30616] *** Process received signal ***
[node-3:30616] Signal: Segmentation fault (11)
[node-3:30616] Signal code: Address not mapped (1)
[node-3:30616] Failing at address: 0x7fff8d988d20
[node-3:30616] [ 0] /lib/x86_64-linux-gnu/libc.so.6(+0x3ef10)[0x7f220ec44f10]
[node-3:30616] [ 1] ./main(+0x10ad)[0x564b14f8f0ad]
[node-3:30616] [ 2] ./main(+0x12b6)[0x564b14f8f2b6]
[node-3:30616] [ 3] ./main(+0x1601)[0x564b14f8f601]
[node-3:30616] [ 4] /lib/x86_64-linux-gnu/libc.so.6(__libc_start_main+0xe7)[0x7f220ec27c87]
[node-3:30616] [ 5] ./main(+0xb1a)[0x564b14f8eb1a]
[node-3:30616] *** End of error message ***
[node-4:17610] *** Process received signal ***
[node-4:17610] Signal: Segmentation fault (11)
[node-4:17610] Signal code: Address not mapped (1)
[node-4:17610] Failing at address: 0x7ffe63b45740
[node-5:25224] *** Process received signal ***
[node-5:25224] Signal: Segmentation fault (11)
[node-5:25224] Signal code: Address not mapped (1)
[node-5:25224] Failing at address: 0x7fffa8d55c90
[node-4:17610] [ 0] /lib/x86_64-linux-gnu/libc.so.6(+0x3ef10)[0x7f653bee2f10]
[node-4:17610] [ 1] ./main(+0x10ad)[0x5630e86050ad]
[node-4:17610] [ 2] ./main(+0x12b6)[0x5630e86052b6]
[node-4:17610] [ 3] ./main(+0x1601)[0x5630e8605601]
[node-4:17610] [ 4] [node-5:25224] [ 0] /lib/x86_64-linux-gnu/libc.so.6(+0x3ef10)[0x7f49a91bbf10]
[node-5:25224] [ 1] ./main(+0x10ad/lib/x86_64-linux-gnu/libc.so.6(__libc_start_main+0xe7)[0x7f653bec5c87]
[node-4:17610] [ 5] ./main(+0xb1a)[0x5630e8604b1a]
[node-4:17610] *** End of error message ***
)[0x55dac14700ad]
[node-5:25224] [ 2] ./main(+0x12b6)[0x55dac14702b6]
[node-5:25224] [ 3] ./main(+0x1601)[0x55dac1470601]
[node-5:25224] [ 4] /lib/x86_64-linux-gnu/libc.so.6(__libc_start_main+0xe7)[0x7f49a919ec87]
[node-5:25224] [ 5] ./main(+0xb1a)[0x55dac146fb1a]
[node-5:25224] *** End of error message ***
--------------------------------------------------------------------------
mpirun noticed that process rank 1 with PID 17610 on node node-4 exited on signal 11 (Segmentation fault).
--------------------------------------------------------------------------
