[node-1:21692] *** Process received signal ***
[node-1:21692] Signal: Segmentation fault (11)
[node-1:21692] Signal code: Address not mapped (1)
[node-1:21692] Failing at address: 0x7ffdffc78680
[node-1:21692] [ 0] /lib/x86_64-linux-gnu/libc.so.6(+0x3ef10)[0x7f4b9f5d0f10]
[node-1:21692] [ 1] ./main(+0x10ad)[0x562d7020c0ad]
[node-1:21692] [ 2] ./main(+0x12b6)[0x562d7020c2b6]
[node-1:21692] [ 3] ./main(+0x1601)[0x562d7020c601]
[node-1:21692] [ 4] /lib/x86_64-linux-gnu/libc.so.6(__libc_start_main+0xe7)[0x7f4b9f5b3c87]
[node-1:21692] [ 5] ./main(+0xb1a)[0x562d7020bb1a]
[node-1:21692] *** End of error message ***
[node-2:06525] *** Process received signal ***
[node-2:06525] Signal: Segmentation fault (11)
[node-2:06525] Signal code: Address not mapped (1)
[node-2:06525] Failing at address: 0x7ffe7deead30
[node-2:06525] [ 0] /lib/x86_64-linux-gnu/libc.so.6(+0x3ef10)[0x7f9e3c29df10]
[node-2:06525] [ 1] ./main(+0x10ad)[0x55b9f1e8f0ad]
[node-2:06525] [ 2] ./main(+0x12b6)[0x55b9f1e8f2b6]
[node-2:06525] [ 3] ./main(+0x1601)[0x55b9f1e8f601]
[node-2:06525] [ 4] /lib/x86_64-linux-gnu/libc.so.6(__libc_start_main+0xe7)[0x7f9e3c280c87]
[node-2:06525] [ 5] ./main(+0xb1a)[0x55b9f1e8eb1a]
[node-2:06525] *** End of error message ***
[node-3:26934] *** Process received signal ***
[node-3:26934] Signal: Segmentation fault (11)
[node-3:26934] Signal code:  (128)
[node-3:26934] Failing at address: (nil)
[node-3:26934] [ 0] /lib/x86_64-linux-gnu/libc.so.6(+0x3ef10)[0x7f541e7b4f10]
[node-3:26934] [ 1] ./main(+0x10ad)[0x561c31cb50ad]
[node-3:26934] [ 2] ./main(+0x12b6)[0x561c31cb52b6]
[node-3:26934] [ 3] ./main(+0x1601)[0x561c31cb5601]
[node-3:26934] [ 4] /lib/x86_64-linux-gnu/libc.so.6(__libc_start_main+0xe7)[0x7f541e797c87]
[node-3:26934] [ 5] ./main(+0xb1a)[0x561c31cb4b1a]
[node-3:26934] *** End of error message ***
--------------------------------------------------------------------------
mpirun noticed that process rank 0 with PID 0 on node node-1 exited on signal 11 (Segmentation fault).
--------------------------------------------------------------------------
