[node-4:07402] *** Process received signal ***
[node-4:07402] Signal: Segmentation fault (11)
[node-4:07402] Signal code: Address not mapped (1)
[node-4:07402] Failing at address: 0x7ffbbd416f70
[node-4:07402] [ 0] /lib/x86_64-linux-gnu/libc.so.6(+0x3ef10)[0x7fea9aaeff10]
[node-4:07402] [ 1] ./main(+0x10ad)[0x5557ea8d90ad]
[node-4:07402] [ 2] ./main(+0x12b6)[0x5557ea8d92b6]
[node-4:07402] [ 3] ./main(+0x1601)[0x5557ea8d9601]
[node-4:07402] [ 4] /lib/x86_64-linux-gnu/libc.so.6(__libc_start_main+0xe7)[0x7fea9aad2c87]
[node-4:07402] [ 5] ./main(+0xb1a)[0x5557ea8d8b1a]
[node-4:07402] *** End of error message ***
[node-6:01786] *** Process received signal ***
[node-6:01786] Signal: Segmentation fault (11)
[node-6:01786] Signal code: Address not mapped (1)
[node-6:01786] Failing at address: 0x7ffc4f78d6a0
[node-6:01786] [ 0] /lib/x86_64-linux-gnu/libc.so.6(+0x3ef10)[0x7fc84e678f10]
[node-6:01786] [ 1] ./main(+0x10ad)[0x563114e6f0ad]
[node-6:01786] [ 2] ./main(+0x12b6)[0x563114e6f2b6]
[node-6:01786] [ 3] ./main(+0x1601)[0x563114e6f601]
[node-6:01786] [ 4] /lib/x86_64-linux-gnu/libc.so.6(__libc_start_main+0xe7)[0x7fc84e65bc87]
[node-6:01786] [ 5] ./main(+0xb1a)[0x563114e6eb1a]
[node-6:01786] *** End of error message ***
[node-7:24243] *** Process received signal ***
[node-7:24243] Signal: Segmentation fault (11)
[node-7:24243] Signal code: Address not mapped (1)
[node-7:24243] Failing at address: 0x7ffeed298860
[node-7:24243] [ 0] /lib/x86_64-linux-gnu/libc.so.6(+0x3ef10)[0x7f6ee6d98f10]
[node-7:24243] [ 1] ./main(+0x10ad)[0x5568989520ad]
[node-7:24243] [ 2] ./main(+0x12b6)[0x5568989522b6]
[node-7:24243] [ 3] ./main(+0x1601)[0x556898952601]
[node-7:24243] [ 4] /lib/x86_64-linux-gnu/libc.so.6(__libc_start_main+0xe7)[0x7f6ee6d7bc87]
[node-7:24243] [ 5] ./main(+0xb1a)[0x556898951b1a[node-5:15192] *** Process received signal ***
[node-5:15192] Signal: Segmentation fault (11)
[node-5:15192] Signal code: Address not mapped (1)
[node-5:15192] Failing at address: 0x7fff950035a0
[node-5:15192] [ 0] /lib/x86_64-linux-gnu/libc.so.6(+0x3ef10]
[node-7:24243] *** End of error message ***
)[0x7f8b65b42f10]
[node-5:15192] [ 1] ./main(+0x10ad)[0x55566e4b10ad]
[node-5:15192] [ 2] [node-8:19259] *** Process received signal ***
[node-8:19259] Signal: Segmentation fault (11)
[node-8:19259] Signal code: Address not mapped (1)
[node-8:19259] Failing at address: 0x7ffde221f490
[node-8:19259] [ 0] ./main(+0x/lib/x86_64-linux-gnu/libc.so.6(+0x3ef10)[0x7f0e65e5ff10]
[node-8:19259] [ 1] ./main(+0x10ad)[0x55758f3b80ad]
[node-8:19259] 12b6)[0x55566e4b12b6[ 2] ./main(+0x12b6)[0x55758f3b82b6]
[node-8:19259] [ 3] ./main(+0x1601)[0x]
[node-5:15192] [ 3] 55758f3b8601]
[node-8:19259] [ 4] /lib/x86_64-linux-gnu/libc.so.6(__libc_start_main+0xe7)[0x7f0e65e42c87]
[node-8:19259] ./main(+0x[ 5] ./main(+0xb1a)[0x55758f3b7b1a]
[node-8:19259] *** End of error message ***
1601)[0x55566e4b1601]
[node-5:15192] [ 4] /lib/x86_64-linux-gnu/libc.so.6(__libc_start_main+0xe7)[0x7f8b65b25c87]
[node-5:15192] [ 5] ./main(+0xb1a)[0x55566e4b0b1a]
[node-5:15192] *** End of error message ***
--------------------------------------------------------------------------
mpirun noticed that process rank 2 with PID 1786 on node node-6 exited on signal 11 (Segmentation fault).
--------------------------------------------------------------------------
