[node-5:08698] *** Process received signal ***
[node-5:08698] Signal: Segmentation fault (11)
[node-5:08698] Signal code: Address not mapped (1)
[node-5:08698] Failing at address: 0x7ffea7cfc470
[node-5:08698] [ 0] /lib/x86_64-linux-gnu/libc.so.6(+0x3ef10)[0x7fa1966aef10]
[node-5:08698] [ 1] ./main(+0x10ad)[0x5628df2590ad]
[node-5:08698] [ 2] ./main(+0x12b6)[0x5628df2592b6]
[node-5:08698] [ 3] ./main(+0x1601)[0x5628df259601]
[node-5:08698] [ 4] /lib/x86_64-linux-gnu/libc.so.6(__libc_start_main+0xe7)[0x7fa196691c87]
[node-5:08698] [ 5] ./main(+0xb1a)[0x5628df258b1a]
[node-5:08698] *** End of error message ***
[node-6:28465] *** Process received signal ***
[node-6:28465] Signal: Segmentation fault (11)
[node-6:28465] Signal code: Address not mapped (1)
[node-6:28465] Failing at address: 0x7ffda0e3cfe0
[node-6:28465] [ 0] /lib/x86_64-linux-gnu/libc.so.6(+0x3ef10)[0x7f6dc6f1af10]
[node-6:28465] [ 1] ./main(+0x10ad)[0x55c449e470ad]
[node-6:28465] [ 2] ./main(+0x12b6)[0x55c449e472b6]
[node-6:28465] [ 3] ./main(+0x1601)[0x55c449e47601]
[node-6:28465] [ 4] /lib/x86_64-linux-gnu/libc.so.6(__libc_start_main+0xe7)[0x7f6dc6efdc87]
[node-6:28465] [ 5] ./main(+0xb1a)[0x55c449e46b1a]
[node-6:28465] *** End of error message ***
--------------------------------------------------------------------------
mpirun noticed that process rank 1 with PID 28465 on node node-6 exited on signal 11 (Segmentation fault).
--------------------------------------------------------------------------
