[node-6:11473] *** Process received signal ***
[node-6:11473] Signal: Segmentation fault (11)
[node-6:11473] Signal code: Address not mapped (1)
[node-6:11473] Failing at address: 0x7ffd458d4790
[node-6:11473] [ 0] /lib/x86_64-linux-gnu/libc.so.6(+0x3ef10)[0x7f2ec58c3f10]
[node-6:11473] [ 1] ./main(+0x10ad)[0x562a274d10ad]
[node-6:11473] [ 2] ./main(+0x12b6)[0x562a274d12b6]
[node-6:11473] [ 3] ./main(+0x1601)[0x562a274d1601]
[node-6:11473] [ 4] /lib/x86_64-linux-gnu/libc.so.6(__libc_start_main+0xe7)[0x7f2ec58a6c87]
[node-6:11473] [ 5] ./main(+0xb1a)[0x562a274d0b1a]
[node-6:11473] *** End of error message ***
[node-8:24332] *** Process received signal ***
[node-8:24332] Signal: Segmentation fault (11)
[node-8:24332] Signal code: Address not mapped (1)
[node-8:24332] Failing at address: 0x7ffe3ee57180
[node-7:32211] *** Process received signal ***
[node-7:32211] Signal: Segmentation fault (11)
[node-7:32211] Signal code: Address not mapped (1)
[node-7:32211] Failing at address: 0x7ffd0485a770
[node-8:24332] [ 0] /lib/x86_64-linux-gnu/libc.so.6(+0x3ef10)[0x7f23f1372f10]
[node-8:24332] [ 1] ./main(+0x10ad)[0x55fff3c4e0ad]
[node-8:24332] [ 2] ./main(+0x12b6)[0x55fff3c4e2b6]
[node-8:24332] [ 3] ./main(+0x1601)[0x55fff3c4e601]
[node-7:32211] [ 0] [node-10:21061] *** Process received signal ***
[node-10:21061] Signal: Segmentation fault (11)
[node-10:21061] Signal code:  (128)
[node-10:21061] Failing at address: (nil)
[node-8:24332] [ 4] /lib/x86_64-linux-gnu/libc.so.6(__libc_start_main+0xe7)[0x7f23f1355c87]
[node-8:24332] [ 5] ./main(+0xb1a)[0x55fff3c4db1a]
[node-8:24332] *** End of error message ***
/lib/x86_64-linux-gnu/libc.so.6(+0x3ef10)[0x7fe268896f10]
[node-7:32211] [ 1] ./main(+0x10ad)[0x559974fb30ad]
[node-7:32211] [ 2] ./main(+0x12b6)[0x559974fb32b6]
[node-7:32211] [ 3] ./main(+0x1601)[0x559974fb3601]
[node-7:32211] [ 4] /lib/x86_64-linux-gnu/libc.so.6(__libc_start_main+0xe7)[0x7fe268879c87]
[node-7:32211] [ 5] ./main(+0xb1a)[0x559974fb2b1a]
[node-7:32211] *** End of error message ***
[node-10:21061] [ 0] /lib/x86_64-linux-gnu/libc.so.6(+0x3ef10)[0x7f0f40ce6f10]
[node-10:21061] [ 1] ./main(+0x10ad)[0x55da4da4b0ad]
[node-10:21061] [ 2] ./main(+0x12b6)[0x55da4da4b2b6]
[node-10:21061] [ 3] ./main(+0x1601)[0x55da4da4b601]
[node-10:21061] [ 4] /lib/x86_64-linux-gnu/libc.so.6(__libc_start_main+0xe7)[0x7f0f40cc9c87]
[node-10:21061] [ 5] ./main(+0xb1a)[0x55da4da4ab1a]
[node-10:21061] *** End of error message ***
[node-9:06344] *** Process received signal ***
[node-9:06344] Signal: Segmentation fault (11)
[node-9:06344] Signal code: Address not mapped (1)
[node-9:06344] Failing at address: 0x7ffe00e4f1b0
[node-9:06344] [ 0] /lib/x86_64-linux-gnu/libc.so.6(+0x3ef10)[0x7fa535c99f10]
[node-9:06344] [ 1] ./main(+0x10ad)[0x55d93e6c70ad]
[node-9:06344] [ 2] ./main(+0x12b6)[0x55d93e6c72b6]
[node-9:06344] [ 3] ./main(+0x1601)[0x55d93e6c7601]
[node-9:06344] [ 4] /lib/x86_64-linux-gnu/libc.so.6(__libc_start_main+0xe7)[0x7fa535c7cc87]
[node-9:06344] [ 5] ./main(+0xb1a)[0x55d93e6c6b1a]
[node-9:06344] *** End of error message ***
--------------------------------------------------------------------------
mpirun noticed that process rank 0 with PID 0 on node node-6 exited on signal 11 (Segmentation fault).
--------------------------------------------------------------------------
