[node-4:12449] *** Process received signal ***
[node-4:12449] Signal: Segmentation fault (11)
[node-4:12449] Signal code: Address not mapped (1)
[node-4:12449] Failing at address: 0x7ffba86fcce0
[node-4:12449] [ 0] /lib/x86_64-linux-gnu/libc.so.6(+0x3ef10)[0x7fe2683b2f10]
[node-4:12449] [ 1] ./main(+0x10ad)[0x55fb99e740ad]
[node-4:12449] [ 2] ./main(+0x12b6)[0x55fb99e742b6]
[node-4:12449] [ 3] ./main(+0x1601)[0x55fb99e74601]
[node-4:12449] [ 4] /lib/x86_64-linux-gnu/libc.so.6(__libc_start_main+0xe7)[0x7fe268395c87]
[node-4:12449] [ 5] ./main(+0xb1a)[0x55fb99e73b1a]
[node-4:12449] *** End of error message ***
[node-7:27852] *** Process received signal ***
[node-7:27852] Signal: Segmentation fault (11)
[node-7:27852] Signal code: Address not mapped (1)
[node-7:27852] Failing at address: 0x7ffb9bc93fb0
[node-7:27852] [ 0] /lib/x86_64-linux-gnu/libc.so.6(+0x3ef10)[0x7f9147a3ef10]
[node-7:27852] [ 1] ./main(+0x10ad)[0x5586dc1a70ad]
[node-7:27852] [ 2] ./main([node-5:20127] *** Process received signal ***
[node-5:20127] Signal: Segmentation fault (11)
[node-5:20127] Signal code: Address not mapped (1)
[node-5:20127] Failing at address: 0x7ffe1e59ec00
[node-5:20127] [ 0] +0x12b6)[0x5586dc1a72b6]
[node-7:27852] [ 3] ./main(+0x1601)[0x5586dc1a7601]
[node-7:27852] [ 4] /lib/x86_64-linux-gnu/libc.so.6(__libc_start_main+0xe7)[0x7f9147a21c87]
[node-7:27852] [ 5] /lib/x86_64-linux-gnu/libc.so.6(+0x3ef10)[0x7fe6eb271f10]
[node-5:20127] [ 1] ./main(+0x10ad)[0x5651bd4100ad]
[node-5:20127] [ 2] ./main(+0x12b6)[0x5651bd4102b6]
[node-5:20127] ./main(+0xb1a)[0x5586dc1a6b1a]
[node-7:27852] *** End of error message ***
[node-6:06180] *** Process received signal ***
[node-6:06180] Signal: Segmentation fault (11)
[node-6:06180] Signal code: Address not mapped (1)
[node-6:06180] Failing at address: 0x7ffcd0251fd0
[ 3] ./main(+0x1601)[0x5651bd410601]
[node-5:20127] [ 4] [node-6:06180] [ 0] /lib/x86_64-linux-gnu/libc.so.6(+0x3ef10)[0x7fb120d5ff10]
[node-6:06180] [ 1] ./main(+0x10ad)[0x55dace9f90ad]
[node-6:06180] [ 2] ./main(+0x12b6)[0x55dace9f92b6]
[node-6:06180] [ 3] ./main(+0x1601)[0x55dace9f9601]
[node-6:06180] [ 4] /lib/x86_64-linux-gnu/libc.so.6(__libc_start_main+0xe7)[0x7fb120d42c87]
[node-6:06180] [ 5] ./main(+0xb1a)[0x55dace9f8b1a]
[node-6:06180] *** End of error message ***
/lib/x86_64-linux-gnu/libc.so.6(__libc_start_main+0xe7)[0x7fe6eb254c87]
[node-5:20127] [ 5] ./main(+0xb1a)[0x5651bd40fb1a]
[node-5:20127] *** End of error message ***
--------------------------------------------------------------------------
mpirun noticed that process rank 2 with PID 6180 on node node-6 exited on signal 11 (Segmentation fault).
--------------------------------------------------------------------------
