[node-1:27297] *** Process received signal ***
[node-1:27297] Signal: Segmentation fault (11)
[node-1:27297] Signal code: Address not mapped (1)
[node-1:27297] Failing at address: 0x7fffafd1a720
[node-1:27297] [ 0] /lib/x86_64-linux-gnu/libc.so.6(+0x3ef10)[0x7f302d23bf10]
[node-1:27297] [ 1] ./main(+0x10ad)[0x561d5cc810ad]
[node-1:27297] [ 2] ./main(+0x12b6)[0x561d5cc812b6]
[node-1:27297] [ 3] ./main(+0x1601)[0x561d5cc81601]
[node-1:27297] [ 4] /lib/x86_64-linux-gnu/libc.so.6(__libc_start_main+0xe7)[0x7f302d21ec87]
[node-1:27297] [ 5] ./main(+0xb1a)[0x561d5cc80b1a]
[node-1:27297] *** End of error message ***
[node-2:12246] *** Process received signal ***
[node-2:12246] Signal: Segmentation fault (11)
[node-2:12246] Signal code: Address not mapped (1)
[node-2:12246] Failing at address: 0x7fff17d28810
[node-3:32060] *** Process received signal ***
[node-3:32060] Signal: Segmentation fault (11)
[node-3:32060] Signal code:  (128)
[node-3:32060] Failing at address: (nil)
[node-2:12246] [ 0] /lib/x86_64-linux-gnu/libc.so.6(+0x3ef10)[0x7f5635dfdf10]
[node-3:32060] [ 0] /lib/x86_64-linux-gnu/libc.so.6(+0x3ef10)[0x7f7fd45def10]
[node-3:32060] [ 1] ./main(+0x[node-2:12246] [ 1] ./main(+0x10ad)[0x5555bb0d30ad]
[node-2:12246] [ 2] ./main(+0x12b6)[0x5555bb0d32b6]
[node-2:12246] [ 3] ./main(+0x1601)[0x10ad)[0x5583a890a0ad]
5555bb0d3601]
[node-3:32060] [ 2] ./main(+0x12b6)[0x5583a890a2b6]
[node-2:12246] [ 4] [node-3:32060] [ 3] ./main(+0x1601)[0x5583a890a601]
/lib/x86_64-linux-gnu/libc.so.6(__libc_start_main+0xe7)[0x7f5635de0c87]
[node-2:12246] [ 5] ./main(+0xb1a)[0x5555bb0d2b1a]
[node-2:12246] *** End of error message ***
[node-3:32060] [ 4] /lib/x86_64-linux-gnu/libc.so.6(__libc_start_main+0xe7)[0x7f7fd45c1c87]
[node-3:32060] [ 5] ./main(+0xb1a)[0x5583a8909b1a]
[node-3:32060] *** End of error message ***
[node-5:26560] *** Process received signal ***
[node-5:26560] Signal: Segmentation fault (11)
[node-5:26560] Signal code: Address not mapped (1)
[node-5:26560] Failing at address: 0x7ffeace6e7b0
[node-4:19019] *** Process received signal ***
[node-4:19019] Signal: Segmentation fault (11)
[node-4:19019] Signal code: Address not mapped (1)
[node-4:19019] Failing at address: 0x7ffdf7997560
[node-5:26560] [ 0] [node-4:19019] [ 0] /lib/x86_64-linux-gnu/libc.so.6(+0x3ef10)[0x7f1cc582ff10]
[node-5:26560] /lib/x86_64-linux-gnu/libc.so.6(+0x3ef10)[0x7ffae06c7f10]
[node-4:19019] [ 1] ./main(+0x10ad)[ 1] ./main(+0x10ad)[0x55c36ecfc0ad]
[node-5:26560] [ 2] ./main(+0x12b6)[0x55c36ecfc2b6]
[0x5569c5a9f0ad]
[node-4:19019] [ 2] [node-5:26560] [ 3] ./main(+0x1601)[0x55c36ecfc601]
./main(+0x12b6)[0x5569c5a9f2b6]
[node-4:19019] [ 3] ./main(+0x1601)[0x5569c5a9f601]
[node-4:19019] [ 4] [node-5:26560] [ 4] /lib/x86_64-linux-gnu/libc.so.6/lib/x86_64-linux-gnu/libc.so.6(__libc_start_main+0xe7)[0x7ffae06aac87]
[node-4:19019] [ 5] ./main(+0xb1a)[0x5569c5a9eb1a]
[node-4:19019] *** End of error message ***
(__libc_start_main+0xe7)[0x7f1cc5812c87]
[node-5:26560] [ 5] ./main(+0xb1a)[0x55c36ecfbb1a]
[node-5:26560] *** End of error message ***
--------------------------------------------------------------------------
mpirun noticed that process rank 0 with PID 0 on node node-1 exited on signal 11 (Segmentation fault).
--------------------------------------------------------------------------
