[node-1:04993] *** Process received signal ***
[node-1:04993] Signal: Segmentation fault (11)
[node-1:04993] Signal code: Address not mapped (1)
[node-1:04993] Failing at address: 0x7ffc6fc6bd40
[node-1:04993] [ 0] /lib/x86_64-linux-gnu/libc.so.6(+0x3ef10)[0x7ffa4761ef10]
[node-1:04993] [ 1] ./main(+0x10ad)[0x55b1a096e0ad]
[node-1:04993] [ 2] ./main(+0x12b6)[0x55b1a096e2b6]
[node-1:04993] [ 3] ./main(+0x1601)[0x55b1a096e601]
[node-1:04993] [ 4] /lib/x86_64-linux-gnu/libc.so.6(__libc_start_main+0xe7)[0x7ffa47601c87]
[node-1:04993] [ 5] ./main(+0xb1a)[0x55b1a096db1a]
[node-1:04993] *** End of error message ***
[node-2:22624] *** Process received signal ***
[node-2:22624] Signal: Segmentation fault (11)
[node-2:22624] Signal code: Address not mapped (1)
[node-2:22624] Failing at address: 0x7ffb43c0a0b0
[node-3:12302] *** Process received signal ***
[node-3:12302] Signal: Segmentation fault (11)
[node-3:12302] Signal code: Address not mapped (1)
[node-3:12302] Failing at address: 0x7ffda4e43210
[node-2:22624] [ 0] [node-3:12302] [ 0] /lib/x86_64-linux-gnu/libc.so.6(+0x3ef10)[0x7f7d797f5f10]
[node-2:22624] /lib/x86_64-linux-gnu/libc.so.6(+0x3ef10)[0x7fabd62bdf10]
[node-3:12302] [ 1] ./main(+0x10ad)[0x5630968850ad]
[node-3:12302] [ 2] [ 1] ./main(+0x10ad)[0x55b0e60d20ad]
[node-2:22624] ./main(+0x12b6)[0x5630968852b6]
[node-3:12302] [ 3] ./main(+0x[ 2] ./main(+0x12b6)[0x55b0e60d22b6]
[node-2:22624] [ 3] ./main(+0x1601)[0x55b0e60d2601]
[node-2:22624] [ 4] 1601)[0x563096885601]
[node-3:12302] [ 4] /lib/x86_64-linux-gnu/libc.so.6(__libc_start_main+0xe7)[0x/lib/x86_64-linux-gnu/libc.so.6(__libc_start_main+0xe7)[0x7f7d797d8c87]
[node-2:22624] [ 5] ./main(+0xb1a)[0x55b0e60d1b1a]
[node-2:22624] *** End of error message ***
7fabd62a0c87]
[node-3:12302] [ 5] ./main(+0xb1a)[0x563096884b1a]
[node-3:12302] *** End of error message ***
--------------------------------------------------------------------------
mpirun noticed that process rank 1 with PID 22624 on node node-2 exited on signal 11 (Segmentation fault).
--------------------------------------------------------------------------
