[node-1:08809] *** Process received signal ***
[node-1:08809] Signal: Segmentation fault (11)
[node-1:08809] Signal code:  (128)
[node-1:08809] Failing at address: (nil)
[node-1:08809] [ 0] /lib/x86_64-linux-gnu/libc.so.6(+0x3ef10)[0x7feca8236f10]
[node-1:08809] [ 1] ./main(+0x10ad)[0x55ae17b7b0ad]
[node-1:08809] [ 2] ./main(+0x12b6)[0x55ae17b7b2b6]
[node-1:08809] [ 3] ./main(+0x1601)[0x55ae17b7b601]
[node-1:08809] [ 4] /lib/x86_64-linux-gnu/libc.so.6(__libc_start_main+0xe7)[0x7feca8219c87]
[node-1:08809] [ 5] ./main(+0xb1a)[0x55ae17b7ab1a]
[node-1:08809] *** End of error message ***
[node-4:00880] *** Process received signal ***
[node-4:00880] Signal: Segmentation fault (11)
[node-4:00880] Signal code: Address not mapped (1)
[node-4:00880] Failing at address: 0x7fffaeb37350
[node-4:00880] [ 0] [node-2:26165] *** Process received signal ***
[node-2:26165] Signal: Segmentation fault (11)
[node-2:26165] Signal code: Address not mapped (1)
[node-2:26165] Failing at address: 0x7fff96eb9f30
/lib/x86_64-linux-gnu/libc.so.6(+0x3ef10)[0x7f0187f63f10]
[node-4:00880] [ 1] ./main(+0x10ad)[0x55d5e0ce30ad]
[node-4:00880] [ 2] ./main(+0x12b6[node-2:26165] [ 0] /lib/x86_64-linux-gnu/libc.so.6(+0x3ef10)[0x7fcafa3cff10]
[node-2:26165] [ 1] ./main(+0x10ad)[0x55afc0cfe0ad]
[node-2:26165] [ 2] ./main(+0x12b6)[0x55afc0cfe2b6]
[node-2:26165] [ 3] ./main(+0x1601)[0x55afc0cfe601]
[node-2:26165] [ 4] [node-3:15494] *** Process received signal ***
[node-3:15494] Signal: Segmentation fault (11)
[node-3:15494] Signal code:  (128)
[node-3:15494] Failing at address: (nil)
)[0x55d5e0ce32b6]
[node-4:00880] [ 3] ./main(+0x1601)[0x55d5e0ce3601/lib/x86_64-linux-gnu/libc.so.6(__libc_start_main+0xe7)[0x7fcafa3b2c87]
[node-2:26165] [ 5] ./main(+0xb1a)[0x55afc0cfdb1a]
[node-2:26165] *** End of error message ***
[node-3:15494] [ 0] /lib/x86_64-linux-gnu/libc.so.6(+0x3ef10)[0x7fe74efd7f10]
[node-3:15494] [ 1] ./main(+0x10ad)[0x557f09e670ad]
[node-3:15494] [ 2] ./main(+0x12b6)[0x557f09e672b6]
[node-3:15494] [ 3] ]
[node-4:00880] [ 4] ./main(+0x1601)[0x557f09e67601]
[node-3:15494] [ 4] /lib/x86_64-linux-gnu/libc.so.6(__libc_start_main+0xe7)[0x7fe74efbac87]
[node-3:15494] [ 5] ./main/lib/x86_64-linux-gnu/libc.so.6(__libc_start_main+0xe7)[0x7f0187f46c87]
[node-4:00880] [ 5] ./main(+0xb1a)[0x55d5e0ce2b1a]
(+0xb1a)[0x557f09e66b1a]
[node-3:15494] *** End of error message ***
[node-4:00880] *** End of error message ***
--------------------------------------------------------------------------
mpirun noticed that process rank 0 with PID 0 on node node-1 exited on signal 11 (Segmentation fault).
--------------------------------------------------------------------------
