[node-9:05647] *** Process received signal ***
[node-9:05647] Signal: Segmentation fault (11)
[node-9:05647] Signal code: Address not mapped (1)
[node-9:05647] Failing at address: 0x7fffc444eb50
[node-9:05647] [ 0] /lib/x86_64-linux-gnu/libc.so.6(+0x3ef10)[0x7f205d9c9f10]
[node-9:05647] [ 1] ./main_openmp(+0x10dd)[0x559b5ac290dd]
[node-9:05647] [ 2] ./main_openmp(+0x12e6)[0x559b5ac292e6]
[node-9:05647] [ 3] ./main_openmp(+0x1631)[0x559b5ac29631]
[node-9:05647] [ 4] /lib/x86_64-linux-gnu/libc.so.6(__libc_start_main+0xe7)[0x7f205d9acc87]
[node-9:05647] [ 5] ./main_openmp(+0xb1a)[0x559b5ac28b1a]
[node-9:05647] *** End of error message ***
[node-10:20678] *** Process received signal ***
[node-10:20678] Signal: Segmentation fault (11)
[node-10:20678] Signal code:  (128)
[node-10:20678] Failing at address: (nil)
[node-10:20678] [ 0] /lib/x86_64-linux-gnu/libc.so.6(+0x3ef10)[0x7f0c04ccdf10]
[node-10:20678] [ 1] ./main_openmp(+0x10dd)[0x55dc16bef0dd]
[node-10:20678] [ 2] ./main_openmp(+0x12e6)[0x55dc16bef2e6]
[node-10:20678] [ 3] ./main_openmp(+0x1631)[0x55dc16bef631]
[node-10:20678] [ 4] /lib/x86_64-linux-gnu/libc.so.6(__libc_start_main+0xe7)[0x7f0c04cb0c87]
[node-10:20678] [ 5] ./main_openmp(+0xb1a)[0x55dc16beeb1a]
[node-10:20678] *** End of error message ***
--------------------------------------------------------------------------
mpirun noticed that process rank 1 with PID 20678 on node node-10 exited on signal 11 (Segmentation fault).
--------------------------------------------------------------------------
