[node-1:16418] *** Process received signal ***
[node-1:16418] Signal: Segmentation fault (11)
[node-1:16418] Signal code: Address not mapped (1)
[node-1:16418] Failing at address: 0x7ffd2958aa90
[node-1:16418] [ 0] /lib/x86_64-linux-gnu/libc.so.6(+0x3ef10)[0x7faeea1b1f10]
[node-1:16418] [ 1] ./main(+0x10ad)[0x55c7b5bea0ad]
[node-1:16418] [ 2] ./main(+0x12b6)[0x55c7b5bea2b6]
[node-1:16418] [ 3] ./main(+0x1601)[0x55c7b5bea601]
[node-1:16418] [ 4] /lib/x86_64-linux-gnu/libc.so.6(__libc_start_main+0xe7)[0x7faeea194c87]
[node-1:16418] [ 5] ./main(+0xb1a)[0x55c7b5be9b1a]
[node-1:16418] *** End of error message ***
[node-3:22214] *** Process received signal ***
[node-3:22214] Signal: Segmentation fault (11)
[node-3:22214] Signal code: Address not mapped (1)
[node-3:22214] Failing at address: 0x7ffbf2219220
[node-2:01140] *** Process received signal ***
[node-2:01140] Signal: Segmentation fault (11)
[node-2:01140] Signal code: Address not mapped (1)
[node-2:01140] Failing at address: 0x7ffe091b7cb0
[node-3:22214] [ 0] /lib/x86_64-linux-gnu/libc.so.6(+0x3ef10)[0x7f5e00085f10]
[node-3:22214] [ 1] ./main(+0x10ad)[0x56333b20e0ad]
[node-3:22214] [ 2] ./main(+0x12b6)[0x56333b20e2b6]
[node-3:22214] [ 3] ./main[node-2:01140] [ 0] (+0x1601)[0x56333b20e601]
[node-3:22214] [ 4] /lib/x86_64-linux-gnu/libc.so.6(__libc_start_main+0xe7)[0x7f5e00068c87]
[node-3:22214] [ 5] ./main(+0xb1a)[0x56333b20db1a]
[node-3:22214] *** End of error message ***
/lib/x86_64-linux-gnu/libc.so.6(+0x3ef10)[0x7fbd87ef5f10]
[node-2:01140] [ 1] ./main(+0x10ad)[0x559cfa01c0ad]
[node-2:01140] [ 2] ./main(+0x12b6)[0x559cfa01c2b6]
[node-2:01140] [ 3] ./main(+0x1601)[0x559cfa01c601]
[node-2:01140] [ 4] /lib/x86_64-linux-gnu/libc.so.6(__libc_start_main+0xe7)[0x7fbd87ed8c87]
[node-2:01140] [ 5] ./main(+0xb1a)[0x559cfa01bb1a]
[node-2:01140] *** End of error message ***
[node-5:15922] *** Process received signal ***
[node-5:15922] Signal: Segmentation fault (11)
[node-5:15922] Signal code: Address not mapped (1)
[node-5:15922] Failing at address: 0x7ffb4f8c4d60
[node-5:15922] [ 0] /lib/x86_64-linux-gnu/libc.so.6(+0x3ef10)[0x7fa74fc5af10]
[node-5:15922] [ 1] ./main(+0x10ad)[0x5563cf9ce0ad]
[node-5:15922] [ 2] ./main(+0x12b6)[0x5563cf9ce2b6]
[node-5:15922] [ 3] ./main(+0x1601)[0x5563cf9ce601]
[node-5:15922] [ 4] /lib/x86_64-linux-gnu/libc.so.6(__libc_start_main+0xe7)[0x7fa74fc3dc87]
[node-5:15922] [ 5] ./main(+0x[node-4:08140] *** Process received signal ***
[node-4:08140] Signal: Segmentation fault (11)
[node-4:08140] Signal code: Address not mapped (1)
[node-4:08140] Failing at address: 0x7ffcefdd91d0
b1a)[0x5563cf9cdb1a]
[node-5:15922] *** End of error message ***
[node-4:08140] [ 0] /lib/x86_64-linux-gnu/libc.so.6(+0x3ef10)[0x7fe910d4af10]
[node-4:08140] [ 1] ./main(+0x10ad)[0x55668d7790ad]
[node-4:08140] [ 2] ./main(+0x12b6)[0x55668d7792b6]
[node-4:08140] [ 3] ./main(+0x1601)[0x55668d779601]
[node-4:08140] [ 4] /lib/x86_64-linux-gnu/libc.so.6(__libc_start_main+0xe7)[0x7fe910d2dc87]
[node-4:08140] [ 5] ./main(+0xb1a)[0x55668d778b1a]
[node-4:08140] *** End of error message ***
--------------------------------------------------------------------------
mpirun noticed that process rank 0 with PID 0 on node node-1 exited on signal 11 (Segmentation fault).
--------------------------------------------------------------------------
