[node-9:01473] *** Process received signal ***
[node-9:01473] Signal: Segmentation fault (11)
[node-9:01473] Signal code: Address not mapped (1)
[node-9:01473] Failing at address: 0x7ffd3aad0800
[node-9:01473] [ 0] /lib/x86_64-linux-gnu/libc.so.6(+0x3ef10)[0x7f01efebbf10]
[node-9:01473] [ 1] ./main(+0x10ad)[0x55ca3478b0ad]
[node-9:01473] [ 2] ./main(+0x12b6)[0x55ca3478b2b6]
[node-9:01473] [ 3] ./main(+0x1601)[0x55ca3478b601]
[node-9:01473] [ 4] /lib/x86_64-linux-gnu/libc.so.6(__libc_start_main+0xe7)[0x7f01efe9ec87]
[node-9:01473] [ 5] ./main(+0xb1a)[0x55ca3478ab1a]
[node-9:01473] *** End of error message ***
[node-10:17768] *** Process received signal ***
[node-10:17768] Signal: Segmentation fault (11)
[node-10:17768] Signal code: Address not mapped (1)
[node-10:17768] Failing at address: 0x7ffea3716480
[node-10:17768] [ 0] /lib/x86_64-linux-gnu/libc.so.6(+0x3ef10)[0x7fcdd80fcf10]
[node-10:17768] [ 1] ./main(+0x10ad)[0x5574ba7a40ad]
[node-10:17768] [ 2] ./main(+0x12b6)[0x5574ba7a42b6]
[node-10:17768] [ 3] ./main(+0x1601)[0x5574ba7a4601]
[node-10:17768] [ 4] /lib/x86_64-linux-gnu/libc.so.6(__libc_start_main+0xe7)[0x7fcdd80dfc87]
[node-10:17768] [ 5] ./main(+0xb1a)[0x5574ba7a3b1a]
[node-10:17768] *** End of error message ***
--------------------------------------------------------------------------
mpirun noticed that process rank 1 with PID 17768 on node node-10 exited on signal 11 (Segmentation fault).
--------------------------------------------------------------------------
