[node-1:26587] *** Process received signal ***
[node-1:26587] Signal: Segmentation fault (11)
[node-1:26587] Signal code: Address not mapped (1)
[node-1:26587] Failing at address: 0x7ffdde23f530
[node-1:26587] [ 0] /lib/x86_64-linux-gnu/libc.so.6(+0x3ef10)[0x7fd5dde74f10]
[node-1:26587] [ 1] ./main(+0x10ad)[0x55a3c90a70ad]
[node-1:26587] [ 2] ./main(+0x12b6)[0x55a3c90a72b6]
[node-1:26587] [ 3] ./main(+0x1601)[0x55a3c90a7601]
[node-1:26587] [ 4] /lib/x86_64-linux-gnu/libc.so.6(__libc_start_main+0xe7)[0x7fd5dde57c87]
[node-1:26587] [ 5] ./main(+0xb1a)[0x55a3c90a6b1a]
[node-1:26587] *** End of error message ***
[node-3:31301] *** Process received signal ***
[node-3:31301] Signal: Segmentation fault (11)
[node-3:31301] Signal code: Address not mapped (1)
[node-3:31301] Failing at address: 0x7ffb5d9f7550
[node-2:11494] *** Process received signal ***
[node-2:11494] Signal: Segmentation fault (11)
[node-2:11494] Signal code: Address not mapped (1)
[node-2:11494] Failing at address: 0x7ffd61df5ce0
[node-3:31301] [ 0] /lib/x86_64-linux-gnu/libc.so.6(+0x3ef10)[0x7fdbf0d69f10]
[node-3:31301] [ 1] ./main(+0x10ad)[0x55dd259b00ad]
[node-2:11494] [ 0] [node-3:31301] [ 2] ./main(+0x12b6)[0x55dd259b02b6]
[node-3:31301] [ 3] ./main(+0x1601)[0x/lib/x86_64-linux-gnu/libc.so.6(+0x3ef10)[0x7f7424c42f10]
[node-2:11494] [ 1] ./main(+0x10ad)[0x55817c75a0ad]
[node-2:11494] [ 2] ./main(+0x12b6)[0x55817c75a2b6]
[node-2:11494] [ 3] 55dd259b0601]
[node-3:31301] [ 4] /lib/x86_64-linux-gnu/libc.so.6(__libc_start_main+0xe7)[0x7fdbf0d4cc87]
[node-3:31301] [ 5] ./main(+0x./main(+0x1601)[0x55817c75a601]
[node-2:11494] [ 4] /lib/x86_64-linux-gnu/libc.so.6(__libc_start_main+0xe7)[0x7f7424c25c87]
[node-2:11494] [ 5] ./main(+0xb1a)[0x55817c759b1a]
[node-2:11494] *** End of error message ***
b1a)[0x55dd259afb1a]
[node-3:31301] *** End of error message ***
--------------------------------------------------------------------------
mpirun noticed that process rank 0 with PID 0 on node node-1 exited on signal 11 (Segmentation fault).
--------------------------------------------------------------------------
