[node-1:21528] *** Process received signal ***
[node-1:21528] Signal: Segmentation fault (11)
[node-1:21528] Signal code:  (128)
[node-1:21528] Failing at address: (nil)
[node-1:21528] [ 0] /lib/x86_64-linux-gnu/libc.so.6[node-6:07089] *** Process received signal ***
[node-6:07089] Signal: Segmentation fault (11)
[node-6:07089] Signal code: Address not mapped (1)
[node-6:07089] Failing at address: 0x7fff649b75e0
[node-6:07089] [ 0] [node-2:06356] *** Process received signal ***
[node-2:06356] Signal: Segmentation fault (11)
[node-2:06356] Signal code: Address not mapped (1)
[node-2:06356] Failing at address: 0x7fff0592a7f0
(+0x3ef10)[0x7fe92e9f7f10]
[node-1:21528] [ 1] ./main(+0x10ad)[0x5567691310ad]
[node-1:21528] [ 2] ./main(+0x12b6)[0x5567691312b6]
[node-1:21528] [ 3] ./main(+0x1601)[0x556769131601]
[node-1:21528] [ 4] /lib/x86_64-linux-gnu/libc.so.6(+0x3ef10)[0x7f30a3089f10]
[node-6:07089] [ 1] ./main(+0x10ad)[0x5645361340ad]
[node-6:07089] [ 2] ./main(+0x12b6)[0x5645361342b6]
[node-6:07089] [ 3] ./main(+0x1601)[0x564536134601]
[node-6:07089] [ 4] /lib/x86_64-linux-gnu/libc.so.6(__libc_start_main+0xe7)[0x7f30a306cc87]
[node-6:07089] [ 5] ./main[node-3:26788] *** Process received signal ***
[node-3:26788] Signal: Segmentation fault (11)
[node-3:26788] Signal code: Address not mapped (1)
[node-3:26788] Failing at address: 0x7ffe394ebf00
[node-2:06356] [ 0] (+0xb1a)[0x564536133b1a]
[node-6:07089] *** End of error message ***
[node-3:26788] [ 0] /lib/x86_64-linux-gnu/libc.so.6(+0x3ef10)[0x7f426e178f10]
[node-2:06356] [ 1] ./main(+0x10ad)[0x5634aac400ad]
[node-2:06356] [ 2] ./main(+0x12b6)[0x5634aac402b6]
[node-2:06356] [ 3] ./main(+0x1601)[0x/lib/x86_64-linux-gnu/libc.so.6(__libc_start_main+0xe7)[0x7fe92e9dac87]
[node-1:21528] [ 5] ./main(+0xb1a)[0x556769130b1a]
[node-1:21528] *** End of error message ***
/lib/x86_64-linux-gnu/libc.so.6(+0x3ef10)[0x7fcfdfb37f10]
[node-3:26788] [ 1] ./main(+0x10ad)[0x564d0bc4b0ad]
[node-3:26788] [ 2] 5634aac40601]
[node-2:06356] [ 4] /lib/x86_64-linux-gnu/libc.so.6(__libc_start_main+0xe7)[0x7f426e15bc87]
[node-2:06356] [ 5] ./main(./main(+0x12b6)[0x564d0bc4b2b6]
[node-3:26788] [ 3] ./main(+0x1601)[0x564d0bc4b601]
[node-3:26788] +0xb1a)[0x5634aac3fb1a]
[node-2:06356] *** End of error message ***
[ 4] /lib/x86_64-linux-gnu/libc.so.6(__libc_start_main+0xe7)[0x7fcfdfb1ac87]
[node-3:26788] [ 5] ./main(+0xb1a)[0x564d0bc4ab1a]
[node-3:26788] *** End of error message ***
[node-4:13453] *** Process received signal ***
[node-4:13453] Signal: Segmentation fault (11)
[node-4:13453] Signal code: Address not mapped (1)
[node-4:13453] Failing at address: 0x7fff82e6d790
[node-4:13453] [ 0] /lib/x86_64-linux-gnu/libc.so.6[node-5:21125] *** Process received signal ***
[node-5:21125] Signal: Segmentation fault (11)
[node-5:21125] Signal code: Address not mapped (1)
[node-5:21125] Failing at address: 0x7ffe4b7045f0
(+0x3ef10)[node-5:21125] [ 0] /lib/x86_64-linux-gnu/libc.so.6(+0x3ef10)[0x7faf64e5df10]
[node-5:21125] [ 1] ./main(+0x[0x7fe97dee3f10]
[node-4:13453] [ 1] ./main(+0x10ad)10ad)[0x5559482a00ad]
[node-5:21125] [ 2] ./main(+0x12b6)[0x5559482a02b6]
[node-5:21125] [ 3] ./main(+0x1601)[0x5559482a0601[0x5563de7110ad]
[node-4:13453] [ 2] ./main(+0x12b6)[0x5563de7112b6]
[node-4:13453] [ 3] ./main(+0x1601)[0x5563de711601]
[node-4:13453] [ 4] /lib/x86_64-linux-gnu/libc.so.6(__libc_start_main+0xe7]
[node-5:21125] [ 4] /lib/x86_64-linux-gnu/libc.so.6(__libc_start_main+0xe7)[0x7faf64e40c87]
[node-5:21125] [ 5] ./main(+0xb1a)[0x55594829fb1a]
)[0x7fe97dec6c87]
[node-4:13453] [ 5] ./main(+0xb1a)[0x5563de710b1a]
[node-4:13453] *** End of error message ***
[node-5:21125] *** End of error message ***
--------------------------------------------------------------------------
mpirun noticed that process rank 5 with PID 7089 on node node-6 exited on signal 11 (Segmentation fault).
--------------------------------------------------------------------------
