[node-1:26135] *** Process received signal ***
[node-1:26135] Signal: Segmentation fault (11)
[node-1:26135] Signal code:  (128)
[node-1:26135] Failing at address: (nil)
[node-1:26135] [ 0] /lib/x86_64-linux-gnu/libc.so.6(+0x3ef10)[0x7febf75a1f10]
[node-1:26135] [ 1] ./main(+0x10ad)[0x55ad77e350ad]
[node-1:26135] [ 2] ./main(+0x12b6)[0x55ad77e352b6]
[node-1:26135] [ 3] ./main(+0x1601)[0x55ad77e35601]
[node-1:26135] [ 4] /lib/x86_64-linux-gnu/libc.so.6(__libc_start_main+0xe7)[0x7febf7584c87]
[node-1:26135] [ 5] ./main(+0xb1a)[0x55ad77e34b1a]
[node-1:26135] *** End of error message ***
[node-3:30910] *** Process received signal ***
[node-3:30910] Signal: Segmentation fault (11)
[node-3:30910] Signal code:  (128)
[node-3:30910] Failing at address: (nil)
[node-2:11025] *** Process received signal ***
[node-2:11025] Signal: Segmentation fault (11)
[node-2:11025] Signal code: Address not mapped (1)
[node-2:11025] Failing at address: 0x7ffe34965b80
[node-3:30910] [ 0] /lib/x86_64-linux-gnu/libc.so.6(+0x3ef10)[0x7f44a7309f10]
[node-3:30910] [ 1] ./main(+0x10ad)[0x55fbb0d990ad[node-2:11025] [ 0] /lib/x86_64-linux-gnu/libc.so.6(+0x3ef10)[0x7f0bd9132f10]
[node-2:11025] [ 1] ./main(+0x10ad)]
[node-3:30910] [ 2] ./main(+0x12b6)[0x55fbb0d992b6]
[node-3:30910] [ 3] ./main([0x55ddb450b0ad]
[node-2:11025] [ 2] ./main(+0x12b6)+0x1601)[0x55fbb0d99601]
[node-3:30910] [ 4] [0x55ddb450b2b6]
[node-2:11025] [ 3] ./main(+0x1601)[0x55ddb450b601]
[node-2:11025] [ 4] /lib/x86_64-linux-gnu/libc.so.6(__libc_start_main+0xe7)[0x7f0bd9115c87]
[node-2:11025] [ 5] ./main(+0xb1a)[0x55ddb450ab1a]
[node-2:11025] *** End of error message ***
/lib/x86_64-linux-gnu/libc.so.6(__libc_start_main+0xe7)[0x7f44a72ecc87]
[node-3:30910] [ 5] ./main(+0xb1a)[0x55fbb0d98b1a]
[node-3:30910] *** End of error message ***
[node-8:24229] *** Process received signal ***
[node-8:24229] Signal: Segmentation fault (11)
[node-8:24229] Signal code: Address not mapped (1)
[node-8:24229] Failing at address: 0x7fff94d4b250
[node-8:24229] [ 0] /lib/x86_64-linux-gnu/libc.so.6(+0x3ef10)[0x7f8d20386f10]
[node-8:24229] [ 1] ./main(+0x10ad)[0x557c5969a0ad]
[node-8:24229] [ 2] ./main(+0x12b6)[0x557c5969a2b6]
[node-8:24229] [ 3] ./main(+0x1601)[0x557c5969a601]
[node-8:24229] [ 4] /lib/x86_64-linux-gnu/libc.so.6[node-9:06195] *** Process received signal ***
[node-9:06195] Signal: Segmentation fault (11)
[node-9:06195] Signal code:  (128)
[node-9:06195] Failing at address: (nil)
[node-9:06195] [ 0] /lib/x86_64-linux-gnu/libc.so.6(+0x3ef10)[0x7fe8b5fe6f10(__libc_start_main+0xe7)[0x7f8d20369c87]
[node-8:24229] [ 5] ./main(+0xb1a)[0x557c59699b1a]
[node-8:24229] *** End of error message ***
]
[node-9:06195] [ 1] ./main(+0x10ad)[0x55b85d5c70ad]
[node-9:06195] [ 2] ./main(+0x12b6)[0x55b85d5c72b6]
[node-9:06195] [ 3] ./main(+0x1601)[0x55b85d5c7601]
[node-9:06195] [ 4] /lib/x86_64-linux-gnu/libc.so.6(__libc_start_main+0xe7)[0x7fe8b5fc9c87]
[node-9:06195] [ 5] ./main(+0xb1a)[0x55b85d5c6b1a]
[node-9:06195] *** End of error message ***
--------------------------------------------------------------------------
mpirun noticed that process rank 1 with PID 11025 on node node-2 exited on signal 11 (Segmentation fault).
--------------------------------------------------------------------------
