[node-5:09613] *** Process received signal ***
[node-5:09613] Signal: Segmentation fault (11)
[node-5:09613] Signal code: Address not mapped (1)
[node-5:09613] Failing at address: 0x7ffef1899900
[node-5:09613] [ 0] /lib/x86_64-linux-gnu/libc.so.6(+0x3ef10)[0x7f91dd946f10]
[node-5:09613] [ 1] ./main(+0x10ad)[0x560204aa40ad]
[node-5:09613] [ 2] ./main(+0x12b6)[0x560204aa42b6]
[node-5:09613] [ 3] ./main(+0x1601)[0x560204aa4601]
[node-5:09613] [ 4] /lib/x86_64-linux-gnu/libc.so.6(__libc_start_main+0xe7)[0x7f91dd929c87]
[node-5:09613] [ 5] ./main(+0xb1a)[0x560204aa3b1a]
[node-5:09613] *** End of error message ***
[node-7:19853] *** Process received signal ***
[node-7:19853] Signal: Segmentation fault (11)
[node-7:19853] Signal code: Address not mapped (1)
[node-7:19853] Failing at address: 0x7fff88962200
[node-7:19853] [ 0] /lib/x86_64-linux-gnu/libc.so.6(+0x3ef10)[0x7fce5315ff10]
[node-7:19853] [ 1] ./main(+0x10ad)[0x55723ea890ad]
[node-7:19853] [ 2] ./main(+0x12b6)[0x55723ea892b6]
[node-7:19853] [ 3] ./main(+0x1601)[0x55723ea89601]
[node-7:19853] [ 4] /lib/x86_64-linux-gnu/libc.so.6(__libc_start_main+0xe7)[0x7fce53142c87]
[node-7:19853] [ 5] ./main(+0xb1a)[0x55723ea88b1a]
[node-7:19853] *** End of error message ***
[node-6:29224] *** Process received signal ***
[node-6:29224] Signal: Segmentation fault (11)
[node-6:29224] Signal code: Address not mapped (1)
[node-6:29224] Failing at address: 0x7fff90ca9f60
[node-6:29224] [ 0] /lib/x86_64-linux-gnu/libc.so.6(+0x3ef10)[0x7fbe94b7cf10]
[node-6:29224] [ 1] ./main(+0x10ad)[0x55ad8490e0ad]
[node-6:29224] [ 2] ./main(+0x12b6)[0x55ad8490e2b6]
[node-6:29224] [ 3] ./main(+0x1601)[0x55ad8490e601]
[node-6:29224] [ 4] /lib/x86_64-linux-gnu/libc.so.6(__libc_start_main+0xe7)[0x7fbe94b5fc87]
[node-6:29224] [ 5] ./main(+0xb1a)[0x55ad8490db1a]
[node-6:29224] *** End of error message ***
[node-8:16111] *** Process received signal ***
[node-8:16111] Signal: Segmentation fault (11)
[node-8:16111] Signal code: Address not mapped (1)
[node-8:16111] Failing at address: 0x7ffecd31d1e0
[node-8:16111] [ 0] /lib/x86_64-linux-gnu/libc.so.6(+0x3ef10)[0x7f4e18275f10]
[node-8:16111] [ 1] ./main(+0x10ad)[0x555c1c8170ad]
[node-8:16111] [ 2] ./main(+0x12b6)[0x555c1c8172b6]
[node-8:16111] [ 3] ./main(+0x1601)[0x555c1c817601]
[node-8:16111] [ 4] /lib/x86_64-linux-gnu/libc.so.6(__libc_start_main+0xe7)[0x7f4e18258c87]
[node-8:16111] [ 5] ./main(+0xb1a)[0x555c1c816b1a]
[node-8:16111] *** End of error message ***
--------------------------------------------------------------------------
mpirun noticed that process rank 1 with PID 29224 on node node-6 exited on signal 11 (Segmentation fault).
--------------------------------------------------------------------------
