[node-1:24304] *** Process received signal ***
[node-1:24304] Signal: Segmentation fault (11)
[node-1:24304] Signal code:  (128)
[node-1:24304] Failing at address: (nil)
[node-1:24304] [ 0] /lib/x86_64-linux-gnu/libc.so.6(+0x3ef10)[0x7fda704abf10]
[node-1:24304] [ 1] ./main_openmp(+0x10dd)[0x564624e570dd]
[node-1:24304] [ 2] ./main_openmp(+0x12e6)[0x564624e572e6]
[node-1:24304] [ 3] ./main_openmp(+0x1631)[0x564624e57631]
[node-1:24304] [ 4] /lib/x86_64-linux-gnu/libc.so.6(__libc_start_main+0xe7)[0x7fda7048ec87]
[node-1:24304] [ 5] ./main_openmp(+0xb1a)[0x564624e56b1a]
[node-1:24304] *** End of error message ***
[node-2:09092] *** Process received signal ***
[node-2:09092] Signal: Segmentation fault (11)
[node-2:09092] Signal code:  (128)
[node-2:09092] Failing at address: (nil)
[node-3:29249] *** Process received signal ***
[node-3:29249] Signal: Segmentation fault (11)
[node-3:29249] Signal code: Address not mapped (1)
[node-3:29249] Failing at address: 0x7ffd4a5ef1f0
[node-7:30812] *** Process received signal ***
[node-7:30812] Signal: Segmentation fault (11)
[node-7:30812] Signal code: Address not mapped (1)
[node-7:30812] Failing at address: 0x7fff2f8ca4d0
[node-2:09092] [ 0] /lib/x86_64-linux-gnu/libc.so.6(+0x3ef10)[0x7f4c57a4af10]
[node-2:09092] [ 1] ./main_openmp(+0x10dd)[0x5649eda850dd]
[node-2:09092] [ 2] ./main_openmp(+0x12e6)[0x5649eda852e6]
[node-2:09092] [ 3] [node-3:29249] [ 0] [node-5:23811] *** Process received signal ***
[node-5:23811] Signal: Segmentation fault (11)
[node-5:23811] Signal code: Address not mapped (1)
[node-5:23811] Failing at address: 0x7ffdfe465170
[node-5:23811] [ 0] [node-6:09655] *** Process received signal ***
[node-6:09655] Signal: Segmentation fault (11)
[node-6:09655] Signal code: Address not mapped (1)
[node-6:09655] Failing at address: 0x7ffef5df2df0
[node-6:09655] [ 0] /lib/x86_64-linux-gnu/libc.so.6(+0x3ef10)[0x7f079ac5bf10]
[node-6:09655] [ 1] ./main_openmp(+0x10dd)[0x56061b5b90dd]
[node-6:09655] [ 2] ./main_openmp(+0x12e6)[0x56061b5b92e6]
[node-6:09655] [ 3] ./main_openmp(+0x1631)[0x56061b5b9631]
[node-7:30812] [ 0] ./main_openmp(+0x1631)[0x5649eda85631]
[node-2:09092] [ 4] /lib/x86_64-linux-gnu/libc.so.6(__libc_start_main+0xe7)[0x7f4c57a2dc87]
/lib/x86_64-linux-gnu/libc.so.6(+0x3ef10)[0x7fb0fb5fff10]
[node-3:29249] [ 1] ./main_openmp(+0x10dd)[0x561b597920dd]
[node-3:29249] [ 2] ./main_openmp(+0x12e6)[0x561b597922e6]
[node-3:29249] [ 3] ./main_openmp(+0x1631)[0x561b59792631]
[node-3:29249] [ 4] /lib/x86_64-linux-gnu/libc.so.6(__libc_start_main+0xe7)[0x7fb0fb5e2c87]
[node-3:29249] [ 5] ./main_openmp(+0xb1a)[0x561b59791b1a]
[node-3:29249] *** End of error message ***
/lib/x86_64-linux-gnu/libc.so.6(+0x3ef10)[0x7f6c1f148f10]
[node-5:23811] [ 1] ./main_openmp(+0x10dd)[0x5572d2cfd0dd]
[node-5:23811] [ 2] ./main_openmp(+0x12e6)[0x5572d2cfd2e6]
[node-5:23811] [node-6:09655] [ 4] /lib/x86_64-linux-gnu/libc.so.6(__libc_start_main+0xe7)[0x7f079ac3ec87]
[node-6:09655] [ 5] ./main_openmp(+0xb1a)[0x56061b5b8b1a]
[node-6:09655] *** End of error message ***
/lib/x86_64-linux-gnu/libc.so.6(+0x3ef10)[0x7fa8c5626f10]
[node-7:30812] [ 1] ./main_openmp(+0x10dd)[0x56271d4b60dd]
[node-7:30812] [ 2] ./main_openmp(+0x12e6)[0x56271d4b62e6]
[node-7:30812] [ 3] [node-2:09092] [ 5] ./main_openmp(+0xb1a)[0x5649eda84b1a]
[node-2:09092] *** End of error message ***
[node-4:16200] *** Process received signal ***
[node-4:16200] Signal: Segmentation fault (11)
[node-4:16200] Signal code: Address not mapped (1)
[node-4:16200] Failing at address: 0x7ffca162c850
[ 3] ./main_openmp(+0x1631)[0x5572d2cfd631]
[node-5:23811] [ 4] /lib/x86_64-linux-gnu/libc.so.6(__libc_start_main+0xe7)[0x7f6c1f12bc87]
[node-5:23811] [ 5] ./main_openmp(+0xb1a)[0x5572d2cfcb1a]
[node-5:23811] *** End of error message ***
./main_openmp(+0x1631)[0x56271d4b6631]
[node-7:30812] [ 4] [node-4:16200] [ 0] /lib/x86_64-linux-gnu/libc.so.6(__libc_start_main+0xe7)[0x7fa8c5609c87]
[node-7:30812] [ 5] ./main_openmp(+0xb1a)[0x56271d4b5b1a]
[node-7:30812] *** End of error message ***
/lib/x86_64-linux-gnu/libc.so.6(+0x3ef10)[0x7fb79f445f10]
[node-4:16200] [ 1] ./main_openmp(+0x10dd)[0x5638e6fe80dd]
[node-4:16200] [ 2] ./main_openmp(+0x12e6)[0x5638e6fe82e6]
[node-4:16200] [ 3] ./main_openmp(+0x1631)[0x5638e6fe8631]
[node-4:16200] [ 4] /lib/x86_64-linux-gnu/libc.so.6(__libc_start_main+0xe7)[0x7fb79f428c87]
[node-4:16200] [ 5] ./main_openmp(+0xb1a)[0x5638e6fe7b1a]
[node-4:16200] *** End of error message ***
--------------------------------------------------------------------------
mpirun noticed that process rank 0 with PID 0 on node node-1 exited on signal 11 (Segmentation fault).
--------------------------------------------------------------------------
