[node-6:07777] *** Process received signal ***
[node-6:07777] Signal: Segmentation fault (11)
[node-6:07777] Signal code: Address not mapped (1)
[node-6:07777] Failing at address: 0x7ffdad80f7d0
[node-6:07777] [ 0] /lib/x86_64-linux-gnu/libc.so.6(+0x3ef10)[0x7f15685fdf10]
[node-6:07777] [ 1] ./main(+0x10ad)[0x55b0867ca0ad]
[node-6:07777] [ 2] ./main(+0x12b6)[0x55b0867ca2b6]
[node-6:07777] [ 3] ./main(+0x1601)[0x55b0867ca601]
[node-6:07777] [ 4] /lib/x86_64-linux-gnu/libc.so.6(__libc_start_main+0xe7)[0x7f15685e0c87]
[node-6:07777] [ 5] ./main(+0xb1a)[0x55b0867c9b1a]
[node-6:07777] *** End of error message ***
[node-7:29196] *** Process received signal ***
[node-7:29196] Signal: Segmentation fault (11)
[node-7:29196] Signal code: Address not mapped (1)
[node-7:29196] Failing at address: 0x7ffabf16f1c0
[node-8:22314] *** Process received signal ***
[node-8:22314] Signal: Segmentation fault (11)
[node-8:22314] Signal code: Address not mapped (1)
[node-8:22314] Failing at address: 0x7ffc159f3d00
[node-9:04226] *** Process received signal ***
[node-9:04226] Signal: Segmentation fault (11)
[node-9:04226] Signal code: Address not mapped (1)
[node-9:04226] Failing at address: 0x7ffb9141ff20
[node-10:19620] *** Process received signal ***
[node-10:19620] Signal: Segmentation fault (11)
[node-10:19620] Signal code: Address not mapped (1)
[node-10:19620] Failing at address: 0x7ffacb550510
[node-7:29196] [ 0] /lib/x86_64-linux-gnu/libc.so.6(+0x3ef10)[0x7f6f88ee2f10]
[node-7:29196] [ 1] ./main(+0x10ad)[0x55b0dc76d0ad]
[node-7:29196] [ 2] ./main(+0x[node-8:22314] [ 0] [node-9:04226] [ 0] /lib/x86_64-linux-gnu/libc.so.6(+0x3ef10)[0x7f8f093d4f10]
[node-9:04226] [ 1] ./main(+0x10ad)[0x557fa8cdd0ad[node-10:19620] [ 0] /lib/x86_64-linux-gnu/libc.so.6(+0x3ef10)[0x7fd524b3af10]
[node-10:19620] [ 1] ./main(+0x10ad)[0x55ac45c8f0ad]
[node-10:19620] [ 2] ./main(+0x12b6)[0x55ac45c8f2b6]
12b6)[0x55b0dc76d2b6]
[node-7:29196] [ 3] ./main(+0x1601)[0x55b0dc76d601]
[node-7:29196] [ 4] /lib/x86_64-linux-gnu/libc.so.6(__libc_start_main+0xe7)[0x7f6f88ec5c87]
[node-7:29196] [ 5] ./main(+0xb1a)[0x55b0dc76cb1a]
/lib/x86_64-linux-gnu/libc.so.6(+0x3ef10)[0x7f7d89729f10]
[node-8:22314] [ 1] ./main(+0x10ad)[0x55daa11440ad]
[node-8:22314] [ 2] ./main(+0x12b6)[0x55daa11442b6]
[node-8:22314] [ 3] ./main(+0x1601)[0x55daa1144601]
[node-8:22314] [ 4] /lib/x86_64-linux-gnu/libc.so.6(__libc_start_main+0xe7)[0x7f7d8970cc87]
[node-8:22314] ]
[node-9:04226] [ 2] ./main(+0x12b6)[0x557fa8cdd2b6]
[node-9:04226] [ 3] ./main(+0x1601)[0x557fa8cdd601]
[node-10:19620] [ 3] ./main(+0x1601)[0x55ac45c8f601]
[node-10:19620] [ 4] [node-7:29196] *** End of error message ***
[ 5] ./main(+0xb1a)[0x55daa1143b1a]
[node-8:22314] *** End of error message ***
[node-9:04226] [ 4] /lib/x86_64-linux-gnu/libc.so.6(__libc_start_main+0xe7)[0x7f8f093b7c87]
[node-9:04226] /lib/x86_64-linux-gnu/libc.so.6(__libc_start_main+0xe7)[0x7fd524b1dc87]
[node-10:19620] [ 5] ./main(+0xb1a)[0x55ac45c8eb1a]
[node-10:19620] *** End of error message ***
[ 5] ./main(+0xb1a)[0x557fa8cdcb1a]
[node-9:04226] *** End of error message ***
--------------------------------------------------------------------------
mpirun noticed that process rank 0 with PID 0 on node node-6 exited on signal 11 (Segmentation fault).
--------------------------------------------------------------------------
