[node-1:23100] *** Process received signal ***
[node-1:23100] Signal: Segmentation fault (11)
[node-1:23100] Signal code: Address not mapped (1)
[node-1:23100] Failing at address: 0x7ffe9e3263a0
[node-1:23100] [ 0] /lib/x86_64-linux-gnu/libc.so.6(+0x3ef10)[0x7f1812ca9f10]
[node-1:23100] [ 1] ./main_openmp(+0x10dd)[0x559a576130dd]
[node-1:23100] [ 2] ./main_openmp(+0x12e6)[0x559a576132e6]
[node-1:23100] [node-5:22637] *** Process received signal ***
[node-5:22637] Signal: Segmentation fault (11)
[node-5:22637] Signal code:  (128)
[node-5:22637] Failing at address: (nil)
[node-5:22637] [ 0] /lib/x86_64-linux-gnu/libc.so.6(+0x3ef10)[0x7fdc0c4c3f10]
[node-5:22637] [ 1] ./main_openmp(+0x10dd[ 3] ./main_openmp(+0x1631)[0x559a57613631]
[node-1:23100] )[0x5567779090dd]
[node-5:22637] [ 2] ./main_openmp(+0x12e6)[0x5567779092e6]
[node-5:22637] [ 3] ./main_openmp(+0x1631)[0x556777909631]
[ 4] [node-5:22637] [ 4] /lib/x86_64-linux-gnu/libc.so.6(__libc_start_main+0xe7)[0x7fdc0c4a6c87]
/lib/x86_64-linux-gnu/libc.so.6(__libc_start_main+0xe7)[0x7f1812c8cc87]
[node-1:23100] [ 5] ./main_openmp(+0xb1a)[0x559a57612b1a]
[node-5:22637] [ 5] ./main_openmp(+0xb1a)[0x556777908b1a]
[node-1:23100] *** End of error message ***
[node-5:22637] *** End of error message ***
[node-2:07903] *** Process received signal ***
[node-2:07903] Signal: Segmentation fault (11)
[node-2:07903] Signal code: Address not mapped (1)
[node-2:07903] Failing at address: 0x7fff91027d30
[node-3:28215] *** Process received signal ***
[node-3:28215] Signal: Segmentation fault (11)
[node-3:28215] Signal code: Address not mapped (1)
[node-3:28215] Failing at address: 0x7ffe98b50730
[node-4:14977] *** Process received signal ***
[node-4:14977] Signal: Segmentation fault (11)
[node-4:14977] Signal code: Address not mapped (1)
[node-4:14977] Failing at address: 0x7ffffbe422a0
[node-6:08554] *** Process received signal ***
[node-6:08554] Signal: Segmentation fault (11)
[node-6:08554] Signal code: Address not mapped (1)
[node-6:08554] Failing at address: 0x7fff1a7acf40
[node-3:28215] [ 0] /lib/x86_64-linux-gnu/libc.so.6(+0x3ef10)[0x7ffa6c879f10]
[node-3:28215] [ 1] ./main_openmp(+0x10dd)[0x55fce52f30dd]
[node-3:28215] [ 2] ./main_openmp(+0x12e6)[0x55fce52f32e6]
[node-3:28215] [node-4:14977] [ 0] [node-2:07903] [ 0] [node-7:29887] *** Process received signal ***
[node-7:29887] Signal: Segmentation fault (11)
[node-7:29887] Signal code: Address not mapped (1)
[node-7:29887] Failing at address: 0x7ffded661270
[ 3] ./main_openmp(+0x1631)[0x55fce52f3631]
[node-3:28215] [ 4] /lib/x86_64-linux-gnu/libc.so.6(__libc_start_main+0xe7)[0x/lib/x86_64-linux-gnu/libc.so.6/lib/x86_64-linux-gnu/libc.so.6(+0x3ef10)[0x7f8b4bfaaf10]
[node-2:07903] [ 1] ./main_openmp(+0x10dd)[0x5583a342d0dd]
[node-2:07903] [ 2] ./main_openmp(+0x12e6)[0x5583a342d2e6]
[node-2:07903] [ 3] ./main_openmp(+0x1631)[0x5583a342d631]
[node-2:07903] [ 4] [node-7:29887] [ 0] /lib/x86_64-linux-gnu/libc.so.6(+0x3ef10)[0x7f6d31e86f10]
[node-7:29887] [ 1] ./main_openmp(+0x7ffa6c85cc87]
[node-3:28215] [ 5] (+0x3ef10)[0x7ff340d75f10/lib/x86_64-linux-gnu/libc.so.6(__libc_start_main+0xe7)[0x7f8b4bf8dc87]
[node-2:07903] [ 5] ./main_openmp(+0xb1a)[node-6:08554] [ 0] /lib/x86_64-linux-gnu/libc.so.6(+0x3ef10)[0x7fa964748f10]
[node-6:08554] [ 1] ./main_openmp(+0x10dd)[0x55e3397e90dd]
[node-6:08554] [ 2] ./main_openmp(+0x12e6)[0x55e3397e92e6]
[node-6:08554] [ 3] ./main_openmp(+0x1631)[0x55e3397e9631]
[node-6:08554] [ 4] /lib/x86_64-linux-gnu/libc.so.6(__libc_start_main+0xe7)[0x7fa96472bc87]
[node-6:08554] [ 5] ./main_openmp(+0xb1a)[0x55e3397e8b1a]
[node-6:08554] *** End of error message ***
./main_openmp(+0xb1a)[0x55fce52f2b1a]
[node-3:28215] *** End of error message ***
]
[node-4:14977] [ 1] ./main_openmp(+0x10dd)[0x55f7b21ed0dd]
[node-4:14977] [ 2] ./main_openmp10dd)[0x5581736c00dd]
[node-7:29887] [ 2] ./main_openmp(+0x12e6)[0x5581736c02e6]
[node-7:29887] [ 3] ./main_openmp(+0x1631)(+0x12e6)[0x55f7b21ed2e6]
[node-4:14977] [ 3] [0x5583a342cb1a]
[node-2:07903] *** End of error message ***
[0x5581736c0631]
[node-7:29887] [ 4] /lib/x86_64-linux-gnu/libc.so.6(__libc_start_main+0xe7)[0x7f6d31e69c87]
./main_openmp(+0x1631)[0x55f7b21ed631]
[node-4:14977] [ 4] [node-7:29887] [ 5] ./main_openmp(+0xb1a)[0x5581736bfb1a]
[node-7:29887] *** End of error message ***
/lib/x86_64-linux-gnu/libc.so.6(__libc_start_main+0xe7)[0x7ff340d58c87]
[node-4:14977] [ 5] ./main_openmp(+0xb1a)[0x55f7b21ecb1a]
[node-4:14977] *** End of error message ***
--------------------------------------------------------------------------
mpirun noticed that process rank 0 with PID 0 on node node-1 exited on signal 11 (Segmentation fault).
--------------------------------------------------------------------------
