[node-9:06587] *** Process received signal ***
[node-9:06587] Signal: Segmentation fault (11)
[node-9:06587] Signal code: Address not mapped (1)
[node-9:06587] Failing at address: 0x7ffea49dab50
[node-9:06587] [ 0] /lib/x86_64-linux-gnu/libc.so.6(+0x3ef10)[0x7fa912e06f10]
[node-9:06587] [ 1] ./main(+0x10ad)[0x55e5587000ad]
[node-9:06587] [ 2] ./main(+0x12b6)[0x55e5587002b6]
[node-9:06587] [ 3] ./main(+0x1601)[0x55e558700601]
[node-9:06587] [ 4] /lib/x86_64-linux-gnu/libc.so.6(__libc_start_main+0xe7)[0x7fa912de9c87]
[node-9:06587] [ 5] ./main(+0xb1a)[0x55e5586ffb1a]
[node-9:06587] *** End of error message ***
[node-10:21197] *** Process received signal ***
[node-10:21197] Signal: Segmentation fault (11)
[node-10:21197] Signal code:  (128)
[node-10:21197] Failing at address: (nil)
[node-10:21197] [ 0] /lib/x86_64-linux-gnu/libc.so.6(+0x3ef10)[0x7f7bfefd1f10]
[node-10:21197] [ 1] ./main(+0x10ad)[0x55ab755040ad]
[node-10:21197] [ 2] ./main(+0x12b6)[0x55ab755042b6]
[node-10:21197] [ 3] ./main(+0x1601)[0x55ab75504601]
[node-10:21197] [ 4] /lib/x86_64-linux-gnu/libc.so.6(__libc_start_main+0xe7)[0x7f7bfefb4c87]
[node-10:21197] [ 5] ./main(+0xb1a)[0x55ab75503b1a]
[node-10:21197] *** End of error message ***
--------------------------------------------------------------------------
mpirun noticed that process rank 0 with PID 0 on node node-9 exited on signal 11 (Segmentation fault).
--------------------------------------------------------------------------
