[node-1:09311] *** Process received signal ***
[node-1:09311] Signal: Segmentation fault (11)
[node-1:09311] Signal code:  (128)
[node-1:09311] Failing at address: (nil)
[node-1:09311] [ 0] /lib/x86_64-linux-gnu/libc.so.6(+0x3ef10)[0x7f153ea70f10]
[node-1:09311] [ 1] ./main(+0x10ad)[0x55f6598360ad]
[node-1:09311] [ 2] ./main(+0x12b6)[0x55f6598362b6]
[node-1:09311] [ 3] ./main(+0x1601)[0x55f659836601]
[node-1:09311] [ 4] /lib/x86_64-linux-gnu/libc.so.6(__libc_start_main+0xe7)[0x7f153ea53c87]
[node-1:09311] [ 5] ./main(+0xb1a)[0x55f659835b1a]
[node-1:09311] *** End of error message ***
[node-3:15909] *** Process received signal ***
[node-3:15909] Signal: Segmentation fault (11)
[node-3:15909] Signal code: Address not mapped (1)
[node-3:15909] Failing at address: 0x7fffd115ac70
[node-2:26634] *** Process received signal ***
[node-2:26634] Signal: Segmentation fault (11)
[node-2:26634] Signal code: Address not mapped (1)
[node-2:26634] Failing at address: 0x7ffe046a8300
[node-3:15909] [ 0] [node-2:26634] [ 0] /lib/x86_64-linux-gnu/libc.so.6(+0x3ef10)[0x7f26d7ff0f10]
[node-2:26634] [ 1] ./main(/lib/x86_64-linux-gnu/libc.so.6(+0x3ef10)[0x7f5dff60df10]
[node-3:15909] [ 1] +0x10ad)[0x56237526c0ad]
[node-2:26634] [ 2] ./main(+0x12b6)[0x56237526c2b6]
./main(+0x10ad)[0x5563435bd0ad]
[node-2:26634] [ 3] [node-3:15909] [ 2] ./main(+0x12b6)[0x5563435bd2b6]
[node-3:15909] [ 3] ./main(+0x1601)[0x./main(+0x1601)[0x56237526c601]
[node-2:26634] [ 4] 5563435bd601]
[node-3:15909] [ 4] /lib/x86_64-linux-gnu/libc.so.6(__libc_start_main+0xe7)[0x7f5dff5f0c87]
[node-3:15909] [ 5] /lib/x86_64-linux-gnu/libc.so.6(__libc_start_main+0xe7)[0x7f26d7fd3c87]
[node-2:26634] [ 5] ./main(+0xb1a)[0x56237526bb1a]
[node-2:26634] *** End of error message ***
./main(+0xb1a)[0x5563435bcb1a]
[node-3:15909] *** End of error message ***
--------------------------------------------------------------------------
mpirun noticed that process rank 0 with PID 0 on node node-1 exited on signal 11 (Segmentation fault).
--------------------------------------------------------------------------
