[node-4:04950] *** Process received signal ***
[node-4:04950] Signal: Segmentation fault (11)
[node-4:04950] Signal code: Address not mapped (1)
[node-4:04950] Failing at address: 0x7ffd09b43f70
[node-4:04950] [ 0] /lib/x86_64-linux-gnu/libc.so.6(+0x3ef10)[0x7f6488b8bf10]
[node-4:04950] [ 1] ./main_openmp(+0x10dd)[0x56261eff40dd]
[node-4:04950] [ 2] ./main_openmp(+0x12e6)[0x56261eff42e6]
[node-4:04950] [ 3] ./main_openmp(+0x1631)[0x56261eff4631]
[node-4:04950] [ 4] /lib/x86_64-linux-gnu/libc.so.6(__libc_start_main+0xe7)[0x7f6488b6ec87]
[node-4:04950] [ 5] ./main_openmp(+0xb1a)[0x56261eff3b1a]
[node-4:04950] *** End of error message ***
[node-7:22502] *** Process received signal ***
[node-7:22502] Signal: Segmentation fault (11)
[node-7:22502] Signal code: Address not mapped (1)
[node-7:22502] Failing at address: 0x7ffd45323110
[node-7:22502] [ 0] /lib/x86_64-linux-gnu/libc.so.6(+0x3ef10)[0x7f64eaf38f10[node-5:12784] *** Process received signal ***
[node-5:12784] Signal: Segmentation fault (11)
[node-5:12784] Signal code: Address not mapped (1)
[node-5:12784] Failing at address: 0x7ffe3c705070
[node-6:32165] *** Process received signal ***
[node-6:32165] Signal: Segmentation fault (11)
[node-6:32165] Signal code: Address not mapped (1)
[node-6:32165] Failing at address: 0x7ffc8e183dd0
[node-6:32165] [ 0] ]
[node-7:22502] [node-5:12784] [ 0] /lib/x86_64-linux-gnu/libc.so.6(+0x3ef10)[0x7f79417eaf10]
[node-5:12784] [ 1] ./main_openmp(+0x10dd)[0x55c9684820dd]
[node-5:12784] [ 2] ./main_openmp(+0x12e6)[0x55c9684822e6]
[node-5:12784] [ 3] ./main_openmp(+0x1631)[0x55c968482631]
[node-5:12784] [ 4] /lib/x86_64-linux-gnu/libc.so.6(+0x3ef10)[0x7f6f30911f10]
[node-6:32165] [ 1] ./main_openmp(+0x10dd)[0x55a5169e50dd]
[node-6:32165] [ 2] ./main_openmp(+0x12e6)[0x55a5169e52e6]
[node-6:32165] [ 3] ./main_openmp(+0x1631)[0x55a5169e5631]
[node-6:32165] [ 4] /lib/x86_64-linux-gnu/libc.so.6(__libc_start_main+0xe7)[0x7f6f308f4c87]
[node-6:32165] [ 5] ./main_openmp(+0xb1a)[0x55a5169e4b1a]
[node-6:32165] *** End of error message ***
[ 1] ./main_openmp(+0x10dd)[0x55ad069230dd]
[node-7:22502] [ 2] ./main_openmp(+0x12e6)[0x55ad069232e6]
[node-7:22502] [ 3] ./main_openmp(+0x1631)[0x55ad06923631]
[node-7:22502] [ 4] /lib/x86_64-linux-gnu/libc.so.6(__libc_start_main+0xe7)[0x7f64eaf1bc87]
[node-7:22502] [ 5] ./main_openmp(+0xb1a)[0x55ad06922b1a]
[node-7:22502] *** End of error message ***
[node-8:18278] *** Process received signal ***
[node-8:18278] Signal: Segmentation fault (11)
[node-8:18278] Signal code: Address not mapped (1)
[node-8:18278] Failing at address: 0x7ffcad814560
/lib/x86_64-linux-gnu/libc.so.6(__libc_start_main+0xe7)[0x7f79417cdc87]
[node-5:12784] [ 5] ./main_openmp(+0xb1a)[0x55c968481b1a]
[node-8:18278] [ 0] /lib/x86_64-linux-gnu/libc.so.6(+0x3ef10)[0x7f09afd46f10]
[node-8:18278] [ 1] ./main_openmp(+0x10dd)[0x55a70b8230dd]
[node-8:18278] [ 2] ./main_openmp(+0x12e6)[0x55a70b8232e6]
[node-8:18278] [ 3] ./main_openmp(+0x1631)[0x55a70b823631[node-5:12784] *** End of error message ***
]
[node-8:18278] [ 4] /lib/x86_64-linux-gnu/libc.so.6(__libc_start_main+0xe7)[0x7f09afd29c87]
[node-8:18278] [ 5] ./main_openmp(+0xb1a)[0x55a70b822b1a]
[node-8:18278] *** End of error message ***
--------------------------------------------------------------------------
mpirun noticed that process rank 0 with PID 0 on node node-4 exited on signal 11 (Segmentation fault).
--------------------------------------------------------------------------
