[node-4:12897] *** Process received signal ***
[node-4:12897] Signal: Segmentation fault (11)
[node-4:12897] Signal code: Address not mapped (1)
[node-4:12897] Failing at address: 0x7ffcc827fdb0
[node-4:12897] [ 0] /lib/x86_64-linux-gnu/libc.so.6(+0x3ef10)[0x7ff08b545f10]
[node-4:12897] [ 1] ./main(+0x10ad)[0x55e81be0e0ad]
[node-4:12897] [ 2] ./main(+0x12b6)[0x55e81be0e2b6]
[node-4:12897] [ 3] ./main(+0x1601)[0x55e81be0e601]
[node-4:12897] [ 4] /lib/x86_64-linux-gnu/libc.so.6(__libc_start_main+0xe7)[0x7ff08b528c87]
[node-4:12897] [ 5] ./main(+0xb1a)[0x55e81be0db1a]
[node-4:12897] *** End of error message ***
[node-5:20563] *** Process received signal ***
[node-5:20563] Signal: Segmentation fault (11)
[node-5:20563] Signal code: Address not mapped (1)
[node-5:20563] Failing at address: 0x7fff328bd1a0
[node-5:20563] [ 0] [node-7:28212] *** Process received signal ***
[node-7:28212] Signal: Segmentation fault (11)
[node-7:28212] Signal code: Address not mapped (1)
[node-7:28212] Failing at address: 0x7ffdc0ead900
/lib/x86_64-linux-gnu/libc.so.6(+0x3ef10)[0x7efc1b557f10]
[node-5:20563] [ 1] ./main[node-7:28212] [ 0] (+0x10ad)[0x55eb0871a0ad]
[node-5:20563] [ 2] ./main(+0x12b6)[0x/lib/x86_64-linux-gnu/libc.so.6(+0x3ef10)[0x7f8026e85f10]
[node-7:28212] [ 1] 55eb0871a2b6]
[node-5:20563] [ 3] ./main(+0x1601)[0x55eb0871a601]
[node-5:20563] [ 4] /lib/x86_64-linux-gnu/libc.so.6(__libc_start_main+0xe7)[0x7efc1b53ac87]
[node-5:20563] [ 5] ./main(+0xb1a)[0x55eb08719b1a]
[node-5:20563] *** End of error message ***
./main(+0x10ad)[0x55a84d46b0ad]
[node-7:28212] [ 2] ./main(+0x12b6)[0x55a84d46b2b6]
[node-7:28212] [ 3] ./main(+0x1601)[0x55a84d46b601]
[node-7:28212] [ 4] /lib/x86_64-linux-gnu/libc.so.6(__libc_start_main+0xe7)[0x7f8026e68c87]
[node-7:28212] [ 5] ./main(+0xb1a)[0x55a84d46ab1a]
[node-7:28212] *** End of error message ***
[node-6:06588] *** Process received signal ***
[node-6:06588] Signal: Segmentation fault (11)
[node-6:06588] Signal code: Address not mapped (1)
[node-6:06588] Failing at address: 0x7ffdf5fbff90
[node-6:06588] [ 0] /lib/x86_64-linux-gnu/libc.so.6(+0x3ef10)[0x7f5223d65f10]
[node-6:06588] [ 1] ./main(+0x10ad)[0x55edbaaf40ad]
[node-6:06588] [ 2] ./main(+0x12b6)[0x55edbaaf42b6]
[node-6:06588] [ 3] ./main(+0x1601)[0x55edbaaf4601]
[node-6:06588] [ 4] /lib/x86_64-linux-gnu/libc.so.6(__libc_start_main+0xe7)[0x7f5223d48c87]
[node-6:06588] [ 5] ./main(+0xb1a)[0x55edbaaf3b1a]
[node-6:06588] *** End of error message ***
--------------------------------------------------------------------------
mpirun noticed that process rank 0 with PID 0 on node node-4 exited on signal 11 (Segmentation fault).
--------------------------------------------------------------------------
