[node-1:20847] *** Process received signal ***
[node-1:20847] Signal: Segmentation fault (11)
[node-1:20847] Signal code: Address not mapped (1)
[node-1:20847] Failing at address: 0x7fff876be2d0
[node-1:20847] [ 0] /lib/x86_64-linux-gnu/libc.so.6(+0x3ef10)[0x7f2e217cef10]
[node-1:20847] [ 1] ./main(+0x10ad)[0x557f182e90ad]
[node-1:20847] [ 2] ./main(+0x12b6)[0x557f182e92b6]
[node-1:20847] [ 3] ./main(+0x1601)[0x557f182e9601]
[node-1:20847] [ 4] /lib/x86_64-linux-gnu/libc.so.6(__libc_start_main+0xe7)[0x7f2e217b1c87]
[node-1:20847] [ 5] ./main(+0xb1a)[0x557f182e8b1a]
[node-1:20847] *** End of error message ***
[node-3:26167] *** Process received signal ***
[node-3:26167] Signal: Segmentation fault (11)
[node-3:26167] Signal code: Address not mapped (1)
[node-3:26167] Failing at address: 0x7ffd089d49e0
[node-2:05644] *** Process received signal ***
[node-2:05644] Signal: Segmentation fault (11)
[node-2:05644] Signal code: Address not mapped (1)
[node-2:05644] Failing at address: 0x7ffd96e7a090
[node-3:26167] [ 0] [node-2:05644] [ 0] /lib/x86_64-linux-gnu/libc.so.6(+0x3ef10)[0x7f3e23073f10]
[node-2:05644] [ 1] ./main(+0x10ad)[0x55cbecfea0ad]
[node-2:05644] [ 2] ./main(+0x12b6)[0x55cbecfea2b6]
[node-2:05644] [ 3] ./main(+0x1601)[0x55cbecfea601]
[node-2:05644] [ 4] /lib/x86_64-linux-gnu/libc.so.6(__libc_start_main+0xe7)[0x/lib/x86_64-linux-gnu/libc.so.6(+0x3ef10)[0x7ff60b989f10]
[node-3:26167] [ 1] ./main(+0x10ad)7f3e23056c87]
[node-2:05644] [ 5] ./main(+0xb1a)[0x55cbecfe9b1a]
[node-2:05644] *** End of error message ***
[0x5576715db0ad]
[node-3:26167] [ 2] ./main(+0x12b6)[0x5576715db2b6]
[node-3:26167] [ 3] ./main(+0x1601)[0x5576715db601]
[node-3:26167] [ 4] /lib/x86_64-linux-gnu/libc.so.6(__libc_start_main+0xe7)[0x7ff60b96cc87]
[node-3:26167] [ 5] ./main(+0xb1a)[0x5576715dab1a]
[node-3:26167] *** End of error message ***
--------------------------------------------------------------------------
mpirun noticed that process rank 0 with PID 0 on node node-1 exited on signal 11 (Segmentation fault).
--------------------------------------------------------------------------
