[node-1:10239] *** Process received signal ***
[node-1:10239] Signal: Segmentation fault (11)
[node-1:10239] Signal code: Address not mapped (1)
[node-1:10239] Failing at address: 0x7ffbec6a12b0
[node-1:10239] [ 0] /lib/x86_64-linux-gnu/libc.so.6(+0x3ef10)[0x7ff44802cf10]
[node-1:10239] [ 1] ./main(+0x10ad)[0x556be61700ad]
[node-1:10239] [ 2] ./main(+0x12b6)[0x556be61702b6]
[node-1:10239] [ 3] ./main(+0x1601)[0x556be6170601]
[node-1:10239] [ 4] /lib/x86_64-linux-gnu/libc.so.6(__libc_start_main+0xe7)[0x7ff44800fc87]
[node-1:10239] [ 5] ./main(+0xb1a)[0x556be616fb1a]
[node-1:10239] *** End of error message ***
[node-2:27492] *** Process received signal ***
[node-2:27492] Signal: Segmentation fault (11)
[node-2:27492] Signal code: Address not mapped (1)
[node-2:27492] Failing at address: 0x7fff72f12610
[node-2:27492] [ 0] /lib/x86_64-linux-gnu/libc.so.6(+0x3ef10)[0x7f394f6d4f10]
[node-2:27492] [ 1] ./main(+0x10ad)[0x556b97bf20ad]
[node-2:27492] [node-3:16666] *** Process received signal ***
[node-3:16666] Signal: Segmentation fault (11)
[node-3:16666] Signal code: Address not mapped (1)
[node-3:16666] Failing at address: 0x7ffd447dd750
[node-3:16666] [ 0] [ 2] ./main(+0x12b6)[0x556b97bf22b6]
[node-2:27492] [ 3] ./main(+0x1601)[0x556b97bf2601]
[node-2:27492] [ 4] /lib/x86_64-linux-gnu/libc.so.6(+0x3ef10)[0x7fb75398af10]
[node-3:16666] [ 1] ./main(+0x10ad)[0x561586ecc0ad]
[node-3:16666] [ 2] ./main(+0x12b6)[0x561586ecc2b6]
[node-3:16666] [ 3] ./main(+0x1601)[0x/lib/x86_64-linux-gnu/libc.so.6(__libc_start_main+0xe7)[0x7f394f6b7c87]
[node-2:27492] [ 5] ./main(561586ecc601]
[node-3:16666] [ 4] /lib/x86_64-linux-gnu/libc.so.6(__libc_start_main+0xe7)[0x7fb75396dc87]
[node-3:16666] +0xb1a)[0x556b97bf1b1a]
[node-2:27492] *** End of error message ***
[ 5] ./main(+0xb1a)[0x561586ecbb1a]
[node-3:16666] *** End of error message ***
--------------------------------------------------------------------------
mpirun noticed that process rank 1 with PID 27492 on node node-2 exited on signal 11 (Segmentation fault).
--------------------------------------------------------------------------
