[node-6:00704] *** Process received signal ***
[node-6:00704] Signal: Segmentation fault (11)
[node-6:00704] Signal code: Address not mapped (1)
[node-6:00704] Failing at address: 0x7ffeeaaec360
[node-6:00704] [ 0] /lib/x86_64-linux-gnu/libc.so.6(+0x3ef10)[0x7f8eae866f10]
[node-6:00704] [ 1] ./main_openmp(+0x10dd)[0x5648c996e0dd]
[node-6:00704] [ 2] ./main_openmp(+0x12e6)[0x5648c996e2e6]
[node-6:00704] [ 3] ./main_openmp(+0x1631)[0x5648c996e631]
[node-6:00704] [ 4] /lib/x86_64-linux-gnu/libc.so.6(__libc_start_main+0xe7)[0x7f8eae849c87]
[node-6:00704] [ 5] ./main_openmp(+0xb1a)[0x5648c996db1a]
[node-6:00704] *** End of error message ***
[node-10:17473] *** Process received signal ***
[node-10:17473] Signal: Segmentation fault (11)
[node-10:17473] Signal code: Address not mapped (1)
[node-10:17473] Failing at address: 0x7ffe22e3f480
[node-9:00954] *** Process received signal ***
[node-9:00954] Signal: Segmentation fault (11)
[node-9:00954] Signal code: Address not mapped (1)
[node-9:00954] Failing at address: 0x7ffbefdc9430
[node-7:23339] *** Process received signal ***
[node-7:23339] Signal: Segmentation fault (11)
[node-7:23339] Signal code: Address not mapped (1)
[node-7:23339] Failing at address: 0x7ffc28cbc160
[node-10:17473] [ 0] [node-9:00954] [ 0] /lib/x86_64-linux-gnu/libc.so.6(+0x3ef10)[0x7f70a938bf10]
[node-9:00954] [ 1] ./main_openmp(+0x10dd)[0x561ea49080dd]
[node-9:00954] [ 2] ./main_openmp(+0x12e6)[0x561ea49082e6]
[node-7:23339] [ 0] /lib/x86_64-linux-gnu/libc.so.6(+0x3ef10)[0x7f0952934f10]
[node-7:23339] [ 1] ./main_openmp(+0x10dd)[0x/lib/x86_64-linux-gnu/libc.so.6(+0x3ef10)[0x7fb38dc7bf10]
[node-10:17473] [ 1] ./main_openmp(+0x10dd)[0x55b0d42710dd]
[node-10:17473] [ 2] ./main_openmp(+0x12e6)[0x55b0d42712e6]
[node-9:00954] [ 3] ./main_openmp(+0x1631)[0x561ea4908631]
[node-9:00954] [ 4] /lib/x86_64-linux-gnu/libc.so.6(__libc_start_main+0x555a619ab0dd]
[node-7:23339] [ 2] ./main_openmp(+0x12e6)[0x555a619ab2e6]
[node-7:23339] [ 3] ./main_openmp(+0x1631)[0x555a619ab631]
[node-7:23339] [ 4] /lib/x86_64-linux-gnu/libc.so.6(__libc_start_main+0xe7)[0x7f0952917c87]
[node-7:23339] [ 5] [node-10:17473] [ 3] ./main_openmp(+0x1631)[0x55b0d4271631]
[node-10:17473] [ 4] /lib/x86_64-linux-gnu/libc.so.6(__libc_start_main+0xe7)[0x7fb38dc5ec87]
[node-10:17473] [ 5] ./main_openmp(+0xb1a)[0x55b0d4270b1a]
[node-10:17473] *** End of error message ***
e7)[0x7f70a936ec87]
[node-9:00954] [ 5] ./main_openmp(./main_openmp(+0xb1a)[0x555a619aab1a]
[node-7:23339] *** End of error message ***
+0xb1a)[0x561ea4907b1a]
[node-9:00954] *** End of error message ***
--------------------------------------------------------------------------
mpirun noticed that process rank 0 with PID 0 on node node-6 exited on signal 11 (Segmentation fault).
--------------------------------------------------------------------------
