[node-1:04359] *** Process received signal ***
[node-1:04359] Signal: Segmentation fault (11)
[node-1:04359] Signal code: Address not mapped (1)
[node-1:04359] Failing at address: 0x7ffb6cee64f0
[node-1:04359] [ 0] /lib/x86_64-linux-gnu/libc.so.6(+0x3ef10)[0x7f1e76455f10]
[node-1:04359] [ 1] ./main_openmp(+0x10dd)[0x55f6b55260dd]
[node-1:04359] [ 2] ./main_openmp(+0x12e6)[0x55f6b55262e6]
[node-1:04359] [ 3] ./main_openmp(+0x1631)[0x55f6b5526631]
[node-1:04359] [ 4] /lib/x86_64-linux-gnu/libc.so.6(__libc_start_main+0xe7)[0x7f1e76438c87]
[node-1:04359] [ 5] ./main_openmp(+0xb1a)[0x55f6b5525b1a]
[node-1:04359] *** End of error message ***
[node-2:22018] *** Process received signal ***
[node-2:22018] Signal: Segmentation fault (11)
[node-2:22018] Signal code: Address not mapped (1)
[node-2:22018] Failing at address: 0x7ffb851f2ef0
[node-2:22018] [ 0] /lib/x86_64-linux-gnu/libc.so.6(+0x3ef10)[0x7f7ba7890f10]
[node-2:22018] [ 1] ./main_openmp(+0x10dd)[0x55765c8fb0dd]
[node-2:22018] [ 2] ./main_openmp(+0x12e6)[0x55765c8fb2e6]
[node-2:22018] [ 3] ./main_openmp(+0x1631)[0x55765c8fb631]
[node-2:22018] [ 4] /lib/x86_64-linux-gnu/libc.so.6(__libc_start_main+0xe7)[0x7f7ba7873c87]
[node-2:22018] [ 5] ./main_openmp(+0xb1a)[0x55765c8fab1a]
[node-2:22018] *** End of error message ***
[node-3:11763] *** Process received signal ***
[node-3:11763] Signal: Segmentation fault (11)
[node-3:11763] Signal code: Address not mapped (1)
[node-3:11763] Failing at address: 0x7ffc6823d7c0
[node-3:11763] [ 0] /lib/x86_64-linux-gnu/libc.so.6(+0x3ef10)[0x7f3d4a9f3f10]
[node-3:11763] [ 1] ./main_openmp(+0x10dd)[0x5555ad3160dd]
[node-3:11763] [ 2] ./main_openmp(+0x12e6)[0x5555ad3162e6]
[node-3:11763] [ 3] ./main_openmp(+0x1631)[0x5555ad316631]
[node-3:11763] [ 4] /lib/x86_64-linux-gnu/libc.so.6(__libc_start_main+0xe7)[0x7f3d4a9d6c87]
[node-3:11763] [ 5] ./main_openmp(+0xb1a)[0x5555ad315b1a]
[node-3:11763] *** End of error message ***
--------------------------------------------------------------------------
mpirun noticed that process rank 0 with PID 0 on node node-1 exited on signal 11 (Segmentation fault).
--------------------------------------------------------------------------
