[node-5:10393] *** Process received signal ***
[node-5:10393] Signal: Segmentation fault (11)
[node-5:10393] Signal code: Address not mapped (1)
[node-5:10393] Failing at address: 0x7ffcec95b8f0
[node-5:10393] [ 0] /lib/x86_64-linux-gnu/libc.so.6(+0x3ef10)[0x7f3f062b7f10]
[node-5:10393] [ 1] ./main(+0x10ad)[0x5580cfdff0ad]
[node-5:10393] [ 2] ./main(+0x12b6)[0x5580cfdff2b6]
[node-5:10393] [ 3] ./main(+0x1601)[0x5580cfdff601]
[node-5:10393] [ 4] /lib/x86_64-linux-gnu/libc.so.6(__libc_start_main+0xe7)[0x7f3f0629ac87]
[node-5:10393] [ 5] ./main(+0xb1a)[0x5580cfdfeb1a]
[node-5:10393] *** End of error message ***
[node-6:29921] *** Process received signal ***
[node-6:29921] Signal: Segmentation fault (11)
[node-6:29921] Signal code: Address not mapped (1)
[node-6:29921] Failing at address: 0x7ffeba39dcb0
[node-6:29921] [ 0] [node-7:20539] *** Process received signal ***
[node-7:20539] Signal: Segmentation fault (11)
[node-7:20539] Signal code: Address not mapped (1)
[node-7:20539] Failing at address: 0x7ffe64ed6100
/lib/x86_64-linux-gnu/libc.so.6(+0x3ef10)[0x7f8032bf3f10]
[node-6:29921] [ 1] ./main(+0x10ad)[0x55aa8889c0ad]
[node-6:29921] [ 2] ./main(+0x12b6)[0x55aa8889c2b6]
[node-6:29921] [ 3] ./main(+0x1601)[0x55aa8889c601]
[node-6:29921] [ 4] /lib/x86_64-linux-gnu/libc.so.6(__libc_start_main+0xe7)[0x7f8032bd6c87]
[node-6:29921] [ 5] ./main(+0xb1a)[0x55aa8889bb1a]
[node-6:29921] *** End of error message ***
[node-7:20539] [ 0] /lib/x86_64-linux-gnu/libc.so.6(+0x3ef10)[0x7fdb0d57cf10]
[node-7:20539] [ 1] ./main(+0x10ad)[0x55ee298a80ad]
[node-7:20539] [ 2] ./main(+0x12b6)[0x55ee298a82b6]
[node-7:20539] [ 3] ./main(+0x1601)[0x55ee298a8601]
[node-7:20539] [ 4] /lib/x86_64-linux-gnu/libc.so.6(__libc_start_main+0xe7)[0x7fdb0d55fc87]
[node-7:20539] [ 5] ./main(+0xb1a)[0x55ee298a7b1a]
[node-7:20539] *** End of error message ***
--------------------------------------------------------------------------
mpirun noticed that process rank 1 with PID 29921 on node node-6 exited on signal 11 (Segmentation fault).
--------------------------------------------------------------------------
