[node-1:07588] *** Process received signal ***
[node-1:07588] Signal: Segmentation fault (11)
[node-1:07588] Signal code: Address not mapped (1)
[node-1:07588] Failing at address: 0x7ffc17112740
[node-1:07588] [ 0] /lib/x86_64-linux-gnu/libc.so.6(+0x3ef10)[0x7f084a666f10]
[node-1:07588] [ 1] ./main(+0x10ad)[0x55d4982bc0ad]
[node-1:07588] [ 2] ./main(+0x12b6)[0x55d4982bc2b6]
[node-1:07588] [ 3] ./main(+0x1601)[0x55d4982bc601]
[node-1:07588] [ 4] /lib/x86_64-linux-gnu/libc.so.6(__libc_start_main+0xe7)[0x7f084a649c87]
[node-1:07588] [ 5] ./main(+0xb1a)[0x55d4982bbb1a]
[node-1:07588] *** End of error message ***
[node-2:25019] *** Process received signal ***
[node-2:25019] Signal: Segmentation fault (11)
[node-2:25019] Signal code: Address not mapped (1)
[node-2:25019] Failing at address: 0x7ffd7152ba60
[node-2:25019] [ 0] /lib/x86_64-linux-gnu/libc.so.6(+0x3ef10)[0x7f373b696f10]
[node-2:25019] [ 1] ./main(+0x10ad)[0x55682c3490ad]
[node-2:25019] [ 2] ./main(+0x12b6)[0x55682c3492b6]
[node-2:25019] [ 3] ./main(+0x1601)[0x55682c349601]
[node-2:25019] [ 4] /lib/x86_64-linux-gnu/libc.so.6(__libc_start_main+0xe7)[0x7f373b679c87]
[node-2:25019] [ 5] ./main(+0xb1a)[0x55682c348b1a]
[node-2:25019] *** End of error message ***
--------------------------------------------------------------------------
mpirun noticed that process rank 0 with PID 0 on node node-1 exited on signal 11 (Segmentation fault).
--------------------------------------------------------------------------
