[node-1:19843] *** Process received signal ***
[node-1:19843] Signal: Segmentation fault (11)
[node-1:19843] Signal code: Address not mapped (1)
[node-1:19843] Failing at address: 0x7ffb42060530
[node-1:19843] [ 0] /lib/x86_64-linux-gnu/libc.so.6(+0x3ef10)[0x7f0a7fc1ff10]
[node-1:19843] [ 1] ./main_openmp(+0x10dd)[0x5595963ad0dd]
[node-1:19843] [ 2] ./main_openmp(+0x12e6)[0x5595963ad2e6]
[node-1:19843] [ 3] ./main_openmp(+0x1631)[0x5595963ad631]
[node-1:19843] [ 4] /lib/x86_64-linux-gnu/libc.so.6(__libc_start_main+0xe7)[0x7f0a7fc02c87]
[node-1:19843] [ 5] ./main_openmp(+0xb1a)[0x5595963acb1a]
[node-1:19843] *** End of error message ***
[node-9:03225] *** Process received signal ***
[node-9:03225] Signal: Segmentation fault (11)
[node-9:03225] Signal code: Address not mapped (1)
[node-9:03225] Failing at address: 0x7ffe30d7ef10
[node-9:03225] [ 0] /lib/x86_64-linux-gnu/libc.so.6(+0x3ef10)[0x7fe3fda54f10]
[node-9:03225] [ 1] ./main_openmp(+0x10dd)[0x55755c5970dd]
[node-9:03225] [ 2] ./main_openmp(+0x12e6)[0x55755c5972e6]
[node-9:03225] [ 3] ./main_openmp(+0x1631)[0x55755c597631]
[node-9:03225] [ 4] /lib/x86_64-linux-gnu/libc.so.6(__libc_start_main+0xe7)[0x7fe3fda37c87]
[node-9:03225] [ 5] ./main_openmp(+0xb1a)[0x55755c596b1a]
[node-9:03225] *** End of error message ***
[node-10:18992] *** Process received signal ***
[node-10:18992] Signal: Segmentation fault (11)
[node-10:18992] Signal code: Address not mapped (1)
[node-10:18992] Failing at address: 0x7ffc9e9bd610
[node-10:18992] [ 0] /lib/x86_64-linux-gnu/libc.so.6(+0x3ef10)[0x7f96970c0f10]
[node-10:18992] [ 1] ./main_openmp(+0x10dd)[0x564a2e7680dd]
[node-10:18992] [ 2] ./main_openmp(+0x12e6)[0x564a2e7682e6]
[node-10:18992] [ 3] ./main_openmp(+0x1631)[0x564a2e768631]
[node-10:18992] [ 4] /lib/x86_64-linux-gnu/libc.so.6(__libc_start_main+0xe7)[0x7f96970a3c87]
[node-10:18992] [ 5] ./main_openmp(+0xb1a)[0x564a2e767b1a]
[node-10:18992] *** End of error message ***
--------------------------------------------------------------------------
mpirun noticed that process rank 0 with PID 0 on node node-1 exited on signal 11 (Segmentation fault).
--------------------------------------------------------------------------
