[node-1:16361] *** Process received signal ***
[node-1:16361] Signal: Segmentation fault (11)
[node-1:16361] Signal code: Address not mapped (1)
[node-1:16361] Failing at address: 0x7ffe6e96fcd0
[node-1:16361] [ 0] /lib/x86_64-linux-gnu/libc.so.6(+0x3ef10)[0x7f91a32acf10]
[node-1:16361] [ 1] ./main(+0x10ad)[0x55e3448880ad]
[node-1:16361] [ 2] ./main(+0x12b6)[0x55e3448882b6]
[node-1:16361] [ 3] ./main(+0x1601)[0x55e344888601]
[node-1:16361] [ 4] /lib/x86_64-linux-gnu/libc.so.6(__libc_start_main+0xe7)[0x7f91a328fc87]
[node-1:16361] [ 5] ./main(+0xb1a)[0x55e344887b1a]
[node-1:16361] *** End of error message ***
[node-2:01095] *** Process received signal ***
[node-2:01095] Signal: Segmentation fault (11)
[node-2:01095] Signal code:  (128)
[node-2:01095] Failing at address: (nil)
[node-2:01095] [ 0] /lib/x86_64-linux-gnu/libc.so.6(+0x3ef10)[0x7f9c9a5ccf10]
[node-2:01095] [ 1] ./main(+0x10ad)[0x55fa2264b0ad]
[node-2:01095] [ 2] ./main(+0x12b6)[0x55fa2264b2b6]
[node-2:01095] [ 3] ./main(+0x1601)[0x55fa2264b601]
[node-2:01095] [ 4] /lib/x86_64-linux-gnu/libc.so.6(__libc_start_main+0xe7)[0x7f9c9a5afc87]
[node-2:01095] [ 5] ./main(+0xb1a)[0x55fa2264ab1a]
[node-2:01095] *** End of error message ***
--------------------------------------------------------------------------
mpirun noticed that process rank 0 with PID 0 on node node-1 exited on signal 11 (Segmentation fault).
--------------------------------------------------------------------------
