[node-4:13412] *** Process received signal ***
[node-4:13412] Signal: Segmentation fault (11)
[node-4:13412] Signal code:  (128)
[node-4:13412] Failing at address: (nil)
[node-4:13412] [ 0] /lib/x86_64-linux-gnu/libc.so.6(+0x3ef10)[0x7f03359f2f10]
[node-4:13412] [ 1] ./main(+0x10ad)[0x5632753a40ad]
[node-4:13412] [ 2] ./main(+0x12b6)[0x5632753a42b6]
[node-4:13412] [ 3] ./main(+0x1601)[0x5632753a4601]
[node-4:13412] [ 4] /lib/x86_64-linux-gnu/libc.so.6(__libc_start_main+0xe7)[0x7f03359d5c87]
[node-4:13412] [ 5] ./main(+0xb1a)[0x5632753a3b1a]
[node-4:13412] *** End of error message ***
[node-6:07040] *** Process received signal ***
[node-6:07040] Signal: Segmentation fault (11)
[node-6:07040] Signal code: Address not mapped (1)
[node-6:07040] Failing at address: 0x7ffe8cf24590
[node-6:07040] [ 0] /lib/x86_64-linux-gnu/libc.so.6(+0x3ef10)[0x7faa0ff3bf10]
[node-6:07040] [ 1] ./main(+0x10ad)[0x56098465c0ad]
[node-6:07040] [ 2] ./main(+0x12b6)[0x56098465c2b6]
[node-6:07040] [ 3] ./main(+0x1601)[0x56098465c601]
[node-6:07040] [ 4] /lib/x86_64-linux-gnu/libc.so.6(__libc_start_main+0xe7)[0x7faa0ff1ec87]
[node-6:07040] [ 5] ./main(+0xb1a)[0x56098465bb1a]
[node-6:07040] *** End of error message ***
[node-5:21072] *** Process received signal ***
[node-5:21072] Signal: Segmentation fault (11)
[node-5:21072] Signal code:  (128)
[node-5:21072] Failing at address: (nil)
[node-5:21072] [ 0] /lib/x86_64-linux-gnu/libc.so.6(+0x3ef10)[0x7f252f8b3f10]
[node-5:21072] [ 1] ./main(+0x10ad)[0x55d7327c40ad]
[node-5:21072] [ 2] ./main(+0x12b6)[0x55d7327c42b6]
[node-5:21072] [ 3] ./main(+0x1601)[0x55d7327c4601]
[node-5:21072] [ 4] /lib/x86_64-linux-gnu/libc.so.6(__libc_start_main+0xe7)[0x7f252f896c87]
[node-5:21072] [ 5] ./main(+0xb1a)[0x55d7327c3b1a]
[node-5:21072] *** End of error message ***
[node-8:21905] *** Process received signal ***
[node-8:21905] Signal: Segmentation fault (11)
[node-8:21905] Signal code:  (128)
[node-8:21905] Failing at address: (nil)
[node-8:21905] [ 0] /lib/x86_64-linux-gnu/libc.so.6(+0x3ef10)[0x7fb841d6bf10]
[node-8:21905] [ 1] ./main(+0x10ad)[0x555f5ffb40ad]
[node-8:21905] [ 2] ./main(+0x12b6)[0x555f5ffb42b6]
[node-8:21905] [ 3] ./main(+0x1601)[0x555f5ffb4601]
[node-8:21905] [ 4] /lib/x86_64-linux-gnu/libc.so.6(__libc_start_main+0xe7)[0x7fb841d4ec87]
[node-8:21905] [ 5] ./main(+0xb1a)[0x555f5ffb3b1a]
[node-8:21905] *** End of error message ***
[node-7:28632] *** Process received signal ***
[node-7:28632] Signal: Segmentation fault (11)
[node-7:28632] Signal code: Address not mapped (1)
[node-7:28632] Failing at address: 0x7ffe6c79ae50
[node-7:28632] [ 0] /lib/x86_64-linux-gnu/libc.so.6(+0x3ef10)[0x7f8e1c905f10]
[node-7:28632] [ 1] ./main(+0x10ad)[0x556880b5a0ad]
[node-7:28632] [ 2] ./main(+0x12b6)[0x556880b5a2b6]
[node-7:28632] [ 3] ./main(+0x1601)[0x556880b5a601]
[node-7:28632] [ 4] /lib/x86_64-linux-gnu/libc.so.6(__libc_start_main+0xe7)[0x7f8e1c8e8c87]
[node-7:28632] [ 5] ./main(+0xb1a)[0x556880b59b1a]
[node-7:28632] *** End of error message ***
--------------------------------------------------------------------------
mpirun noticed that process rank 2 with PID 7040 on node node-6 exited on signal 11 (Segmentation fault).
--------------------------------------------------------------------------
