[node-3:32712] *** Process received signal ***
[node-3:32712] Signal: Segmentation fault (11)
[node-3:32712] Signal code: Address not mapped (1)
[node-3:32712] Failing at address: 0x7ffaab7b6b10
[node-3:32712] [ 0] /lib/x86_64-linux-gnu/libc.so.6(+0x3ef10)[0x7fb49302df10]
[node-3:32712] [ 1] ./main(+0x10ad)[0x56049f3df0ad]
[node-3:32712] [ 2] ./main(+0x12b6)[0x56049f3df2b6]
[node-3:32712] [ 3] ./main(+0x1601)[0x56049f3df601]
[node-3:32712] [ 4] /lib/x86_64-linux-gnu/libc.so.6(__libc_start_main+0xe7)[0x7fb493010c87]
[node-3:32712] [ 5] ./main(+0xb1a)[0x56049f3deb1a]
[node-3:32712] *** End of error message ***
[node-5:27185] *** Process received signal ***
[node-5:27185] Signal: Segmentation fault (11)
[node-5:27185] Signal code: Address not mapped (1)
[node-5:27185] Failing at address: 0x7ffc4d8243a0
[node-5:27185] [ 0] /lib/x86_64-linux-gnu/libc.so.6(+0x3ef10)[0x7fd33ff82f10]
[node-5:27185] [ 1] ./main(+0x10ad)[0x[node-4:19696] *** Process received signal ***
[node-4:19696] Signal: Segmentation fault (11)
[node-4:19696] Signal code: Address not mapped (1)
[node-4:19696] Failing at address: 0x7ffb1f3d98b0
[node-4:19696] [ 0] 55e7d69300ad]
[node-5:27185] [ 2] ./main(+0x12b6)[0x55e7d69302b6]
[node-5:27185] [ 3] ./main(+0x1601)[0x55e7d6930601]
[node-5:27185] [ 4] /lib/x86_64-linux-gnu/libc.so.6(__libc_start_main+0xe7)[0x7fd33ff65c87]
/lib/x86_64-linux-gnu/libc.so.6(+0x3ef10)[0x7fc9e0bd1f10]
[node-4:19696] [ 1] ./main(+0x10ad)[0x564914b310ad]
[node-4:19696] [ 2] ./main(+0x12b6)[0x564914b312b6]
[node-5:27185] [ 5] ./main(+0xb1a)[0x55e7d692fb1a]
[node-5:27185] *** End of error message ***
[node-6:12815] *** Process received signal ***
[node-6:12815] Signal: Segmentation fault (11)
[node-6:12815] Signal code: Address not mapped (1)
[node-6:12815] Failing at address: 0x7ffd4b9a4250
[node-6:12815] [ 0] [node-4:19696] [ 3] ./main(+0x1601)[0x564914b31601]
[node-4:19696] [ 4] /lib/x86_64-linux-gnu/libc.so.6(__libc_start_main+0xe7)[0x7fc9e0bb4c87]
[node-4:19696] [ 5] ./main(+0xb1a)[0x564914b30b1a]
/lib/x86_64-linux-gnu/libc.so.6(+0x3ef10)[0x7f4682e79f10]
[node-6:12815] [ 1] ./main(+0x10ad)[0x55d14efc00ad]
[node-6:12815] [ 2] ./main(+0x12b6)[0x55d14efc02b6]
[node-6:12815] [ 3] ./main(+0x1601)[0x55d14efc0601]
[node-6:12815] [ 4] /lib/x86_64-linux-gnu/libc.so.6(__libc_start_main+0xe7)[0x7f4682e5cc87]
[node-6:12815] [node-4:19696] *** End of error message ***
[ 5] ./main(+0xb1a)[0x55d14efbfb1a]
[node-6:12815] *** End of error message ***
--------------------------------------------------------------------------
mpirun noticed that process rank 1 with PID 19696 on node node-4 exited on signal 11 (Segmentation fault).
--------------------------------------------------------------------------
