[node-5:01370] *** Process received signal ***
[node-5:01370] Signal: Segmentation fault (11)
[node-5:01370] Signal code: Address not mapped (1)
[node-5:01370] Failing at address: 0x7ffd2c0f5f60
[node-5:01370] [ 0] /lib/x86_64-linux-gnu/libc.so.6(+0x3ef10)[0x7f28a5ce3f10]
[node-5:01370] [ 1] ./main_openmp(+0x10dd)[0x556ee3d460dd]
[node-5:01370] [ 2] ./main_openmp(+0x12e6)[0x556ee3d462e6]
[node-5:01370] [ 3] ./main_openmp(+0x1631)[0x556ee3d46631]
[node-5:01370] [ 4] /lib/x86_64-linux-gnu/libc.so.6(__libc_start_main+0xe7)[0x7f28a5cc6c87]
[node-5:01370] [ 5] ./main_openmp(+0xb1a)[0x556ee3d45b1a]
[node-5:01370] *** End of error message ***
[node-6:22135] *** Process received signal ***
[node-6:22135] Signal: Segmentation fault (11)
[node-6:22135] Signal code: Address not mapped (1)
[node-6:22135] Failing at address: 0x7ffc1e048710
[node-6:22135] [ 0] /lib/x86_64-linux-gnu/libc.so.6(+0x3ef10)[0x7fa0cc431f10]
[node-6:22135] [ 1] ./main_openmp(+0x10dd)[0x55a9b72b50dd]
[node-6:22135] [ 2] ./main_openmp(+0x12e6)[0x55a9b72b52e6]
[node-6:22135] [ 3] ./main_openmp(+0x1631)[0x55a9b72b5631]
[node-6:22135] [ 4] /lib/x86_64-linux-gnu/libc.so.6[node-8:09543] *** Process received signal ***
[node-8:09543] Signal: Segmentation fault (11)
[node-8:09543] Signal code: Address not mapped (1)
[node-8:09543] Failing at address: 0x7ffde92425f0
(__libc_start_main+0xe7)[0x7fa0cc414c87]
[node-6:22135] [ 5] ./main_openmp(+0xb1a)[0x55a9b72b4b1a]
[node-6:22135] *** End of error message ***
[node-8:09543] [ 0] /lib/x86_64-linux-gnu/libc.so.6(+0x3ef10)[0x7ffb137a5f10]
[node-8:09543] [ 1] ./main_openmp(+0x10dd)[0x55fed5e1a0dd]
[node-8:09543] [ 2] ./main_openmp(+0x12e6)[0x55fed5e1a2e6]
[node-8:09543] [ 3] ./main_openmp(+0x1631)[0x55fed5e1a631]
[node-8:09543] [ 4] /lib/x86_64-linux-gnu/libc.so.6(__libc_start_main+0xe7)[0x7ffb13788c87]
[node-8:09543] [ 5] ./main_openmp(+0xb1a)[0x55fed5e19b1a]
[node-8:09543] *** End of error message ***
[node-7:12866] *** Process received signal ***
[node-7:12866] Signal: Segmentation fault (11)
[node-7:12866] Signal code: Address not mapped (1)
[node-7:12866] Failing at address: 0x7ffecb9c9240
[node-7:12866] [ 0] /lib/x86_64-linux-gnu/libc.so.6(+0x3ef10)[0x7f1dbe2a7f10]
[node-7:12866] [ 1] ./main_openmp(+0x10dd)[0x55f68da5a0dd]
[node-7:12866] [ 2] ./main_openmp(+0x12e6)[0x55f68da5a2e6]
[node-7:12866] [ 3] ./main_openmp(+0x1631)[0x55f68da5a631]
[node-7:12866] [ 4] /lib/x86_64-linux-gnu/libc.so.6(__libc_start_main+0xe7)[0x7f1dbe28ac87]
[node-7:12866] [ 5] ./main_openmp(+0xb1a)[0x55f68da59b1a]
[node-7:12866] *** End of error message ***
--------------------------------------------------------------------------
mpirun noticed that process rank 1 with PID 22135 on node node-6 exited on signal 11 (Segmentation fault).
--------------------------------------------------------------------------
