[node-4:16561] *** Process received signal ***
[node-4:16561] Signal: Segmentation fault (11)
[node-4:16561] Signal code: Address not mapped (1)
[node-4:16561] Failing at address: 0x7ffb628cfaf0
[node-4:16561] [ 0] /lib/x86_64-linux-gnu/libc.so.6(+0x3ef10)[0x7fdd6da19f10]
[node-4:16561] [ 1] ./main_openmp(+0x10dd)[0x55de8d24e0dd]
[node-4:16561] [ 2] ./main_openmp(+0x12e6)[0x55de8d24e2e6]
[node-4:16561] [ 3] ./main_openmp(+0x1631)[0x55de8d24e631]
[node-4:16561] [ 4] /lib/x86_64-linux-gnu/libc.so.6(__libc_start_main+0xe7)[0x7fdd6d9fcc87]
[node-4:16561] [ 5] ./main_openmp(+0xb1a)[0x55de8d24db1a]
[node-4:16561] *** End of error message ***
[node-7:31121] *** Process received signal ***
[node-7:31121] Signal: Segmentation fault (11)
[node-7:31121] Signal code: Address not mapped (1)
[node-7:31121] Failing at address: 0x7ffd09554800
[node-7:31121] [ 0] /lib/x86_64-linux-gnu/libc.so.6(+0x3ef10)[0x7fa397504f10]
[node-7:31121] [ 1] ./main_openmp(+0x10dd)[0x5634938480dd]
[node-8:23600] *** Process received signal ***
[node-8:23600] Signal: Segmentation fault (11)
[node-8:23600] Signal code: Address not mapped (1)
[node-8:23600] Failing at address: 0x7ffa5c29e760
[node-8:23600] [ 0] /lib/x86_64-linux-gnu/libc.so.6(+0x3ef10)[0x7fa758b5af10]
[node-8:23600] [ 1] ./main_openmp(+0x10dd)[0x556ab0ee40dd]
[node-8:23600] [ 2] ./main_openmp(+0x12e6)[0x556ab0ee42e6]
[node-8:23600] [ 3] ./main_openmp(+0x1631)[0x556ab0ee4631[node-7:31121] [ 2] ./main_openmp(+0x12e6)[0x5634938482e6]
[node-7:31121] [ 3] [node-5:24173] *** Process received signal ***
[node-5:24173] Signal: Segmentation fault (11)
[node-5:24173] Signal code: Address not mapped (1)
[node-5:24173] Failing at address: 0x7ffbcd59cb70
[node-6:09998] *** Process received signal ***
[node-6:09998] Signal: Segmentation fault (11)
[node-6:09998] Signal code: Address not mapped (1)
[node-6:09998] Failing at address: 0x7ffcf094dc60
]
[node-8:23600] [ 4] /lib/x86_64-linux-gnu/libc.so.6(__libc_start_main+0xe7)[0x7fa758b3dc87]
[node-8:23600] [ 5] ./main_openmp(+0xb1a)[0x556ab0ee3b1a]
[node-8:23600] *** End of error message ***
./main_openmp(+0x1631)[0x563493848631]
[node-7:31121] [ 4] /lib/x86_64-linux-gnu/libc.so.6(__libc_start_main+0xe7)[0x7fa3974e7c87]
[node-7:31121] [ 5] ./main_openmp(+0xb1a)[0x563493847b1a]
[node-7:31121] *** End of error message ***
[node-5:24173] [ 0] /lib/x86_64-linux-gnu/libc.so.6(+0x3ef10)[0x7fe0a8da4f10]
[node-5:24173] [ 1] ./main_openmp(+0x10dd)[0x558d609f10dd]
[node-5:24173] [ 2] ./main_openmp(+0x12e6)[0x558d609f12e6]
[node-5:24173] [ 3] ./main_openmp(+0x1631)[0x558d609f1631]
[node-5:24173] [ 4] [node-6:09998] [ 0] /lib/x86_64-linux-gnu/libc.so.6(+0x3ef10)[0x7faa00de3f10]
[node-6:09998] [ 1] ./main_openmp(+0x10dd)[0x561200c100dd]
[node-6:09998] [ 2] ./main_openmp(+0x12e6)[0x561200c102e6]
[node-6:09998] [ 3] ./main_openmp(+0x1631)[0x561200c10631]
[node-6:09998] [ 4] /lib/x86_64-linux-gnu/libc.so.6(__libc_start_main+0xe7)[0x7faa00dc6c87]
[node-6:09998] [ 5] ./main_openmp(+0xb1a)[0x561200c0fb1a]
[node-6:09998] *** End of error message ***
/lib/x86_64-linux-gnu/libc.so.6(__libc_start_main+0xe7)[0x7fe0a8d87c87]
[node-5:24173] [ 5] ./main_openmp(+0xb1a)[0x558d609f0b1a]
[node-5:24173] *** End of error message ***
--------------------------------------------------------------------------
mpirun noticed that process rank 0 with PID 0 on node node-4 exited on signal 11 (Segmentation fault).
--------------------------------------------------------------------------
