[node-1:18315] *** Process received signal ***
[node-1:18315] Signal: Segmentation fault (11)
[node-1:18315] Signal code: Address not mapped (1)
[node-1:18315] Failing at address: 0x7ffd388e4f20
[node-1:18315] [ 0] /lib/x86_64-linux-gnu/libc.so.6(+0x3ef10)[0x7f38f586ff10]
[node-1:18315] [ 1] ./main_openmp(+0x10dd)[0x557ffce160dd]
[node-1:18315] [ 2] ./main_openmp(+0x12e6)[0x557ffce162e6]
[node-1:18315] [ 3] ./main_openmp(+0x1631)[0x557ffce16631]
[node-1:18315] [ 4] /lib/x86_64-linux-gnu/libc.so.6(__libc_start_main+0xe7)[0x7f38f5852c87]
[node-1:18315] [ 5] ./main_openmp(+0xb1a)[0x557ffce15b1a]
[node-1:18315] *** End of error message ***
[node-3:23884] *** Process received signal ***
[node-3:23884] Signal: Segmentation fault (11)
[node-3:23884] Signal code: Address not mapped (1)
[node-3:23884] Failing at address: 0x7ffe3df99040
[node-6:04185] *** Process received signal ***
[node-6:04185] Signal: Segmentation fault (11)
[node-6:04185] Signal code: Address not mapped (1)
[node-6:04185] Failing at address: 0x7fff36c5c7d0
[node-4:10121] *** Process received signal ***
[node-2:02998] *** Process received signal ***
[node-2:02998] Signal: Segmentation fault (11)
[node-2:02998] Signal code: Address not mapped (1)
[node-2:02998] Failing at address: 0x7ffd12da9360
[node-3:23884] [ 0] /lib/x86_64-linux-gnu/libc.so.6(+0x3ef10)[0x7fb013f72f10]
[node-3:23884] [ 1] ./main_openmp(+0x10dd)[0x55e8ec1b20dd]
[node-3:23884] [ 2] ./main_openmp(+0x12e6)[0x55e8ec1b22e6]
[node-3:23884] [ 3] ./main_openmp(+0x1631)[0x55e8ec1b2631]
[node-3:23884] [ 4] /lib/x86_64-linux-gnu/libc.so.6(__libc_start_main+0xe7)[0x7fb013f55c87]
[node-3:23884] [ 5] ./main_openmp(+0xb1a)[0x55e8ec1b1b1a]
[node-6:04185] [ 0] /lib/x86_64-linux-gnu/libc.so.6(+0x3ef10)[0x7f383c876f10]
[node-6:04185] [ 1] ./main_openmp(+0x10dd)[0x56406ac4b0dd]
[node-6:04185] [ 2] ./main_openmp(+0x12e6)[0x56406ac4b2e6]
[node-6:04185] [ 3] ./main_openmp(+0x1631)[0x56406ac4b631]
[node-6:04185] [ 4] /lib/x86_64-linux-gnu/libc.so.6(__libc_start_main+0xe7)[0x7f383c859c87]
[node-6:04185] [ 5] ./main_openmp(+0xb1a)[0x56406ac4ab1a]
[node-6:04185] *** End of error message ***
[node-4:10121] Signal: Segmentation fault (11)
[node-4:10121] Signal code: Address not mapped (1)
[node-4:10121] Failing at address: 0x7ffe57347e30
[node-4:10121] [ 0] /lib/x86_64-linux-gnu/libc.so.6(+0x3ef10)[0x7f00b65e6f10]
[node-4:10121] [ 1] ./main_openmp(+0x10dd)[0x55587cb100dd]
[node-4:10121] [ 2] ./main_openmp(+0x12e6)[0x55587cb102e6]
[node-4:10121] [ 3] ./main_openmp(+0x[node-2:02998] [ 0] /lib/x86_64-linux-gnu/libc.so.6(+0x3ef10)[0x7f90a15c3f10]
[node-2:02998] [node-3:23884] *** End of error message ***
1631)[0x55587cb10631]
[node-4:10121] [ 4] /lib/x86_64-linux-gnu/libc.so.6(__libc_start_main+0xe7)[0x7f00b65c9c87]
[node-4:10121] [ 5] ./main_openmp(+0xb1a)[0x55587cb0fb1a]
[node-4:10121] *** End of error message ***
[ 1] ./main_openmp(+0x10dd)[0x558609b740dd]
[node-2:02998] [ 2] ./main_openmp(+0x12e6)[0x558609b742e6]
[node-2:02998] [node-7:26295] *** Process received signal ***
[node-7:26295] Signal: Segmentation fault (11)
[node-7:26295] Signal code: Address not mapped (1)
[node-7:26295] Failing at address: 0x7ffd3b4f6830
[node-5:17840] *** Process received signal ***
[node-5:17840] Signal: Segmentation fault (11)
[node-5:17840] Signal code: Address not mapped (1)
[node-5:17840] Failing at address: 0x7fffb5a94da0
[ 3] ./main_openmp(+0x1631)[0x558609b74631]
[node-7:26295] [ 0] /lib/x86_64-linux-gnu/libc.so.6(+0x3ef10)[0x7f48ee76bf10]
[node-7:26295] [ 1] ./main_openmp(+0x10dd)[0x55592ae300dd]
[node-7:26295] [ 2] ./main_openmp(+0x12e6)[0x55592ae302e6]
[node-7:26295] [node-5:17840] [ 0] /lib/x86_64-linux-gnu/libc.so.6(+0x3ef10)[0x7f250bee4f10]
[node-5:17840] [ 1] ./main_openmp(+0x10dd[node-2:02998] [ 4] /lib/x86_64-linux-gnu/libc.so.6(__libc_start_main+0xe7)[ 3] ./main_openmp(+0x1631)[0x55592ae30631]
[node-7:26295] [ 4] [0x7f90a15a6c87]
[node-2:02998] [ 5] ./main_openmp(+0xb1a)[0x558609b73b1a]
[node-2:02998] *** End of error message ***
/lib/x86_64-linux-gnu/libc.so.6(__libc_start_main+0xe7)[0x7f48ee74ec87]
[node-7:26295] [ 5] ./main_openmp(+0xb1a)[0x55592ae2fb1a]
)[0x5557bf3f00dd]
[node-5:17840] [ 2] ./main_openmp(+0x12e6)[0x5557bf3f02e6]
[node-5:17840] [ 3] ./main_openmp(+0x1631)[0x5557bf3f0631]
[node-5:17840] [ 4] [node-7:26295] *** End of error message ***
/lib/x86_64-linux-gnu/libc.so.6(__libc_start_main+0xe7)[0x7f250bec7c87]
[node-5:17840] [ 5] ./main_openmp(+0xb1a)[0x5557bf3efb1a]
[node-5:17840] *** End of error message ***
--------------------------------------------------------------------------
mpirun noticed that process rank 0 with PID 0 on node node-1 exited on signal 11 (Segmentation fault).
--------------------------------------------------------------------------
