[node-9:06007] *** Process received signal ***
[node-9:06007] Signal: Segmentation fault (11)
[node-9:06007] Signal code: Address not mapped (1)
[node-9:06007] Failing at address: 0x7fffbe056fa0
[node-9:06007] [ 0] /lib/x86_64-linux-gnu/libc.so.6(+0x3ef10)[0x7fd8dca4af10]
[node-9:06007] [ 1] ./main(+0x10ad)[0x55d54a5eb0ad]
[node-9:06007] [ 2] ./main(+0x12b6)[0x55d54a5eb2b6]
[node-9:06007] [ 3] ./main(+0x1601)[0x55d54a5eb601]
[node-9:06007] [ 4] /lib/x86_64-linux-gnu/libc.so.6(__libc_start_main+0xe7)[0x7fd8dca2dc87]
[node-9:06007] [ 5] ./main(+0xb1a)[0x55d54a5eab1a]
[node-9:06007] *** End of error message ***
[node-10:20862] *** Process received signal ***
[node-10:20862] Signal: Segmentation fault (11)
[node-10:20862] Signal code: Address not mapped (1)
[node-10:20862] Failing at address: 0x7fffa27f5760
[node-10:20862] [ 0] /lib/x86_64-linux-gnu/libc.so.6(+0x3ef10)[0x7fa760a8cf10]
[node-10:20862] [ 1] ./main(+0x10ad)[0x5617c03570ad]
[node-10:20862] [ 2] ./main(+0x12b6)[0x5617c03572b6]
[node-10:20862] [ 3] ./main(+0x1601)[0x5617c0357601]
[node-10:20862] [ 4] /lib/x86_64-linux-gnu/libc.so.6(__libc_start_main+0xe7)[0x7fa760a6fc87]
[node-10:20862] [ 5] ./main(+0xb1a)[0x5617c0356b1a]
[node-10:20862] *** End of error message ***
--------------------------------------------------------------------------
mpirun noticed that process rank 1 with PID 20862 on node node-10 exited on signal 11 (Segmentation fault).
--------------------------------------------------------------------------
