[node-4:07349] *** Process received signal ***
[node-4:07349] Signal: Segmentation fault (11)
[node-4:07349] Signal code: Address not mapped (1)
[node-4:07349] Failing at address: 0x7ffbdaf63e00
[node-4:07349] [ 0] /lib/x86_64-linux-gnu/libc.so.6(+0x3ef10)[0x7f4ab37fff10]
[node-4:07349] [ 1] ./main(+0x10ad)[0x55e195cd20ad]
[node-4:07349] [ 2] ./main(+0x12b6)[0x55e195cd22b6]
[node-4:07349] [ 3] ./main(+0x1601)[0x55e195cd2601]
[node-4:07349] [ 4] /lib/x86_64-linux-gnu/libc.so.6(__libc_start_main+0xe7)[0x7f4ab37e2c87]
[node-4:07349] [ 5] ./main(+0xb1a)[0x55e195cd1b1a]
[node-4:07349] *** End of error message ***
[node-7:24195] *** Process received signal ***
[node-7:24195] Signal: Segmentation fault (11)
[node-7:24195] Signal code: Address not mapped (1)
[node-7:24195] Failing at address: 0x7ffe0c172050
[node-5:15138] *** Process received signal ***
[node-5:15138] Signal: Segmentation fault (11)
[node-5:15138] Signal code: Address not mapped (1)
[node-5:15138] Failing at address: 0x7ffa65049a90
[node-7:24195] [ 0] /lib/x86_64-linux-gnu/libc.so.6(+0x3ef10)[0x7ff3ad4a1f10]
[node-7:24195] [ 1] ./main(+0x10ad)[node-5:15138] [ 0] [0x56459c8180ad]
[node-7:24195] [ 2] ./main(+0x12b6)[0x56459c8182b6]
[node-7:24195] [ 3] ./main(+0x1601)[0x56459c818601]
[node-7:24195] [ 4] /lib/x86_64-linux-gnu/libc.so.6(+0x3ef10)[0x7f60b1724f10]
[node-5:15138] [ 1] ./main(+0x10ad)[0x564c1a8d30ad]
[node-5:15138] [ 2] ./main(+0x12b6)[0x564c1a8d32b6]
[node-5:15138] [ 3] ./main(+0x1601)[0x564c1a8d3601]
[node-5:15138] [ 4] /lib/x86_64-linux-gnu/libc.so.6(__libc_start_main+0xe7)[0x7ff3ad484c87]
[node-7:24195] [ 5] ./main(+0xb1a)[0x56459c817b1a]
[node-7:24195] *** End of error message ***
/lib/x86_64-linux-gnu/libc.so.6(__libc_start_main+0xe7)[0x7f60b1707c87]
[node-5:15138] [ 5] ./main(+0xb1a)[0x564c1a8d2b1a]
[node-5:15138] *** End of error message ***
[node-6:01745] *** Process received signal ***
[node-6:01745] Signal: Segmentation fault (11)
[node-6:01745] Signal code: Address not mapped (1)
[node-6:01745] Failing at address: 0x7ffc4570c430
[node-6:01745] [ 0] /lib/x86_64-linux-gnu/libc.so.6(+0x3ef10)[0x7f41510abf10]
[node-6:01745] [ 1] ./main(+0x10ad)[0x5642ac6f50ad]
[node-6:01745] [ 2] ./main(+0x12b6)[0x5642ac6f52b6]
[node-6:01745] [ 3] ./main(+0x1601)[0x5642ac6f5601]
[node-6:01745] [ 4] /lib/x86_64-linux-gnu/libc.so.6(__libc_start_main+0xe7)[0x7f415108ec87]
[node-6:01745] [ 5] ./main(+0xb1a)[0x5642ac6f4b1a]
[node-6:01745] *** End of error message ***
--------------------------------------------------------------------------
mpirun noticed that process rank 2 with PID 1745 on node node-6 exited on signal 11 (Segmentation fault).
--------------------------------------------------------------------------
