[node-3:20440] *** Process received signal ***
[node-3:20440] Signal: Segmentation fault (11)
[node-3:20440] Signal code:  (128)
[node-3:20440] Failing at address: (nil)
[node-3:20440] [ 0] /lib/x86_64-linux-gnu/libc.so.6(+0x3ef10)[0x7f07ef9b6f10]
[node-3:20440] [ 1] ./main_openmp(+0x10dd)[0x55d25641a0dd]
[node-3:20440] [ 2] ./main_openmp(+0x12e6)[0x55d25641a2e6]
[node-3:20440] [ 3] ./main_openmp(+0x1631)[0x55d25641a631]
[node-3:20440] [ 4] /lib/x86_64-linux-gnu/libc.so.6(__libc_start_main+0xe7)[0x7f07ef999c87]
[node-3:20440] [ 5] ./main_openmp(+0xb1a)[0x55d256419b1a]
[node-3:20440] *** End of error message ***
[node-4:06074] *** Process received signal ***
[node-4:06074] Signal: Segmentation fault (11)
[node-4:06074] Signal code: Address not mapped (1)
[node-4:06074] Failing at address: 0x7ffedc00d000
[node-4:06074] [ 0] /lib/x86_64-linux-gnu/libc.so.6(+0x3ef10)[0x7f300efd9f10]
[node-4:06074] [ 1] ./main_openmp(+0x10dd)[0x55a32712c0dd]
[node-4:06074] [ 2] ./main_openmp(+0x12e6)[0x55a32712c2e6]
[node-4:06074] [ 3] ./main_openmp(+0x1631)[0x55a32712c631]
[node-4:06074] [ 4] /lib/x86_64-linux-gnu/libc.so.6(__libc_start_main+0xe7)[0x7f300efbcc87]
[node-4:06074] [ 5] ./main_openmp(+0xb1a)[0x55a32712bb1a]
[node-4:06074] *** End of error message ***
[node-5:13931] *** Process received signal ***
[node-5:13931] Signal: Segmentation fault (11)
[node-5:13931] Signal code: Address not mapped (1)
[node-5:13931] Failing at address: 0x7ffe36c40310
[node-5:13931] [ 0] /lib/x86_64-linux-gnu/libc.so.6(+0x3ef10)[0x7f37d9fb1f10]
[node-5:13931] [ 1] ./main_openmp(+0x10dd)[0x55e86b8580dd]
[node-5:13931] [ 2] ./main_openmp(+0x12e6)[0x55e86b8582e6]
[node-5:13931] [ 3] ./main_openmp(+0x1631)[0x55e86b858631]
[node-5:13931] [ 4] /lib/x86_64-linux-gnu/libc.so.6(__libc_start_main+0xe7)[0x7f37d9f94c87]
[node-5:13931] [ 5] ./main_openmp(+0xb1a)[0x55e86b857b1a]
[node-5:13931] *** End of error message ***
--------------------------------------------------------------------------
mpirun noticed that process rank 1 with PID 6074 on node node-4 exited on signal 11 (Segmentation fault).
--------------------------------------------------------------------------
