[node-9:00697] *** Process received signal ***
[node-9:00697] Signal: Segmentation fault (11)
[node-9:00697] Signal code: Address not mapped (1)
[node-9:00697] Failing at address: 0x7ffe072691d0
[node-9:00697] [ 0] /lib/x86_64-linux-gnu/libc.so.6(+0x3ef10)[0x7f49eb5dcf10]
[node-9:00697] [ 1] ./main_openmp(+0x10dd)[0x55a2aef190dd]
[node-9:00697] [ 2] ./main_openmp(+0x12e6)[0x55a2aef192e6]
[node-9:00697] [ 3] ./main_openmp(+0x1631)[0x55a2aef19631]
[node-9:00697] [ 4] /lib/x86_64-linux-gnu/libc.so.6(__libc_start_main+0xe7)[0x7f49eb5bfc87]
[node-9:00697] [ 5] ./main_openmp(+0xb1a)[0x55a2aef18b1a]
[node-9:00697] *** End of error message ***
[node-10:17283] *** Process received signal ***
[node-10:17283] Signal: Segmentation fault (11)
[node-10:17283] Signal code: Address not mapped (1)
[node-10:17283] Failing at address: 0x7ffdfff9aba0
[node-10:17283] [ 0] /lib/x86_64-linux-gnu/libc.so.6(+0x3ef10)[0x7fe69dd70f10]
[node-10:17283] [ 1] ./main_openmp(+0x10dd)[0x5567271e10dd]
[node-10:17283] [ 2] ./main_openmp(+0x12e6)[0x5567271e12e6]
[node-10:17283] [ 3] ./main_openmp(+0x1631)[0x5567271e1631]
[node-10:17283] [ 4] /lib/x86_64-linux-gnu/libc.so.6(__libc_start_main+0xe7)[0x7fe69dd53c87]
[node-10:17283] [ 5] ./main_openmp(+0xb1a)[0x5567271e0b1a]
[node-10:17283] *** End of error message ***
--------------------------------------------------------------------------
mpirun noticed that process rank 1 with PID 17283 on node node-10 exited on signal 11 (Segmentation fault).
--------------------------------------------------------------------------
