[node-4:08848] *** Process received signal ***
[node-4:08848] Signal: Segmentation fault (11)
[node-4:08848] Signal code: Address not mapped (1)
[node-4:08848] Failing at address: 0x7ffc1883b7e0
[node-4:08848] [ 0] /lib/x86_64-linux-gnu/libc.so.6(+0x3ef10)[0x7f1b376c5f10]
[node-4:08848] [ 1] ./main(+0x10ad)[0x5580a1e380ad]
[node-4:08848] [ 2] ./main(+0x12b6)[0x5580a1e382b6]
[node-4:08848] [ 3] ./main(+0x1601)[0x5580a1e38601]
[node-4:08848] [ 4] /lib/x86_64-linux-gnu/libc.so.6(__libc_start_main+0xe7)[0x7f1b376a8c87]
[node-4:08848] [ 5] ./main(+0xb1a)[0x5580a1e37b1a]
[node-4:08848] *** End of error message ***
[node-5:16620] *** Process received signal ***
[node-5:16620] Signal: Segmentation fault (11)
[node-5:16620] Signal code: Address not mapped (1)
[node-5:16620] Failing at address: 0x7ffe67898a10
[node-5:16620] [ 0] /lib/x86_64-linux-gnu/libc.so.6(+0x3ef10)[0x7f4fb3770f10]
[node-5:16620] [ 1] [node-6:03034] *** Process received signal ***
[node-6:03034] Signal: Segmentation fault (11)
[node-6:03034] Signal code: Address not mapped (1)
[node-6:03034] Failing at address: 0x7ffdc2876fa0
[node-6:03034] [ 0] ./main(+0x10ad)[0x563532d380ad]
[node-5:16620] [ 2] ./main(/lib/x86_64-linux-gnu/libc.so.6(+0x3ef10)[0x7f3391009f10]
[node-6:03034] [ 1] ./main(+0x10ad)[0x55c07d3120ad]
[node-6:03034] [ 2] ./main(+0x12b6)[0x55c07d3122b6]
[node-6:03034] [ 3] ./main(+0x1601)[0x55c07d312601]
[node-6:03034] [ 4] /lib/x86_64-linux-gnu/libc.so.6(__libc_start_main+0xe7)[0x7f3390fecc87]
[node-6:03034] [ 5] ./main(+0xb1a)[0x55c07d311b1a]
[node-6:03034] *** End of error message ***
+0x12b6)[0x563532d382b6]
[node-5:16620] [ 3] ./main(+0x1601)[0x563532d38601]
[node-5:16620] [ 4] /lib/x86_64-linux-gnu/libc.so.6(__libc_start_main+0xe7)[0x7f4fb3753c87]
[node-5:16620] [ 5] ./main(+0xb1a)[0x563532d37b1a]
[node-5:16620] *** End of error message ***
[node-7:25283] *** Process received signal ***
[node-7:25283] Signal: Segmentation fault (11)
[node-7:25283] Signal code: Address not mapped (1)
[node-7:25283] Failing at address: 0x7ffd5d4b98d0
[node-7:25283] [ 0] /lib/x86_64-linux-gnu/libc.so.6(+0x3ef10)[0x7fe3e272ef10]
[node-7:25283] [ 1] ./main(+0x10ad)[0x555a62b080ad]
[node-7:25283] [ 2] ./main(+0x12b6)[0x555a62b082b6]
[node-7:25283] [ 3] ./main(+0x1601)[0x555a62b08601]
[node-7:25283] [ 4] /lib/x86_64-linux-gnu/libc.so.6(__libc_start_main+0xe7)[0x7fe3e2711c87]
[node-7:25283] [ 5] ./main(+0xb1a)[0x555a62b07b1a]
[node-7:25283] *** End of error message ***
[node-8:19899] *** Process received signal ***
[node-8:19899] Signal: Segmentation fault (11)
[node-8:19899] Signal code: Address not mapped (1)
[node-8:19899] Failing at address: 0x7ffd77436690
[node-8:19899] [ 0] /lib/x86_64-linux-gnu/libc.so.6(+0x3ef10)[0x7fcf14d69f10]
[node-8:19899] [ 1] ./main(+0x10ad)[0x55fc8b10a0ad]
[node-8:19899] [ 2] ./main(+0x12b6)[0x55fc8b10a2b6]
[node-8:19899] [ 3] ./main(+0x1601)[0x55fc8b10a601]
[node-8:19899] [ 4] /lib/x86_64-linux-gnu/libc.so.6(__libc_start_main+0xe7)[0x7fcf14d4cc87]
[node-8:19899] [ 5] ./main(+0xb1a)[0x55fc8b109b1a]
[node-8:19899] *** End of error message ***
--------------------------------------------------------------------------
mpirun noticed that process rank 0 with PID 0 on node node-4 exited on signal 11 (Segmentation fault).
--------------------------------------------------------------------------
