[node-5:05015] *** Process received signal ***
[node-5:05015] Signal: Segmentation fault (11)
[node-5:05015] Signal code:  (128)
[node-5:05015] Failing at address: (nil)
[node-5:05015] [ 0] /lib/x86_64-linux-gnu/libc.so.6(+0x3ef10)[0x7f68e3394f10]
[node-5:05015] [ 1] ./main(+0x10ad)[0x560f73c900ad]
[node-5:05015] [ 2] ./main(+0x12b6)[0x560f73c902b6]
[node-5:05015] [ 3] ./main(+0x1601)[0x560f73c90601]
[node-5:05015] [ 4] /lib/x86_64-linux-gnu/libc.so.6(__libc_start_main+0xe7)[0x7f68e3377c87]
[node-5:05015] [ 5] ./main(+0xb1a)[0x560f73c8fb1a]
[node-5:05015] *** End of error message ***
[node-6:25328] *** Process received signal ***
[node-6:25328] Signal: Segmentation fault (11)
[node-6:25328] Signal code:  (128)
[node-6:25328] Failing at address: (nil)
[node-6:25328] [ 0] /lib/x86_64-linux-gnu/libc.so.6(+0x3ef10)[0x7f01c11b7f10]
[node-6:25328] [ 1] ./main(+0x10ad)[0x55f092ab10ad]
[node-6:25328] [ 2] ./main(+0x12b6)[0x55f092ab12b6]
[node-6:25328] [ 3] ./main(+0x1601)[0x55f092ab1601]
[node-6:25328] [ 4] /lib/x86_64-linux-gnu/libc.so.6(__libc_start_main+0xe7)[0x7f01c119ac87]
[node-6:25328] [ 5] ./main(+0xb1a)[0x55f092ab0b1a]
[node-6:25328] *** End of error message ***
[node-7:15988] *** Process received signal ***
[node-7:15988] Signal: Segmentation fault (11)
[node-7:15988] Signal code:  (128)
[node-7:15988] Failing at address: (nil)
[node-7:15988] [ 0] /lib/x86_64-linux-gnu/libc.so.6(+0x3ef10)[0x7fa465297f10]
[node-7:15988] [ 1] ./main(+0x10ad)[0x5580ed8f20ad]
[node-7:15988] [ 2] ./main(+0x12b6)[0x5580ed8f22b6]
[node-7:15988] [ 3] ./main(+0x1601)[0x5580ed8f2601]
[node-7:15988] [ 4] /lib/x86_64-linux-gnu/libc.so.6(__libc_start_main+0xe7)[0x7fa46527ac87]
[node-7:15988] [ 5] ./main(+0xb1a)[0x5580ed8f1b1a]
[node-7:15988] *** End of error message ***
--------------------------------------------------------------------------
mpirun noticed that process rank 1 with PID 25328 on node node-6 exited on signal 11 (Segmentation fault).
--------------------------------------------------------------------------
