[node-4:17221] *** Process received signal ***
[node-4:17221] Signal: Segmentation fault (11)
[node-4:17221] Signal code: Address not mapped (1)
[node-4:17221] Failing at address: 0x7ffd231050b0
[node-4:17221] [ 0] /lib/x86_64-linux-gnu/libc.so.6(+0x3ef10)[0x7fd0bd062f10]
[node-4:17221] [ 1] ./main_openmp(+0x10dd)[0x56173077e0dd]
[node-4:17221] [ 2] ./main_openmp(+0x12e6)[0x56173077e2e6]
[node-4:17221] [ 3] ./main_openmp(+0x1631)[0x56173077e631]
[node-4:17221] [ 4] /lib/x86_64-linux-gnu/libc.so.6(__libc_start_main+0xe7)[0x7fd0bd045c87]
[node-4:17221] [ 5] ./main_openmp(+0xb1a)[0x56173077db1a]
[node-4:17221] *** End of error message ***
[node-5:24839] *** Process received signal ***
[node-5:24839] Signal: Segmentation fault (11)
[node-5:24839] Signal code: Address not mapped (1)
[node-5:24839] Failing at address: 0x7fff41d3f420
[node-6:10640] *** Process received signal ***
[node-6:10640] Signal: Segmentation fault (11)
[node-6:10640] Signal code: Address not mapped (1)
[node-6:10640] Failing at address: 0x7ffea1afe610
[node-7:31623] *** Process received signal ***
[node-7:31623] Signal: Segmentation fault (11)
[node-7:31623] Signal code: Address not mapped (1)
[node-7:31623] Failing at address: 0x7fff419b1ca0
[node-5:24839] [ 0] /lib/x86_64-linux-gnu/libc.so.6(+0x3ef10)[0x7fb4886d4f10]
[node-5:24839] [ 1] ./main_openmp(+0x10dd)[0x561b0105a0dd]
[node-5:24839] [ 2] [node-6:10640] [ 0] /lib/x86_64-linux-gnu/libc.so.6(+0x3ef10)[0x7f888b2d9f10]
[node-6:10640] [ 1] ./main_openmp(+0x10dd)[0x557c0e9450dd]
[node-6:10640] [ 2] ./main_openmp(+0x12e6)[0x557c0e9452e6]
[node-6:10640] [ 3] ./main_openmp(+0x1631)[0x557c0e945631]
[node-6:10640] [ 4] /lib/x86_64-linux-gnu/libc.so.6(__libc_start_main+0xe7)[0x7f888b2bcc87]
[node-6:10640] [node-7:31623] [ 0] /lib/x86_64-linux-gnu/libc.so.6(+0x3ef10)[0x7f9dc8c64f10]
[node-7:31623] [ 1] ./main_openmp(+0x10dd)[0x560299e400dd]
[node-7:31623] [ 2] ./main_openmp(+0x12e6)[ 5] ./main_openmp(+0xb1a)[0x557c0e944b1a]
[node-6:10640] *** End of error message ***
./main_openmp(+0x12e6)[0x560299e402e6]
[node-7:31623] [ 3] ./main_openmp(+0x1631)[0x560299e40631]
[node-7:31623] [ 4] /lib/x86_64-linux-gnu/libc.so.6(__libc_start_main+0xe7)[0x7f9dc8c47c87]
[node-7:31623] [0x561b0105a2e6]
[node-5:24839] [ 3] ./main_openmp(+0x1631)[0x561b0105a631]
[node-5:24839] [ 4] [ 5] ./main_openmp(+0xb1a)[0x560299e3fb1a]
/lib/x86_64-linux-gnu/libc.so.6(__libc_start_main+0xe7)[0x7fb4886b7c87]
[node-5:24839] [ 5] ./main_openmp(+0xb1a)[0x561b01059b1a]
[node-5:24839] *** End of error message ***
[node-7:31623] *** End of error message ***
--------------------------------------------------------------------------
mpirun noticed that process rank 0 with PID 0 on node node-4 exited on signal 11 (Segmentation fault).
--------------------------------------------------------------------------
