[node-1:06558] *** Process received signal ***
[node-1:06558] Signal: Segmentation fault (11)
[node-1:06558] Signal code: Address not mapped (1)
[node-1:06558] Failing at address: 0x7ffc20c81910
[node-1:06558] [ 0] /lib/x86_64-linux-gnu/libc.so.6(+0x3ef10)[0x7fb836ac6f10]
[node-1:06558] [ 1] ./main(+0x10ad)[0x55c2bd8a00ad]
[node-1:06558] [ 2] ./main(+0x12b6)[0x55c2bd8a02b6]
[node-1:06558] [ 3] ./main(+0x1601)[0x55c2bd8a0601]
[node-1:06558] [ 4] /lib/x86_64-linux-gnu/libc.so.6(__libc_start_main+0xe7)[0x7fb836aa9c87]
[node-1:06558] [ 5] ./main(+0xb1a)[0x55c2bd89fb1a]
[node-1:06558] *** End of error message ***
[node-2:24034] *** Process received signal ***
[node-2:24034] Signal: Segmentation fault (11)
[node-2:24034] Signal code: Address not mapped (1)
[node-2:24034] Failing at address: 0x7ffcefd03710
[node-2:24034] [ 0] /lib/x86_64-linux-gnu/libc.so.6(+0x3ef10)[0x7f5920870f10]
[node-2:24034] [ 1] ./main(+0x10ad)[0x55a6cf3610ad]
[node-2:24034] [ 2] ./main(+0x12b6)[0x55a6cf3612b6]
[node-2:24034] [ 3] ./main(+0x1601)[0x55a6cf361601]
[node-2:24034] [ 4] /lib/x86_64-linux-gnu/libc.so.6(__libc_start_main+0xe7)[0x7f5920853c87]
[node-2:24034] [ 5] ./main(+0xb1a)[0x55a6cf360b1a]
[node-2:24034] *** End of error message ***
--------------------------------------------------------------------------
mpirun noticed that process rank 0 with PID 0 on node node-1 exited on signal 11 (Segmentation fault).
--------------------------------------------------------------------------
