[node-8:25026] *** Process received signal ***
[node-8:25026] Signal: Segmentation fault (11)
[node-8:25026] Signal code: Address not mapped (1)
[node-8:25026] Failing at address: 0x7ffe1bbad0b0
[node-8:25026] [ 0] /lib/x86_64-linux-gnu/libc.so.6(+0x3ef10)[0x7f718e7e3f10]
[node-8:25026] [ 1] ./main(+0x10ad)[0x555e612730ad]
[node-8:25026] [ 2] ./main(+0x12b6)[0x555e612732b6]
[node-8:25026] [ 3] ./main(+0x1601)[0x555e61273601]
[node-8:25026] [ 4] /lib/x86_64-linux-gnu/libc.so.6(__libc_start_main+0xe7)[0x7f718e7c6c87]
[node-8:25026] [ 5] ./main(+0xb1a)[0x555e61272b1a]
[node-8:25026] *** End of error message ***
[node-9:07163] *** Process received signal ***
[node-9:07163] Signal: Segmentation fault (11)
[node-9:07163] Signal code:  (128)
[node-9:07163] Failing at address: (nil)
[node-9:07163] [ 0] /lib/x86_64-linux-gnu/libc.so.6(+0x3ef10)[0x7fa33dfa0f10]
[node-9:07163] [ 1] ./main(+0x10ad)[0x5569ce7aa0ad]
[node-9:07163] [ 2] ./main(+0x12b6)[0x[node-10:21578] *** Process received signal ***
[node-10:21578] Signal: Segmentation fault (11)
[node-10:21578] Signal code:  (128)
[node-10:21578] Failing at address: (nil)
5569ce7aa2b6]
[node-9:07163] [ 3] ./main(+0x1601)[0x5569ce7aa601]
[node-9:07163] [ 4] /lib/x86_64-linux-gnu/libc.so.6(__libc_start_main+0xe7)[0x7fa33df83c87]
[node-9:07163] [ 5] ./main(+0xb1a)[0x5569ce7a9b1a]
[node-9:07163] *** End of error message ***
[node-10:21578] [ 0] /lib/x86_64-linux-gnu/libc.so.6(+0x3ef10)[0x7fc0c9749f10]
[node-10:21578] [ 1] ./main(+0x10ad)[0x55f53d3db0ad]
[node-10:21578] [ 2] ./main(+0x12b6)[0x55f53d3db2b6]
[node-10:21578] [ 3] ./main(+0x1601)[0x55f53d3db601]
[node-10:21578] [ 4] /lib/x86_64-linux-gnu/libc.so.6(__libc_start_main+0xe7)[0x7fc0c972cc87]
[node-10:21578] [ 5] ./main(+0xb1a)[0x55f53d3dab1a]
[node-10:21578] *** End of error message ***
--------------------------------------------------------------------------
mpirun noticed that process rank 0 with PID 0 on node node-8 exited on signal 11 (Segmentation fault).
--------------------------------------------------------------------------
