[node-1:10042] *** Process received signal ***
[node-1:10042] Signal: Segmentation fault (11)
[node-1:10042] Signal code: Address not mapped (1)
[node-1:10042] Failing at address: 0x7fff5247b2b0
[node-1:10042] [ 0] /lib/x86_64-linux-gnu/libc.so.6(+0x3ef10)[0x7f8930000f10]
[node-1:10042] [ 1] ./main(+0x10ad)[0x55d1148270ad]
[node-1:10042] [ 2] ./main(+0x12b6)[0x55d1148272b6]
[node-1:10042] [ 3] ./main(+0x1601)[0x55d114827601]
[node-1:10042] [ 4] /lib/x86_64-linux-gnu/libc.so.6(__libc_start_main+0xe7)[0x7f892ffe3c87]
[node-1:10042] [ 5] ./main(+0xb1a)[0x55d114826b1a]
[node-1:10042] *** End of error message ***
[node-2:27317] *** Process received signal ***
[node-2:27317] Signal: Segmentation fault (11)
[node-2:27317] Signal code:  (128)
[node-2:27317] Failing at address: (nil)
[node-2:27317] [ 0] /lib/x86_64-linux-gnu/libc.so.6(+0x3ef10)[node-3:16508] *** Process received signal ***
[node-3:16508] Signal: Segmentation fault (11)
[node-3:16508] Signal code: Address not mapped (1)
[node-3:16508] Failing at address: 0x7ffd818cdbe0
[0x7f63418f4f10]
[node-2:27317] [ 1] ./main(+0x10ad[node-3:16508] [ 0] /lib/x86_64-linux-gnu/libc.so.6(+0x3ef10)[0x)[0x55dc728540ad]
[node-2:27317] [ 2] ./main(+0x12b6)[0x55dc728542b6]
7f0fd0140f10]
[node-3:16508] [ 1] ./main(+0x10ad)[0x55c58b61a0ad]
[node-3:16508] [ 2] ./main(+0x12b6)[0x55c58b61a2b6]
[node-3:16508] [ 3] [node-2:27317] [ 3] ./main(+0x1601)[0x55dc72854601]
[node-2:27317] [ 4] ./main(+0x1601)[0x55c58b61a601]
[node-3:16508] [ 4] /lib/x86_64-linux-gnu/libc.so.6(__libc_start_main+0xe7)[0x7f0fd0123c87]
[node-3:16508] /lib/x86_64-linux-gnu/libc.so.6(__libc_start_main+0xe7)[0x7f63418d7c87]
[node-2:27317] [ 5] ./main(+0xb1a)[0x55dc72853b1a]
[ 5] ./main(+0xb1a)[0x55c58b619b1a]
[node-3:16508] *** End of error message ***
[node-2:27317] *** End of error message ***
--------------------------------------------------------------------------
mpirun noticed that process rank 0 with PID 0 on node node-1 exited on signal 11 (Segmentation fault).
--------------------------------------------------------------------------
