[node-1:26863] *** Process received signal ***
[node-1:26863] Signal: Segmentation fault (11)
[node-1:26863] Signal code:  (128)
[node-1:26863] Failing at address: (nil)
[node-1:26863] [ 0] /lib/x86_64-linux-gnu/libc.so.6(+0x3ef10)[0x7f9e5e0b5f10]
[node-1:26863] [ 1] ./main(+0x10ad)[0x55b070a5a0ad]
[node-1:26863] [ 2] ./main(+0x12b6)[0x55b070a5a2b6]
[node-1:26863] [ 3] ./main(+0x1601)[0x55b070a5a601]
[node-1:26863] [ 4] /lib/x86_64-linux-gnu/libc.so.6(__libc_start_main+0xe7)[0x7f9e5e098c87]
[node-1:26863] [ 5] ./main(+0xb1a)[0x55b070a59b1a]
[node-1:26863] *** End of error message ***
[node-6:12000] *** Process received signal ***
[node-6:12000] Signal: Segmentation fault (11)
[node-6:12000] Signal code:  (128)
[node-6:12000] Failing at address: (nil)
[node-2:11784] *** Process received signal ***
[node-2:11784] Signal: Segmentation fault (11)
[node-2:11784] Signal code: Address not mapped (1)
[node-2:11784] Failing at address: 0x7fff98c1e090
[node-6:12000] [ 0] /lib/x86_64-linux-gnu/libc.so.6(+0x3ef10)[0x7fa2b0c34f10]
[node-6:12000] [ 1] ./main(+0x10ad)[0x563d34eaa0ad]
[node-6:12000] [ 2] ./main(+0x12b6)[0x563d34eaa2b6]
[node-6:12000] [ 3] ./main(+0x1601)[0x563d34eaa601]
[node-6:12000] [ 4] /lib/x86_64-linux-gnu/libc.so.6(__libc_start_main+0xe7)[0x7fa2b0c17c87]
[node-6:12000] [ 5] ./main([node-3:31608] *** Process received signal ***
[node-3:31608] Signal: Segmentation fault (11)
[node-3:31608] Signal code: Address not mapped (1)
[node-3:31608] Failing at address: 0x7ffe08d587b0
[node-2:11784] [ 0] /lib/x86_64-linux-gnu/libc.so.6(+0x3ef10)[0x7f040365ef10]
[node-2:11784] [ 1] ./main(+0x10ad)[0x558f789740ad]
[node-2:11784] [ 2] ./main(+0x12b6)[0x558f789742b6]
[node-4:18605] *** Process received signal ***
[node-4:18605] Signal: Segmentation fault (11)
[node-4:18605] Signal code:  (128)
[node-4:18605] Failing at address: (nil)
+0xb1a)[0x563d34ea9b1a]
[node-6:12000] *** End of error message ***
[node-3:31608] [ 0] /lib/x86_64-linux-gnu/libc.so.6(+0x3ef10)[0x7f300abbaf10]
[node-3:31608] [ 1] ./main(+0x10ad)[0x55c4bbd330ad]
[node-3:31608] [ 2] ./main(+0x12b6)[0x55c4bbd332b6]
[node-3:31608] [ 3] ./main(+0x1601)[0x55c4bbd33601]
[node-3:31608] [ 4] [node-2:11784] [ 3] ./main(+0x1601)[0x558f78974601]
[node-2:11784] [ 4] [node-4:18605] [ 0] /lib/x86_64-linux-gnu/libc.so.6(+0x3ef10)[0x7fadf6d23f10]
[node-4:18605] [ 1] /lib/x86_64-linux-gnu/libc.so.6(__libc_start_main+0xe7)[0x7f300ab9dc87]
[node-3:31608] [ 5] ./main(+0xb1a)[0x55c4bbd32b1a]
[node-3:31608] *** End of error message ***
/lib/x86_64-linux-gnu/libc.so.6(__libc_start_main+0xe7)[0x7f0403641c87]
[node-2:11784] [ 5] ./main(+0xb1a)[0x558f78973b1a]
[node-2:11784] *** End of error message ***
./main(+0x10ad)[0x55a7849150ad]
[node-4:18605] [ 2] ./main(+0x12b6)[0x55a7849152b6]
[node-4:18605] [ 3] ./main(+0x1601)[0x55a784915601]
[node-4:18605] [ 4] /lib/x86_64-linux-gnu/libc.so.6(__libc_start_main+0xe7)[0x7fadf6d06c87]
[node-4:18605] [ 5] ./main(+0xb1a)[0x55a784914b1a]
[node-4:18605] *** End of error message ***
[node-5:26213] *** Process received signal ***
[node-5:26213] Signal: Segmentation fault (11)
[node-5:26213] Signal code: Address not mapped (1)
[node-5:26213] Failing at address: 0x7fffed524450
[node-5:26213] [ 0] /lib/x86_64-linux-gnu/libc.so.6(+0x3ef10)[0x7f2196891f10]
[node-5:26213] [ 1] ./main(+0x10ad)[0x559d8f3c80ad]
[node-5:26213] [ 2] ./main(+0x12b6)[0x559d8f3c82b6]
[node-5:26213] [ 3] ./main(+0x1601)[0x559d8f3c8601]
[node-5:26213] [ 4] /lib/x86_64-linux-gnu/libc.so.6(__libc_start_main+0xe7)[0x7f2196874c87]
[node-5:26213] [ 5] ./main(+0xb1a)[0x559d8f3c7b1a]
[node-5:26213] *** End of error message ***
--------------------------------------------------------------------------
mpirun noticed that process rank 0 with PID 0 on node node-1 exited on signal 11 (Segmentation fault).
--------------------------------------------------------------------------
