[node-5:08900] *** Process received signal ***
[node-5:08900] Signal: Segmentation fault (11)
[node-5:08900] Signal code: Address not mapped (1)
[node-5:08900] Failing at address: 0x7ffbe2249e00
[node-5:08900] [ 0] /lib/x86_64-linux-gnu/libc.so.6(+0x3ef10)[0x7fa4585cef10]
[node-5:08900] [ 1] ./main(+0x10ad)[0x55e6ce5970ad]
[node-5:08900] [ 2] ./main(+0x12b6)[0x55e6ce5972b6]
[node-5:08900] [ 3] ./main(+0x1601)[0x55e6ce597601]
[node-5:08900] [ 4] /lib/x86_64-linux-gnu/libc.so.6(__libc_start_main+0xe7)[0x7fa4585b1c87]
[node-5:08900] [ 5] ./main(+0xb1a)[0x55e6ce596b1a]
[node-5:08900] *** End of error message ***
[node-6:28645] *** Process received signal ***
[node-6:28645] Signal: Segmentation fault (11)
[node-6:28645] Signal code: Address not mapped (1)
[node-6:28645] Failing at address: 0x7ffd0855ae80
[node-6:28645] [ 0] /lib/x86_64-linux-gnu/libc.so.6(+0x3ef10)[0x7fa037d30f10]
[node-6:28645] [ 1] ./main(+0x10ad)[0x555d9458b0ad]
[node-6:28645] [ 2] ./main(+0x12b6)[0x555d9458b2b6]
[node-6:28645] [ 3] ./main(+0x1601)[0x555d9458b601]
[node-6:28645] [ 4] /lib/x86_64-linux-gnu/libc.so.6(__libc_start_main+0xe7)[0x7fa037d13c87]
[node-6:28645] [ 5] ./main(+0xb1a)[0x555d9458ab1a]
[node-6:28645] *** End of error message ***
--------------------------------------------------------------------------
mpirun noticed that process rank 1 with PID 28645 on node node-6 exited on signal 11 (Segmentation fault).
--------------------------------------------------------------------------
