[node-1:10420] *** Process received signal ***
[node-1:10420] Signal: Segmentation fault (11)
[node-1:10420] Signal code:  (128)
[node-1:10420] Failing at address: (nil)
[node-1:10420] [ 0] /lib/x86_64-linux-gnu/libc.so.6(+0x3ef10)[0x7f92fefdef10]
[node-1:10420] [ 1] ./main(+0x10ad)[0x55ed6fbb80ad]
[node-1:10420] [ 2] ./main(+0x12b6)[0x55ed6fbb82b6]
[node-1:10420] [ 3] ./main(+0x1601)[0x55ed6fbb8601]
[node-1:10420] [ 4] /lib/x86_64-linux-gnu/libc.so.6(__libc_start_main+0xe7)[0x7f92fefc1c87]
[node-1:10420] [ 5] ./main(+0xb1a)[0x55ed6fbb7b1a]
[node-1:10420] *** End of error message ***
[node-4:02165] *** Process received signal ***
[node-4:02165] Signal: Segmentation fault (11)
[node-4:02165] Signal code: Address not mapped (1)
[node-4:02165] Failing at address: 0x7ffddf1e1880
[node-4:02165] [ 0] [node-2:27674] *** Process received signal ***
[node-2:27674] Signal: Segmentation fault (11)
[node-2:27674] Signal code: Address not mapped (1)
[node-2:27674] Failing at address: 0x7ffe972185b0
/lib/x86_64-linux-gnu/libc.so.6(+0x3ef10)[0x7f9d4d189f10]
[node-4:02165] [ 1] ./main(+0x10ad)[0x55af334f70ad]
[node-4:02165] [node-3:16829] *** Process received signal ***
[node-3:16829] Signal: Segmentation fault (11)
[node-3:16829] Signal code:  (128)
[node-3:16829] Failing at address: (nil)
[node-2:27674] [ 0] /lib/x86_64-linux-gnu/libc.so.6(+0x3ef10)[0x7fb84db2af10]
[node-2:27674] [ 1] ./main(+0x10ad)[0x559821a6c0ad]
[node-2:27674] [ 2] ./main(+0x12b6)[0x559821a6c2b6]
[node-2:27674] [ 3] ./main(+0x1601)[0x559821a6c601]
[node-2:27674] [ 4] /lib/x86_64-linux-gnu/libc.so.6(__libc_start_main+0xe7)[0x7fb84db0dc87]
[node-2:27674] [ 5] ./main(+0xb1a)[0x559821a6bb1a]
[node-2:27674] *** End of error message ***
[ 2] ./main(+0x12b6)[0x55af334f72b6]
[node-4:02165] [ 3] ./main(+0x1601)[0x55af334f7601]
[node-3:16829] [ 0] /lib/x86_64-linux-gnu/libc.so.6(+0x3ef10)[0x7f129eaecf10]
[node-3:16829] [ 1] ./main(+0x[node-4:02165] [ 4] /lib/x86_64-linux-gnu/libc.so.6(__libc_start_main+0xe7)[0x7f9d4d16cc87]
[node-4:02165] [ 5] 10ad)[0x558406f760ad]
[node-3:16829] [ 2] ./main(+0x12b6)[0x558406f762b6]
[node-3:16829] ./main(+0xb1a)[0x55af334f6b1a]
[node-4:02165] *** End of error message ***
[ 3] ./main(+0x1601)[0x558406f76601]
[node-3:16829] [ 4] /lib/x86_64-linux-gnu/libc.so.6(__libc_start_main+0xe7)[0x7f129eacfc87]
[node-3:16829] [ 5] ./main(+0xb1a)[0x558406f75b1a]
[node-3:16829] *** End of error message ***
--------------------------------------------------------------------------
mpirun noticed that process rank 0 with PID 0 on node node-1 exited on signal 11 (Segmentation fault).
--------------------------------------------------------------------------
