[node-4:08696] *** Process received signal ***
[node-4:08696] Signal: Segmentation fault (11)
[node-4:08696] Signal code: Address not mapped (1)
[node-4:08696] Failing at address: 0x7ffc131f35e0
[node-4:08696] [ 0] /lib/x86_64-linux-gnu/libc.so.6(+0x3ef10)[0x7f13f11b1f10]
[node-4:08696] [ 1] ./main(+0x10ad)[0x558dd86270ad]
[node-4:08696] [ 2] ./main(+0x12b6)[0x558dd86272b6]
[node-4:08696] [ 3] ./main(+0x1601)[0x558dd8627601]
[node-4:08696] [ 4] /lib/x86_64-linux-gnu/libc.so.6(__libc_start_main+0xe7)[0x7f13f1194c87]
[node-4:08696] [ 5] ./main(+0xb1a)[0x558dd8626b1a]
[node-4:08696] *** End of error message ***
[node-6:02897] *** Process received signal ***
[node-6:02897] Signal: Segmentation fault (11)
[node-6:02897] Signal code: Address not mapped (1)
[node-6:02897] Failing at address: 0x7ffdcd851ce0
[node-6:02897] [ 0] /lib/x86_64-linux-gnu/libc.so.6(+0x3ef10)[0x7f851e73df10]
[node-6:02897] [ 1] ./main(+0x10ad)[0x556833fe50ad]
[node-6:02897] [ 2] ./main(+0x12b6)[0x556833fe52b6]
[node-6:02897] [ 3] ./main(+0x1601)[0x556833fe5601]
[node-6:02897] [ 4] /lib/x86_64-linux-gnu/libc.so.6(__libc_start_main+0xe7)[0x7f851e720c87]
[node-6:02897] [ 5] ./main(+0xb1a)[0x556833fe4b1a]
[node-6:02897] *** End of error message ***
[node-5:16464] *** Process received signal ***
[node-5:16464] Signal: Segmentation fault (11)
[node-5:16464] Signal code: Address not mapped (1)
[node-5:16464] Failing at address: 0x7ffb77cd2d80
[node-5:16464] [ 0] /lib/x86_64-linux-gnu/libc.so.6(+0x3ef10)[0x7f10fc06ff10]
[node-7:25143] *** Process received signal ***
[node-7:25143] Signal: Segmentation fault (11)
[node-7:25143] Signal code: Address not mapped (1)
[node-7:25143] Failing at address: 0x7ffbaa821c50
[node-9:01914] *** Process received signal ***
[node-9:01914] Signal: Segmentation fault (11)
[node-9:01914] Signal code: Address not mapped (1)
[node-9:01914] Failing at address: 0x7ffdf15ca6a0
[node-5:16464] [ 1] ./main(+0x10ad)[0x55ad79b510ad]
[node-5:16464] [ 2] ./main(+0x12b6)[0x55ad79b512b6]
[node-5:16464] [ 3] ./main(+0x1601[node-9:01914] [ 0] /lib/x86_64-linux-gnu/libc.so.6(+0x3ef10)[0x7f6f2dfdbf10]
[node-9:01914] [ 1] ./main(+0x10ad)[0x55837ad680ad]
[node-9:01914] [ 2] ./main(+0x12b6)[0x55837ad682b6]
[node-9:01914] [ 3] ./main(+0x1601)[0x55837ad68601]
[node-9:01914] [ 4] )[0x55ad79b51601]
[node-5:16464] [ 4] /lib/x86_64-linux-gnu/libc.so.6(__libc_start_main+0xe7[node-7:25143] [ 0] /lib/x86_64-linux-gnu/libc.so.6(+0x3ef10)[0x7fb6ad3aaf10]
[node-7:25143] [ 1] ./main(+0x10ad)[0x/lib/x86_64-linux-gnu/libc.so.6(__libc_start_main+0xe7)[0x7f6f2dfbec87]
[node-9:01914] [ 5] ./main(+0xb1a)[0x55837ad67b1a]
[node-9:01914] *** End of error message ***
)[0x7f10fc052c87]
[node-5:16464] [ 5] ./main(+0xb1a)[0x55ad79b50b1a]
[node-5:16464] *** End of error message ***
[node-10:18080] *** Process received signal ***
[node-10:18080] Signal: Segmentation fault (11)
[node-10:18080] Signal code: Address not mapped (1)
[node-10:18080] Failing at address: 0x7ffd2e0d9cf0
5577b926a0ad]
[node-7:25143] [ 2] ./main(+0x12b6)[0x5577b926a2b6]
[node-7:25143] [ 3] ./main(+0x1601)[0x5577b926a601]
[node-10:18080] [ 0] /lib/x86_64-linux-gnu/libc.so.6(+0x3ef10)[0x7fb6de9c7f10]
[node-10:18080] [ 1] ./main(+0x10ad)[0x561ebd4540ad]
[node-10:18080] [ 2] ./main(+0x12b6)[0x561ebd4542b6]
[node-10:18080] [ 3] ./main(+0x1601)[0x561ebd454601]
[node-7:25143] [ 4] /lib/x86_64-linux-gnu/libc.so.6(__libc_start_main+0xe7)[0x7fb6ad38dc87]
[node-7:25143] [ 5] ./main(+0xb1a)[0x[node-10:18080] [ 4] /lib/x86_64-linux-gnu/libc.so.6(__libc_start_main+0xe7)[0x7fb6de9aac87]
[node-10:18080] [ 5] ./main(+0xb1a)[0x561ebd453b1a]
[node-10:18080] *** End of error message ***
5577b9269b1a]
[node-7:25143] *** End of error message ***
[node-8:19805] *** Process received signal ***
[node-8:19805] Signal: Segmentation fault (11)
[node-8:19805] Signal code: Address not mapped (1)
[node-8:19805] Failing at address: 0x7ffc4c6599c0
[node-8:19805] [ 0] /lib/x86_64-linux-gnu/libc.so.6(+0x3ef10)[0x7f0ccc241f10]
[node-8:19805] [ 1] ./main(+0x10ad)[0x5566825090ad]
[node-8:19805] [ 2] ./main(+0x12b6)[0x5566825092b6]
[node-8:19805] [ 3] ./main(+0x1601)[0x556682509601]
[node-8:19805] [ 4] /lib/x86_64-linux-gnu/libc.so.6(__libc_start_main+0xe7)[0x7f0ccc224c87]
[node-8:19805] [ 5] ./main(+0xb1a)[0x556682508b1a]
[node-8:19805] *** End of error message ***
--------------------------------------------------------------------------
mpirun noticed that process rank 0 with PID 0 on node node-4 exited on signal 11 (Segmentation fault).
--------------------------------------------------------------------------
