[node-1:11313] *** Process received signal ***
[node-1:11313] Signal: Segmentation fault (11)
[node-1:11313] Signal code: Address not mapped (1)
[node-1:11313] Failing at address: 0x7ffeb2c09bc0
[node-1:11313] [ 0] /lib/x86_64-linux-gnu/libc.so.6(+0x3ef10)[0x7fb27c441f10]
[node-1:11313] [ 1] ./main(+0x10ad)[0x55b069dda0ad]
[node-1:11313] [ 2] ./main(+0x12b6)[0x55b069dda2b6]
[node-1:11313] [ 3] ./main(+0x1601)[0x55b069dda601]
[node-1:11313] [ 4] /lib/x86_64-linux-gnu/libc.so.6(__libc_start_main+0xe7)[0x7fb27c424c87]
[node-1:11313] [ 5] ./main(+0xb1a)[0x55b069dd9b1a]
[node-1:11313] *** End of error message ***
[node-2:28518] *** Process received signal ***
[node-2:28518] Signal: Segmentation fault (11)
[node-2:28518] Signal code:  (128)
[node-2:28518] Failing at address: (nil)
[node-2:28518] [ 0] /lib/x86_64-linux-gnu/libc.so.6(+0x3ef10)[0x7f85a4098f10]
[node-2:28518] [ 1] ./main(+0x10ad)[0x5569beb230ad]
[node-2:28518] [ 2] ./main(+0x12b6)[0x5569beb232b6]
[node-2:28518] [ 3] ./main(+0x1601)[0x5569beb23601]
[node-2:28518] [ 4] /lib/x86_64-linux-gnu/libc.so.6(__libc_start_main+0xe7)[0x7f85a407bc87]
[node-2:28518] [ 5] ./main(+0xb1a)[0x5569beb22b1a]
[node-2:28518] *** End of error message ***
--------------------------------------------------------------------------
mpirun noticed that process rank 0 with PID 0 on node node-1 exited on signal 11 (Segmentation fault).
--------------------------------------------------------------------------
