[node-1:15390] *** Process received signal ***
[node-1:15390] Signal: Segmentation fault (11)
[node-1:15390] Signal code: Address not mapped (1)
[node-1:15390] Failing at address: 0x7ffc9b8af650
[node-1:15390] [ 0] /lib/x86_64-linux-gnu/libc.so.6(+0x3ef10)[0x7f0f8120ef10]
[node-1:15390] [ 1] ./main(+0x10ad)[0x5616fce580ad]
[node-1:15390] [ 2] ./main(+0x12b6)[0x5616fce582b6]
[node-1:15390] [ 3] ./main(+0x1601)[0x5616fce58601]
[node-1:15390] [ 4] /lib/x86_64-linux-gnu/libc.so.6(__libc_start_main+0xe7)[0x7f0f811f1c87]
[node-1:15390] [ 5] ./main(+0xb1a)[0x5616fce57b1a]
[node-1:15390] *** End of error message ***
[node-6:01489] *** Process received signal ***
[node-6:01489] Signal: Segmentation fault (11)
[node-6:01489] Signal code: Address not mapped (1)
[node-6:01489] Failing at address: 0x7ffe802b44f0
[node-2:32531] *** Process received signal ***
[node-2:32531] Signal: Segmentation fault (11)
[node-2:32531] Signal code: Address not mapped (1)
[node-2:32531] Failing at address: 0x7ffe0c8e30b0
[node-6:01489] [ 0] /lib/x86_64-linux-gnu/libc.so.6(+0x3ef10)[0x7f84adb27f10]
[node-6:01489] [ 1] ./main(+0x10ad)[0x561c209f90ad]
[node-6:01489] [ 2] ./main(+0x12b6)[0x561c209f92b6]
[node-6:01489] [ 3] ./main(+0x1601)[0x561c209f9601]
[node-6:01489] [ 4] /lib/x86_64-linux-gnu/libc.so.6(__libc_start_main+0xe7)[0x7f84adb0ac87]
[node-6:01489] [ 5] ./main(+0xb1a)[0x561c209f8b1a]
[node-6:01489] *** End of error message ***
[node-2:32531] [ 0] /lib/x86_64-linux-gnu/libc.so.6(+0x3ef10)[0x7fbdc54fef10]
[node-3:21279] *** Process received signal ***
[node-3:21279] Signal: Segmentation fault (11)
[node-3:21279] Signal code: Address not mapped (1)
[node-3:21279] Failing at address: 0x7fffdaf7f110
[node-4:07031] *** Process received signal ***
[node-4:07031] Signal: Segmentation fault (11)
[node-4:07031] Signal code: Address not mapped (1)
[node-4:07031] Failing at address: 0x7ffdd9bb2920
[node-2:32531] [ 1] ./main(+0x10ad)[0x558e899730ad]
[node-2:32531] [ 2] ./main(+0x12b6)[0x558e899732b6]
[node-7:23964] *** Process received signal ***
[node-7:23964] Signal: Segmentation fault (11)
[node-7:23964] Signal code: Address not mapped (1)
[node-7:23964] Failing at address: 0x7ffe8da485c0
[node-3:21279] [ 0] [node-8:19067] *** Process received signal ***
[node-8:19067] Signal: Segmentation fault (11)
[node-8:19067] Signal code: Address not mapped (1)
[node-8:19067] Failing at address: 0x7ffef6e92e40
[node-4:07031] [ 0] /lib/x86_64-linux-gnu/libc.so.6(+0x3ef10)[0x7f07e33baf10]
[node-4:07031] [ 1] ./main(+0x[node-2:32531] [ 3] ./main(+0x1601)[0x558e89973601]
[node-2:32531] [ 4] [node-7:23964] [ 0] /lib/x86_64-linux-gnu/libc.so.6(+0x3ef10)[0x7f6c08468f10]
/lib/x86_64-linux-gnu/libc.so.6(+0x3ef10)[0x7f1ecff49f10]
[node-3:21279] [ 1] ./main(+0x10ad)[0x55600a53d0ad]
[node-3:21279] [ 2] ./main(+0x12b6)[0x55600a53d2b6]
[node-3:21279] [ 3] ./main(+0x1601)[0x55600a53d601]
[node-3:21279] [ 4] [node-8:19067] [ 0] /lib/x86_64-linux-gnu/libc.so.6(+0x3ef10)[0x7f40e4f1ef10]
[node-8:19067] [ 1] ./main(+0x10ad)[0x[node-5:14848] *** Process received signal ***
[node-5:14848] Signal: Segmentation fault (11)
[node-5:14848] Signal code: Address not mapped (1)
[node-5:14848] Failing at address: 0x7ffd31b45f20
10ad)[0x56003d5630ad]
[node-4:07031] [ 2] ./main(+0x12b6)[0x56003d5632b6]
[node-4:07031] [ 3] ./main(+0x1601)[0x56003d563601]
[node-4:07031] [ 4] /lib/x86_64-linux-gnu/libc.so.6(__libc_start_main+0xe7)[0x7fbdc54e1c87]
[node-2:32531] [ 5] ./main(+0xb1a)[0x558e89972b1a]
[node-2:32531] *** End of error message ***
[node-7:23964] [ 1] ./main(+0x10ad)[0x560706a800ad]
[node-7:23964] /lib/x86_64-linux-gnu/libc.so.6(__libc_start_main+0xe7)[0x561ce7f940ad]
[node-8:19067] [ 2] ./main(+0x12b6)[0x561ce7f942b6]
[node-8:19067] [ 3] ./main[node-5:14848] [ 0] /lib/x86_64-linux-gnu/libc.so.6(+0x3ef10)[0x7f2949932f10]
[node-5:14848] [ 1] ./main(/lib/x86_64-linux-gnu/libc.so.6(__libc_start_main+0xe7)[0x7f07e339dc87]
[node-4:07031] [ 5] ./main(+0xb1a)[0x56003d562b1a]
[ 2] ./main(+0x12b6)[0x560706a802b6]
[node-7:23964] 7f1ecff2cc87]
[node-3:21279] [ 5] (+0x1601)[0x561ce7f94601]
[node-8:19067] +0x10ad)[0x560247e650ad]
[node-5:14848] [ 2] ./main(+0x[node-4:07031] *** End of error message ***
[ 3] ./main(+0x1601)[0x560706a80601]
[node-7:23964] [ 4] ./main(+0xb1a)[0x55600a53cb1a]
[ 4] /lib/x86_64-linux-gnu/libc.so.6(__libc_start_main+0xe7)12b6)[0x560247e652b6]
[node-5:14848] [ 3] ./main(+0x/lib/x86_64-linux-gnu/libc.so.6(__libc_start_main+0xe7)[0x7f6c0844bc87]
[node-7:23964] [ 5] ./main(+0xb1a)[0x560706a7fb1a]
[node-7:23964] *** End of error message ***
[node-3:21279] *** End of error message ***
[0x7f40e4f01c87]
[node-8:19067] [ 5] ./main(+0xb1a)[0x1601)[0x560247e65601]
[node-5:14848] [ 4] /lib/x86_64-linux-gnu/libc.so.6(__libc_start_main561ce7f93b1a]
[node-8:19067] *** End of error message ***
+0xe7)[0x7f2949915c87]
[node-5:14848] [ 5] ./main(+0xb1a)[0x560247e64b1a]
[node-5:14848] *** End of error message ***
--------------------------------------------------------------------------
mpirun noticed that process rank 0 with PID 0 on node node-1 exited on signal 11 (Segmentation fault).
--------------------------------------------------------------------------
