[node-3:22166] *** Process received signal ***
[node-3:22166] Signal: Segmentation fault (11)
[node-3:22166] Signal code: Address not mapped (1)
[node-3:22166] Failing at address: 0x7ffdd75f9960
[node-3:22166] [ 0] /lib/x86_64-linux-gnu/libc.so.6(+0x3ef10)[0x7fd307bc5f10]
[node-3:22166] [ 1] ./main(+0x10ad)[0x556ca699e0ad]
[node-3:22166] [ 2] ./main(+0x12b6)[0x556ca699e2b6]
[node-3:22166] [ 3] ./main(+0x1601)[0x556ca699e601]
[node-3:22166] [ 4] /lib/x86_64-linux-gnu/libc.so.6(__libc_start_main+0xe7)[0x7fd307ba8c87]
[node-3:22166] [ 5] ./main(+0xb1a)[0x556ca699db1a]
[node-3:22166] *** End of error message ***
[node-4:08094] *** Process received signal ***
[node-4:08094] Signal: Segmentation fault (11)
[node-4:08094] Signal code: Address not mapped (1)
[node-4:08094] Failing at address: 0x7ffb6bfa0660
[node-4:08094] [ 0] /lib/x86_64-linux-gnu/libc.so.6(+0x3ef10)[0x7fa59b320f10]
[node-4:08094] [ 1] ./main(+0x10ad)[0x55615f9390ad]
[node-4:08094] [ 2] ./main(+0x12b6)[0x55615f9392b6]
[node-4:08094] [ 3] ./main(+0x1601)[0x55615f939601]
[node-4:08094] [ 4] /lib/x86_64-linux-gnu/libc.so.6(__libc_start_main+0xe7)[0x7fa59b303c87]
[node-4:08094] [ 5] ./main(+0xb1a)[0x55615f938b1a]
[node-4:08094] *** End of error message ***
[node-5:15876] *** Process received signal ***
[node-5:15876] Signal: Segmentation fault (11)
[node-5:15876] Signal code: Address not mapped (1)
[node-5:15876] Failing at address: 0x7ffc9543f960
[node-5:15876] [ 0] /lib/x86_64-linux-gnu/libc.so.6(+0x3ef10)[0x7f9e86256f10]
[node-5:15876] [ 1] ./main(+0x10ad)[0x55d4737470ad]
[node-5:15876] [ 2] ./main(+0x12b6)[0x55d4737472b6]
[node-5:15876] [ 3] ./main(+0x1601)[0x55d473747601]
[node-5:15876] [ 4] /lib/x86_64-linux-gnu/libc.so.6(__libc_start_main+0xe7)[0x7f9e86239c87]
[node-5:15876] [ 5] ./main(+0xb1a)[0x55d473746b1a]
[node-5:15876] *** End of error message ***
--------------------------------------------------------------------------
mpirun noticed that process rank 0 with PID 0 on node node-3 exited on signal 11 (Segmentation fault).
--------------------------------------------------------------------------
