[node-4:18252] *** Process received signal ***
[node-4:18252] Signal: Segmentation fault (11)
[node-4:18252] Signal code: Address not mapped (1)
[node-4:18252] Failing at address: 0x7ffd784049c0
[node-4:18252] [ 0] /lib/x86_64-linux-gnu/libc.so.6(+0x3ef10)[0x7fa73f5a8f10]
[node-4:18252] [ 1] ./main(+0x10ad)[0x55d005d3f0ad]
[node-4:18252] [ 2] ./main(+0x12b6)[0x55d005d3f2b6]
[node-4:18252] [ 3] ./main(+0x1601)[0x55d005d3f601]
[node-4:18252] [ 4] /lib/x86_64-linux-gnu/libc.so.6(__libc_start_main+0xe7)[0x7fa73f58bc87]
[node-4:18252] [ 5] ./main(+0xb1a)[0x55d005d3eb1a]
[node-4:18252] *** End of error message ***
[node-7:32359] *** Process received signal ***
[node-7:32359] Signal: Segmentation fault (11)
[node-7:32359] Signal code: Address not mapped (1)
[node-7:32359] Failing at address: 0x7fffba941250
[node-7:32359] [ 0] /lib/x86_64-linux-gnu/libc.so.6(+0x3ef10)[0x7fc2d6c5ef10]
[node-7:32359] [ 1] ./main(+0x10ad)[0x55ac5c3580ad]
[node-5:25866] *** Process received signal ***
[node-5:25866] Signal: Segmentation fault (11)
[node-5:25866] Signal code: Address not mapped (1)
[node-5:25866] Failing at address: 0x7ffc53b92c50
[node-7:32359] [ 2] ./main(+0x12b6)[0x55ac5c3582b6]
[node-7:32359] [ 3] ./main(+0x1601)[0x55ac5c358601]
[node-7:32359] [ 4] /lib/x86_64-linux-gnu/libc.so.6(__libc_start_main+0xe7)[0x7fc2d6c41c87]
[node-7:32359] [ 5] ./main(+0xb1a)[0x55ac5c357b1a]
[node-5:25866] [ 0] [node-7:32359] *** End of error message ***
/lib/x86_64-linux-gnu/libc.so.6(+0x3ef10)[0x7f139f991f10]
[node-5:25866] [ 1] ./main(+0x10ad)[0x5621030540ad]
[node-5:25866] [ 2] ./main(+0x12b6)[0x5621030542b6]
[node-5:25866] [ 3] ./main(+0x1601)[0x562103054601]
[node-5:25866] [ 4] /lib/x86_64-linux-gnu/libc.so.6(__libc_start_main+0xe7)[0x7f139f974c87]
[node-5:25866] [ 5] ./main(+0xb1a)[0x562103053b1a]
[node-5:25866] *** End of error message ***
[node-6:11657] *** Process received signal ***
[node-6:11657] Signal: Segmentation fault (11)
[node-6:11657] Signal code: Address not mapped (1)
[node-6:11657] Failing at address: 0x7ffce4ede720
[node-6:11657] [ 0] /lib/x86_64-linux-gnu/libc.so.6(+0x3ef10)[0x7fa97506bf10]
[node-6:11657] [ 1] ./main(+0x10ad)[0x5599bca080ad]
[node-6:11657] [ 2] ./main(+0x12b6)[0x5599bca082b6]
[node-6:11657] [ 3] ./main(+0x1601)[0x5599bca08601]
[node-6:11657] [ 4] /lib/x86_64-linux-gnu/libc.so.6(__libc_start_main+0xe7)[0x7fa97504ec87]
[node-6:11657] [ 5] ./main(+0xb1a)[0x5599bca07b1a]
[node-6:11657] *** End of error message ***
--------------------------------------------------------------------------
mpirun noticed that process rank 3 with PID 32359 on node node-7 exited on signal 11 (Segmentation fault).
--------------------------------------------------------------------------
