[node-9:00912] *** Process received signal ***
[node-9:00912] Signal: Segmentation fault (11)
[node-9:00912] Signal code: Address not mapped (1)
[node-9:00912] Failing at address: 0x7fff2705f630
[node-9:00912] [ 0] /lib/x86_64-linux-gnu/libc.so.6(+0x3ef10)[0x7f8ea7823f10]
[node-9:00912] [ 1] ./main_openmp(+0x10dd)[0x557f552550dd]
[node-9:00912] [ 2] ./main_openmp(+0x12e6)[0x557f552552e6]
[node-9:00912] [ 3] ./main_openmp(+0x1631)[0x557f55255631]
[node-9:00912] [ 4] /lib/x86_64-linux-gnu/libc.so.6(__libc_start_main+0xe7)[0x7f8ea7806c87]
[node-9:00912] [ 5] ./main_openmp(+0xb1a)[0x557f55254b1a]
[node-9:00912] *** End of error message ***
[node-10:17426] *** Process received signal ***
[node-10:17426] Signal: Segmentation fault (11)
[node-10:17426] Signal code:  (128)
[node-10:17426] Failing at address: (nil)
[node-10:17426] [ 0] /lib/x86_64-linux-gnu/libc.so.6(+0x3ef10)[0x7f2bca8f6f10]
[node-10:17426] [ 1] ./main_openmp(+0x10dd)[0x5581be8ba0dd]
[node-10:17426] [ 2] ./main_openmp(+0x12e6)[0x5581be8ba2e6]
[node-10:17426] [ 3] ./main_openmp(+0x1631)[0x5581be8ba631]
[node-10:17426] [ 4] /lib/x86_64-linux-gnu/libc.so.6(__libc_start_main+0xe7)[0x7f2bca8d9c87]
[node-10:17426] [ 5] ./main_openmp(+0xb1a)[0x5581be8b9b1a]
[node-10:17426] *** End of error message ***
--------------------------------------------------------------------------
mpirun noticed that process rank 1 with PID 17426 on node node-10 exited on signal 11 (Segmentation fault).
--------------------------------------------------------------------------
