[node-1:15229] *** Process received signal ***
[node-1:15229] Signal: Segmentation fault (11)
[node-1:15229] Signal code: Address not mapped (1)
[node-1:15229] Failing at address: 0x7fffd9930350
[node-1:15229] [ 0] /lib/x86_64-linux-gnu/libc.so.6(+0x3ef10)[0x7f1acf98af10]
[node-1:15229] [ 1] ./main(+0x10ad)[0x5629127700ad]
[node-1:15229] [ 2] ./main(+0x12b6)[0x5629127702b6]
[node-1:15229] [ 3] ./main(+0x1601)[0x562912770601]
[node-1:15229] [ 4] /lib/x86_64-linux-gnu/libc.so.6(__libc_start_main+0xe7)[0x7f1acf96dc87]
[node-1:15229] [ 5] ./main(+0xb1a)[0x56291276fb1a]
[node-1:15229] *** End of error message ***
[node-3:21118] *** Process received signal ***
[node-3:21118] Signal: Segmentation fault (11)
[node-3:21118] Signal code: Address not mapped (1)
[node-3:21118] Failing at address: 0x7ffee5785510
[node-3:21118] [ 0] [node-2:32372] *** Process received signal ***
[node-2:32372] Signal: Segmentation fault (11)
[node-2:32372] Signal code: Address not mapped (1)
[node-2:32372] Failing at address: 0x7ffe6a6a4e50
[node-2:32372] [ 0] /lib/x86_64-linux-gnu/libc.so.6(+0x3ef10)[0x7faa957fef10]
/lib/x86_64-linux-gnu/libc.so.6(+0x3ef10)[0x7f1a01b65f10]
[node-2:32372] [ 1] ./main(+0x10ad)[0x56004cdde0ad]
[node-2:32372] [ 2] ./main(+0x12b6)[0x56004cdde2b6[node-3:21118] [ 1] ./main(+0x10ad)[0x556a3d8250ad]
[node-3:21118] [ 2] ]
[node-2:32372] [ 3] ./main(+0x1601)[0x56004cdde601]
[node-2:32372] [ 4] /lib/x86_64-linux-gnu/libc.so.6(./main(+0x12b6)[0x556a3d8252b6]
[node-3:21118] [ 3] ./main(+0x1601__libc_start_main+0xe7)[0x7f1a01b48c87]
[node-2:32372] [ 5] ./main(+0xb1a)[0x56004cdddb1a]
)[0x556a3d825601]
[node-3:21118] [ 4] [node-2:32372] *** End of error message ***
/lib/x86_64-linux-gnu/libc.so.6(__libc_start_main+0xe7)[0x7faa957e1c87]
[node-3:21118] [ 5] ./main(+0xb1a)[0x556a3d824b1a]
[node-3:21118] *** End of error message ***
--------------------------------------------------------------------------
mpirun noticed that process rank 0 with PID 0 on node node-1 exited on signal 11 (Segmentation fault).
--------------------------------------------------------------------------
