[node-5:05256] *** Process received signal ***
[node-5:05256] Signal: Segmentation fault (11)
[node-5:05256] Signal code: Address not mapped (1)
[node-5:05256] Failing at address: 0x7ffbcb607310
[node-5:05256] [ 0] /lib/x86_64-linux-gnu/libc.so.6(+0x3ef10)[0x7f183f089f10]
[node-5:05256] [ 1] ./main(+0x10ad)[0x564ccd3600ad]
[node-5:05256] [ 2] ./main(+0x12b6)[0x564ccd3602b6]
[node-5:05256] [ 3] ./main(+0x1601)[0x564ccd360601]
[node-5:05256] [ 4] /lib/x86_64-linux-gnu/libc.so.6(__libc_start_main+0xe7)[0x7f183f06cc87]
[node-5:05256] [ 5] ./main(+0xb1a)[0x564ccd35fb1a]
[node-5:05256] *** End of error message ***
[node-6:25547] *** Process received signal ***
[node-6:25547] Signal: Segmentation fault (11)
[node-6:25547] Signal code: Address not mapped (1)
[node-6:25547] Failing at address: 0x7ffcba7c7cf0
[node-6:25547] [ 0] [node-7:16201] *** Process received signal ***
[node-7:16201] Signal: Segmentation fault (11)
[node-7:16201] Signal code: Address not mapped (1)
[node-7:16201] Failing at address: 0x7ffd8a87d620
/lib/x86_64-linux-gnu/libc.so.6(+0x3ef10)[0x7f301f8a6f10]
[node-6:25547] [ 1] ./main(+0x10ad)[0x5624304700ad]
[node-6:25547] [ 2] ./main(+0x12b6)[0x5624304702b6]
[node-6:25547] [ 3] ./main(+0x1601)[0x562430470601]
[node-6:25547] [ 4] /lib/x86_64-linux-gnu/libc.so.6(__libc_start_main+0xe7)[0x7f301f889c87]
[node-6:25547] [ 5] ./main(+0xb1a)[0x56243046fb1a]
[node-6:25547] *** End of error message ***
[node-7:16201] [ 0] /lib/x86_64-linux-gnu/libc.so.6(+0x3ef10)[0x7fe081b92f10]
[node-7:16201] [ 1] ./main(+0x10ad)[0x555ba386b0ad]
[node-7:16201] [ 2] ./main(+0x12b6)[0x555ba386b2b6]
[node-7:16201] [ 3] ./main(+0x1601)[0x555ba386b601]
[node-7:16201] [ 4] /lib/x86_64-linux-gnu/libc.so.6(__libc_start_main+0xe7)[0x7fe081b75c87]
[node-7:16201] [ 5] ./main(+0xb1a)[0x555ba386ab1a]
[node-7:16201] *** End of error message ***
--------------------------------------------------------------------------
mpirun noticed that process rank 1 with PID 25547 on node node-6 exited on signal 11 (Segmentation fault).
--------------------------------------------------------------------------
