[node-9:05090] *** Process received signal ***
[node-9:05090] Signal: Segmentation fault (11)
[node-9:05090] Signal code: Address not mapped (1)
[node-9:05090] Failing at address: 0x7ffd92894de0
[node-9:05090] [ 0] /lib/x86_64-linux-gnu/libc.so.6(+0x3ef10)[0x7f506de96f10]
[node-9:05090] [ 1] ./main_openmp(+0x10dd)[0x55c19fe450dd]
[node-9:05090] [ 2] ./main_openmp(+0x12e6)[0x55c19fe452e6]
[node-9:05090] [ 3] ./main_openmp(+0x1631)[0x55c19fe45631]
[node-9:05090] [ 4] /lib/x86_64-linux-gnu/libc.so.6(__libc_start_main+0xe7)[0x7f506de79c87]
[node-9:05090] [ 5] ./main_openmp(+0xb1a)[0x55c19fe44b1a]
[node-9:05090] *** End of error message ***
[node-10:20293] *** Process received signal ***
[node-10:20293] Signal: Segmentation fault (11)
[node-10:20293] Signal code: Address not mapped (1)
[node-10:20293] Failing at address: 0x7ffb25e8a780
[node-10:20293] [ 0] /lib/x86_64-linux-gnu/libc.so.6(+0x3ef10)[0x7f82d0d5cf10]
[node-10:20293] [ 1] ./main_openmp(+0x10dd)[0x561321c430dd]
[node-10:20293] [ 2] ./main_openmp(+0x12e6)[0x561321c432e6]
[node-10:20293] [ 3] ./main_openmp(+0x1631)[0x561321c43631]
[node-10:20293] [ 4] /lib/x86_64-linux-gnu/libc.so.6(__libc_start_main+0xe7)[0x7f82d0d3fc87]
[node-10:20293] [ 5] ./main_openmp(+0xb1a)[0x561321c42b1a]
[node-10:20293] *** End of error message ***
--------------------------------------------------------------------------
mpirun noticed that process rank 0 with PID 0 on node node-9 exited on signal 11 (Segmentation fault).
--------------------------------------------------------------------------
