[node-4:18778] *** Process received signal ***
[node-4:18778] Signal: Segmentation fault (11)
[node-4:18778] Signal code: Address not mapped (1)
[node-4:18778] Failing at address: 0x7ffca4d73ab0
[node-4:18778] [ 0] /lib/x86_64-linux-gnu/libc.so.6(+0x3ef10)[0x7f3a42f3bf10]
[node-4:18778] [ 1] ./main(+0x10ad)[0x55b0f32fd0ad]
[node-4:18778] [ 2] ./main(+0x12b6)[0x55b0f32fd2b6]
[node-4:18778] [ 3] ./main(+0x1601)[0x55b0f32fd601]
[node-4:18778] [ 4] /lib/x86_64-linux-gnu/libc.so.6(__libc_start_main+0xe7)[0x7f3a42f1ec87]
[node-4:18778] [ 5] ./main(+0xb1a)[0x55b0f32fcb1a]
[node-4:18778] *** End of error message ***
[node-7:32753] *** Process received signal ***
[node-7:32753] Signal: Segmentation fault (11)
[node-7:32753] Signal code: Address not mapped (1)
[node-7:32753] Failing at address: 0x7ffd4bec8d60
[node-5:26364] *** Process received signal ***
[node-5:26364] Signal: Segmentation fault (11)
[node-5:26364] Signal code: Address not mapped (1)
[node-5:26364] Failing at address: 0x7ffdb9312c40
[node-7:32753] [ 0] /lib/x86_64-linux-gnu/libc.so.6(+0x3ef10)[0x7f2f33ebaf10]
[node-7:32753] [ 1] ./main(+0x10ad)[0x563aaf68c0ad]
[node-7:32753] [ 2] ./main(+0x12b6)[0x563aaf68c2b6]
[node-7:32753] [ 3] ./main(+0x1601)[0x563aaf68c601]
[node-7:32753] [ 4] /lib/x86_64-linux-gnu/libc.so.6(__libc_start_main+0xe7)[0x7f2f33e9dc87]
[node-7:32753] [ 5] ./main(+0xb1a)[0x[node-5:26364] [ 0] /lib/x86_64-linux-gnu/libc.so.6(+0x3ef10)[0x7fac330f2f10]
[node-5:26364] [ 1] 563aaf68bb1a]
[node-7:32753] *** End of error message ***
./main(+0x10ad)[0x55d05c9c60ad]
[node-5:26364] [ 2] ./main(+0x12b6)[0x55d05c9c62b6]
[node-5:26364] [ 3] ./main(+0x1601)[0x55d05c9c6601]
[node-5:26364] [ 4] /lib/x86_64-linux-gnu/libc.so.6(__libc_start_main+0xe7)[0x7fac330d5c87]
[node-5:26364] [ 5] ./main(+0xb1a)[0x55d05c9c5b1a]
[node-5:26364] *** End of error message ***
[node-6:12143] *** Process received signal ***
[node-6:12143] Signal: Segmentation fault (11)
[node-6:12143] Signal code: Address not mapped (1)
[node-6:12143] Failing at address: 0x7fffc00f9940
[node-6:12143] [ 0] /lib/x86_64-linux-gnu/libc.so.6(+0x3ef10)[0x7fe5f4ee8f10]
[node-6:12143] [ 1] ./main(+0x10ad)[0x558711e6e0ad]
[node-6:12143] [ 2] ./main(+0x12b6)[0x558711e6e2b6]
[node-6:12143] [ 3] ./main(+0x1601)[0x558711e6e601]
[node-6:12143] [ 4] /lib/x86_64-linux-gnu/libc.so.6(__libc_start_main+0xe7)[0x7fe5f4ecbc87]
[node-6:12143] [ 5] ./main(+0xb1a)[0x558711e6db1a]
[node-6:12143] *** End of error message ***
--------------------------------------------------------------------------
mpirun noticed that process rank 2 with PID 12143 on node node-6 exited on signal 11 (Segmentation fault).
--------------------------------------------------------------------------
