[node-1:12369] *** Process received signal ***
[node-1:12369] Signal: Segmentation fault (11)
[node-1:12369] Signal code: Address not mapped (1)
[node-1:12369] Failing at address: 0x7ffc1c1c6f60
[node-1:12369] [ 0] [node-3:18609] *** Process received signal ***
[node-3:18609] Signal: Segmentation fault (11)
[node-3:18609] Signal code: Address not mapped (1)
[node-3:18609] Failing at address: 0x7ffc3d329120
/lib/x86_64-linux-gnu/libc.so.6(+0x3ef10)[0x7f745e718f10]
[node-1:12369] [ 1] ./main_openmp(+0x10dd)[0x561bdce3f0dd]
[node-1:12369] [ 2] ./main_openmp(+0x12e6)[node-3:18609] [ 0] /lib/x86_64-linux-gnu/libc.so.6(+0x3ef10)[0x7fd4f4e5df10]
[node-3:18609] [ 1] ./main_openmp(+0x10dd)[0x55bf887740dd]
[node-3:18609] [ 2] ./main_openmp(+0x12e6)[0x[0x561bdce3f2e6]
[node-1:12369] 55bf887742e6]
[node-3:18609] [ 3] ./main_openmp(+0x1631)[0x55bf88774631]
[node-3:18609] [ 4] [ 3] ./main_openmp(+0x1631)[0x561bdce3f631]
[node-1:12369] [ 4] /lib/x86_64-linux-gnu/libc.so.6(__libc_start_main+0xe7)[0x7fd4f4e40c87]
[node-3:18609] [ 5] ./main_openmp(/lib/x86_64-linux-gnu/libc.so.6(__libc_start_main+0xe7)[0x7f745e6fbc87]
[node-1:12369] [ 5] ./main_openmp(+0xb1a)+0xb1a)[0x55bf88773b1a]
[node-3:18609] *** End of error message ***
[0x561bdce3eb1a]
[node-1:12369] *** End of error message ***
[node-2:29511] *** Process received signal ***
[node-2:29511] Signal: Segmentation fault (11)
[node-2:29511] Signal code: Address not mapped (1)
[node-2:29511] Failing at address: 0x7ffd1dd4d6b0
[node-4:03913] *** Process received signal ***
[node-4:03913] Signal: Segmentation fault (11)
[node-4:03913] Signal code: Address not mapped (1)
[node-4:03913] Failing at address: 0x7fff2e81d150
[node-2:29511] [ 0] /lib/x86_64-linux-gnu/libc.so.6(+0x3ef10)[0x7f75f6e83f10]
[node-2:29511] [ 1] ./main_openmp(+0x10dd)[0x55e58d2d00dd]
[node-2:29511] [ 2] ./main_openmp(+0x12e6)[0x55e58d2d02e6]
[node-2:29511] [ 3] ./main_openmp(+0x1631)[0x55e58d2d0631]
[node-2:29511] [ 4] /lib/x86_64-linux-gnu/libc.so.6(__libc_start_main+0xe7)[0x7f75f6e66c87]
[node-2:29511] [ 5] ./main_openmp(+0xb1a)[0x55e58d2cfb1a]
[node-2:29511] *** End of error message ***
[node-4:03913] [ 0] /lib/x86_64-linux-gnu/libc.so.6(+0x3ef10)[0x7fee67d10f10]
[node-4:03913] [ 1] ./main_openmp(+0x10dd)[0x563b4044f0dd]
[node-4:03913] [ 2] ./main_openmp(+0x12e6)[0x563b4044f2e6]
[node-4:03913] [ 3] ./main_openmp(+0x1631)[0x563b4044f631]
[node-4:03913] [ 4] /lib/x86_64-linux-gnu/libc.so.6(__libc_start_main+0xe7)[0x7fee67cf3c87]
[node-4:03913] [ 5] ./main_openmp(+0xb1a)[0x563b4044eb1a]
[node-4:03913] *** End of error message ***
--------------------------------------------------------------------------
mpirun noticed that process rank 0 with PID 0 on node node-1 exited on signal 11 (Segmentation fault).
--------------------------------------------------------------------------
