[node-1:27516] *** Process received signal ***
[node-1:27516] Signal: Segmentation fault (11)
[node-1:27516] Signal code: Address not mapped (1)
[node-1:27516] Failing at address: 0x7ffee16360a0
[node-1:27516] [ 0] /lib/x86_64-linux-gnu/libc.so.6(+0x3ef10)[0x7f45a8a88f10]
[node-1:27516] [ 1] ./main(+0x10ad)[0x5632f0d660ad]
[node-1:27516] [ 2] ./main(+0x12b6)[0x5632f0d662b6]
[node-1:27516] [ 3] ./main(+0x1601)[0x5632f0d66601]
[node-1:27516] [ 4] /lib/x86_64-linux-gnu/libc.so.6(__libc_start_main+0xe7)[0x7f45a8a6bc87]
[node-1:27516] [ 5] ./main(+0xb1a)[0x5632f0d65b1a]
[node-1:27516] *** End of error message ***
[node-2:12480] *** Process received signal ***
[node-2:12480] Signal: Segmentation fault (11)
[node-2:12480] Signal code: Address not mapped (1)
[node-2:12480] Failing at address: 0x7ffd3dc79a60
[node-4:19221] *** Process received signal ***
[node-4:19221] Signal: Segmentation fault (11)
[node-4:19221] Signal code: Address not mapped (1)
[node-4:19221] Failing at address: 0x7ffc53910240
[node-4:19221] [ 0] /lib/x86_64-linux-gnu/libc.so.6(+0x3ef10)[0x7f461e8e2f10]
[node-4:19221] [ 1] ./main(+0x10ad)[0x561af047c0ad]
[node-4:19221] [ 2] ./main(+0x12b6)[0x561af047c2b6]
[node-4:19221] [ 3] ./main(+0x1601)[0x561af047c601]
[node-4:19221] [ 4] /lib/x86_64-linux-gnu/libc.so.6(__libc_start_main+0xe7)[0x7f461e8c5c87]
[node-4:19221] [ 5] ./main(+0xb1a)[0x561af047bb1a]
[node-4:19221] *** End of error message ***
[node-2:12480] [ 0] /lib/x86_64-linux-gnu/libc.so.6(+0x3ef10)[0x7fd1f0af2f10]
[node-2:12480] [ 1] ./main(+0x10ad)[0x55c7c69b70ad]
[node-2:12480] [ 2] ./main(+0x12b6)[0x55c7c69b72b6]
[node-2:12480] [ 3] ./main(+0x1601)[0x55c7c69b7601]
[node-2:12480] [ 4] /lib/x86_64-linux-gnu/libc.so.6(__libc_start_main+0xe7)[0x7fd1f0ad5c87]
[node-2:12480] [ 5] ./main(+0xb1a)[0x55c7c69b6b1a]
[node-2:12480] *** End of error message ***
[node-3:32255] *** Process received signal ***
[node-3:32255] Signal: Segmentation fault (11)
[node-3:32255] Signal code: Address not mapped (1)
[node-3:32255] Failing at address: 0x7fff79494080
[node-3:32255] [ 0] /lib/x86_64-linux-gnu/libc.so.6(+0x3ef10)[0x7f86657e6f10]
[node-3:32255] [ 1] ./main(+0x10ad)[0x561b792290ad]
[node-3:32255] [ 2] ./main(+0x12b6)[0x561b792292b6]
[node-3:32255] [ 3] ./main(+0x1601)[0x561b79229601]
[node-3:32255] [ 4] /lib/x86_64-linux-gnu/libc.so.6(__libc_start_main+0xe7)[0x7f86657c9c87]
[node-3:32255] [ 5] ./main(+0xb1a)[0x561b79228b1a]
[node-3:32255] *** End of error message ***
--------------------------------------------------------------------------
mpirun noticed that process rank 2 with PID 32255 on node node-3 exited on signal 11 (Segmentation fault).
--------------------------------------------------------------------------
