[node-9:03478] *** Process received signal ***
[node-9:03478] Signal: Segmentation fault (11)
[node-9:03478] Signal code:  (128)
[node-9:03478] Failing at address: (nil)
[node-9:03478] [ 0] /lib/x86_64-linux-gnu/libc.so.6(+0x3ef10)[0x7f3a4f5b6f10]
[node-9:03478] [ 1] ./main(+0x10ad)[0x55eb728c80ad]
[node-9:03478] [ 2] ./main(+0x12b6)[0x55eb728c82b6]
[node-9:03478] [ 3] ./main(+0x1601)[0x55eb728c8601]
[node-9:03478] [ 4] /lib/x86_64-linux-gnu/libc.so.6(__libc_start_main+0xe7)[0x7f3a4f599c87]
[node-9:03478] [ 5] ./main(+0xb1a)[0x55eb728c7b1a]
[node-9:03478] *** End of error message ***
[node-10:19191] *** Process received signal ***
[node-10:19191] Signal: Segmentation fault (11)
[node-10:19191] Signal code:  (128)
[node-10:19191] Failing at address: (nil)
[node-10:19191] [ 0] /lib/x86_64-linux-gnu/libc.so.6(+0x3ef10)[0x7f3897fc8f10]
[node-10:19191] [ 1] ./main(+0x10ad)[0x55732b0d50ad]
[node-10:19191] [ 2] ./main(+0x12b6)[0x55732b0d52b6]
[node-10:19191] [ 3] ./main(+0x1601)[0x55732b0d5601]
[node-10:19191] [ 4] /lib/x86_64-linux-gnu/libc.so.6(__libc_start_main+0xe7)[0x7f3897fabc87]
[node-10:19191] [ 5] ./main(+0xb1a)[0x55732b0d4b1a]
[node-10:19191] *** End of error message ***
--------------------------------------------------------------------------
mpirun noticed that process rank 1 with PID 19191 on node node-10 exited on signal 11 (Segmentation fault).
--------------------------------------------------------------------------
