[node-1:09267] *** Process received signal ***
[node-1:09267] Signal: Segmentation fault (11)
[node-1:09267] Signal code: Address not mapped (1)
[node-1:09267] Failing at address: 0x7ffeaf5f7ef0
[node-1:09267] [ 0] /lib/x86_64-linux-gnu/libc.so.6(+0x3ef10)[0x7f27d3cd1f10]
[node-1:09267] [ 1] ./main(+0x10ad)[0x55b8d78f30ad]
[node-1:09267] [ 2] ./main(+0x12b6)[0x55b8d78f32b6]
[node-1:09267] [ 3] ./main(+0x1601)[0x55b8d78f3601]
[node-1:09267] [ 4] /lib/x86_64-linux-gnu/libc.so.6(__libc_start_main+0xe7)[0x7f27d3cb4c87]
[node-1:09267] [ 5] ./main(+0xb1a)[0x55b8d78f2b1a]
[node-1:09267] *** End of error message ***
[node-2:26586] *** Process received signal ***
[node-2:26586] Signal: Segmentation fault (11)
[node-2:26586] Signal code: Address not mapped (1)
[node-2:26586] Failing at address: 0x7fff02c68150
[node-2:26586] [ 0] /lib/x86_64-linux-gnu/libc.so.6(+0x3ef10)[0x7fb0c8a6bf10]
[node-2:26586] [ 1] ./main(+0x10ad)[0x55e9c59470ad]
[node-2:26586] [ 2] ./main(+0x12b6)[0x55e9c59472b6]
[node-2:26586] [ 3] ./main(+0x1601)[0x55e9c5947601]
[node-2:26586] [ 4] /lib/x86_64-linux-gnu/libc.so.6(__libc_start_main+0xe7)[0x7fb0c8a4ec87]
[node-2:26586] [ 5] ./main(+0xb1a)[0x55e9c5946b1a]
[node-2:26586] *** End of error message ***
--------------------------------------------------------------------------
mpirun noticed that process rank 0 with PID 0 on node node-1 exited on signal 11 (Segmentation fault).
--------------------------------------------------------------------------
