[node-1:13549] *** Process received signal ***
[node-1:13549] Signal: Segmentation fault (11)
[node-1:13549] Signal code: Address not mapped (1)
[node-1:13549] Failing at address: 0x7ffe158ea120
[node-1:13549] [ 0] /lib/x86_64-linux-gnu/libc.so.6(+0x3ef10)[0x7fa7e512af10]
[node-1:13549] [ 1] ./main_openmp(+0x10dd)[0x55ef878110dd]
[node-1:13549] [ 2] ./main_openmp(+0x12e6)[0x55ef878112e6]
[node-1:13549] [ 3] ./main_openmp(+0x1631)[0x55ef87811631]
[node-1:13549] [ 4] /lib/x86_64-linux-gnu/libc.so.6(__libc_start_main+0xe7)[0x7fa7e510dc87]
[node-1:13549] [ 5] ./main_openmp(+0xb1a)[0x55ef87810b1a]
[node-1:13549] *** End of error message ***
[node-3:19616] *** Process received signal ***
[node-3:19616] Signal: Segmentation fault (11)
[node-3:19616] Signal code: Address not mapped (1)
[node-3:19616] Failing at address: 0x7ffdc39b9fa0
[node-3:19616] [ 0] /lib/x86_64-linux-gnu/libc.so.6(+0x3ef10)[0x7fd0ccf18f10]
[node-3:19616] [ 1] [node-2:30660] *** Process received signal ***
[node-2:30660] Signal: Segmentation fault (11)
[node-2:30660] Signal code: Address not mapped (1)
[node-2:30660] Failing at address: 0x7ffa30ea0a80
./main_openmp(+0x10dd)[0x559a82fc60dd]
[node-3:19616] [ 2] ./main_openmp(+0x12e6)[0x559a82fc62e6]
[node-3:19616] [ 3] ./main_openmp(+0x1631[node-2:30660] [ 0] /lib/x86_64-linux-gnu/libc.so.6(+0x3ef10)[0x7fd6dd1adf10]
[node-2:30660] [ 1] ./main_openmp(+0x10dd)[0x557b5a5a20dd]
[node-2:30660] [ 2] ./main_openmp(+0x12e6)[0x557b5a5a22e6]
[node-2:30660] [ 3] ./main_openmp(+0x1631)[0x557b5a5a2631]
[node-2:30660] [ 4] /lib/x86_64-linux-gnu/libc.so.6(__libc_start_main+0xe7)[0x7fd6dd190c87]
[node-2:30660] [ 5] ./main_openmp(+0xb1a)[0x557b5a5a1b1a]
)[0x559a82fc6631]
[node-3:19616] [ 4] /lib/x86_64-linux-gnu/libc.so.6[node-2:30660] *** End of error message ***
(__libc_start_main+0xe7)[0x7fd0ccefbc87]
[node-3:19616] [ 5] ./main_openmp(+0xb1a)[0x559a82fc5b1a]
[node-3:19616] *** End of error message ***
[node-5:13033] *** Process received signal ***
[node-5:13033] Signal: Segmentation fault (11)
[node-5:13033] Signal code: Address not mapped (1)
[node-5:13033] Failing at address: 0x7ffcccb12b60
[node-5:13033] [ 0] /lib/x86_64-linux-gnu/libc.so.6(+0x3ef10)[0x7f9a1a63ef10]
[node-5:13033] [ 1] ./main_openmp(+0x10dd)[0x562c601790dd]
[node-5:13033] [ 2] ./main_openmp(+0x12e6)[0x562c601792e6]
[node-5:13033] [ 3] ./main_openmp(+0x1631)[0x562c60179631]
[node-5:13033] [ 4] /lib/x86_64-linux-gnu/libc.so.6(__libc_start_main+0xe7)[0x7f9a1a621c87]
[node-5:13033] [ 5] ./main_openmp(+0xb1a)[0x562c60178b1a]
[node-5:13033] *** End of error message ***
[node-4:05186] *** Process received signal ***
[node-4:05186] Signal: Segmentation fault (11)
[node-4:05186] Signal code: Address not mapped (1)
[node-4:05186] Failing at address: 0x7ffc27bfb8f0
[node-4:05186] [ 0] /lib/x86_64-linux-gnu/libc.so.6(+0x3ef10)[0x7f15bf946f10]
[node-4:05186] [ 1] ./main_openmp(+0x10dd)[0x561ab6d8a0dd]
[node-4:05186] [ 2] ./main_openmp(+0x12e6)[0x561ab6d8a2e6]
[node-4:05186] [ 3] ./main_openmp(+0x1631)[0x561ab6d8a631]
[node-4:05186] [ 4] /lib/x86_64-linux-gnu/libc.so.6(__libc_start_main+0xe7)[0x7f15bf929c87]
[node-4:05186] [ 5] ./main_openmp(+0xb1a)[0x561ab6d89b1a]
[node-4:05186] *** End of error message ***
--------------------------------------------------------------------------
mpirun noticed that process rank 0 with PID 0 on node node-1 exited on signal 11 (Segmentation fault).
--------------------------------------------------------------------------
