[node-1:09112] *** Process received signal ***
[node-1:09112] Signal: Segmentation fault (11)
[node-1:09112] Signal code: Address not mapped (1)
[node-1:09112] Failing at address: 0x7fffbe2109d0
[node-1:09112] [ 0] /lib/x86_64-linux-gnu/libc.so.6(+0x3ef10)[0x7f845510bf10]
[node-1:09112] [ 1] ./main(+0x10ad)[0x559f674c50ad]
[node-1:09112] [ 2] ./main(+0x12b6)[0x559f674c52b6]
[node-1:09112] [ 3] ./main(+0x1601)[0x559f674c5601]
[node-1:09112] [ 4] /lib/x86_64-linux-gnu/libc.so.6(__libc_start_main+0xe7)[0x7f84550eec87]
[node-1:09112] [ 5] ./main(+0xb1a)[0x559f674c4b1a]
[node-1:09112] *** End of error message ***
[node-2:26449] *** Process received signal ***
[node-2:26449] Signal: Segmentation fault (11)
[node-2:26449] Signal code:  (128)
[node-2:26449] Failing at address: (nil)
[node-3:15747] *** Process received signal ***
[node-3:15747] Signal: Segmentation fault (11)
[node-3:15747] Signal code:  (128)
[node-3:15747] Failing at address: (nil)
[node-2:26449] [ 0] [node-3:15747] [ 0] /lib/x86_64-linux-gnu/libc.so.6(+0x3ef10)[0x7f83bb203f10]
[node-3:15747] [ 1] ./main(+0x10ad)[0x559a02a6e0ad]
[node-3:15747] [ 2] ./main(+0x12b6)[0x559a02a6e2b6]
[node-3:15747] [ 3] ./main(+0x1601)[0x559a02a6e601]
[node-3:15747] [ 4] /lib/x86_64-linux-gnu/libc.so.6(__libc_start_main+0xe7)[0x7f83bb1e6c87]
/lib/x86_64-linux-gnu/libc.so.6(+0x3ef10)[0x7eff6e756f10]
[node-2:26449] [ 1] ./main(+0x10ad)[0x5576628330ad]
[node-2:26449] [ 2] ./main(+0x12b6)[0x5576628332b6]
[node-2:26449] [ 3] ./main(+0x1601)[0x557662833601]
[node-2:26449] [ 4] /lib/x86_64-linux-gnu/libc.so.6(__libc_start_main+0xe7)[0x7eff6e739c87]
[node-2:26449] [ 5] ./main(+0xb1a)[0x557662832b1a]
[node-2:26449] *** End of error message ***
[node-3:15747] [ 5] ./main(+0xb1a)[0x559a02a6db1a]
[node-3:15747] *** End of error message ***
--------------------------------------------------------------------------
mpirun noticed that process rank 0 with PID 0 on node node-1 exited on signal 11 (Segmentation fault).
--------------------------------------------------------------------------
