[node-1:08577] *** Process received signal ***
[node-1:08577] Signal: Segmentation fault (11)
[node-1:08577] Signal code:  (128)
[node-1:08577] Failing at address: (nil)
[node-1:08577] [ 0] /lib/x86_64-linux-gnu/libc.so.6(+0x3ef10)[0x7f72748f2f10]
[node-1:08577] [ 1] ./main(+0x10ad)[0x560b40ea20ad]
[node-1:08577] [ 2] ./main(+0x12b6)[0x560b40ea22b6]
[node-1:08577] [ 3] ./main(+0x1601)[0x560b40ea2601]
[node-1:08577] [ 4] /lib/x86_64-linux-gnu/libc.so.6(__libc_start_main+0xe7)[0x7f72748d5c87]
[node-1:08577] [ 5] ./main(+0xb1a)[0x560b40ea1b1a]
[node-1:08577] *** End of error message ***
[node-2:25946] *** Process received signal ***
[node-2:25946] Signal: Segmentation fault (11)
[node-2:25946] Signal code: Address not mapped (1)
[node-2:25946] Failing at address: 0x7fffce32e930
[node-3:15301] *** Process received signal ***
[node-3:15301] Signal: Segmentation fault (11)
[node-3:15301] Signal code: Address not mapped (1)
[node-3:15301] Failing at address: 0x7ffd4f5414c0
[node-2:25946] [ 0] /lib/x86_64-linux-gnu/libc.so.6(+0x3ef10)[0x7f0bbb463f10]
[node-2:25946] [ 1] ./main(+0x10ad)[node-3:15301] [ 0] /lib/x86_64-linux-gnu/libc.so.6(+0x3ef10)[0x7fe4b996ef10]
[node-3:15301] [ 1] ./main(+0x10ad)[0x55a0afeb90ad]
[node-3:15301] [ 2] ./main(+0x12b6)[0x55a0afeb92b6[0x556839a790ad]
[node-2:25946] [ 2] ./main(+0x12b6)[0x556839a792b6]
[node-2:25946] [ 3] ./main(+0x1601)[0x556839a79601]
[node-2:25946] [ 4] /lib/x86_64-linux-gnu/libc.so.6(__libc_start_main+0xe7)[0x7f0bbb446c87]
[node-2:25946] ]
[node-3:15301] [ 3] ./main(+0x1601)[0x55a0afeb9601]
[node-3:15301] [ 4] [ 5] ./main(+0xb1a)[0x556839a78b1a]
[node-2:25946] *** End of error message ***
/lib/x86_64-linux-gnu/libc.so.6(__libc_start_main+0xe7)[0x7fe4b9951c87]
[node-3:15301] [ 5] ./main(+0xb1a)[0x55a0afeb8b1a]
[node-3:15301] *** End of error message ***
--------------------------------------------------------------------------
mpirun noticed that process rank 0 with PID 0 on node node-1 exited on signal 11 (Segmentation fault).
--------------------------------------------------------------------------
