[node-1:18700] *** Process received signal ***
[node-1:18700] Signal: Segmentation fault (11)
[node-1:18700] Signal code:  (128)
[node-1:18700] Failing at address: (nil)
[node-1:18700] [ 0] /lib/x86_64-linux-gnu/libc.so.6(+0x3ef10)[0x7feadddb1f10]
[node-1:18700] [ 1] ./main_openmp(+0x10dd)[0x556c547e70dd]
[node-1:18700] [ 2] ./main_openmp(+0x12e6)[0x556c547e72e6]
[node-1:18700] [ 3] ./main_openmp(+0x1631)[0x556c547e7631]
[node-1:18700] [ 4] /lib/x86_64-linux-gnu/libc.so.6(__libc_start_main+0xe7)[0x7feaddd94c87]
[node-1:18700] [ 5] ./main_openmp(+0xb1a)[0x556c547e6b1a]
[node-1:18700] *** End of error message ***
[node-6:04608] *** Process received signal ***
[node-6:04608] Signal: Segmentation fault (11)
[node-6:04608] Signal code: Address not mapped (1)
[node-6:04608] Failing at address: 0x7ffe2b467420
[node-2:03387] *** Process received signal ***
[node-2:03387] Signal: Segmentation fault (11)
[node-2:03387] Signal code: Address not mapped (1)
[node-2:03387] Failing at address: 0x7ffe4e4efac0
[node-6:04608] [ 0] /lib/x86_64-linux-gnu/libc.so.6(+0x3ef10)[0x7fb8bd591f10]
[node-6:04608] [ 1] ./main_openmp(+0x10dd)[0x5641e650d0dd]
[node-6:04608] [ 2] ./main_openmp(+0x12e6)[0x5641e650d2e6]
[node-6:04608] [ 3] ./main_openmp(+0x1631)[0x5641e650d631]
[node-6:04608] [ 4] /lib/x86_64-linux-gnu/libc.so.6(__libc_start_main+0xe7)[0x7fb8bd574c87]
[node-6:04608] [ 5] ./main_openmp(+0xb1a)[0x5641e650cb1a]
[node-6:04608] *** End of error message ***
[node-2:03387] [ 0] /lib/x86_64-linux-gnu/libc.so.6(+0x3ef10)[0x7f3d4abdbf10]
[node-2:03387] [ 1] ./main_openmp(+0x10dd)[0x5631921890dd]
[node-4:10577] *** Process received signal ***
[node-4:10577] Signal: Segmentation fault (11)
[node-4:10577] Signal code: Address not mapped (1)
[node-4:10577] Failing at address: 0x7fff86100a70
[node-2:03387] [ 2] ./main_openmp(+0x12e6)[0x5631921892e6]
[node-2:03387] [ 3] [node-4:10577] [ 0] /lib/x86_64-linux-gnu/libc.so.6(+0x3ef10)[0x7fc10b248f10]
[node-4:10577] [ 1] ./main_openmp(+0x10dd)[0x556aece110dd]
[node-4:10577] [ 2] ./main_openmp(+0x12e6)[0x556aece112e6]
[node-4:10577] [ 3] ./main_openmp(+0x1631)[0x556aece11631]
[node-3:24216] *** Process received signal ***
[node-3:24216] Signal: Segmentation fault (11)
[node-3:24216] Signal code: Address not mapped (1)
[node-3:24216] Failing at address: 0x7fff0ee6efe0
./main_openmp(+0x1631)[0x563192189631]
[node-2:03387] [ 4] [node-4:10577] [ 4] /lib/x86_64-linux-gnu/libc.so.6(__libc_start_main+0xe7)[0x7fc10b22bc87]
[node-4:10577] [ 5] ./main_openmp(+0xb1a)[0x556aece10b1a]
[node-4:10577] *** End of error message ***
[node-3:24216] [ 0] /lib/x86_64-linux-gnu/libc.so.6(+0x3ef10)[0x7facb89faf10]
[node-3:24216] [ 1] ./main_openmp(+0x10dd)[0x5576f06ac0dd]
[node-3:24216] [ 2] ./main_openmp(+0x12e6)[0x5576f06ac2e6/lib/x86_64-linux-gnu/libc.so.6(__libc_start_main+0xe7)[0x7f3d4abbec87]
[node-2:03387] [ 5] ./main_openmp(+0xb1a)[0x563192188b1a]
[node-2:03387] *** End of error message ***
]
[node-3:24216] [ 3] ./main_openmp(+0x1631)[0x5576f06ac631]
[node-3:24216] [ 4] /lib/x86_64-linux-gnu/libc.so.6(__libc_start_main+0xe7)[0x[node-5:18301] *** Process received signal ***
[node-5:18301] Signal: Segmentation fault (11)
[node-5:18301] Signal code:  (128)
[node-5:18301] Failing at address: (nil)
7facb89ddc87]
[node-3:24216] [node-5:18301] [ 0] /lib/x86_64-linux-gnu/libc.so.6(+0x3ef10)[0x7fb262e16f10]
[node-5:18301] [ 1] ./main_openmp(+0x10dd)[0x5640f7d990dd]
[node-5:18301] [ 2] ./main_openmp(+0x12e6)[0x5640f7d992e6]
[node-5:18301] [ 3] ./main_openmp(+0x1631)[0x5640f7d99631]
[node-5:18301] [ 4] [ 5] ./main_openmp(+0xb1a)[0x5576f06abb1a]
[node-3:24216] *** End of error message ***
/lib/x86_64-linux-gnu/libc.so.6(__libc_start_main+0xe7)[0x7fb262df9c87]
[node-5:18301] [ 5] ./main_openmp(+0xb1a)[0x5640f7d98b1a]
[node-5:18301] *** End of error message ***
--------------------------------------------------------------------------
mpirun noticed that process rank 0 with PID 0 on node node-1 exited on signal 11 (Segmentation fault).
--------------------------------------------------------------------------
