[node-9:03080] *** Process received signal ***
[node-9:03080] Signal: Segmentation fault (11)
[node-9:03080] Signal code: Address not mapped (1)
[node-9:03080] Failing at address: 0x7ffe12e31560
[node-9:03080] [ 0] /lib/x86_64-linux-gnu/libc.so.6(+0x3ef10)[0x7f7811ec1f10]
[node-9:03080] [ 1] ./main_openmp(+0x10dd)[0x55c8b35120dd]
[node-9:03080] [ 2] ./main_openmp(+0x12e6)[0x55c8b35122e6]
[node-9:03080] [ 3] ./main_openmp(+0x1631)[0x55c8b3512631]
[node-9:03080] [ 4] /lib/x86_64-linux-gnu/libc.so.6(__libc_start_main+0xe7)[0x7f7811ea4c87]
[node-9:03080] [ 5] ./main_openmp(+0xb1a)[0x55c8b3511b1a]
[node-9:03080] *** End of error message ***
[node-10:18898] *** Process received signal ***
[node-10:18898] Signal: Segmentation fault (11)
[node-10:18898] Signal code: Address not mapped (1)
[node-10:18898] Failing at address: 0x7ffdc4fe2ca0
[node-10:18898] [ 0] /lib/x86_64-linux-gnu/libc.so.6(+0x3ef10)[0x7fc835f07f10]
[node-10:18898] [ 1] ./main_openmp(+0x10dd)[0x564c078ff0dd]
[node-10:18898] [ 2] ./main_openmp(+0x12e6)[0x564c078ff2e6]
[node-10:18898] [ 3] ./main_openmp(+0x1631)[0x564c078ff631]
[node-10:18898] [ 4] /lib/x86_64-linux-gnu/libc.so.6(__libc_start_main+0xe7)[0x7fc835eeac87]
[node-10:18898] [ 5] ./main_openmp(+0xb1a)[0x564c078feb1a]
[node-10:18898] *** End of error message ***
--------------------------------------------------------------------------
mpirun noticed that process rank 0 with PID 0 on node node-9 exited on signal 11 (Segmentation fault).
--------------------------------------------------------------------------
