[node-5:03133] *** Process received signal ***
[node-5:03133] Signal: Segmentation fault (11)
[node-5:03133] Signal code: Address not mapped (1)
[node-5:03133] Failing at address: 0x7ffe69454f50
[node-5:03133] [node-7:14385] *** Process received signal ***
[node-7:14385] Signal: Segmentation fault (11)
[node-7:14385] Signal code: Address not mapped (1)
[node-7:14385] Failing at address: 0x7ffc5c6097b0
[ 0] /lib/x86_64-linux-gnu/libc.so.6(+0x3ef10)[0x7ff99e242f10]
[node-5:03133] [ 1] ./main(+0x10ad)[0x55f9f0e370ad]
[node-5:03133] [ 2] ./main(+0x12b6)[0x55f9f0e372b6]
[node-5:03133] [ 3] ./main(+0x1601)[0x55f9f0e37601]
[node-5:03133] [ 4] [node-7:14385] [ 0] /lib/x86_64-linux-gnu/libc.so.6(__libc_start_main+0xe7)[0x7ff99e225c87]
[node-5:03133] [ 5] ./main(+0xb1a)[0x55f9f0e36b1a]
[node-5:03133] *** End of error message ***
/lib/x86_64-linux-gnu/libc.so.6(+0x3ef10)[0x7ff4674abf10]
[node-7:14385] [ 1] ./main(+0x10ad)[0x5630923ff0ad]
[node-7:14385] [ 2] ./main(+0x12b6)[0x5630923ff2b6]
[node-7:14385] [ 3] ./main(+0x1601)[0x5630923ff601]
[node-7:14385] [ 4] /lib/x86_64-linux-gnu/libc.so.6(__libc_start_main+0xe7)[0x7ff46748ec87]
[node-7:14385] [ 5] ./main(+0xb1a)[0x5630923feb1a]
[node-7:14385] *** End of error message ***
[node-6:23626] *** Process received signal ***
[node-6:23626] Signal: Segmentation fault (11)
[node-6:23626] Signal code: Address not mapped (1)
[node-6:23626] Failing at address: 0x7ffe56f89170
[node-6:23626] [ 0] /lib/x86_64-linux-gnu/libc.so.6(+0x3ef10)[0x7f3bedbdff10]
[node-6:23626] [ 1] ./main(+0x10ad)[0x55dff35af0ad]
[node-6:23626] [ 2] ./main(+0x12b6)[0x55dff35af2b6]
[node-6:23626] [ 3] ./main(+0x1601)[0x55dff35af601]
[node-6:23626] [ 4] /lib/x86_64-linux-gnu/libc.so.6(__libc_start_main+0xe7)[0x7f3bedbc2c87]
[node-6:23626] [ 5] ./main(+0xb1a)[0x55dff35aeb1a]
[node-6:23626] *** End of error message ***
[node-8:10907] *** Process received signal ***
[node-8:10907] Signal: Segmentation fault (11)
[node-8:10907] Signal code: Address not mapped (1)
[node-8:10907] Failing at address: 0x7ffe0bf86a50
[node-8:10907] [ 0] /lib/x86_64-linux-gnu/libc.so.6(+0x3ef10)[0x7ff6ae30df10]
[node-8:10907] [ 1] ./main(+0x10ad)[0x5590254540ad]
[node-8:10907] [ 2] ./main(+0x12b6)[0x5590254542b6]
[node-8:10907] [ 3] ./main(+0x1601)[0x559025454601]
[node-8:10907] [ 4] /lib/x86_64-linux-gnu/libc.so.6(__libc_start_main+0xe7)[0x7ff6ae2f0c87]
[node-8:10907] [ 5] ./main(+0xb1a)[0x559025453b1a]
[node-8:10907] *** End of error message ***
--------------------------------------------------------------------------
mpirun noticed that process rank 1 with PID 23626 on node node-6 exited on signal 11 (Segmentation fault).
--------------------------------------------------------------------------
