[node-1:24864] *** Process received signal ***
[node-1:24864] Signal: Segmentation fault (11)
[node-1:24864] Signal code: Address not mapped (1)
[node-1:24864] Failing at address: 0x7ffd53de5e20
[node-1:24864] [ 0] /lib/x86_64-linux-gnu/libc.so.6(+0x3ef10)[0x7f5f4f1edf10]
[node-1:24864] [ 1] ./main_openmp(+0x10dd)[0x564a900660dd]
[node-1:24864] [ 2] ./main_openmp(+0x12e6)[0x564a900662e6]
[node-1:24864] [ 3] ./main_openmp(+0x1631)[0x564a90066631]
[node-1:24864] [ 4] /lib/x86_64-linux-gnu/libc.so.6(__libc_start_main+0xe7)[0x7f5f4f1d0c87]
[node-1:24864] [ 5] ./main_openmp(+0xb1a)[0x564a90065b1a]
[node-1:24864] *** End of error message ***
[node-9:05502] *** Process received signal ***
[node-9:05502] Signal: Segmentation fault (11)
[node-9:05502] Signal code: Address not mapped (1)
[node-9:05502] Failing at address: 0x7ffc0174b4d0
[node-9:05502] [ 0] /lib/x86_64-linux-gnu/libc.so.6(+0x3ef10)[0x7f715658ff10]
[node-9:05502] [ 1] ./main_openmp(+0x10dd)[0x559f2b82c0dd]
[node-9:05502] [ 2] ./main_openmp(+0x12e6)[0x559f2b82c2e6]
[node-9:05502] [ 3] ./main_openmp(+0x1631)[0x559f2b82c631]
[node-9:05502] [ 4] /lib/x86_64-linux-gnu/libc.so.6(__libc_start_main+0xe7)[0x7f7156572c87]
[node-10:20578] *** Process received signal ***
[node-10:20578] Signal: Segmentation fault (11)
[node-10:20578] Signal code: Address not mapped (1)
[node-10:20578] Failing at address: 0x7ffdf23cd220
[node-9:05502] [ 5] ./main_openmp(+0xb1a)[0x559f2b82bb1a]
[node-9:05502] *** End of error message ***
[node-10:20578] [ 0] /lib/x86_64-linux-gnu/libc.so.6(+0x3ef10)[0x7feed0b15f10]
[node-10:20578] [ 1] ./main_openmp(+0x10dd)[0x556243d7b0dd]
[node-10:20578] [ 2] ./main_openmp(+0x12e6)[0x556243d7b2e6]
[node-10:20578] [ 3] ./main_openmp(+0x1631)[0x556243d7b631]
[node-10:20578] [ 4] /lib/x86_64-linux-gnu/libc.so.6(__libc_start_main+0xe7)[0x7feed0af8c87]
[node-10:20578] [ 5] ./main_openmp(+0xb1a)[0x556243d7ab1a]
[node-10:20578] *** End of error message ***
--------------------------------------------------------------------------
mpirun noticed that process rank 0 with PID 0 on node node-1 exited on signal 11 (Segmentation fault).
--------------------------------------------------------------------------
