[node-1:05526] *** Process received signal ***
[node-1:05526] Signal: Segmentation fault (11)
[node-1:05526] Signal code: Address not mapped (1)
[node-1:05526] Failing at address: 0x7ffdb66b6f30
[node-1:05526] [ 0] /lib/x86_64-linux-gnu/libc.so.6(+0x3ef10)[0x7f871ca73f10]
[node-1:05526] [ 1] ./main(+0x10ad)[0x555722aab0ad]
[node-1:05526] [ 2] ./main(+0x12b6)[0x555722aab2b6]
[node-1:05526] [ 3] ./main(+0x1601)[0x555722aab601]
[node-1:05526] [ 4] /lib/x86_64-linux-gnu/libc.so.6(__libc_start_main+0xe7)[0x7f871ca56c87]
[node-1:05526] [ 5] ./main(+0xb1a)[0x555722aaab1a]
[node-1:05526] *** End of error message ***
[node-3:12753] *** Process received signal ***
[node-3:12753] Signal: Segmentation fault (11)
[node-3:12753] Signal code: Address not mapped (1)
[node-3:12753] Failing at address: 0x7fff83ca3bf0
[node-2:23113] *** Process received signal ***
[node-2:23113] Signal: Segmentation fault (11)
[node-2:23113] Signal code: Address not mapped (1)
[node-2:23113] Failing at address: 0x7ffc9f48e2c0
[node-3:12753] [ 0] /lib/x86_64-linux-gnu/libc.so.6(+0x3ef10)[0x7f99b19d4f10]
[node-3:12753] [node-2:23113] [ 0] /lib/x86_64-linux-gnu/libc.so.6(+0x3ef10)[0x7fb5f6844f10]
[node-2:23113] [ 1] ./main(+0x10ad)[0x55fa8fae00ad]
[ 1] ./main(+0x[node-2:23113] [ 2] ./main(+0x12b6)[0x55fa8fae02b6]
[node-2:23113] [ 3] ./main(+0x1601)[0x55fa8fae0601]
[node-2:23113] [ 4] 10ad)[0x55fcfa5050ad]
[node-3:12753] [ 2] ./main/lib/x86_64-linux-gnu/libc.so.6(__libc_start_main+0xe7)[0x7fb5f6827c87]
[node-2:23113] [ 5] ./main(+0xb1a)[0x55fa8fadfb1a]
[node-2:23113] *** End of error message ***
(+0x12b6)[0x55fcfa5052b6]
[node-3:12753] [ 3] ./main(+0x1601)[0x55fcfa505601]
[node-3:12753] [ 4] /lib/x86_64-linux-gnu/libc.so.6(__libc_start_main+0xe7)[0x7f99b19b7c87]
[node-3:12753] [ 5] ./main(+0xb1a)[0x55fcfa504b1a]
[node-3:12753] *** End of error message ***
--------------------------------------------------------------------------
mpirun noticed that process rank 0 with PID 0 on node node-1 exited on signal 11 (Segmentation fault).
--------------------------------------------------------------------------
