[node-9:01357] *** Process received signal ***
[node-9:01357] Signal: Segmentation fault (11)
[node-9:01357] Signal code: Address not mapped (1)
[node-9:01357] Failing at address: 0x7ffd98c389a0
[node-9:01357] [ 0] /lib/x86_64-linux-gnu/libc.so.6(+0x3ef10)[0x7fb3dd73bf10]
[node-9:01357] [ 1] ./main(+0x10ad)[0x564fceb1b0ad]
[node-9:01357] [ 2] ./main(+0x12b6)[0x564fceb1b2b6]
[node-9:01357] [ 3] ./main(+0x1601)[0x564fceb1b601]
[node-9:01357] [ 4] /lib/x86_64-linux-gnu/libc.so.6(__libc_start_main+0xe7)[0x7fb3dd71ec87]
[node-9:01357] [ 5] ./main(+0xb1a)[0x564fceb1ab1a]
[node-9:01357] *** End of error message ***
[node-10:17716] *** Process received signal ***
[node-10:17716] Signal: Segmentation fault (11)
[node-10:17716] Signal code: Address not mapped (1)
[node-10:17716] Failing at address: 0x7ffc05f9ebb0
[node-10:17716] [ 0] /lib/x86_64-linux-gnu/libc.so.6(+0x3ef10)[0x7fb282f17f10]
[node-10:17716] [ 1] ./main(+0x10ad)[0x56313e9cc0ad]
[node-10:17716] [ 2] ./main(+0x12b6)[0x56313e9cc2b6]
[node-10:17716] [ 3] ./main(+0x1601)[0x56313e9cc601]
[node-10:17716] [ 4] /lib/x86_64-linux-gnu/libc.so.6(__libc_start_main+0xe7)[0x7fb282efac87]
[node-10:17716] [ 5] ./main(+0xb1a)[0x56313e9cbb1a]
[node-10:17716] *** End of error message ***
--------------------------------------------------------------------------
mpirun noticed that process rank 1 with PID 17716 on node node-10 exited on signal 11 (Segmentation fault).
--------------------------------------------------------------------------
