[node-1:11788] *** Process received signal ***
[node-1:11788] Signal: Segmentation fault (11)
[node-1:11788] Signal code: Address not mapped (1)
[node-1:11788] Failing at address: 0x7ffda81a24e0
[node-1:11788] [ 0] /lib/x86_64-linux-gnu/libc.so.6(+0x3ef10)[0x7f2687918f10]
[node-1:11788] [ 1] ./main(+0x10ad)[0x55e8fe81e0ad]
[node-1:11788] [ 2] ./main(+0x12b6)[0x55e8fe81e2b6]
[node-1:11788] [ 3] ./main(+0x1601)[0x55e8fe81e601]
[node-1:11788] [ 4] /lib/x86_64-linux-gnu/libc.so.6(__libc_start_main+0xe7)[0x7f26878fbc87]
[node-1:11788] [ 5] ./main(+0xb1a)[0x55e8fe81db1a]
[node-1:11788] *** End of error message ***
[node-2:28970] *** Process received signal ***
[node-2:28970] Signal: Segmentation fault (11)
[node-2:28970] Signal code: Address not mapped (1)
[node-2:28970] Failing at address: 0x7ffc327c4f90
[node-2:28970] [ 0] /lib/x86_64-linux-gnu/libc.so.6(+0x3ef10)[0x7ff00b4a9f10]
[node-2:28970] [ 1] ./main(+0x10ad)[0x560ed963b0ad]
[node-2:28970] [ 2] ./main(+0x12b6)[0x560ed963b2b6]
[node-2:28970] [ 3] ./main(+0x1601)[0x560ed963b601]
[node-2:28970] [ 4] /lib/x86_64-linux-gnu/libc.so.6(__libc_start_main+0xe7)[0x7ff00b48cc87]
[node-2:28970] [ 5] ./main(+0xb1a)[0x560ed963ab1a]
[node-2:28970] *** End of error message ***
--------------------------------------------------------------------------
mpirun noticed that process rank 1 with PID 28970 on node node-2 exited on signal 11 (Segmentation fault).
--------------------------------------------------------------------------
