[node-1:12027] *** Process received signal ***
[node-1:12027] Signal: Segmentation fault (11)
[node-1:12027] Signal code:  (128)
[node-1:12027] Failing at address: (nil)
[node-1:12027] [ 0] /lib/x86_64-linux-gnu/libc.so.6(+0x3ef10)[0x7f637ee68f10]
[node-1:12027] [ 1] ./main(+0x10ad)[0x56197e2d10ad]
[node-1:12027] [ 2] ./main(+0x12b6)[0x56197e2d12b6]
[node-1:12027] [ 3] ./main(+0x1601)[0x56197e2d1601]
[node-1:12027] [ 4] /lib/x86_64-linux-gnu/libc.so.6(__libc_start_main+0xe7)[0x7f637ee4bc87]
[node-1:12027] [ 5] ./main(+0xb1a)[0x56197e2d0b1a]
[node-1:12027] *** End of error message ***
[node-4:03636] *** Process received signal ***
[node-4:03636] Signal: Segmentation fault (11)
[node-4:03636] Signal code: Address not mapped (1)
[node-4:03636] Failing at address: 0x7ffe53c7c4c0
[node-3:18318] *** Process received signal ***
[node-3:18318] Signal: Segmentation fault (11)
[node-3:18318] Signal code:  (128)
[node-3:18318] Failing at address: (nil)
[node-4:03636] [ 0] /lib/x86_64-linux-gnu/libc.so.6(+0x3ef10)[0x7f2bcd9f0f10]
[node-4:03636] [ 1] ./main(+0x10ad)[0x555c11f2b0ad]
[node-4:03636] [ 2] ./main(+0x12b6)[0x555c11f2b2b6]
[node-4:03636] [ 3] ./main(+0x1601)[0x555c11f2b601]
[node-4:03636] [ 4] /lib/x86_64-linux-gnu/libc.so.6(__libc_start_main+0xe7)[0x7f2bcd9d3c87]
[node-4:03636] [ 5] ./main(+0xb1a)[0x555c11f2ab1a]
[node-2:29195] *** Process received signal ***
[node-2:29195] Signal: Segmentation fault (11)
[node-2:29195] Signal code:  (128)
[node-2:29195] Failing at address: (nil)
[node-2:29195] [ 0] /lib/x86_64-linux-gnu/libc.so.6(+0x3ef10)[0x7f69a70f0f10]
[node-2:29195] [ 1] ./main(+0x10ad)[0x55bf845e70ad]
[node-2:29195] [ 2] ./main(+0x12b6)[0x[node-3:18318] [ 0] /lib/x86_64-linux-gnu/libc.so.6(+0x3ef10)[0x7fd5a41c9f10]
[node-3:18318] [ 1] ./main([node-4:03636] *** End of error message ***
55bf845e72b6]
[node-2:29195] [ 3] ./main(+0x1601)[0x55bf845e7601]
[node-2:29195] [ 4] /lib/x86_64-linux-gnu/libc.so.6(__libc_start_main+0xe7)[0x7f69a70d3c87]
[node-2:29195] [ 5] ./main(+0xb1a)[0x55bf845e6b1a]
[node-2:29195] *** End of error message ***
+0x10ad)[0x55cb1466d0ad]
[node-3:18318] [ 2] ./main(+0x12b6)[0x55cb1466d2b6]
[node-3:18318] [ 3] ./main(+0x1601)[0x55cb1466d601]
[node-3:18318] [ 4] /lib/x86_64-linux-gnu/libc.so.6(__libc_start_main+0xe7)[0x7fd5a41acc87]
[node-3:18318] [ 5] ./main(+0xb1a)[0x55cb1466cb1a]
[node-3:18318] *** End of error message ***
--------------------------------------------------------------------------
mpirun noticed that process rank 0 with PID 0 on node node-1 exited on signal 11 (Segmentation fault).
--------------------------------------------------------------------------
