[node-1:14070] *** Process received signal ***
[node-1:14070] Signal: Segmentation fault (11)
[node-1:14070] Signal code: Address not mapped (1)
[node-1:14070] Failing at address: 0x7ffb595457d0
[node-1:14070] [ 0] /lib/x86_64-linux-gnu/libc.so.6(+0x3ef10)[0x7f7c73ac5f10]
[node-1:14070] [ 1] ./main_openmp(+0x10dd)[0x558fc59370dd]
[node-1:14070] [ 2] ./main_openmp(+0x12e6)[0x558fc59372e6]
[node-1:14070] [ 3] ./main_openmp(+0x1631)[0x558fc5937631]
[node-1:14070] [ 4] /lib/x86_64-linux-gnu/libc.so.6(__libc_start_main+0xe7)[0x7f7c73aa8c87]
[node-1:14070] [ 5] ./main_openmp(+0xb1a)[0x558fc5936b1a]
[node-1:14070] *** End of error message ***
[node-2:31176] *** Process received signal ***
[node-2:31176] Signal: Segmentation fault (11)
[node-2:31176] Signal code: Address not mapped (1)
[node-2:31176] Failing at address: 0x7ffd8c3afdc0
[node-2:31176] [ 0] /lib/x86_64-linux-gnu/libc.so.6(+0x3ef10)[0x7f8e44a26f10]
[node-2:31176] [ 1] ./main_openmp(+0x10dd)[0x5650131530dd]
[node-2:31176] [ 2] ./main_openmp(+0x12e6)[0x5650131532e6]
[node-2:31176] [ 3] ./main_openmp(+0x1631)[0x565013153631]
[node-2:31176] [ 4] /lib/x86_64-linux-gnu/libc.so.6(__libc_start_main+0xe7)[0x7f8e44a09c87]
[node-2:31176] [node-3:20050] *** Process received signal ***
[node-3:20050] Signal: Segmentation fault (11)
[node-3:20050] Signal code: Address not mapped (1)
[node-3:20050] Failing at address: 0x7ffd3a9cde30
[node-3:20050] [ 0] [ 5] ./main_openmp(+0xb1a)[0x565013152b1a]
[node-2:31176] *** End of error message ***
/lib/x86_64-linux-gnu/libc.so.6(+0x3ef10)[0x7f3357755f10]
[node-3:20050] [ 1] ./main_openmp(+0x10dd)[0x560eb6fa20dd]
[node-3:20050] [ 2] ./main_openmp(+0x12e6)[0x560eb6fa22e6]
[node-3:20050] [ 3] ./main_openmp(+0x1631)[0x560eb6fa2631]
[node-3:20050] [ 4] /lib/x86_64-linux-gnu/libc.so.6(__libc_start_main+0xe7)[0x7f3357738c87]
[node-3:20050] [ 5] ./main_openmp(+0xb1a)[0x560eb6fa1b1a]
[node-3:20050] *** End of error message ***
--------------------------------------------------------------------------
mpirun noticed that process rank 0 with PID 0 on node node-1 exited on signal 11 (Segmentation fault).
--------------------------------------------------------------------------
