[node-9:02784] *** Process received signal ***
[node-9:02784] Signal: Segmentation fault (11)
[node-9:02784] Signal code: Address not mapped (1)
[node-9:02784] Failing at address: 0x7ffe5366e4a0
[node-9:02784] [ 0] /lib/x86_64-linux-gnu/libc.so.6(+0x3ef10)[0x7f5baa012f10]
[node-9:02784] [ 1] ./main_openmp(+0x10dd)[0x55bfb1ec60dd]
[node-9:02784] [ 2] ./main_openmp(+0x12e6)[0x55bfb1ec62e6]
[node-9:02784] [ 3] ./main_openmp(+0x1631)[0x55bfb1ec6631]
[node-9:02784] [ 4] /lib/x86_64-linux-gnu/libc.so.6(__libc_start_main+0xe7)[0x7f5ba9ff5c87]
[node-9:02784] [ 5] ./main_openmp(+0xb1a)[0x55bfb1ec5b1a]
[node-9:02784] *** End of error message ***
[node-10:18743] *** Process received signal ***
[node-10:18743] Signal: Segmentation fault (11)
[node-10:18743] Signal code: Address not mapped (1)
[node-10:18743] Failing at address: 0x7ffb88db30b0
[node-10:18743] [ 0] /lib/x86_64-linux-gnu/libc.so.6(+0x3ef10)[0x7fe9aeffef10]
[node-10:18743] [ 1] ./main_openmp(+0x10dd)[0x56406e0b60dd]
[node-10:18743] [ 2] ./main_openmp(+0x12e6)[0x56406e0b62e6]
[node-10:18743] [ 3] ./main_openmp(+0x1631)[0x56406e0b6631]
[node-10:18743] [ 4] /lib/x86_64-linux-gnu/libc.so.6(__libc_start_main+0xe7)[0x7fe9aefe1c87]
[node-10:18743] [ 5] ./main_openmp(+0xb1a)[0x56406e0b5b1a]
[node-10:18743] *** End of error message ***
--------------------------------------------------------------------------
mpirun noticed that process rank 1 with PID 18743 on node node-10 exited on signal 11 (Segmentation fault).
--------------------------------------------------------------------------
