[node-5:04313] *** Process received signal ***
[node-5:04313] Signal: Segmentation fault (11)
[node-5:04313] Signal code: Address not mapped (1)
[node-5:04313] Failing at address: 0x7ffd7496de20
[node-5:04313] [ 0] /lib/x86_64-linux-gnu/libc.so.6(+0x3ef10)[0x7fe4d366ef10]
[node-5:04313] [ 1] ./main(+0x10ad)[0x55a124f8a0ad]
[node-5:04313] [ 2] ./main(+0x12b6)[0x55a124f8a2b6]
[node-5:04313] [ 3] ./main(+0x1601)[0x55a124f8a601]
[node-5:04313] [ 4] /lib/x86_64-linux-gnu/libc.so.6(__libc_start_main+0xe7)[0x7fe4d3651c87]
[node-5:04313] [ 5] ./main(+0xb1a)[0x55a124f89b1a]
[node-5:04313] *** End of error message ***
[node-7:15440] *** Process received signal ***
[node-7:15440] Signal: Segmentation fault (11)
[node-7:15440] Signal code: Address not mapped (1)
[node-7:15440] Failing at address: 0x7ffdf4d7b340
[node-7:15440] [ 0] /lib/x86_64-linux-gnu/libc.so.6(+0x3ef10)[0x7fe8b2d81f10]
[node-7:15440] [ 1] ./main(+0x10ad)[0x5627c22cf0ad]
[node-7:15440] [ 2] ./main(+0x12b6)[0x5627c22cf2b6]
[node-7:15440] [ 3] ./main(+0x1601)[0x5627c22cf601]
[node-7:15440] [ 4] /lib/x86_64-linux-gnu/libc.so.6(__libc_start_main+0xe7)[0x7fe8b2d64c87]
[node-7:15440] [ 5] ./main(+0xb1a)[0x5627c22ceb1a]
[node-7:15440] *** End of error message ***
[node-6:24706] *** Process received signal ***
[node-6:24706] Signal: Segmentation fault (11)
[node-6:24706] Signal code: Address not mapped (1)
[node-6:24706] Failing at address: 0x7fffe815c9a0
[node-6:24706] [ 0] /lib/x86_64-linux-gnu/libc.so.6(+0x3ef10)[0x7fd2a958ff10]
[node-6:24706] [ 1] ./main(+0x10ad)[0x55ed019a00ad]
[node-6:24706] [ 2] ./main(+0x12b6)[0x55ed019a02b6]
[node-6:24706] [ 3] ./main(+0x1601)[0x55ed019a0601]
[node-6:24706] [ 4] /lib/x86_64-linux-gnu/libc.so.6(__libc_start_main+0xe7)[0x7fd2a9572c87]
[node-6:24706] [ 5] ./main(+0xb1a)[0x55ed0199fb1a]
[node-6:24706] *** End of error message ***
--------------------------------------------------------------------------
mpirun noticed that process rank 1 with PID 24706 on node node-6 exited on signal 11 (Segmentation fault).
--------------------------------------------------------------------------
