[node-4:15614] *** Process received signal ***
[node-4:15614] Signal: Segmentation fault (11)
[node-4:15614] Signal code: Address not mapped (1)
[node-4:15614] Failing at address: 0x7ffbb2255c50
[node-4:15614] [ 0] /lib/x86_64-linux-gnu/libc.so.6(+0x3ef10)[0x7fd64ef96f10]
[node-4:15614] [ 1] ./main_openmp(+0x10dd)[0x5575b47af0dd]
[node-4:15614] [ 2] ./main_openmp(+0x12e6)[0x5575b47af2e6]
[node-4:15614] [ 3] ./main_openmp(+0x1631)[0x5575b47af631]
[node-4:15614] [ 4] /lib/x86_64-linux-gnu/libc.so.6(__libc_start_main+0xe7)[0x7fd64ef79c87]
[node-4:15614] [ 5] ./main_openmp(+0xb1a)[0x5575b47aeb1a]
[node-4:15614] *** End of error message ***
[node-7:30373] *** Process received signal ***
[node-7:30373] Signal: Segmentation fault (11)
[node-7:30373] Signal code: Address not mapped (1)
[node-7:30373] Failing at address: 0x7ffd4443d970
[node-7:30373] [ 0] [node-8:23197] *** Process received signal ***
[node-8:23197] Signal: Segmentation fault (11)
[node-8:23197] Signal code: Address not mapped (1)
[node-8:23197] Failing at address: 0x7ffbcb6b4020
/lib/x86_64-linux-gnu/libc.so.6(+0x3ef10)[0x[node-8:23197] [ 0] /lib/x86_64-linux-gnu/libc.so.6(+0x3ef10)[0x7ffb8e7c8f10]
[node-8:23197] [ 1] ./main_openmp(+0x10dd)[node-5:23207] *** Process received signal ***
[node-5:23207] Signal: Segmentation fault (11)
[node-5:23207] Signal code: Address not mapped (1)
[node-5:23207] Failing at address: 0x7ffd8c21b530
7f47e606df10]
[node-7:30373] [ 1] ./main_openmp(+0x10dd)[0x5605bedc50dd]
[node-7:30373] [ 2] ./main_openmp(+0x12e6)[0x5605bedc52e6]
[node-7:30373] [0x562a97d860dd]
[node-8:23197] [ 2] ./main_openmp(+0x12e6)[0x562a97d862e6]
[node-8:23197] [ 3] ./main_openmp(+0x1631)[0x562a97d86631]
[node-8:23197] [ 4] /lib/x86_64-linux-gnu/libc.so.6([node-6:09104] *** Process received signal ***
[node-6:09104] Signal: Segmentation fault (11)
[node-6:09104] Signal code: Address not mapped (1)
[node-6:09104] Failing at address: 0x7ffbfd0b42e0
[node-5:23207] [ 0] /lib/x86_64-linux-gnu/libc.so.6(+0x3ef10)[0x7fc99844cf10]
[node-5:23207] [ 1] ./main_openmp(+0x10dd)[0x55facd3c30dd]
[ 3] ./main_openmp(+0x1631)[0x5605bedc5631]
[node-7:30373] [ 4] /lib/x86_64-linux-gnu/libc.so.6(__libc_start_main+0xe7)[0x__libc_start_main+0xe7)[0x7ffb8e7abc87]
[node-8:23197] [ 5] ./main_openmp(+0xb1a)[0x562a97d85b1a]
[node-8:23197] *** End of error message ***
[node-6:09104] [ 0] /lib/x86_64-linux-gnu/libc.so.6(+0x3ef10)[0x7f1498aedf10]
[node-6:09104] [ 1] ./main_openmp(+0x10dd)[0x5575a026a0dd]
[node-6:09104] [ 2] ./main_openmp(+0x12e6)[0x5575a026a2e6]
[node-6:09104] [ 3] ./main_openmp(+0x1631)[0x5575a026a631]
[node-6:09104] [ 4] /lib/x86_64-linux-gnu/libc.so.6(__libc_start_main+0xe7)[0x7f1498ad0c87]
[node-6:09104] [ 5] ./main_openmp(+0xb1a)[0x5575a0269b1a]
[node-6:09104] *** End of error message ***
[node-5:23207] [ 2] ./main_openmp(+0x12e6)[0x55facd3c32e6]
[node-5:23207] [ 3] ./main_openmp(+0x1631)[0x55facd3c36317f47e6050c87]
[node-7:30373] [ 5] ./main_openmp(+0xb1a)[0x5605bedc4b1a]
[node-7:30373] *** End of error message ***
]
[node-5:23207] [ 4] /lib/x86_64-linux-gnu/libc.so.6(__libc_start_main+0xe7)[0x7fc99842fc87]
[node-5:23207] [ 5] ./main_openmp(+0xb1a)[0x55facd3c2b1a]
[node-5:23207] *** End of error message ***
--------------------------------------------------------------------------
mpirun noticed that process rank 0 with PID 0 on node node-4 exited on signal 11 (Segmentation fault).
--------------------------------------------------------------------------
