[node-5:03889] *** Process received signal ***
[node-5:03889] Signal: Segmentation fault (11)
[node-5:03889] Signal code: Address not mapped (1)
[node-5:03889] Failing at address: 0x7ffebb0e9d00
[node-5:03889] [ 0] /lib/x86_64-linux-gnu/libc.so.6(+0x3ef10)[0x7f3d8d854f10]
[node-5:03889] [ 1] ./main(+0x10ad)[0x56412bec00ad]
[node-5:03889] [ 2] ./main(+0x12b6)[0x56412bec02b6]
[node-5:03889] [ 3] ./main(+0x1601)[0x56412bec0601]
[node-5:03889] [ 4] /lib/x86_64-linux-gnu/libc.so.6(__libc_start_main+0xe7)[0x7f3d8d837c87]
[node-5:03889] [ 5] ./main(+0xb1a)[0x56412bebfb1a]
[node-5:03889] *** End of error message ***
[node-8:11604] *** Process received signal ***
[node-8:11604] Signal: Segmentation fault (11)
[node-8:11604] Signal code: Address not mapped (1)
[node-8:11604] Failing at address: 0x7ffde625f650
[node-6:24304] *** Process received signal ***
[node-6:24304] Signal: Segmentation fault (11)
[node-6:24304] Signal code: Address not mapped (1)
[node-6:24304] Failing at address: 0x7fff8169f650
[node-8:11604] [ 0] /lib/x86_64-linux-gnu/libc.so.6(+0x3ef10)[0x7f1bfda61f10]
[node-8:11604] [ 1] ./main(+0x10ad)[0x561fb69a80ad]
[node-8:11604] [ 2] ./main(+0x12b6)[0x561fb69a82b6]
[node-8:11604] [ 3] ./main(+0x1601)[0x[node-6:24304] [ 0] /lib/x86_64-linux-gnu/libc.so.6(+0x3ef10)[0x7fa3f36c6f10]
[node-6:24304] [ 1] ./main(+0x10ad)[0x5649a367e0ad]
[node-6:24304] [ 2] ./main(+0x12b6)[0x5649a367e2b6]
[node-6:24304] [ 3] ./main(+0x1601)[0x5649a367e601]
[node-6:24304] [ 4] /lib/x86_64-linux-gnu/libc.so.6(__libc_start_main+0xe7)[0x7fa3f36a9c87]
[node-6:24304] [ 5] ./main(+0xb1a)[0x5649a367db1a]
[node-6:24304] *** End of error message ***
561fb69a8601]
[node-8:11604] [ 4] /lib/x86_64-linux-gnu/libc.so.6(__libc_start_main+0xe7)[0x7f1bfda44c87]
[node-8:11604] [ 5] ./main(+0xb1a)[0x561fb69a7b1a]
[node-8:11604] *** End of error message ***
[node-7:15087] *** Process received signal ***
[node-7:15087] Signal: Segmentation fault (11)
[node-7:15087] Signal code: Address not mapped (1)
[node-7:15087] Failing at address: 0x7ffcea335870
[node-7:15087] [ 0] /lib/x86_64-linux-gnu/libc.so.6(+0x3ef10)[0x7f0c86422f10]
[node-7:15087] [ 1] ./main(+0x10ad)[0x55bf37ad80ad]
[node-7:15087] [ 2] ./main(+0x12b6)[0x55bf37ad82b6]
[node-7:15087] [ 3] ./main(+0x1601)[0x55bf37ad8601]
[node-7:15087] [ 4] /lib/x86_64-linux-gnu/libc.so.6(__libc_start_main+0xe7)[0x7f0c86405c87]
[node-7:15087] [ 5] ./main(+0xb1a)[0x55bf37ad7b1a]
[node-7:15087] *** End of error message ***
--------------------------------------------------------------------------
mpirun noticed that process rank 1 with PID 24304 on node node-6 exited on signal 11 (Segmentation fault).
--------------------------------------------------------------------------
