[node-4:10736] *** Process received signal ***
[node-4:10736] Signal: Segmentation fault (11)
[node-4:10736] Signal code:  (128)
[node-4:10736] Failing at address: (nil)
[node-4:10736] [ 0] /lib/x86_64-linux-gnu/libc.so.6(+0x3ef10)[0x7fb66afdef10]
[node-4:10736] [ 1] ./main_openmp(+0x10dd)[0x564f75b6a0dd]
[node-4:10736] [ 2] ./main_openmp(+0x12e6)[0x564f75b6a2e6]
[node-4:10736] [ 3] ./main_openmp(+0x1631)[0x564f75b6a631]
[node-4:10736] [ 4] /lib/x86_64-linux-gnu/libc.so.6(__libc_start_main+0xe7)[0x7fb66afc1c87]
[node-4:10736] [ 5] ./main_openmp(+0xb1a)[0x564f75b69b1a]
[node-4:10736] *** End of error message ***
[node-6:04768] *** Process received signal ***
[node-6:04768] Signal: Segmentation fault (11)
[node-6:04768] Signal code: Address not mapped (1)
[node-6:04768] Failing at address: 0x7fff90721960
[node-6:04768] [ 0] /lib/x86_64-linux-gnu/libc.so.6(+0x3ef10)[0x7fd36661ef10]
[node-6:04768] [ 1] ./main_openmp(+0x10dd)[0x564c9b1e20dd]
[node-6:04768] [ 2] ./main_openmp(+0x12e6)[0x564c9b1e22e6]
[node-6:04768] [ 3] ./main_openmp(+0x1631)[0x564c9b1e2631]
[node-6:04768] [ 4] /lib/x86_64-linux-gnu/libc.so.6(__libc_start_main+0xe7)[0x7fd366601c87]
[node-6:04768] [ 5] ./main_openmp(+0xb1a)[0x564c9b1e1b1a]
[node-6:04768] *** End of error message ***
[node-7:26761] *** Process received signal ***
[node-7:26761] Signal: Segmentation fault (11)
[node-7:26761] Signal code:  (128)
[node-7:26761] Failing at address: (nil)
[node-7:26761] [ 0] /lib/x86_64-linux-gnu/libc.so.6(+0x3ef10)[0x7f65be5d6f10]
[node-7:26761] [ 1] ./main_openmp(+0x10dd[node-5:18450] *** Process received signal ***
[node-5:18450] Signal: Segmentation fault (11)
[node-5:18450] Signal code:  (128)
[node-5:18450] Failing at address: (nil)
)[0x55b4108890dd]
[node-7:26761] [ 2] ./main_openmp(+0x12e6)[0x55b4108892e6]
[node-7:26761] [ 3] ./main_openmp(+0x1631)[0x55b410889631]
[node-7:26761] [ 4] [node-5:18450] [ 0] /lib/x86_64-linux-gnu/libc.so.6(+0x3ef10)[0x7f629f8e6f10]
[node-5:18450] [ 1] /lib/x86_64-linux-gnu/libc.so.6(__libc_start_main+0xe7)[0x7f65be5b9c87]
[node-7:26761] [ 5] ./main_openmp(+0xb1a)[0x55b410888b1a]
[node-7:26761] *** End of error message ***
./main_openmp(+0x10dd)[0x5577e108e0dd]
[node-5:18450] [ 2] ./main_openmp(+0x12e6)[0x5577e108e2e6]
[node-5:18450] [ 3] ./main_openmp(+0x1631)[0x5577e108e631]
[node-5:18450] [ 4] /lib/x86_64-linux-gnu/libc.so.6(__libc_start_main+0xe7)[0x7f629f8c9c87]
[node-5:18450] [ 5] ./main_openmp(+0xb1a)[0x5577e108db1a]
[node-5:18450] *** End of error message ***
--------------------------------------------------------------------------
mpirun noticed that process rank 2 with PID 4768 on node node-6 exited on signal 11 (Segmentation fault).
--------------------------------------------------------------------------
