[node-1:11499] *** Process received signal ***
[node-1:11499] Signal: Segmentation fault (11)
[node-1:11499] Signal code: Address not mapped (1)
[node-1:11499] Failing at address: 0x7ffe408ac080
[node-1:11499] [ 0] /lib/x86_64-linux-gnu/libc.so.6(+0x3ef10)[0x7f3760579f10]
[node-1:11499] [ 1] ./main(+0x10ad)[0x559a4533b0ad]
[node-1:11499] [ 2] ./main(+0x12b6)[0x559a4533b2b6]
[node-1:11499] [ 3] ./main(+0x1601)[0x559a4533b601]
[node-1:11499] [ 4] /lib/x86_64-linux-gnu/libc.so.6(__libc_start_main+0xe7)[0x7f376055cc87]
[node-1:11499] [ 5] ./main(+0xb1a)[0x559a4533ab1a]
[node-1:11499] *** End of error message ***
[node-2:28702] *** Process received signal ***
[node-2:28702] Signal: Segmentation fault (11)
[node-2:28702] Signal code: Address not mapped (1)
[node-2:28702] Failing at address: 0x7ffd2ed69310
[node-2:28702] [ 0] /lib/x86_64-linux-gnu/libc.so.6(+0x3ef10)[0x7f75aff11f10]
[node-2:28702] [ 1] [node-3:17885] *** Process received signal ***
[node-3:17885] Signal: Segmentation fault (11)
[node-3:17885] Signal code: Address not mapped (1)
[node-3:17885] Failing at address: 0x7ffed649de90
./main(+0x10ad)[0x55d4e6cbc0ad]
[node-2:28702] [ 2] ./main([node-3:17885] [ 0] /lib/x86_64-linux-gnu/libc.so.6(+0x3ef10)[0x7f453303af10]
[node-3:17885] [ 1] ./main(+0x10ad)[0x55599cc8f0ad]
[node-3:17885] [ 2] ./main(+0x12b6)[0x55599cc8f2b6]
[node-4:03194] *** Process received signal ***
[node-4:03194] Signal: Segmentation fault (11)
[node-4:03194] Signal code: Address not mapped (1)
[node-4:03194] Failing at address: 0x7ffe472ea6c0
+0x12b6)[0x55d4e6cbc2b6]
[node-2:28702] [ 3] ./main(+0x1601)[0x55d4e6cbc601]
[node-2:28702] [ 4] [node-3:17885] [ 3] ./main(+0x1601)[0x55599cc8f601]
[node-3:17885] [ 4] [node-4:03194] [ 0] /lib/x86_64-linux-gnu/libc.so.6(+0x3ef10)[0x7f62d2d91f10]
[node-4:03194] [ 1] ./main(+0x10ad)[0x556bc08820ad]
[node-4:03194] [ 2] ./main(+0x12b6)[0x556bc08822b6]
[node-4:03194] /lib/x86_64-linux-gnu/libc.so.6(__libc_start_main+0xe7)[0x7f75afef4c87]
[node-2:28702] [ 5] ./main(+0xb1a)[0x55d4e6cbbb1a]
[node-2:28702] *** End of error message ***
/lib/x86_64-linux-gnu/libc.so.6(__libc_start_main+0xe7)[0x7f453301dc87]
[node-3:17885] [ 5] ./main(+0xb1a)[0x55599cc8eb1a]
[node-3:17885] *** End of error message ***
[ 3] ./main(+0x1601)[0x556bc0882601]
[node-4:03194] [ 4] /lib/x86_64-linux-gnu/libc.so.6(__libc_start_main+0xe7)[0x7f62d2d74c87]
[node-4:03194] [ 5] ./main(+0xb1a)[0x556bc0881b1a]
[node-4:03194] *** End of error message ***
--------------------------------------------------------------------------
mpirun noticed that process rank 0 with PID 0 on node node-1 exited on signal 11 (Segmentation fault).
--------------------------------------------------------------------------
