[node-1:07835] *** Process received signal ***
[node-1:07835] Signal: Segmentation fault (11)
[node-1:07835] Signal code: Address not mapped (1)
[node-1:07835] Failing at address: 0x7ffc61d20250
[node-1:07835] [ 0] /lib/x86_64-linux-gnu/libc.so.6(+0x3ef10)[0x7f71181d6f10]
[node-1:07835] [ 1] ./main(+0x10ad)[0x562ea730b0ad]
[node-1:07835] [ 2] ./main(+0x12b6)[0x562ea730b2b6]
[node-1:07835] [ 3] ./main(+0x1601)[0x562ea730b601]
[node-1:07835] [ 4] /lib/x86_64-linux-gnu/libc.so.6(__libc_start_main+0xe7)[0x7f71181b9c87]
[node-1:07835] [ 5] ./main(+0xb1a)[0x562ea730ab1a]
[node-1:07835] *** End of error message ***
[node-2:25238] *** Process received signal ***
[node-2:25238] Signal: Segmentation fault (11)
[node-2:25238] Signal code: Address not mapped (1)
[node-2:25238] Failing at address: 0x7ffd85002720
[node-3:14690] *** Process received signal ***
[node-3:14690] Signal: Segmentation fault (11)
[node-3:14690] Signal code: Address not mapped (1)
[node-3:14690] Failing at address: 0x7ffc8e0f2a00
[node-2:25238] [ 0] /lib/x86_64-linux-gnu/libc.so.6(+0x3ef10)[0x7f826e2d6f10]
[node-2:25238] [ 1] ./main(+0x10ad)[0x55de7ba4f0ad]
[node-2:25238] [ 2] ./main[node-3:14690] [ 0] /lib/x86_64-linux-gnu/libc.so.6(+0x3ef10)[0x7f57c514bf10]
[node-3:14690] [ 1] ./main(+0x10ad)[0x55888806f0ad]
[node-3:14690] [ 2] ./main(+0x12b6)[0x55888806f2b6]
[node-3:14690] [ 3] ./main(+0x1601)[0x55888806f601]
[node-3:14690] [ 4] /lib/x86_64-linux-gnu/libc.so.6(__libc_start_main+0xe7)[0x7f57c512ec87]
[node-3:14690] [ 5] ./main(+0xb1a)(+0x12b6)[0x55de7ba4f2b6]
[node-2:25238] [ 3] ./main(+0x1601)[0x55de7ba4f601]
[node-2:25238] [ 4] [0x55888806eb1a]
[node-3:14690] *** End of error message ***
/lib/x86_64-linux-gnu/libc.so.6(__libc_start_main+0xe7)[0x7f826e2b9c87]
[node-2:25238] [ 5] ./main(+0xb1a)[0x55de7ba4eb1a]
[node-2:25238] *** End of error message ***
[node-4:32498] *** Process received signal ***
[node-4:32498] Signal: Segmentation fault (11)
[node-4:32498] Signal code: Address not mapped (1)
[node-4:32498] Failing at address: 0x7ffe802f5ea0
[node-4:32498] [ 0] /lib/x86_64-linux-gnu/libc.so.6(+0x3ef10)[0x7fd35b559f10]
[node-4:32498] [ 1] ./main(+0x10ad)[0x5633a11860ad]
[node-4:32498] [ 2] ./main(+0x12b6)[0x5633a11862b6]
[node-4:32498] [ 3] ./main(+0x1601)[0x5633a1186601]
[node-4:32498] [ 4] /lib/x86_64-linux-gnu/libc.so.6(__libc_start_main+0xe7)[0x7fd35b53cc87]
[node-4:32498] [ 5] ./main(+0xb1a)[0x5633a1185b1a]
[node-4:32498] *** End of error message ***
--------------------------------------------------------------------------
mpirun noticed that process rank 0 with PID 0 on node node-1 exited on signal 11 (Segmentation fault).
--------------------------------------------------------------------------
