[node-1:14742] *** Process received signal ***
[node-1:14742] Signal: Segmentation fault (11)
[node-1:14742] Signal code:  (128)
[node-1:14742] Failing at address: (nil)
[node-1:14742] [ 0] /lib/x86_64-linux-gnu/libc.so.6(+0x3ef10)[0x7f8d6eb49f10]
[node-1:14742] [ 1] ./main_openmp(+0x10dd)[0x563e6cf870dd]
[node-1:14742] [ 2] ./main_openmp(+0x12e6)[0x563e6cf872e6]
[node-1:14742] [ 3] ./main_openmp(+0x1631)[0x563e6cf87631]
[node-1:14742] [ 4] /lib/x86_64-linux-gnu/libc.so.6(__libc_start_main+0xe7)[0x7f8d6eb2cc87]
[node-1:14742] [ 5] ./main_openmp(+0xb1a)[0x563e6cf86b1a]
[node-1:14742] *** End of error message ***
[node-2:31862] *** Process received signal ***
[node-2:31862] Signal: Segmentation fault (11)
[node-2:31862] Signal code: Address not mapped (1)
[node-2:31862] Failing at address: 0x7ffe77aa9540
[node-2:31862] [ 0] /lib/x86_64-linux-gnu/libc.so.6(+0x3ef10)[0x7fe975b3ef10]
[node-2:31862] [ 1] ./main_openmp(+0x10dd)[0x5640cbcfc0dd]
[node-2:31862] [ 2] [node-3:20676] *** Process received signal ***
[node-3:20676] Signal: Segmentation fault (11)
[node-3:20676] Signal code:  (128)
[node-3:20676] Failing at address: (nil)
./main_openmp(+0x12e6)[0x5640cbcfc2e6]
[node-3:20676] [ 0] [node-2:31862] [ 3] ./main_openmp(+0x1631)[0x5640cbcfc631]
[node-2:31862] [ 4] /lib/x86_64-linux-gnu/libc.so.6(+0x3ef10)[0x7f2eb3fa6f10]
[node-3:20676] [ 1] ./main_openmp(+0x10dd)[0x559847db50dd/lib/x86_64-linux-gnu/libc.so.6(__libc_start_main+0xe7)[0x7fe975b21c87]
[node-2:31862] ]
[node-3:20676] [ 2] ./main_openmp(+0x12e6)[0x559847db52e6]
[node-3:20676] [ 3] ./main_openmp(+0x1631)[ 5] ./main_openmp(+0xb1a)[0x5640cbcfbb1a]
[node-2:31862] *** End of error message ***
[0x559847db5631]
[node-3:20676] [ 4] /lib/x86_64-linux-gnu/libc.so.6(__libc_start_main+0xe7)[0x7f2eb3f89c87]
[node-3:20676] [ 5] ./main_openmp(+0xb1a)[0x559847db4b1a]
[node-3:20676] *** End of error message ***
--------------------------------------------------------------------------
mpirun noticed that process rank 2 with PID 20676 on node node-3 exited on signal 11 (Segmentation fault).
--------------------------------------------------------------------------
