[node-1:08240] *** Process received signal ***
[node-1:08240] Signal: Segmentation fault (11)
[node-1:08240] Signal code: Address not mapped (1)
[node-1:08240] Failing at address: 0x7ffc253e9c50
[node-1:08240] [ 0] /lib/x86_64-linux-gnu/libc.so.6(+0x3ef10)[0x7fb9a6000f10]
[node-1:08240] [ 1] ./main(+0x10ad)[0x5648f051c0ad]
[node-1:08240] [ 2] ./main(+0x12b6)[0x5648f051c2b6]
[node-1:08240] [ 3] ./main(+0x1601)[0x5648f051c601]
[node-1:08240] [ 4] /lib/x86_64-linux-gnu/libc.so.6(__libc_start_main+0xe7)[0x7fb9a5fe3c87]
[node-1:08240] [ 5] ./main(+0xb1a)[0x5648f051bb1a]
[node-1:08240] *** End of error message ***
[node-4:00378] *** Process received signal ***
[node-4:00378] Signal: Segmentation fault (11)
[node-4:00378] Signal code: Address not mapped (1)
[node-4:00378] Failing at address: 0x7ffeaff98560
[node-2:25627] *** Process received signal ***
[node-2:25627] Signal: Segmentation fault (11)
[node-2:25627] Signal code: Address not mapped (1)
[node-2:25627] Failing at address: 0x7ffe25ea3440
[node-4:00378] [node-2:25627] [ 0] /lib/x86_64-linux-gnu/libc.so.6(+0x3ef10[ 0] )[0x7f0084218f10]
[node-2:25627] [ 1] ./main(+0x10ad)[0x558ffc9510ad]
[node-2:25627] [ 2] ./main(+0x12b6)[0x558ffc9512b6]
[node-2:25627] [ 3] ./main(+0x1601)[0x558ffc951601]
[node-2:25627] [ 4] /lib/x86_64-linux-gnu/libc.so.6(+0x3ef10)[0x7fe8956c4f10]
[node-4:00378] [ 1] ./main(+0x10ad)[0x55b6ca7200ad]
[node-4:00378] [ 2] ./main(+0x12b6)[0x55b6ca7202b6]
[node-3:15022] *** Process received signal ***
[node-3:15022] Signal: Segmentation fault (11)
[node-3:15022] Signal code: Address not mapped (1)
[node-3:15022] Failing at address: 0x7fff5888c700
/lib/x86_64-linux-gnu/libc.so.6(__libc_start_main+0xe7)[0x7f00841fbc87]
[node-2:25627] [ 5] ./main(+0xb1a)[0x558ffc950b1a]
[node-2:25627] *** End of error message ***
[node-4:00378] [ 3] ./main(+0x1601)[0x55b6ca720601]
[node-4:00378] [ 4] [node-3:15022] [ 0] /lib/x86_64-linux-gnu/libc.so.6(+0x3ef10)[0x7f3b2eac8f10]
[node-3:15022] [ 1] ./main(+0x10ad)[0x559ad43ac0ad]
[node-3:15022] [ 2] ./main(+0x12b6)[0x559ad43ac2b6]
[node-3:15022] [ 3] ./main(+0x1601)[0x559ad43ac601]
[node-3:15022] [ 4] /lib/x86_64-linux-gnu/libc.so.6(__libc_start_main+0xe7)[0x7f3b2eaabc87]
[node-3:15022] [ 5] ./main(+0xb1a)[0x559ad43abb1a]
/lib/x86_64-linux-gnu/libc.so.6(__libc_start_main+0xe7)[0x7fe8956a7c87]
[node-4:00378] [ 5] ./main(+0xb1a)[0x55b6ca71fb1a]
[node-4:00378] *** End of error message ***
[node-3:15022] *** End of error message ***
--------------------------------------------------------------------------
mpirun noticed that process rank 0 with PID 0 on node node-1 exited on signal 11 (Segmentation fault).
--------------------------------------------------------------------------
