[node-1:10516] *** Process received signal ***
[node-1:10516] Signal: Segmentation fault (11)
[node-1:10516] Signal code: Address not mapped (1)
[node-1:10516] Failing at address: 0x7ffe5ebb51e0
[node-1:10516] [ 0] /lib/x86_64-linux-gnu/libc.so.6(+0x3ef10)[0x7f910da19f10]
[node-1:10516] [ 1] ./main(+0x10ad)[0x5625e16f80ad]
[node-1:10516] [ 2] ./main(+0x12b6)[0x5625e16f82b6]
[node-1:10516] [ 3] ./main(+0x1601)[0x5625e16f8601]
[node-1:10516] [ 4] [node-2:27774] *** Process received signal ***
[node-2:27774] Signal: Segmentation fault (11)
[node-2:27774] Signal code: Address not mapped (1)
[node-2:27774] Failing at address: 0x7ffbf2c39f30
/lib/x86_64-linux-gnu/libc.so.6(__libc_start_main+0xe7)[0x7f910d9fcc87]
[node-1:10516] [ 5] ./main(+0xb1a)[0x5625e16f7b1a]
[node-1:10516] *** End of error message ***
[node-2:27774] [ 0] /lib/x86_64-linux-gnu/libc.so.6(+0x3ef10)[0x7f6786caef10]
[node-2:27774] [ 1] [node-3:16920] *** Process received signal ***
[node-3:16920] Signal: Segmentation fault (11)
[node-3:16920] Signal code: Address not mapped (1)
[node-3:16920] Failing at address: 0x7ffbee4c7270
./main(+0x10ad)[0x55bdf9eeb0ad]
[node-2:27774] [ 2] ./main([node-3:16920] [ 0] /lib/x86_64-linux-gnu/libc.so.6(+0x3ef10)[0x7f8b14928f10]
[node-3:16920] [ 1] +0x12b6)[0x55bdf9eeb2b6]
[node-2:27774] [ 3] ./main(+0x./main(+0x10ad)[0x5563333f10ad]
[node-3:16920] [ 2] ./main(+0x12b6)[0x5563333f12b6]
[node-3:16920] [ 3] ./main(+0x1601)[0x1601)[0x55bdf9eeb601]
[node-2:27774] [ 4] 5563333f1601]
[node-3:16920] [ 4] /lib/x86_64-linux-gnu/libc.so.6(__libc_start_main+0xe7)[0x7f8b1490bc87]
[node-3:16920] [ 5] ./main(+0xb1a)[0x5563333f0b1a]
[node-3:16920] *** End of error message ***
/lib/x86_64-linux-gnu/libc.so.6(__libc_start_main+0xe7)[0x7f6786c91c87]
[node-2:27774] [ 5] ./main(+0xb1a)[0x55bdf9eeab1a]
[node-2:27774] *** End of error message ***
--------------------------------------------------------------------------
mpirun noticed that process rank 0 with PID 0 on node node-1 exited on signal 11 (Segmentation fault).
--------------------------------------------------------------------------
