[node-5:05505] *** Process received signal ***
[node-5:05505] Signal: Segmentation fault (11)
[node-5:05505] Signal code: Address not mapped (1)
[node-5:05505] Failing at address: 0x7fffc7f51270
[node-5:05505] [ 0] /lib/x86_64-linux-gnu/libc.so.6(+0x3ef10)[0x7f51fd69af10]
[node-5:05505] [ 1] ./main(+0x10ad)[0x557940cec0ad]
[node-5:05505] [ 2] ./main(+0x12b6)[0x557940cec2b6]
[node-5:05505] [ 3] ./main(+0x1601)[0x557940cec601]
[node-5:05505] [ 4] [node-7:16396] *** Process received signal ***
[node-7:16396] Signal: Segmentation fault (11)
[node-7:16396] Signal code:  (128)
[node-7:16396] Failing at address: (nil)
/lib/x86_64-linux-gnu/libc.so.6(__libc_start_main+0xe7)[0x7f51fd67dc87]
[node-5:05505] [ 5] ./main(+0xb1a)[0x557940cebb1a]
[node-5:05505] *** End of error message ***
[node-6:25759] *** Process received signal ***
[node-6:25759] Signal: Segmentation fault (11)
[node-6:25759] Signal code:  (128)
[node-6:25759] Failing at address: (nil)
[node-6:25759] [ 0] [node-7:16396] [ 0] /lib/x86_64-linux-gnu/libc.so.6(+0x3ef10)[0x7f3d99d58f10]
[node-6:25759] [ 1] ./main(+0x10ad)[0x55f3fe4df0ad]
[node-6:25759] [ 2] ./main(+0x12b6)[0x55f3fe4df2b6]
[node-6:25759] [ 3] ./main(+0x1601)[0x55f3fe4df601]
[node-6:25759] [ 4] /lib/x86_64-linux-gnu/libc.so.6(__libc_start_main+0xe7)[0x7f3d99d3bc87]
[node-6:25759] [ 5] ./main(+0xb1a)[0x55f3fe4deb1a]
[node-6:25759] *** End of error message ***
/lib/x86_64-linux-gnu/libc.so.6(+0x3ef10)[0x7f4038b27f10]
[node-7:16396] [ 1] ./main(+0x10ad)[0x55dc57b4a0ad]
[node-7:16396] [ 2] ./main(+0x12b6)[0x55dc57b4a2b6]
[node-7:16396] [ 3] ./main(+0x1601)[0x55dc57b4a601]
[node-7:16396] [ 4] /lib/x86_64-linux-gnu/libc.so.6(__libc_start_main+0xe7)[0x7f4038b0ac87]
[node-7:16396] [ 5] ./main(+0xb1a)[0x55dc57b49b1a]
[node-7:16396] *** End of error message ***
--------------------------------------------------------------------------
mpirun noticed that process rank 1 with PID 25759 on node node-6 exited on signal 11 (Segmentation fault).
--------------------------------------------------------------------------
