[node-1:08192] *** Process received signal ***
[node-1:08192] Signal: Segmentation fault (11)
[node-1:08192] Signal code: Address not mapped (1)
[node-1:08192] Failing at address: 0x7ffc9962c5f0
[node-1:08192] [ 0] /lib/x86_64-linux-gnu/libc.so.6(+0x3ef10)[0x7f5b8529df10]
[node-1:08192] [ 1] ./main(+0x10ad)[0x560bd83640ad]
[node-1:08192] [ 2] ./main(+0x12b6)[0x560bd83642b6]
[node-1:08192] [ 3] ./main(+0x1601)[0x560bd8364601]
[node-1:08192] [ 4] /lib/x86_64-linux-gnu/libc.so.6(__libc_start_main+0xe7)[0x7f5b85280c87]
[node-1:08192] [ 5] ./main(+0xb1a)[0x560bd8363b1a]
[node-1:08192] *** End of error message ***
[node-2:25563] *** Process received signal ***
[node-2:25563] Signal: Segmentation fault (11)
[node-2:25563] Signal code: Address not mapped (1)
[node-2:25563] Failing at address: 0x7ffd652ab680
[node-2:25563] [ 0] /lib/x86_64-linux-gnu/libc.so.6(+0x3ef10)[0x7fd39e21df10]
[node-2:25563] [ 1] ./main(+0x10ad)[0x55893bc9b0ad]
[node-2:25563] [ 2] ./main(+0x12b6)[0x55893bc9b2b6]
[node-2:25563] [ 3] ./main(+0x1601)[0x55893bc9b601]
[node-2:25563] [ 4] /lib/x86_64-linux-gnu/libc.so.6(__libc_start_main+0xe7)[0x7fd39e200c87]
[node-2:25563] [ 5] ./main(+0xb1a)[0x55893bc9ab1a]
[node-2:25563] *** End of error message ***
--------------------------------------------------------------------------
mpirun noticed that process rank 0 with PID 0 on node node-1 exited on signal 11 (Segmentation fault).
--------------------------------------------------------------------------
