[node-9:03285] *** Process received signal ***
[node-9:03285] Signal: Segmentation fault (11)
[node-9:03285] Signal code: Address not mapped (1)
[node-9:03285] Failing at address: 0x7ffc92ed23b0
[node-9:03285] [ 0] /lib/x86_64-linux-gnu/libc.so.6(+0x3ef10)[0x7f034c0e3f10]
[node-9:03285] [ 1] ./main(+0x10ad)[0x55b5f0ca40ad]
[node-9:03285] [ 2] ./main(+0x12b6)[0x55b5f0ca42b6]
[node-9:03285] [ 3] ./main(+0x1601)[0x55b5f0ca4601]
[node-9:03285] [ 4] /lib/x86_64-linux-gnu/libc.so.6(__libc_start_main+0xe7)[0x7f034c0c6c87]
[node-9:03285] [ 5] ./main(+0xb1a)[0x55b5f0ca3b1a]
[node-9:03285] *** End of error message ***
[node-10:19042] *** Process received signal ***
[node-10:19042] Signal: Segmentation fault (11)
[node-10:19042] Signal code: Address not mapped (1)
[node-10:19042] Failing at address: 0x7ffcbde21a30
[node-10:19042] [ 0] /lib/x86_64-linux-gnu/libc.so.6(+0x3ef10)[0x7f895718af10]
[node-10:19042] [ 1] ./main(+0x10ad)[0x55aea827c0ad]
[node-10:19042] [ 2] ./main(+0x12b6)[0x55aea827c2b6]
[node-10:19042] [ 3] ./main(+0x1601)[0x55aea827c601]
[node-10:19042] [ 4] /lib/x86_64-linux-gnu/libc.so.6(__libc_start_main+0xe7)[0x7f895716dc87]
[node-10:19042] [ 5] ./main(+0xb1a)[0x55aea827bb1a]
[node-10:19042] *** End of error message ***
--------------------------------------------------------------------------
mpirun noticed that process rank 0 with PID 0 on node node-9 exited on signal 11 (Segmentation fault).
--------------------------------------------------------------------------
