[node-5:09137] *** Process received signal ***
[node-5:09137] Signal: Segmentation fault (11)
[node-5:09137] Signal code: Address not mapped (1)
[node-5:09137] Failing at address: 0x7ffc1d6b1870
[node-5:09137] [ 0] /lib/x86_64-linux-gnu/libc.so.6(+0x3ef10)[0x7f31ebeb8f10]
[node-5:09137] [ 1] ./main(+0x10ad)[0x55c4daccc0ad]
[node-5:09137] [ 2] ./main(+0x12b6)[0x55c4daccc2b6]
[node-5:09137] [ 3] ./main(+0x1601)[0x55c4daccc601]
[node-5:09137] [ 4] /lib/x86_64-linux-gnu/libc.so.6(__libc_start_main+0xe7)[0x7f31ebe9bc87]
[node-5:09137] [ 5] ./main(+0xb1a)[0x55c4daccbb1a]
[node-5:09137] *** End of error message ***
[node-6:28795] *** Process received signal ***
[node-6:28795] Signal: Segmentation fault (11)
[node-6:28795] Signal code: Address not mapped (1)
[node-6:28795] Failing at address: 0x7ffd51f375c0
[node-6:28795] [ 0] /lib/x86_64-linux-gnu/libc.so.6(+0x3ef10)[0x7fd27e0f3f10]
[node-6:28795] [ 1] ./main(+0x10ad)[0x5580a49460ad]
[node-6:28795] [ 2] ./main(+0x12b6)[0x5580a49462b6]
[node-6:28795] [ 3] ./main(+0x1601)[0x5580a4946601]
[node-6:28795] [ 4] [node-7:19461] *** Process received signal ***
[node-7:19461] Signal: Segmentation fault (11)
[node-7:19461] Signal code: Address not mapped (1)
[node-7:19461] Failing at address: 0x7ffb9cbfe0d0
/lib/x86_64-linux-gnu/libc.so.6(__libc_start_main+0xe7)[0x7fd27e0d6c87]
[node-6:28795] [ 5] ./main(+0xb1a)[0x5580a4945b1a]
[node-6:28795] *** End of error message ***
[node-8:15744] *** Process received signal ***
[node-8:15744] Signal: Segmentation fault (11)
[node-8:15744] Signal code: Address not mapped (1)
[node-8:15744] Failing at address: 0x7ffca2440f60
[node-7:19461] [ 0] /lib/x86_64-linux-gnu/libc.so.6(+0x3ef10)[0x7feed87e6f10]
[node-7:19461] [ 1] ./main(+0x10ad)[0x560bd54970ad]
[node-7:19461] [ 2] ./main(+0x12b6)[0x560bd54972b6]
[node-7:19461] [ 3] ./main(+0x1601)[0x560bd5497601]
[node-7:19461] [ 4] /lib/x86_64-linux-gnu/libc.so.6(__libc_start_main+0xe7)[0x7feed87c9c87]
[node-7:19461] [ 5] ./main[node-8:15744] [ 0] /lib/x86_64-linux-gnu/libc.so.6(+0x3ef10)[0x7f7dd42a1f10]
[node-8:15744] [ 1] (+0xb1a)[0x560bd5496b1a]
[node-7:19461] *** End of error message ***
./main(+0x10ad)[0x559a026800ad]
[node-8:15744] [ 2] ./main(+0x12b6)[0x559a026802b6]
[node-8:15744] [ 3] ./main(+0x1601)[0x559a02680601]
[node-8:15744] [ 4] /lib/x86_64-linux-gnu/libc.so.6(__libc_start_main+0xe7)[0x7f7dd4284c87]
[node-8:15744] [ 5] ./main(+0xb1a)[0x559a0267fb1a]
[node-8:15744] *** End of error message ***
--------------------------------------------------------------------------
mpirun noticed that process rank 1 with PID 28795 on node node-6 exited on signal 11 (Segmentation fault).
--------------------------------------------------------------------------
