[node-9:04780] *** Process received signal ***
[node-9:04780] Signal: Segmentation fault (11)
[node-9:04780] Signal code: Address not mapped (1)
[node-9:04780] Failing at address: 0x7fffa4593910
[node-9:04780] [ 0] /lib/x86_64-linux-gnu/libc.so.6(+0x3ef10)[0x7faee0154f10]
[node-9:04780] [ 1] ./main_openmp(+0x10dd)[0x556d125320dd]
[node-9:04780] [ 2] ./main_openmp(+0x12e6)[0x556d125322e6]
[node-9:04780] [ 3] ./main_openmp(+0x1631)[0x556d12532631]
[node-9:04780] [ 4] /lib/x86_64-linux-gnu/libc.so.6(__libc_start_main+0xe7)[0x7faee0137c87]
[node-9:04780] [ 5] ./main_openmp(+0xb1a)[0x556d12531b1a]
[node-9:04780] *** End of error message ***
[node-10:20093] *** Process received signal ***
[node-10:20093] Signal: Segmentation fault (11)
[node-10:20093] Signal code: Address not mapped (1)
[node-10:20093] Failing at address: 0x7ffee0a56dc0
[node-10:20093] [ 0] /lib/x86_64-linux-gnu/libc.so.6(+0x3ef10)[0x7fc45c633f10]
[node-10:20093] [ 1] ./main_openmp(+0x10dd)[0x556683fdf0dd]
[node-10:20093] [ 2] ./main_openmp(+0x12e6)[0x556683fdf2e6]
[node-10:20093] [ 3] ./main_openmp(+0x1631)[0x556683fdf631]
[node-10:20093] [ 4] /lib/x86_64-linux-gnu/libc.so.6(__libc_start_main+0xe7)[0x7fc45c616c87]
[node-10:20093] [ 5] ./main_openmp(+0xb1a)[0x556683fdeb1a]
[node-10:20093] *** End of error message ***
--------------------------------------------------------------------------
mpirun noticed that process rank 1 with PID 20093 on node node-10 exited on signal 11 (Segmentation fault).
--------------------------------------------------------------------------
