[node-9:04018] *** Process received signal ***
[node-9:04018] Signal: Segmentation fault (11)
[node-9:04018] Signal code: Address not mapped (1)
[node-9:04018] Failing at address: 0x7ffe448e0640
[node-9:04018] [ 0] /lib/x86_64-linux-gnu/libc.so.6(+0x3ef10)[0x7f9ed1b9cf10]
[node-9:04018] [ 1] ./main(+0x10ad)[0x55fe3e80a0ad]
[node-9:04018] [ 2] ./main(+0x12b6)[0x55fe3e80a2b6]
[node-9:04018] [ 3] ./main(+0x1601)[0x55fe3e80a601]
[node-9:04018] [ 4] /lib/x86_64-linux-gnu/libc.so.6(__libc_start_main+0xe7)[0x7f9ed1b7fc87]
[node-9:04018] [ 5] ./main(+0xb1a)[0x55fe3e809b1a]
[node-9:04018] *** End of error message ***
[node-10:19475] *** Process received signal ***
[node-10:19475] Signal: Segmentation fault (11)
[node-10:19475] Signal code: Address not mapped (1)
[node-10:19475] Failing at address: 0x7fffd9528800
[node-10:19475] [ 0] /lib/x86_64-linux-gnu/libc.so.6(+0x3ef10)[0x7ffb6a245f10]
[node-10:19475] [ 1] ./main(+0x10ad)[0x55e08becd0ad]
[node-10:19475] [ 2] ./main(+0x12b6)[0x55e08becd2b6]
[node-10:19475] [ 3] ./main(+0x1601)[0x55e08becd601]
[node-10:19475] [ 4] /lib/x86_64-linux-gnu/libc.so.6(__libc_start_main+0xe7)[0x7ffb6a228c87]
[node-10:19475] [ 5] ./main(+0xb1a)[0x55e08beccb1a]
[node-10:19475] *** End of error message ***
--------------------------------------------------------------------------
mpirun noticed that process rank 1 with PID 19475 on node node-10 exited on signal 11 (Segmentation fault).
--------------------------------------------------------------------------
