[node-5:07514] *** Process received signal ***
[node-5:07514] Signal: Segmentation fault (11)
[node-5:07514] Signal code: Address not mapped (1)
[node-5:07514] Failing at address: 0x7ffc1da4f700
[node-5:07514] [ 0] /lib/x86_64-linux-gnu/libc.so.6(+0x3ef10)[0x7f89e76d5f10]
[node-5:07514] [ 1] ./main(+0x10ad)[0x557ae17c80ad]
[node-5:07514] [ 2] ./main(+0x12b6)[0x557ae17c82b6]
[node-5:07514] [ 3] ./main(+0x1601)[0x557ae17c8601]
[node-5:07514] [ 4] [node-6:27485] *** Process received signal ***
[node-6:27485] Signal: Segmentation fault (11)
[node-6:27485] Signal code: Address not mapped (1)
[node-6:27485] Failing at address: 0x7fff67673430
/lib/x86_64-linux-gnu/libc.so.6(__libc_start_main+0xe7)[0x7f89e76b8c87]
[node-5:07514] [ 5] ./main(+0xb1a)[0x557ae17c7b1a]
[node-5:07514] *** End of error message ***
[node-6:27485] [ 0] /lib/x86_64-linux-gnu/libc.so.6(+0x3ef10)[0x7f31d92a9f10]
[node-6:27485] [ 1] ./main(+0x10ad)[0x557f4afa30ad]
[node-6:27485] [ 2] ./main(+0x12b6)[0x557f4afa32b6]
[node-6:27485] [ 3] ./main(+0x1601)[0x557f4afa3601]
[node-6:27485] [ 4] /lib/x86_64-linux-gnu/libc.so.6(__libc_start_main+0xe7)[0x7f31d928cc87]
[node-6:27485] [ 5] ./main(+0xb1a)[0x557f4afa2b1a]
[node-6:27485] *** End of error message ***
[node-7:18038] *** Process received signal ***
[node-7:18038] Signal: Segmentation fault (11)
[node-7:18038] Signal code: Address not mapped (1)
[node-7:18038] Failing at address: 0x7ffda1cf8fc0
[node-7:18038] [ 0] /lib/x86_64-linux-gnu/libc.so.6(+0x3ef10)[0x7f1a9f56ef10]
[node-7:18038] [ 1] ./main(+0x10ad)[0x55890114f0ad]
[node-7:18038] [ 2] ./main(+0x12b6)[0x55890114f2b6]
[node-7:18038] [ 3] ./main(+0x1601)[0x55890114f601]
[node-7:18038] [ 4] /lib/x86_64-linux-gnu/libc.so.6(__libc_start_main+0xe7)[0x7f1a9f551c87]
[node-7:18038] [ 5] ./main(+0xb1a)[0x55890114eb1a]
[node-7:18038] *** End of error message ***
--------------------------------------------------------------------------
mpirun noticed that process rank 1 with PID 27485 on node node-6 exited on signal 11 (Segmentation fault).
--------------------------------------------------------------------------
