[node-9:06731] *** Process received signal ***
[node-9:06731] Signal: Segmentation fault (11)
[node-9:06731] Signal code: Address not mapped (1)
[node-9:06731] Failing at address: 0x7fff45410f70
[node-9:06731] [ 0] /lib/x86_64-linux-gnu/libc.so.6(+0x3ef10)[0x7f882d338f10]
[node-9:06731] [ 1] ./main(+0x10ad)[0x559ae0c130ad]
[node-9:06731] [ 2] ./main(+0x12b6)[0x559ae0c132b6]
[node-9:06731] [ 3] ./main(+0x1601)[0x559ae0c13601]
[node-9:06731] [ 4] /lib/x86_64-linux-gnu/libc.so.6(__libc_start_main+0xe7)[0x7f882d31bc87]
[node-9:06731] [ 5] ./main(+0xb1a)[0x559ae0c12b1a]
[node-9:06731] *** End of error message ***
[node-10:21254] *** Process received signal ***
[node-10:21254] Signal: Segmentation fault (11)
[node-10:21254] Signal code: Address not mapped (1)
[node-10:21254] Failing at address: 0x7ffd8b32fc90
[node-10:21254] [ 0] /lib/x86_64-linux-gnu/libc.so.6(+0x3ef10)[0x7fc72dd22f10]
[node-10:21254] [ 1] ./main(+0x10ad)[0x55b7226a30ad]
[node-10:21254] [ 2] ./main(+0x12b6)[0x55b7226a32b6]
[node-10:21254] [ 3] ./main(+0x1601)[0x55b7226a3601]
[node-10:21254] [ 4] /lib/x86_64-linux-gnu/libc.so.6(__libc_start_main+0xe7)[0x7fc72dd05c87]
[node-10:21254] [ 5] ./main(+0xb1a)[0x55b7226a2b1a]
[node-10:21254] *** End of error message ***
--------------------------------------------------------------------------
mpirun noticed that process rank 1 with PID 21254 on node node-10 exited on signal 11 (Segmentation fault).
--------------------------------------------------------------------------
