[node-6:02374] *** Process received signal ***
[node-6:02374] Signal: Segmentation fault (11)
[node-6:02374] Signal code: Address not mapped (1)
[node-6:02374] Failing at address: 0x7fff20f4a560
[node-6:02374] [ 0] /lib/x86_64-linux-gnu/libc.so.6(+0x3ef10)[0x7fe69c4f5f10]
[node-6:02374] [ 1] ./main(+0x10ad)[0x561b43a030ad]
[node-6:02374] [ 2] ./main(+0x12b6)[0x561b43a032b6]
[node-6:02374] [ 3] ./main(+0x1601)[0x561b43a03601]
[node-6:02374] [ 4] /lib/x86_64-linux-gnu/libc.so.6(__libc_start_main+0xe7)[0x7fe69c4d8c87]
[node-6:02374] [ 5] ./main(+0xb1a)[0x561b43a02b1a]
[node-6:02374] *** End of error message ***
[node-9:01670] *** Process received signal ***
[node-9:01670] Signal: Segmentation fault (11)
[node-9:01670] Signal code: Address not mapped (1)
[node-9:01670] Failing at address: 0x7fffb2d68c90
[node-9:01670] [ 0] [node-8:19557] *** Process received signal ***
[node-8:19557] Signal: Segmentation fault (11)
[node-8:19557] Signal code: Address not mapped (1)
[node-8:19557] Failing at address: 0x7fff77956990
/lib/x86_64-linux-gnu/libc.so.6(+0x3ef10)[0x7f9631165f10]
[node-9:01670] [ 1] ./main(+0x10ad)[0x560e55af50ad]
[node-9:01670] [ 2] ./main(+0x12b6)[0x560e55af52b6]
[node-9:01670] [ 3] [node-8:19557] [ 0] /lib/x86_64-linux-gnu/libc.so.6(+0x3ef10)[0x7f0e23f13f10]
[node-8:19557] [ 1] ./main(+0x10ad)[0x563af0a7c0ad]
[node-8:19557] [ 2] ./main(+0x12b6)[0x563af0a7c2b6]
[node-8:19557] [ 3] ./main(+0x1601)[0x563af0a7c601]
[node-8:19557] [ 4] /lib/x86_64-linux-gnu/libc.so.6(__libc_start_main+0xe7)[0x7f0e23ef6c87]
[node-8:19557] [ 5] ./main(+0xb1a)[0x563af0a7bb1a]
./main(+0x1601)[0x560e55af5601]
[node-9:01670] [ 4] /lib/x86_64-linux-gnu/libc.so.6(__libc_start_main+0xe7)[node-7:24731] *** Process received signal ***
[node-7:24731] Signal: Segmentation fault (11)
[node-7:24731] Signal code:  (128)
[node-7:24731] Failing at address: (nil)
[node-8:19557] *** End of error message ***
[0x7f9631148c87]
[node-9:01670] [ 5] ./main(+0xb1a)[0x560e55af4b1a]
[node-9:01670] *** End of error message ***
[node-7:24731] [ 0] /lib/x86_64-linux-gnu/libc.so.6(+0x3ef10)[0x7fa778b86f10]
[node-7:24731] [ 1] ./main(+0x10ad)[0x55bd7c7300ad]
[node-7:24731] [ 2] ./main(+0x12b6)[0x55bd7c7302b6]
[node-7:24731] [ 3] ./main(+0x1601)[0x55bd7c730601]
[node-7:24731] [ 4] /lib/x86_64-linux-gnu/libc.so.6(__libc_start_main+0xe7)[0x7fa778b69c87]
[node-7:24731] [ 5] ./main(+0xb1a)[0x55bd7c72fb1a]
[node-7:24731] *** End of error message ***
--------------------------------------------------------------------------
mpirun noticed that process rank 0 with PID 0 on node node-6 exited on signal 11 (Segmentation fault).
--------------------------------------------------------------------------
