[node-9:02112] *** Process received signal ***
[node-9:02112] Signal: Segmentation fault (11)
[node-9:02112] Signal code: Address not mapped (1)
[node-9:02112] Failing at address: 0x7ffc2297c9b0
[node-9:02112] [ 0] /lib/x86_64-linux-gnu/libc.so.6(+0x3ef10)[0x7f37c2213f10]
[node-9:02112] [ 1] ./main(+0x10ad)[0x559efb8a30ad]
[node-9:02112] [ 2] ./main(+0x12b6)[0x559efb8a32b6]
[node-9:02112] [ 3] ./main(+0x1601)[0x559efb8a3601]
[node-9:02112] [ 4] /lib/x86_64-linux-gnu/libc.so.6(__libc_start_main+0xe7)[0x7f37c21f6c87]
[node-9:02112] [ 5] ./main(+0xb1a)[0x559efb8a2b1a]
[node-9:02112] *** End of error message ***
[node-10:18228] *** Process received signal ***
[node-10:18228] Signal: Segmentation fault (11)
[node-10:18228] Signal code: Address not mapped (1)
[node-10:18228] Failing at address: 0x7ffe36304700
[node-10:18228] [ 0] /lib/x86_64-linux-gnu/libc.so.6(+0x3ef10)[0x7f75c6c7bf10]
[node-10:18228] [ 1] ./main(+0x10ad)[0x564dd0f770ad]
[node-10:18228] [ 2] ./main(+0x12b6)[0x564dd0f772b6]
[node-10:18228] [ 3] ./main(+0x1601)[0x564dd0f77601]
[node-10:18228] [ 4] /lib/x86_64-linux-gnu/libc.so.6(__libc_start_main+0xe7)[0x7f75c6c5ec87]
[node-10:18228] [ 5] ./main(+0xb1a)[0x564dd0f76b1a]
[node-10:18228] *** End of error message ***
--------------------------------------------------------------------------
mpirun noticed that process rank 0 with PID 0 on node node-9 exited on signal 11 (Segmentation fault).
--------------------------------------------------------------------------
