[node-9:04984] *** Process received signal ***
[node-9:04984] Signal: Segmentation fault (11)
[node-9:04984] Signal code: Address not mapped (1)
[node-9:04984] Failing at address: 0x7ffe0a7fa970
[node-9:04984] [ 0] /lib/x86_64-linux-gnu/libc.so.6(+0x3ef10)[0x7f06392b2f10]
[node-9:04984] [ 1] ./main_openmp(+0x10dd)[0x563f829120dd]
[node-9:04984] [ 2] ./main_openmp(+0x12e6)[0x563f829122e6]
[node-9:04984] [ 3] ./main_openmp(+0x1631)[0x563f82912631]
[node-9:04984] [ 4] /lib/x86_64-linux-gnu/libc.so.6(__libc_start_main+0xe7)[0x7f0639295c87]
[node-9:04984] [ 5] ./main_openmp(+0xb1a)[0x563f82911b1a]
[node-9:04984] *** End of error message ***
[node-10:20201] *** Process received signal ***
[node-10:20201] Signal: Segmentation fault (11)
[node-10:20201] Signal code: Address not mapped (1)
[node-10:20201] Failing at address: 0x7ffa35b80e60
[node-10:20201] [ 0] /lib/x86_64-linux-gnu/libc.so.6(+0x3ef10)[0x7f7ddc8baf10]
[node-10:20201] [ 1] ./main_openmp(+0x10dd)[0x5635857fa0dd]
[node-10:20201] [ 2] ./main_openmp(+0x12e6)[0x5635857fa2e6]
[node-10:20201] [ 3] ./main_openmp(+0x1631)[0x5635857fa631]
[node-10:20201] [ 4] /lib/x86_64-linux-gnu/libc.so.6(__libc_start_main+0xe7)[0x7f7ddc89dc87]
[node-10:20201] [ 5] ./main_openmp(+0xb1a)[0x5635857f9b1a]
[node-10:20201] *** End of error message ***
--------------------------------------------------------------------------
mpirun noticed that process rank 1 with PID 20201 on node node-10 exited on signal 11 (Segmentation fault).
--------------------------------------------------------------------------
