[node-4:13919] *** Process received signal ***
[node-4:13919] Signal: Segmentation fault (11)
[node-4:13919] Signal code: Address not mapped (1)
[node-4:13919] Failing at address: 0x7ffcd2cb56c0
[node-4:13919] [ 0] /lib/x86_64-linux-gnu/libc.so.6(+0x3ef10)[0x7ff10e505f10]
[node-4:13919] [ 1] ./main(+0x10ad)[0x55cb090b80ad]
[node-4:13919] [ 2] ./main(+0x12b6)[0x55cb090b82b6]
[node-4:13919] [ 3] ./main(+0x1601)[0x55cb090b8601]
[node-4:13919] [ 4] /lib/x86_64-linux-gnu/libc.so.6(__libc_start_main+0xe7)[0x7ff10e4e8c87]
[node-4:13919] [ 5] ./main(+0xb1a)[0x55cb090b7b1a]
[node-4:13919] *** End of error message ***
[node-6:07498] *** Process received signal ***
[node-6:07498] Signal: Segmentation fault (11)
[node-6:07498] Signal code: Address not mapped (1)
[node-6:07498] Failing at address: 0x7ffd923c8310
[node-5:21558] *** Process received signal ***
[node-5:21558] Signal: Segmentation fault (11)
[node-5:21558] Signal code: Address not mapped (1)
[node-5:21558] Failing at address: 0x7ffe11cf3f60
[node-5:21558] [ 0] [node-6:07498] [ 0] /lib/x86_64-linux-gnu/libc.so.6(+0x3ef10)[0x7f7646ca7f10]
[node-6:07498] [ 1] ./main(+0x10ad)[0x5629be04a0ad]
[node-6:07498] [ 2] ./main(+0x12b6)[0x5629be04a2b6]
[node-6:07498] [ 3] ./main(+0x1601)[0x5629be04a601]
[node-6:07498] [ 4] /lib/x86_64-linux-gnu/libc.so.6(__libc_start_main+0xe7)[0x7f7646c8ac87]
[node-6:07498] [ 5] ./main(+0xb1a)[0x5629be049b1a]
/lib/x86_64-linux-gnu/libc.so.6(+0x3ef10)[0x7fc0678e2f10]
[node-5:21558] [ 1] ./main(+0x10ad)[0x55d6c8ae00ad]
[node-5:21558] [ 2] ./main(+0x12b6)[node-6:07498] *** End of error message ***
[0x55d6c8ae02b6]
[node-5:21558] [ 3] ./main(+0x1601)[0x55d6c8ae0601]
[node-5:21558] [ 4] /lib/x86_64-linux-gnu/libc.so.6(__libc_start_main+0xe7)[0x7fc0678c5c87]
[node-5:21558] [ 5] ./main(+0xb1a)[0x55d6c8adfb1a]
[node-5:21558] *** End of error message ***
[node-7:29009] *** Process received signal ***
[node-7:29009] Signal: Segmentation fault (11)
[node-7:29009] Signal code: Address not mapped (1)
[node-7:29009] Failing at address: 0x7ffdcfb87600
[node-7:29009] [ 0] /lib/x86_64-linux-gnu/libc.so.6(+0x3ef10)[0x7fc7a7e7cf10]
[node-7:29009] [ 1] ./main(+0x10ad)[0x5598087880ad]
[node-7:29009] [ 2] ./main(+0x12b6)[0x5598087882b6]
[node-7:29009] [ 3] ./main(+0x1601)[0x559808788601]
[node-7:29009] [ 4] /lib/x86_64-linux-gnu/libc.so.6(__libc_start_main+0xe7)[0x7fc7a7e5fc87]
[node-7:29009] [ 5] ./main(+0xb1a)[0x559808787b1a]
[node-7:29009] *** End of error message ***
[node-8:22162] *** Process received signal ***
[node-8:22162] Signal: Segmentation fault (11)
[node-8:22162] Signal code: Address not mapped (1)
[node-8:22162] Failing at address: 0x7ffdfc522400
[node-8:22162] [ 0] /lib/x86_64-linux-gnu/libc.so.6(+0x3ef10)[0x7f8f9a519f10]
[node-8:22162] [ 1] ./main(+0x10ad)[0x56306b1930ad]
[node-8:22162] [ 2] ./main(+0x12b6)[0x56306b1932b6]
[node-8:22162] [ 3] ./main(+0x1601)[0x56306b193601]
[node-8:22162] [ 4] /lib/x86_64-linux-gnu/libc.so.6(__libc_start_main+0xe7)[0x7f8f9a4fcc87]
[node-8:22162] [ 5] ./main(+0xb1a)[0x56306b192b1a]
[node-8:22162] *** End of error message ***
--------------------------------------------------------------------------
mpirun noticed that process rank 0 with PID 0 on node node-4 exited on signal 11 (Segmentation fault).
--------------------------------------------------------------------------
