[node-4:12188] *** Process received signal ***
[node-4:12188] Signal: Segmentation fault (11)
[node-4:12188] Signal code:  (128)
[node-4:12188] Failing at address: (nil)
[node-4:12188] [ 0] /lib/x86_64-linux-gnu/libc.so.6(+0x3ef10)[0x7fdbb7e97f10]
[node-4:12188] [ 1] ./main(+0x10ad)[0x55f82ae140ad]
[node-4:12188] [ 2] ./main(+0x12b6)[0x55f82ae142b6]
[node-4:12188] [ 3] ./main(+0x1601)[0x55f82ae14601]
[node-4:12188] [ 4] /lib/x86_64-linux-gnu/libc.so.6(__libc_start_main+0xe7)[0x7fdbb7e7ac87]
[node-4:12188] [ 5] ./main(+0xb1a)[0x55f82ae13b1a]
[node-4:12188] *** End of error message ***
[node-7:27656] *** Process received signal ***
[node-7:27656] Signal: Segmentation fault (11)
[node-7:27656] Signal code: Address not mapped (1)
[node-7:27656] Failing at address: 0x7ffd192a6cb0
[node-7:27656] [ 0] /lib/x86_64-linux-gnu/libc.so.6(+0x3ef10)[0x7f3ae3521f10]
[node-7:27656] [ 1] ./main(+0x10ad)[0x55d81bf880ad]
[node-7:27656] [ 2] ./main([node-5:19880] *** Process received signal ***
[node-5:19880] Signal: Segmentation fault (11)
[node-5:19880] Signal code: Address not mapped (1)
[node-5:19880] Failing at address: 0x7ffef2c114e0
+0x12b6)[0x55d81bf882b6]
[node-7:27656] [ 3] ./main(+0x1601)[0x[node-5:19880] [ 0] /lib/x86_64-linux-gnu/libc.so.6(+0x3ef10)[0x7f0a8a253f10]
[node-5:19880] [ 1] ./main(+0x10ad)[0x556115b2d0ad]
[node-5:19880] [ 2] ./main(+0x12b6)[0x556115b2d2b6]
55d81bf88601]
[node-7:27656] [ 4] [node-5:19880] [ 3] ./main(+0x1601)[0x556115b2d601]
[node-5:19880] [ 4] /lib/x86_64-linux-gnu/libc.so.6(__libc_start_main+0xe7)[0x7f0a8a236c87]
[node-5:19880] [ 5] ./main(+0xb1a)[0x556115b2cb1a]
[node-5:19880] *** End of error message ***
/lib/x86_64-linux-gnu/libc.so.6(__libc_start_main+0xe7)[0x7f3ae3504c87]
[node-7:27656] [ 5] ./main(+0xb1a)[0x55d81bf87b1a]
[node-7:27656] *** End of error message ***
[node-6:05958] *** Process received signal ***
[node-6:05958] Signal: Segmentation fault (11)
[node-6:05958] Signal code:  (128)
[node-6:05958] Failing at address: (nil)
[node-6:05958] [ 0] /lib/x86_64-linux-gnu/libc.so.6(+0x3ef10)[0x7f85adfb9f10]
[node-6:05958] [ 1] ./main(+0x10ad)[0x5572595d30ad]
[node-6:05958] [ 2] ./main(+0x12b6)[0x5572595d32b6]
[node-6:05958] [ 3] ./main(+0x1601)[0x5572595d3601]
[node-6:05958] [ 4] /lib/x86_64-linux-gnu/libc.so.6(__libc_start_main+0xe7)[0x7f85adf9cc87]
[node-6:05958] [ 5] ./main(+0xb1a)[0x5572595d2b1a]
[node-6:05958] *** End of error message ***
--------------------------------------------------------------------------
mpirun noticed that process rank 2 with PID 5958 on node node-6 exited on signal 11 (Segmentation fault).
--------------------------------------------------------------------------
