[node-1:27684] *** Process received signal ***
[node-1:27684] Signal: Segmentation fault (11)
[node-1:27684] Signal code: Address not mapped (1)
[node-1:27684] Failing at address: 0x7ffe6492a1a0
[node-1:27684] [ 0] /lib/x86_64-linux-gnu/libc.so.6(+0x3ef10)[0x7f342bc53f10]
[node-1:27684] [ 1] ./main(+0x10ad)[0x562ca24850ad]
[node-1:27684] [ 2] ./main(+0x12b6)[0x562ca24852b6]
[node-1:27684] [ 3] ./main(+0x1601)[0x562ca2485601]
[node-1:27684] [ 4] /lib/x86_64-linux-gnu/libc.so.6(__libc_start_main+0xe7)[0x7f342bc36c87]
[node-1:27684] [ 5] ./main(+0xb1a)[0x562ca2484b1a]
[node-1:27684] *** End of error message ***
[node-3:32394] *** Process received signal ***
[node-3:32394] Signal: Segmentation fault (11)
[node-3:32394] Signal code: Address not mapped (1)
[node-3:32394] Failing at address: 0x7ffb94c779e0
[node-2:12637] *** Process received signal ***
[node-2:12637] Signal: Segmentation fault (11)
[node-2:12637] Signal code: Address not mapped (1)
[node-2:12637] Failing at address: 0x7ffb5abb65a0
[node-3:32394] [ 0] [node-2:12637] [ 0] /lib/x86_64-linux-gnu/libc.so.6(+0x3ef10)[0x7fd9e3285f10]
[node-3:32394] [ 1] ./main(+0x10ad)[0x55ba1b8a90ad]
/lib/x86_64-linux-gnu/libc.so.6(+0x3ef10)[0x7fe38e2b3f10]
[node-2:12637] [ 1] ./main(+0x10ad)[0x55c19111f0ad]
[node-2:12637] [ 2] [node-3:32394] [ 2] ./main(+0x12b6)[0x55ba1b8a92b6]
[node-3:32394] [ 3] ./main(+0x1601)[0x55ba1b8a9601]
[node-3:32394] [ 4] ./main(+0x12b6)[0x55c19111f2b6]
[node-2:12637] /lib/x86_64-linux-gnu/libc.so.6(__libc_start_main+0xe7)[0x7fd9e3268c87]
[node-3:32394] [ 5] [ 3] ./main(+0x./main(+0xb1a)[0x55ba1b8a8b1a]
[node-3:32394] *** End of error message ***
1601)[0x55c19111f601]
[node-2:12637] [ 4] /lib/x86_64-linux-gnu/libc.so.6(__libc_start_main+0xe7)[0x7fe38e296c87]
[node-2:12637] [ 5] ./main(+0xb1a)[0x55c19111eb1a]
[node-2:12637] *** End of error message ***
[node-4:19360] *** Process received signal ***
[node-4:19360] Signal: Segmentation fault (11)
[node-4:19360] Signal code: Address not mapped (1)
[node-4:19360] Failing at address: 0x7ffcbec7a550
[node-4:19360] [ 0] /lib/x86_64-linux-gnu/libc.so.6(+0x3ef10)[0x7f7eddf63f10]
[node-4:19360] [ 1] ./main(+0x10ad)[0x5652adf210ad]
[node-4:19360] [ 2] ./main(+0x12b6)[0x5652adf212b6]
[node-4:19360] [ 3] ./main(+0x1601)[0x5652adf21601]
[node-4:19360] [ 4] /lib/x86_64-linux-gnu/libc.so.6(__libc_start_main+0xe7)[0x7f7eddf46c87]
[node-4:19360] [ 5] ./main(+0xb1a)[0x5652adf20b1a]
[node-4:19360] *** End of error message ***
[node-6:12572] *** Process received signal ***
[node-6:12572] Signal: Segmentation fault (11)
[node-6:12572] Signal code: Address not mapped (1)
[node-6:12572] Failing at address: 0x7ffcf95505b0
[node-6:12572] [ 0] /lib/x86_64-linux-gnu/libc.so.6(+0x3ef10)[0x7f6a9a24df10]
[node-6:12572] [ 1] ./main(+0x10ad)[0x55d320de20ad]
[node-6:12572] [ 2] ./main(+0x12b6)[0x55d320de22b6]
[node-6:12572] [ 3] ./main(+0x1601)[0x55d320de2601]
[node-6:12572] [ 4] /lib/x86_64-linux-gnu/libc.so.6(__libc_start_main+0xe7)[0x7f6a9a230c87]
[node-6:12572] [ 5] ./main(+0xb1a)[node-5:26856] *** Process received signal ***
[node-5:26856] Signal: Segmentation fault (11)
[node-5:26856] Signal code: Address not mapped (1)
[node-5:26856] Failing at address: 0x7ffe75723110
[0x55d320de1b1a]
[node-6:12572] *** End of error message ***
[node-5:26856] [ 0] /lib/x86_64-linux-gnu/libc.so.6(+0x3ef10)[0x7f1165dc0f10]
[node-5:26856] [ 1] ./main(+0x10ad)[0x562d7aade0ad]
[node-5:26856] [ 2] ./main(+0x12b6)[0x562d7aade2b6]
[node-5:26856] [ 3] ./main(+0x1601)[0x562d7aade601]
[node-5:26856] [ 4] /lib/x86_64-linux-gnu/libc.so.6(__libc_start_main+0xe7)[0x7f1165da3c87]
[node-5:26856] [ 5] ./main(+0xb1a)[0x562d7aaddb1a]
[node-5:26856] *** End of error message ***
[node-7:00583] *** Process received signal ***
[node-7:00583] Signal: Segmentation fault (11)
[node-7:00583] Signal code: Address not mapped (1)
[node-7:00583] Failing at address: 0x7ffb0a1fb2f0
[node-7:00583] [ 0] /lib/x86_64-linux-gnu/libc.so.6(+0x3ef10)[0x7f04a8097f10]
[node-7:00583] [ 1] ./main(+0x10ad)[0x5583989b50ad]
[node-7:00583] [ 2] ./main(+0x12b6)[0x5583989b52b6]
[node-7:00583] [ 3] ./main(+0x1601)[0x5583989b5601]
[node-7:00583] [ 4] /lib/x86_64-linux-gnu/libc.so.6(__libc_start_main+0xe7)[0x7f04a807ac87]
[node-7:00583] [ 5] ./main(+0xb1a)[0x5583989b4b1a]
[node-7:00583] *** End of error message ***
--------------------------------------------------------------------------
mpirun noticed that process rank 0 with PID 0 on node node-1 exited on signal 11 (Segmentation fault).
--------------------------------------------------------------------------
