[node-5:03080] *** Process received signal ***
[node-5:03080] Signal: Segmentation fault (11)
[node-5:03080] Signal code: Address not mapped (1)
[node-5:03080] Failing at address: 0x7ffecb6acb20
[node-5:03080] [ 0] /lib/x86_64-linux-gnu/libc.so.6(+0x3ef10)[0x7fc925eedf10]
[node-5:03080] [ 1] ./main(+0x10ad)[0x55dba87680ad]
[node-5:03080] [ 2] ./main(+0x12b6)[0x55dba87682b6]
[node-5:03080] [ 3] ./main(+0x1601)[0x55dba8768601]
[node-5:03080] [ 4] /lib/x86_64-linux-gnu/libc.so.6(__libc_start_main+0xe7)[0x7fc925ed0c87]
[node-5:03080] [ 5] ./main(+0xb1a)[0x55dba8767b1a]
[node-5:03080] *** End of error message ***
[node-6:23577] *** Process received signal ***
[node-6:23577] Signal: Segmentation fault (11)
[node-6:23577] Signal code: Address not mapped (1)
[node-6:23577] Failing at address: 0x7ffc27ba9e30
[node-6:23577] [ 0] /lib/x86_64-linux-gnu/libc.so.6(+0x3ef10)[0x7ff3d3c58f10]
[node-6:23577] [ 1] ./main(+0x10ad)[0x564b4a9bf0ad]
[node-6:23577] [ 2] ./main(+0x12b6)[0x564b4a9bf2b6]
[node-6:23577] [ 3] ./main(+0x1601)[0x564b4a9bf601]
[node-6:23577] [ 4] /lib/x86_64-linux-gnu/libc.so.6(__libc_start_main+0xe7)[0x7ff3d3c3bc87]
[node-6:23577] [ 5] ./main(+0xb1a)[0x564b4a9beb1a]
[node-6:23577] *** End of error message ***
--------------------------------------------------------------------------
mpirun noticed that process rank 1 with PID 23577 on node node-6 exited on signal 11 (Segmentation fault).
--------------------------------------------------------------------------
