[node-4:13362] *** Process received signal ***
[node-4:13362] Signal: Segmentation fault (11)
[node-4:13362] Signal code:  (128)
[node-4:13362] Failing at address: (nil)
[node-4:13362] [ 0] /lib/x86_64-linux-gnu/libc.so.6(+0x3ef10)[0x7efd733bff10]
[node-4:13362] [ 1] ./main(+0x10ad)[0x55f1387b90ad]
[node-4:13362] [ 2] ./main(+0x12b6)[0x55f1387b92b6]
[node-4:13362] [ 3] ./main(+0x1601)[0x55f1387b9601]
[node-4:13362] [ 4] /lib/x86_64-linux-gnu/libc.so.6(__libc_start_main+0xe7)[0x7efd733a2c87]
[node-4:13362] [ 5] ./main(+0xb1a)[0x55f1387b8b1a]
[node-4:13362] *** End of error message ***
[node-7:28587] *** Process received signal ***
[node-7:28587] Signal: Segmentation fault (11)
[node-7:28587] Signal code: Address not mapped (1)
[node-7:28587] Failing at address: 0x7ffcf0448bf0
[node-7:28587] [ 0] /lib/x86_64-linux-gnu/libc.so.6(+0x3ef10)[0x7fe32614ff10]
[node-6:06996] *** Process received signal ***
[node-6:06996] Signal: Segmentation fault (11)
[node-6:06996] Signal code: Address not mapped (1)
[node-6:06996] Failing at address: 0x7ffe93c1d240
[node-7:28587] [ 1] ./main(+0x10ad)[0x5641251910ad]
[node-7:28587] [ 2] ./main(+0x12b6)[0x5641251912b6]
[node-7:28587] [ 3] ./main(+0x1601)[0x564125191601]
[node-7:28587] [ 4] /lib/x86_64-linux-gnu/libc.so.6(__libc_start_main+0xe7)[0x7fe326132c87[node-6:06996] [ 0] /lib/x86_64-linux-gnu/libc.so.6(+0x3ef10)[0x7fdbb4399f10]
[node-6:06996] [ 1] ./main(+0x10ad)[0x56062debc0ad]
[node-6:06996] [ 2] ./main(+0x12b6)[0x56062debc2b6]
[node-6:06996] [ 3] ./main(+0x1601)[0x56062debc601]
[node-6:06996] [ 4] /lib/x86_64-linux-gnu/libc.so.6(__libc_start_main+0xe7)[0x7fdbb437cc87]
[node-6:06996] [ 5] ./main(+0xb1a)[0x56062debbb1a]
[node-6:06996] *** End of error message ***
]
[node-7:28587] [ 5] ./main(+0xb1a)[0x564125190b1a]
[node-7:28587] *** End of error message ***
[node-5:21020] *** Process received signal ***
[node-5:21020] Signal: Segmentation fault (11)
[node-5:21020] Signal code: Address not mapped (1)
[node-5:21020] Failing at address: 0x7fffe0449960
[node-5:21020] [ 0] /lib/x86_64-linux-gnu/libc.so.6(+0x3ef10)[0x7f09320aef10]
[node-5:21020] [ 1] ./main(+0x10ad)[0x55a40ec120ad]
[node-5:21020] [ 2] ./main(+0x12b6)[0x55a40ec122b6]
[node-5:21020] [ 3] ./main(+0x1601)[0x55a40ec12601]
[node-5:21020] [ 4] /lib/x86_64-linux-gnu/libc.so.6(__libc_start_main+0xe7)[0x7f0932091c87]
[node-5:21020] [ 5] ./main(+0xb1a)[0x55a40ec11b1a]
[node-5:21020] *** End of error message ***
--------------------------------------------------------------------------
mpirun noticed that process rank 2 with PID 6996 on node node-6 exited on signal 11 (Segmentation fault).
--------------------------------------------------------------------------
