[node-4:08793] *** Process received signal ***
[node-4:08793] Signal: Segmentation fault (11)
[node-4:08793] Signal code: Address not mapped (1)
[node-4:08793] Failing at address: 0x7fffdb866230
[node-4:08793] [ 0] /lib/x86_64-linux-gnu/libc.so.6(+0x3ef10)[0x7f5a138def10]
[node-4:08793] [ 1] ./main(+0x10ad)[0x55602f9f00ad]
[node-4:08793] [ 2] ./main(+0x12b6)[0x55602f9f02b6]
[node-4:08793] [ 3] ./main(+0x1601)[0x55602f9f0601]
[node-4:08793] [ 4] /lib/x86_64-linux-gnu/libc.so.6(__libc_start_main+0xe7)[0x7f5a138c1c87]
[node-4:08793] [ 5] ./main(+0xb1a)[0x55602f9efb1a]
[node-4:08793] *** End of error message ***
[node-7:25238] *** Process received signal ***
[node-7:25238] Signal: Segmentation fault (11)
[node-7:25238] Signal code: Address not mapped (1)
[node-7:25238] Failing at address: 0x7ffee51af5e0
[node-7:25238] [ 0] /lib/x86_64-linux-gnu/libc.so.6(+0x3ef10)[0x7febea88bf10]
[node-7:25238] [ 1] ./main(+0x10ad)[0x55d9d82ed0ad]
[node-7:25238] [ 2] ./main(+0x12b6)[0x55d9d82ed2b6]
[node-7:25238] [ 3] ./main(+0x1601)[0x55d9d82ed601]
[node-7:25238] [ 4] /lib/x86_64-linux-gnu/libc.so.6(__libc_start_main+0xe7)[0x7febea86ec87]
[node-7:25238] [ 5] ./main(+0xb1a)[0x55d9d82ecb1a]
[node-7:25238] *** End of error message ***
[node-5:16571] *** Process received signal ***
[node-5:16571] Signal: Segmentation fault (11)
[node-5:16571] Signal code:  (128)
[node-5:16571] Failing at address: (nil)
[node-5:16571] [ 0] /lib/x86_64-linux-gnu/libc.so.6(+0x3ef10)[0x7f5f1d5faf10]
[node-5:16571] [ 1] ./main(+0x10ad)[0x5628a77370ad]
[node-5:16571] [ 2] ./main(+0x12b6)[0x5628a77372b6]
[node-5:16571] [ 3] [node-6:02990] *** Process received signal ***
[node-6:02990] Signal: Segmentation fault (11)
[node-6:02990] Signal code: Address not mapped (1)
[node-6:02990] Failing at address: 0x7fff5d0570b0
./main(+0x1601)[0x5628a7737601]
[node-5:16571] [ 4] [node-6:02990] [ 0] /lib/x86_64-linux-gnu/libc.so.6(+0x3ef10)[0x7fd45c530f10]
[node-6:02990] [ 1] ./main(+0x10ad)[0x56078dd8d0ad]
[node-6:02990] [ 2] ./main(+0x12b6)[0x56078dd8d2b6]
[node-6:02990] [ 3] ./main(+0x1601)[0x56078dd8d601]
[node-6:02990] [ 4] /lib/x86_64-linux-gnu/libc.so.6(__libc_start_main+0xe7)[0x7f5f1d5ddc87]
[node-5:16571] /lib/x86_64-linux-gnu/libc.so.6(__libc_start_main+0xe7)[0x7fd45c513c87]
[node-6:02990] [ 5] ./main(+0xb1a)[0x56078dd8cb1a]
[node-6:02990] *** End of error message ***
[ 5] ./main(+0xb1a)[0x5628a7736b1a]
[node-5:16571] *** End of error message ***
--------------------------------------------------------------------------
mpirun noticed that process rank 2 with PID 2990 on node node-6 exited on signal 11 (Segmentation fault).
--------------------------------------------------------------------------
