[node-1:16048] *** Process received signal ***
[node-1:16048] Signal: Segmentation fault (11)
[node-1:16048] Signal code: Address not mapped (1)
[node-1:16048] Failing at address: 0x7ffe19404180
[node-1:16048] [ 0] /lib/x86_64-linux-gnu/libc.so.6(+0x3ef10)[0x7fc8b8b8cf10]
[node-1:16048] [ 1] ./main(+0x10ad)[0x559df1ead0ad]
[node-1:16048] [ 2] ./main(+0x12b6)[0x559df1ead2b6]
[node-1:16048] [ 3] ./main(+0x1601)[0x559df1ead601]
[node-1:16048] [ 4] /lib/x86_64-linux-gnu/libc.so.6(__libc_start_main+0xe7)[0x7fc8b8b6fc87]
[node-1:16048] [ 5] ./main(+0xb1a)[0x559df1eacb1a]
[node-1:16048] *** End of error message ***
[node-3:21867] *** Process received signal ***
[node-3:21867] Signal: Segmentation fault (11)
[node-3:21867] Signal code: Address not mapped (1)
[node-3:21867] Failing at address: 0x7ffd416dcfa0
[node-3:21867] [ 0] /lib/x86_64-linux-gnu/libc.so.6(+0x3ef10)[0x7f3ab3ddbf10]
[node-3:21867] [ 1] ./main(+0x10ad)[0x55a1c79f60ad]
[node-2:00717] *** Process received signal ***
[node-2:00717] Signal: Segmentation fault (11)
[node-2:00717] Signal code: Address not mapped (1)
[node-2:00717] Failing at address: 0x7ffc78775010
[node-3:21867] [ 2] ./main(+0x12b6)[0x55a1c79f62b6]
[node-3:21867] [ 3] ./main(+0x1601)[0x55a1c79f6601]
[node-3:21867] [ 4] [node-2:00717] [ 0] /lib/x86_64-linux-gnu/libc.so.6(+0x3ef10)[0x7fd250b8ef10]
[node-2:00717] /lib/x86_64-linux-gnu/libc.so.6(__libc_start_main+0xe7)[0x7f3ab3dbec87]
[node-3:21867] [ 5] ./main(+0xb1a)[0x55a1c79f5b1a]
[node-3:21867] *** End of error message ***
[ 1] ./main(+0x10ad)[0x557eb380b0ad]
[node-2:00717] [ 2] ./main(+0x12b6)[0x557eb380b2b6]
[node-5:15525] *** Process received signal ***
[node-5:15525] Signal: Segmentation fault (11)
[node-5:15525] Signal code: Address not mapped (1)
[node-5:15525] Failing at address: 0x7ffd0807b590
[node-7:24446] *** Process received signal ***
[node-7:24446] Signal: Segmentation fault (11)
[node-7:24446] Signal code: Address not mapped (1)
[node-7:24446] Failing at address: 0x7ffceb511140
[node-2:00717] [ 3] ./main(+0x1601)[0x557eb380b601]
[node-2:00717] [ 4] /lib/x86_64-linux-gnu/libc.so.6(__libc_start_main+0xe7)[0x7fd250b71c87]
[node-2:00717] [ 5] ./main(+0xb1a)[0x557eb380ab1a]
[node-2:00717] *** End of error message ***
[node-5:15525] [ 0] /lib/x86_64-linux-gnu/libc.so.6(+0x3ef10)[0x7fb49ef44f10]
[node-5:15525] [ 1] ./main(+0x10ad)[0x55c08e9c10ad]
[node-5:15525] [ 2] ./main(+0x12b6)[0x55c08e9c12b6]
[node-5:15525] [ 3] ./main(+0x1601)[0x55c08e9c1601]
[node-5:15525] [ 4] /lib/x86_64-linux-gnu/libc.so.6(__libc_start_main+0xe7)[0x7fb49ef27c87]
[node-5:15525] [ 5] ./main(+0xb1a)[0x55c08e9c0b1a]
[node-5:15525] *** End of error message ***
[node-7:24446] [ 0] [node-4:07731] *** Process received signal ***
[node-4:07731] Signal: Segmentation fault (11)
[node-4:07731] Signal code: Address not mapped (1)
[node-4:07731] Failing at address: 0x7fffbbd1eb30
/lib/x86_64-linux-gnu/libc.so.6(+0x3ef10)[0x7f753766df10]
[node-7:24446] [ 1] ./main(+0x10ad)[0x563023c490ad]
[node-7:24446] [ 2] ./main(+0x12b6)[0x563023c492b6]
[node-7:24446] [ 3] ./main(+0x1601)[0x563023c49601]
[node-7:24446] [ 4] /lib/x86_64-linux-gnu/libc.so.6(__libc_start_main+0xe7)[0x7f7537650c87]
[node-7:24446] [ 5] ./main(+0xb1a)[0x563023c48b1a]
[node-7:24446] *** End of error message ***
[node-6:02024] *** Process received signal ***
[node-6:02024] Signal: Segmentation fault (11)
[node-6:02024] Signal code: Address not mapped (1)
[node-6:02024] Failing at address: 0x7ffc6a713540
[node-4:07731] [ 0] /lib/x86_64-linux-gnu/libc.so.6(+0x3ef10)[0x7f0ade11cf10]
[node-4:07731] [ 1] ./main(+0x10ad[node-6:02024] [ 0] /lib/x86_64-linux-gnu/libc.so.6(+0x3ef10)[0x7f02d7320f10]
[node-6:02024] [ 1] ./main(+0x10ad)[0x559884f8b0ad]
[node-6:02024] [ 2] ./main(+0x12b6)[0x559884f8b2b6]
[node-6:02024] [ 3] ./main(+0x1601)[0x559884f8b601]
[node-6:02024] [ 4] /lib/x86_64-linux-gnu/libc.so.6(__libc_start_main+0xe7)[0x7f02d7303c87]
[node-6:02024] [ 5] ./main(+0xb1a)[0x559884f8ab1a]
[node-6:02024] *** End of error message ***
)[0x55c60ca7c0ad]
[node-4:07731] [ 2] ./main(+0x12b6)[0x55c60ca7c2b6]
[node-4:07731] [ 3] ./main(+0x1601)[0x55c60ca7c601]
[node-4:07731] [ 4] /lib/x86_64-linux-gnu/libc.so.6(__libc_start_main+0xe7)[0x7f0ade0ffc87]
[node-4:07731] [ 5] ./main(+0xb1a)[0x55c60ca7bb1a]
[node-4:07731] *** End of error message ***
--------------------------------------------------------------------------
mpirun noticed that process rank 0 with PID 0 on node node-1 exited on signal 11 (Segmentation fault).
--------------------------------------------------------------------------
