[node-1:12227] *** Process received signal ***
[node-1:12227] Signal: Segmentation fault (11)
[node-1:12227] Signal code: Address not mapped (1)
[node-1:12227] Failing at address: 0x7ffe3a9e02a0
[node-1:12227] [ 0] /lib/x86_64-linux-gnu/libc.so.6(+0x3ef10)[0x7f8b07f4ff10]
[node-1:12227] [ 1] ./main(+0x10ad)[0x55f6626690ad]
[node-1:12227] [ 2] ./main(+0x12b6)[0x55f6626692b6]
[node-1:12227] [ 3] ./main(+0x1601)[0x55f662669601]
[node-1:12227] [ 4] /lib/x86_64-linux-gnu/libc.so.6(__libc_start_main+0xe7)[0x7f8b07f32c87]
[node-1:12227] [ 5] ./main(+0xb1a)[0x55f662668b1a]
[node-1:12227] *** End of error message ***
[node-4:03796] *** Process received signal ***
[node-4:03796] Signal: Segmentation fault (11)
[node-4:03796] Signal code:  (128)
[node-4:03796] Failing at address: (nil)
[node-4:03796] [ 0] /lib/x86_64-linux-gnu/libc.so.6(+0x3ef10)[0x7f263ba57f10]
[node-4:03796] [ 1] [node-2:29376] *** Process received signal ***
[node-2:29376] Signal: Segmentation fault (11)
[node-2:29376] Signal code: Address not mapped (1)
[node-2:29376] Failing at address: 0x7ffe6664fee0
./main(+0x10ad)[0x55cc3a0f70ad]
[node-4:03796] [ 2] ./main(+0x12b6)[0x55cc3a0f72b6]
[node-4:03796] [ 3] ./main(+0x1601[node-2:29376] [ 0] /lib/x86_64-linux-gnu/libc.so.6(+0x3ef10)[0x7fbff542ff10]
[node-2:29376] [ 1] )[0x55cc3a0f7601]
[node-4:03796] [ 4] ./main(+0x10ad)[0x559057ca60ad]
[node-2:29376] [ 2] ./main(+0x12b6)[0x559057ca62b6]
[node-2:29376] [ 3] ./main(+0x/lib/x86_64-linux-gnu/libc.so.6(__libc_start_main+0xe7)[0x7f263ba3ac87]
[node-4:03796] [ 5] ./main(+0xb1a)[0x55cc3a0f6b1a]
[node-4:03796] *** End of error message ***
1601)[0x559057ca6601]
[node-2:29376] [ 4] [node-3:18488] *** Process received signal ***
[node-3:18488] Signal: Segmentation fault (11)
[node-3:18488] Signal code:  (128)
[node-3:18488] Failing at address: (nil)
/lib/x86_64-linux-gnu/libc.so.6(__libc_start_main+0xe7)[0x7fbff5412c87]
[node-2:29376] [ 5] ./main(+0xb1a)[0x559057ca5b1a]
[node-2:29376] *** End of error message ***
[node-3:18488] [ 0] /lib/x86_64-linux-gnu/libc.so.6(+0x3ef10)[0x7f2b77c1cf10]
[node-3:18488] [ 1] ./main(+0x10ad)[0x560f953500ad]
[node-3:18488] [ 2] ./main(+0x12b6)[0x560f953502b6]
[node-3:18488] [ 3] ./main(+0x1601)[0x560f95350601]
[node-3:18488] [ 4] /lib/x86_64-linux-gnu/libc.so.6(__libc_start_main+0xe7)[0x7f2b77bffc87]
[node-3:18488] [ 5] ./main(+0xb1a)[0x560f9534fb1a]
[node-3:18488] *** End of error message ***
--------------------------------------------------------------------------
mpirun noticed that process rank 1 with PID 29376 on node node-2 exited on signal 11 (Segmentation fault).
--------------------------------------------------------------------------
