[node-4:12701] *** Process received signal ***
[node-4:12701] Signal: Segmentation fault (11)
[node-4:12701] Signal code: Address not mapped (1)
[node-4:12701] Failing at address: 0x7ffdfa95f1b0
[node-4:12701] [ 0] /lib/x86_64-linux-gnu/libc.so.6(+0x3ef10)[0x7fdfe6cfdf10]
[node-4:12701] [ 1] ./main(+0x10ad)[0x55df279b20ad]
[node-4:12701] [ 2] ./main(+0x12b6)[0x55df279b22b6]
[node-4:12701] [ 3] ./main(+0x1601)[0x55df279b2601]
[node-4:12701] [ 4] /lib/x86_64-linux-gnu/libc.so.6(__libc_start_main+0xe7)[0x7fdfe6ce0c87]
[node-4:12701] [ 5] ./main(+0xb1a)[0x55df279b1b1a]
[node-4:12701] *** End of error message ***
[node-6:06412] *** Process received signal ***
[node-6:06412] Signal: Segmentation fault (11)
[node-6:06412] Signal code: Address not mapped (1)
[node-6:06412] Failing at address: 0x7ffda05b0720
[node-6:06412] [ 0] /lib/x86_64-linux-gnu/libc.so.6(+0x3ef10)[0x7f8ec9227f10]
[node-6:06412] [ 1] ./main(+0x10ad)[0x560a278720ad]
[node-6:06412] [ 2] ./main(+0x12b6)[0x560a278722b6]
[node-6:06412] [ 3] ./main(+0x1601)[0x560a27872601]
[node-6:06412] [ 4] /lib/x86_64-linux-gnu/libc.so.6(__libc_start_main+0xe7)[0x7f8ec920ac87]
[node-6:06412] [ 5] ./main(+0xb1a)[0x560a27871b1a]
[node-6:06412] *** End of error message ***
[node-5:20380] *** Process received signal ***
[node-5:20380] Signal: Segmentation fault (11)
[node-5:20380] Signal code: Address not mapped (1)
[node-5:20380] Failing at address: 0x7fff755c2440
[node-7:28046] *** Process received signal ***
[node-7:28046] Signal: Segmentation fault (11)
[node-7:28046] Signal code: Address not mapped (1)
[node-7:28046] Failing at address: 0x7ffcb8db39d0
[node-5:20380] [ 0] [node-7:28046] [ 0] /lib/x86_64-linux-gnu/libc.so.6(+0x3ef10)[0x7fd2b468df10]
[node-7:28046] [ 1] /lib/x86_64-linux-gnu/libc.so.6(+0x3ef10)[0x7f7f555d6f10]
[node-5:20380] [ 1] ./main(+0x10ad)[0x56272f5b20ad]
[node-5:20380] [ 2] ./main(+0x12b6)[0x56272f5b22b6./main(+0x10ad)[0x55737b7fa0ad]
[node-7:28046] [ 2] ./main(+0x12b6)[0x55737b7fa2b6]
[node-7:28046] [ 3] ./main(+0x]
[node-5:20380] [ 3] ./main(+0x1601)[0x56272f5b2601]
[node-5:20380] [ 4] /lib/x86_64-linux-gnu/libc.so.6(__libc_start_main+0xe7)[0x1601)[0x55737b7fa601]
[node-7:28046] [ 4] 7f7f555b9c87]
[node-5:20380] [ 5] ./main(+0xb1a)[0x56272f5b1b1a]
[node-5:20380] *** End of error message ***
/lib/x86_64-linux-gnu/libc.so.6(__libc_start_main+0xe7)[0x7fd2b4670c87]
[node-7:28046] [ 5] ./main(+0xb1a)[0x55737b7f9b1a]
[node-7:28046] *** End of error message ***
[node-8:21564] *** Process received signal ***
[node-8:21564] Signal: Segmentation fault (11)
[node-8:21564] Signal code: Address not mapped (1)
[node-8:21564] Failing at address: 0x7ffefe1287e0
[node-8:21564] [ 0] /lib/x86_64-linux-gnu/libc.so.6(+0x3ef10)[0x7f2182545f10]
[node-8:21564] [ 1] ./main(+0x10ad)[0x564da35120ad]
[node-8:21564] [ 2] ./main(+0x12b6)[0x564da35122b6]
[node-8:21564] [ 3] ./main(+0x1601)[0x564da3512601]
[node-8:21564] [ 4] /lib/x86_64-linux-gnu/libc.so.6(__libc_start_main+0xe7)[0x7f2182528c87]
[node-8:21564] [ 5] ./main(+0xb1a)[0x564da3511b1a]
[node-8:21564] *** End of error message ***
--------------------------------------------------------------------------
mpirun noticed that process rank 0 with PID 0 on node node-4 exited on signal 11 (Segmentation fault).
--------------------------------------------------------------------------
