[node-5:11201] *** Process received signal ***
[node-5:11201] Signal: Segmentation fault (11)
[node-5:11201] Signal code: Address not mapped (1)
[node-5:11201] Failing at address: 0x7fff5c70a6e0
[node-5:11201] [ 0] /lib/x86_64-linux-gnu/libc.so.6(+0x3ef10)[0x7f6ce99a8f10]
[node-5:11201] [ 1] ./main(+0x10ad)[0x55f445e8a0ad]
[node-5:11201] [ 2] ./main(+0x12b6)[0x55f445e8a2b6]
[node-5:11201] [ 3] ./main(+0x1601)[0x55f445e8a601]
[node-5:11201] [ 4] /lib/x86_64-linux-gnu/libc.so.6(__libc_start_main+0xe7)[0x7f6ce998bc87]
[node-5:11201] [ 5] ./main(+0xb1a)[0x55f445e89b1a]
[node-5:11201] *** End of error message ***
[node-6:30668] *** Process received signal ***
[node-6:30668] Signal: Segmentation fault (11)
[node-6:30668] Signal code:  (128)
[node-6:30668] Failing at address: (nil)
[node-6:30668] [ 0] /lib/x86_64-linux-gnu/libc.so.6(+0x3ef10)[0x7f222ffc4f10]
[node-6:30668] [ 1] ./main(+0x10ad)[0x55915be9f0ad]
[node-6:30668] [ 2] ./main(+0x12b6)[0x55915be9f2b6]
[node-6:30668] [ 3] ./main(+0x1601)[0x55915be9f601]
[node-6:30668] [ 4] /lib/x86_64-linux-gnu/libc.so.6(__libc_start_main+0xe7)[0x7f222ffa7c87]
[node-6:30668] [ 5] ./main(+0xb1a)[0x55915be9eb1a]
[node-6:30668] *** End of error message ***
[node-7:21244] *** Process received signal ***
[node-7:21244] Signal: Segmentation fault (11)
[node-7:21244] Signal code: Address not mapped (1)
[node-7:21244] Failing at address: 0x7ffe69b8ee00
[node-7:21244] [ 0] /lib/x86_64-linux-gnu/libc.so.6(+0x3ef10)[0x7fcf9a1d2f10]
[node-7:21244] [ 1] ./main(+0x10ad)[0x557c8e0710ad]
[node-7:21244] [ 2] ./main(+0x12b6)[0x557c8e0712b6]
[node-7:21244] [ 3] ./main(+0x1601)[0x557c8e071601]
[node-7:21244] [ 4] /lib/x86_64-linux-gnu/libc.so.6(__libc_start_main+0xe7)[0x7fcf9a1b5c87]
[node-7:21244] [ 5] ./main(+0xb1a)[0x557c8e070b1a]
[node-7:21244] *** End of error message ***
--------------------------------------------------------------------------
mpirun noticed that process rank 2 with PID 21244 on node node-7 exited on signal 11 (Segmentation fault).
--------------------------------------------------------------------------
