[node-1:15334] *** Process received signal ***
[node-1:15334] Signal: Segmentation fault (11)
[node-1:15334] Signal code: Address not mapped (1)
[node-1:15334] Failing at address: 0x7ffe437cf160
[node-1:15334] [ 0] /lib/x86_64-linux-gnu/libc.so.6(+0x3ef10)[0x7f36c3fbbf10]
[node-1:15334] [ 1] ./main(+0x10ad)[0x55a0b24bc0ad]
[node-1:15334] [ 2] ./main(+0x12b6)[0x55a0b24bc2b6]
[node-1:15334] [ 3] ./main(+0x1601)[0x55a0b24bc601]
[node-1:15334] [ 4] /lib/x86_64-linux-gnu/libc.so.6(__libc_start_main+0xe7)[0x7f36c3f9ec87]
[node-1:15334] [ 5] ./main(+0xb1a)[0x55a0b24bbb1a]
[node-1:15334] *** End of error message ***
[node-2:32474] *** Process received signal ***
[node-2:32474] Signal: Segmentation fault (11)
[node-2:32474] Signal code: Address not mapped (1)
[node-2:32474] Failing at address: 0x7ffd40111800
[node-3:21232] *** Process received signal ***
[node-3:21232] Signal: Segmentation fault (11)
[node-3:21232] Signal code: Address not mapped (1)
[node-3:21232] Failing at address: 0x7ffc274a0a70
[node-6:01443] *** Process received signal ***
[node-6:01443] Signal: Segmentation fault (11)
[node-6:01443] Signal code: Address not mapped (1)
[node-6:01443] Failing at address: 0x7ffd4dc0f9f0
[node-6:01443] [ 0] [node-4:06982] *** Process received signal ***
[node-4:06982] Signal: Segmentation fault (11)
[node-4:06982] Signal code: Address not mapped (1)
[node-4:06982] Failing at address: 0x7ffd6c823350
[node-2:32474] [ 0] /lib/x86_64-linux-gnu/libc.so.6(+0x3ef10)[0x7f4c2caa5f10]
[node-2:32474] [ 1] ./main(+0x10ad)[0x5594c91a10ad]
[node-2:32474] [node-5:14802] *** Process received signal ***
[node-5:14802] Signal: Segmentation fault (11)
[node-5:14802] Signal code: Address not mapped (1)
[node-5:14802] Failing at address: 0x7ffca9bdbf00
[node-3:21232] [ 0] /lib/x86_64-linux-gnu/libc.so.6(+0x3ef10)[0x7fc6569f6f10]
[node-3:21232] [node-7:23920] *** Process received signal ***
[node-7:23920] Signal: Segmentation fault (11)
[node-7:23920] Signal code: Address not mapped (1)
[node-7:23920] Failing at address: 0x7fff3f065890
/lib/x86_64-linux-gnu/libc.so.6(+0x3ef10)[0x7f1b5bcd8f10]
[node-6:01443] [ 1] ./main(+0x10ad)[0x5626274610ad]
[node-6:01443] [ 2] ./main(+0x12b6)[0x5626274612b6]
[node-6:01443] [ 3] ./main(+0x1601)[0x562627461601]
[node-6:01443] [ 4] /lib/x86_64-linux-gnu/libc.so.6(__libc_start_main+0xe7)[0x7f1b5bcbbc87]
[node-6:01443] [ 5] ./main(+0xb1a)[0x562627460b1a]
[node-6:01443] *** End of error message ***
[node-4:06982] [ 0] /lib/x86_64-linux-gnu/libc.so.6(+0x3ef10)[0x7f971edc7f10]
[ 2] ./main(+0x12b6)[0x5594c91a12b6]
[node-2:32474] [ 3] ./main(+0x1601)[0x5594c91a1601]
[node-2:32474] [ 4] [node-5:14802] [ 0] /lib/x86_64-linux-gnu/libc.so.6(+0x3ef10)[0x[ 1] ./main(+0x10ad)[0x559daa10b0ad]
[node-3:21232] [ 2] ./main(+0x12b6)[0x559daa10b2b6]
[node-3:21232] [ 3] [node-7:23920] [ 0] /lib/x86_64-linux-gnu/libc.so.6(+0x3ef10)[0x7fe1595eaf10]
[node-4:06982] [ 1] ./main(+0x10ad)[0x560b5e2f10ad]
[node-4:06982] [ 2] ./main(+0x12b6/lib/x86_64-linux-gnu/libc.so.6(__libc_start_main+0xe7)[0x7f4c2ca88c87]
[node-2:32474] [ 5] ./main(+0xb1a)[0x5594c91a0b1a]
[node-2:32474] *** End of error message ***
7f63c5eeef10]
[node-5:14802] [ 1] ./main(+0x10ad)[0x55eba34fa0ad]
[node-5:14802] [ 2] ./main(+0x12b6)[0x55eba34fa2b6]
[node-5:14802] [ 3] ./main./main(+0x1601)[0x559daa10b601]
[node-3:21232] [ 4] [node-7:23920] [ 1] ./main(+0x10ad)[0x5573d415c0ad]
)[0x560b5e2f12b6]
[node-4:06982] [ 3] ./main(+0x1601)[0x560b5e2f1601]
[node-4:06982] [ 4] /lib/x86_64-linux-gnu/libc.so.6(__libc_start_main+0xe7)[0x7f971edaac87]
[node-4:06982] [ 5] ./main(+0xb1a)[0x560b5e2f0b1a]
[node-4:06982] *** End of error message ***
(+0x1601)[0x55eba34fa601]
[node-5:14802] [ 4] /lib/x86_64-linux-gnu/libc.so.6(/lib/x86_64-linux-gnu/libc.so.6(__libc_start_main+0xe7)[0x7fc6569d9c87]
[node-3:21232] [ 5] ./main(+0xb1a)[node-7:23920] [ 2] ./main(+0x12b6)[0x5573d415c2b6__libc_start_main+0xe7)[0x7f63c5ed1c87]
[node-5:14802] [ 5] [0x559daa10ab1a]
[node-3:21232] *** End of error message ***
]
[node-7:23920] [ 3] ./main(+0x1601)[0x5573d415c601]
./main(+0xb1a)[0x55eba34f9b1a]
[node-7:23920] [ 4] [node-5:14802] *** End of error message ***
/lib/x86_64-linux-gnu/libc.so.6(__libc_start_main+0xe7)[0x7fe1595cdc87]
[node-7:23920] [ 5] ./main(+0xb1a)[0x5573d415bb1a]
[node-7:23920] *** End of error message ***
--------------------------------------------------------------------------
mpirun noticed that process rank 0 with PID 0 on node node-1 exited on signal 11 (Segmentation fault).
--------------------------------------------------------------------------
