[node-5:09276] *** Process received signal ***
[node-5:09276] Signal: Segmentation fault (11)
[node-5:09276] Signal code: Address not mapped (1)
[node-5:09276] Failing at address: 0x7ffd6e149f80
[node-5:09276] [ 0] /lib/x86_64-linux-gnu/libc.so.6(+0x3ef10)[0x7f01fbe5df10]
[node-5:09276] [ 1] ./main(+0x10ad)[0x5644bdaf80ad]
[node-5:09276] [ 2] ./main(+0x12b6)[0x5644bdaf82b6]
[node-5:09276] [ 3] ./main(+0x1601)[0x5644bdaf8601]
[node-5:09276] [ 4] /lib/x86_64-linux-gnu/libc.so.6(__libc_start_main+0xe7)[0x7f01fbe40c87]
[node-5:09276] [ 5] ./main(+0xb1a)[0x5644bdaf7b1a]
[node-5:09276] *** End of error message ***
[node-6:28920] *** Process received signal ***
[node-6:28920] Signal: Segmentation fault (11)
[node-6:28920] Signal code: Address not mapped (1)
[node-6:28920] Failing at address: 0x7ffc8ee97af0
[node-6:28920] [ 0] /lib/x86_64-linux-gnu/libc.so.6(+0x3ef10)[0x7f9c74cdff10]
[node-6:28920] [ 1] ./main(+0x10ad)[0x562a3fc6c0ad]
[node-6:28920] [ 2] ./main(+0x12b6)[0x562a3fc6c2b6]
[node-6:28920] [ 3] ./main(+0x1601)[0x562a3fc6c601]
[node-6:28920] [ 4] /lib/x86_64-linux-gnu/libc.so.6(__libc_start_main+0xe7)[0x7f9c74cc2c87]
[node-6:28920] [ 5] ./main(+0xb1a)[0x562a3fc6bb1a]
[node-6:28920] *** End of error message ***
--------------------------------------------------------------------------
mpirun noticed that process rank 1 with PID 28920 on node node-6 exited on signal 11 (Segmentation fault).
--------------------------------------------------------------------------
