[node-5:02505] *** Process received signal ***
[node-5:02505] Signal: Segmentation fault (11)
[node-5:02505] Signal code: Address not mapped (1)
[node-5:02505] Failing at address: 0x7ffc62094950
[node-5:02505] [ 0] /lib/x86_64-linux-gnu/libc.so.6(+0x3ef10)[0x7fb2a2768f10]
[node-5:02505] [ 1] ./main_openmp(+0x10dd)[0x556c950590dd]
[node-5:02505] [ 2] ./main_openmp(+0x12e6)[0x556c950592e6]
[node-5:02505] [ 3] ./main_openmp(+0x1631)[0x556c95059631]
[node-5:02505] [ 4] /lib/x86_64-linux-gnu/libc.so.6(__libc_start_main+0xe7)[0x7fb2a274bc87]
[node-5:02505] [ 5] ./main_openmp(+0xb1a)[0x556c95058b1a]
[node-5:02505] *** End of error message ***
[node-6:23032] *** Process received signal ***
[node-6:23032] Signal: Segmentation fault (11)
[node-6:23032] Signal code: Address not mapped (1)
[node-6:23032] Failing at address: 0x7ffaf777a5f0
[node-6:23032] [ 0] /lib/x86_64-linux-gnu/libc.so.6(+0x3ef10)[0x7fcf29c91f10]
[node-6:23032] [ 1] ./main_openmp(+0x10dd)[0x556fdf4e60dd]
[node-6:23032] [ 2] ./main_openmp(+0x12e6)[0x556fdf4e62e6]
[node-6:23032] [ 3] ./main_openmp(+0x1631)[0x556fdf4e6631]
[node-6:23032] [ 4] /lib/x86_64-linux-gnu/libc.so.6(__libc_start_main+0xe7)[0x7fcf29c74c87]
[node-6:23032] [ 5] ./main_openmp(+0xb1a)[0x556fdf4e5b1a]
[node-6:23032] *** End of error message ***
--------------------------------------------------------------------------
mpirun noticed that process rank 1 with PID 23032 on node node-6 exited on signal 11 (Segmentation fault).
--------------------------------------------------------------------------
