[node-9:01868] *** Process received signal ***
[node-9:01868] Signal: Segmentation fault (11)
[node-9:01868] Signal code: Address not mapped (1)
[node-9:01868] Failing at address: 0x7ffe8be0d460
[node-9:01868] [ 0] /lib/x86_64-linux-gnu/libc.so.6(+0x3ef10)[0x7ff6745e0f10]
[node-9:01868] [ 1] ./main(+0x10ad)[0x5580549270ad]
[node-9:01868] [ 2] ./main(+0x12b6)[0x5580549272b6]
[node-9:01868] [ 3] ./main(+0x1601)[0x558054927601]
[node-9:01868] [ 4] /lib/x86_64-linux-gnu/libc.so.6(__libc_start_main+0xe7)[0x7ff6745c3c87]
[node-9:01868] [ 5] ./main(+0xb1a)[0x558054926b1a]
[node-9:01868] *** End of error message ***
[node-10:18032] *** Process received signal ***
[node-10:18032] Signal: Segmentation fault (11)
[node-10:18032] Signal code: Address not mapped (1)
[node-10:18032] Failing at address: 0x7ffde67136b0
[node-10:18032] [ 0] /lib/x86_64-linux-gnu/libc.so.6(+0x3ef10)[0x7f372b7d9f10]
[node-10:18032] [ 1] ./main(+0x10ad)[0x564e358690ad]
[node-10:18032] [ 2] ./main(+0x12b6)[0x564e358692b6]
[node-10:18032] [ 3] ./main(+0x1601)[0x564e35869601]
[node-10:18032] [ 4] /lib/x86_64-linux-gnu/libc.so.6(__libc_start_main+0xe7)[0x7f372b7bcc87]
[node-10:18032] [ 5] ./main(+0xb1a)[0x564e35868b1a]
[node-10:18032] *** End of error message ***
--------------------------------------------------------------------------
mpirun noticed that process rank 1 with PID 18032 on node node-10 exited on signal 11 (Segmentation fault).
--------------------------------------------------------------------------
