[node-5:03829] *** Process received signal ***
[node-5:03829] Signal: Segmentation fault (11)
[node-5:03829] Signal code: Address not mapped (1)
[node-5:03829] Failing at address: 0x7ffacd52f900
[node-5:03829] [ 0] /lib/x86_64-linux-gnu/libc.so.6(+0x3ef10)[0x7f357d116f10]
[node-5:03829] [ 1] ./main(+0x10ad)[0x55bfade370ad]
[node-5:03829] [ 2] ./main(+0x12b6)[0x55bfade372b6]
[node-5:03829] [ 3] ./main(+0x1601)[0x55bfade37601]
[node-5:03829] [ 4] /lib/x86_64-linux-gnu/libc.so.6(__libc_start_main+0xe7)[0x7f357d0f9c87]
[node-5:03829] [ 5] ./main(+0xb1a)[0x55bfade36b1a]
[node-5:03829] *** End of error message ***
[node-6:24256] *** Process received signal ***
[node-6:24256] Signal: Segmentation fault (11)
[node-6:24256] Signal code: Address not mapped (1)
[node-6:24256] Failing at address: 0x7ffb0cee7ac0
[node-6:24256] [ 0] /lib/x86_64-linux-gnu/libc.so.6(+0x3ef10)[0x7f0fdf613f10]
[node-6:24256] [ 1] ./main(+0x10ad)[0x5608e82460ad]
[node-6:24256] [ 2] ./main(+0x12b6)[0x5608e82462b6]
[node-6:24256] [ 3] ./main(+0x1601)[0x5608e8246601]
[node-6:24256] [ 4] /lib/x86_64-linux-gnu/libc.so.6(__libc_start_main+0xe7)[0x7f0fdf5f6c87]
[node-6:24256] [ 5] ./main(+0xb1a)[0x5608e8245b1a]
[node-6:24256] *** End of error message ***
--------------------------------------------------------------------------
mpirun noticed that process rank 1 with PID 24256 on node node-6 exited on signal 11 (Segmentation fault).
--------------------------------------------------------------------------
