[node-9:02310] *** Process received signal ***
[node-9:02310] Signal: Segmentation fault (11)
[node-9:02310] Signal code: Address not mapped (1)
[node-9:02310] Failing at address: 0x7ffe21da7e60
[node-9:02310] [ 0] /lib/x86_64-linux-gnu/libc.so.6(+0x3ef10)[0x7ff58446ef10]
[node-9:02310] [ 1] ./main_openmp(+0x10dd)[0x55ccad71d0dd]
[node-9:02310] [ 2] ./main_openmp(+0x12e6)[0x55ccad71d2e6]
[node-9:02310] [ 3] ./main_openmp(+0x1631)[0x55ccad71d631]
[node-9:02310] [ 4] /lib/x86_64-linux-gnu/libc.so.6(__libc_start_main+0xe7)[0x7ff584451c87]
[node-9:02310] [ 5] ./main_openmp(+0xb1a)[0x55ccad71cb1a]
[node-9:02310] *** End of error message ***
[node-10:18423] *** Process received signal ***
[node-10:18423] Signal: Segmentation fault (11)
[node-10:18423] Signal code: Address not mapped (1)
[node-10:18423] Failing at address: 0x7ffdc69fd020
[node-10:18423] [ 0] /lib/x86_64-linux-gnu/libc.so.6(+0x3ef10)[0x7fa7740e0f10]
[node-10:18423] [ 1] ./main_openmp(+0x1172)[0x560cc2da1172]
[node-10:18423] [ 2] ./main_openmp(+0x12e6)[0x560cc2da12e6]
[node-10:18423] [ 3] ./main_openmp(+0x1631)[0x560cc2da1631]
[node-10:18423] [ 4] /lib/x86_64-linux-gnu/libc.so.6(__libc_start_main+0xe7)[0x7fa7740c3c87]
[node-10:18423] [ 5] ./main_openmp(+0xb1a)[0x560cc2da0b1a]
[node-10:18423] *** End of error message ***
--------------------------------------------------------------------------
mpirun noticed that process rank 1 with PID 18423 on node node-10 exited on signal 11 (Segmentation fault).
--------------------------------------------------------------------------
