[node-1:03849] *** Process received signal ***
[node-1:03849] Signal: Segmentation fault (11)
[node-1:03849] Signal code: Address not mapped (1)
[node-1:03849] Failing at address: 0x7ffbbe4b22d0
[node-1:03849] [ 0] /lib/x86_64-linux-gnu/libc.so.6(+0x3ef10)[0x7f9d61b5ff10]
[node-1:03849] [ 1] ./main_openmp(+0x10dd)[0x5627c98a40dd]
[node-1:03849] [ 2] ./main_openmp(+0x12e6)[0x5627c98a42e6]
[node-1:03849] [ 3] ./main_openmp(+0x1631)[0x5627c98a4631]
[node-1:03849] [ 4] /lib/x86_64-linux-gnu/libc.so.6(__libc_start_main+0xe7)[0x7f9d61b42c87]
[node-1:03849] [ 5] ./main_openmp(+0xb1a)[0x5627c98a3b1a]
[node-1:03849] *** End of error message ***
[node-2:21554] *** Process received signal ***
[node-2:21554] Signal: Segmentation fault (11)
[node-2:21554] Signal code: Address not mapped (1)
[node-2:21554] Failing at address: 0x7ffcb88133c0
[node-2:21554] [ 0] /lib/x86_64-linux-gnu/libc.so.6(+0x3ef10)[0x7f1c9fe66f10]
[node-2:21554] [ 1] ./main_openmp(+0x10dd)[0x55c90561e0dd]
[node-2:21554] [ 2] ./main_openmp(+0x12e6)[0x55c90561e2e6]
[node-2:21554] [ 3] ./main_openmp(+0x1631)[0x55c90561e631]
[node-2:21554] [ 4] /lib/x86_64-linux-gnu/libc.so.6(__libc_start_main+0xe7)[0x7f1c9fe49c87]
[node-2:21554] [ 5] ./main_openmp(+0xb1a)[0x55c90561db1a]
[node-2:21554] *** End of error message ***
--------------------------------------------------------------------------
mpirun noticed that process rank 1 with PID 21554 on node node-2 exited on signal 11 (Segmentation fault).
--------------------------------------------------------------------------
