[node-1:25734] *** Process received signal ***
[node-1:25734] Signal: Segmentation fault (11)
[node-1:25734] Signal code: Address not mapped (1)
[node-1:25734] Failing at address: 0x7ffc5ed2faa0
[node-1:25734] [ 0] /lib/x86_64-linux-gnu/libc.so.6(+0x3ef10)[0x7fe23f40cf10]
[node-1:25734] [ 1] ./main(+0x10ad)[0x55de803b70ad]
[node-1:25734] [ 2] ./main(+0x12b6)[0x55de803b72b6]
[node-1:25734] [ 3] ./main(+0x1601)[0x55de803b7601]
[node-1:25734] [ 4] [node-5:25134] *** Process received signal ***
[node-5:25134] Signal: Segmentation fault (11)
[node-5:25134] Signal code: Address not mapped (1)
[node-5:25134] Failing at address: 0x7ffa2e74e530
[node-5:25134] [ 0] /lib/x86_64-linux-gnu/libc.so.6(+0x3ef10)[0x7f4d6f29df10]
/lib/x86_64-linux-gnu/libc.so.6(__libc_start_main+0xe7)[0x7fe23f3efc87]
[node-1:25734] [ 5] [node-5:25134] [ 1] ./main(+0x10ad)[0x55fa6fe4c0ad]
[node-5:25134] ./main(+0xb1a)[0x55de803b6b1a]
[node-1:25734] *** End of error message ***
[ 2] ./main(+0x12b6)[0x55fa6fe4c2b6]
[node-5:25134] [ 3] ./main(+0x1601)[0x55fa6fe4c601]
[node-5:25134] [ 4] /lib/x86_64-linux-gnu/libc.so.6(__libc_start_main+0xe7)[0x7f4d6f280c87]
[node-5:25134] [ 5] ./main(+0xb1a)[0x55fa6fe4bb1a]
[node-5:25134] *** End of error message ***
[node-3:30514] *** Process received signal ***
[node-3:30514] Signal: Segmentation fault (11)
[node-3:30514] Signal code: Address not mapped (1)
[node-3:30514] Failing at address: 0x7ffaadcd89e0
[node-3:30514] [ 0] /lib/x86_64-linux-gnu/libc.so.6(+0x3ef10)[0x7f06bd2c6f10]
[node-3:30514] [ 1] ./main(+0x10ad)[0x5595443970ad]
[node-3:30514] [ 2] ./main(+0x12b6)[0x5595443972b6]
[node-3:30514] [ 3] ./main(+0x1601)[0x559544397601]
[node-3:30514] [node-6:10937] *** Process received signal ***
[node-6:10937] Signal: Segmentation fault (11)
[node-6:10937] Signal code: Address not mapped (1)
[node-6:10937] Failing at address: 0x7ffd7a8fe4b0
[node-7:31815] *** Process received signal ***
[node-7:31815] Signal: Segmentation fault (11)
[node-7:31815] Signal code: Address not mapped (1)
[node-7:31815] Failing at address: 0x7ffbf25bf3f0
[ 4] /lib/x86_64-linux-gnu/libc.so.6(__libc_start_main+0xe7)[0x7f06bd2a9c87]
[node-3:30514] [ 5] ./main(+0xb1a)[0x559544396b1a]
[node-3:30514] *** End of error message ***
[node-2:10615] *** Process received signal ***
[node-2:10615] Signal: Segmentation fault (11)
[node-2:10615] Signal code: Address not mapped (1)
[node-2:10615] Failing at address: 0x7ffb93685a80
[node-6:10937] [ 0] /lib/x86_64-linux-gnu/libc.so.6(+0x3ef10)[0x7fd136ed2f10]
[node-6:10937] [ 1] ./main(+0x10ad)[0x5556905660ad]
[node-6:10937] [ 2] ./main(+0x12b6)[0x5556905662b6]
[node-6:10937] [ 3] ./main(+0x1601)[0x555690566601]
[node-7:31815] [ 0] /lib/x86_64-linux-gnu/libc.so.6(+0x3ef10)[0x7f57c8a63f10]
[node-2:10615] [ 0] /lib/x86_64-linux-gnu/libc.so.6(+0x3ef10)[0x7fd121ab1f10]
[node-2:10615] [ 1] ./main(+0x10ad)[0x555ed76c90ad]
[node-2:10615] [ 2] ./main(+0x12b6)[0x555ed76c92b6]
[node-2:10615] [ 3] ./main(+0x1601)[0x555ed76c9601]
[node-2:10615] [ 4] [node-4:17506] *** Process received signal ***
[node-4:17506] Signal: Segmentation fault (11)
[node-4:17506] Signal code: Address not mapped (1)
[node-4:17506] Failing at address: 0x7ffd8ca86d10
[node-6:10937] [ 4] /lib/x86_64-linux-gnu/libc.so.6(__libc_start_main+0xe7)[0x7fd136eb5c87]
[node-6:10937] [ 5] ./main(+0xb1a)[0x555690565b1a]
[node-6:10937] *** End of error message ***
[node-7:31815] [ 1] ./main(+0x10ad/lib/x86_64-linux-gnu/libc.so.6(__libc_start_main+0xe7)[0x7fd121a94c87]
[node-2:10615] [ 5] ./main(+0xb1a)[0x555ed76c8b1a]
[node-2:10615] *** End of error message ***
[node-4:17506] [ 0] )[0x55d036fd30ad]
[node-7:31815] [ 2] ./main(+0x12b6)/lib/x86_64-linux-gnu/libc.so.6(+0x3ef10)[0x7fc5504daf10]
[node-4:17506] [0x55d036fd32b6]
[node-7:31815] [ 3] ./main(+0x1601)[0x55d036fd3601]
[ 1] ./main(+0x10ad)[0x55b304e190ad]
[node-4:17506] [ 2] ./main(+0x12b6[node-7:31815] [ 4] /lib/x86_64-linux-gnu/libc.so.6(__libc_start_main+0xe7)[0x7f57c8a46c87]
)[0x55b304e192b6]
[node-7:31815] [ 5] ./main(+0xb1a)[0x55d036fd2b1a]
[node-7:31815] *** End of error message ***
[node-4:17506] [ 3] ./main(+0x1601)[0x55b304e19601]
[node-4:17506] [ 4] /lib/x86_64-linux-gnu/libc.so.6(__libc_start_main+0xe7)[0x7fc5504bdc87]
[node-4:17506] [ 5] ./main(+0xb1a)[0x55b304e18b1a]
[node-4:17506] *** End of error message ***
--------------------------------------------------------------------------
mpirun noticed that process rank 5 with PID 10937 on node node-6 exited on signal 11 (Segmentation fault).
--------------------------------------------------------------------------
