[node-9:02879] *** Process received signal ***
[node-9:02879] Signal: Segmentation fault (11)
[node-9:02879] Signal code: Address not mapped (1)
[node-9:02879] Failing at address: 0x7ffba1f82e90
[node-9:02879] [ 0] /lib/x86_64-linux-gnu/libc.so.6(+0x3ef10)[0x7f8566ca0f10]
[node-9:02879] [ 1] ./main_openmp(+0x10dd)[0x55c1b61aa0dd]
[node-9:02879] [ 2] ./main_openmp(+0x12e6)[0x55c1b61aa2e6]
[node-9:02879] [ 3] ./main_openmp(+0x1631)[0x55c1b61aa631]
[node-9:02879] [ 4] /lib/x86_64-linux-gnu/libc.so.6(__libc_start_main+0xe7)[0x7f8566c83c87]
[node-9:02879] [ 5] ./main_openmp(+0xb1a)[0x55c1b61a9b1a]
[node-9:02879] *** End of error message ***
[node-10:18791] *** Process received signal ***
[node-10:18791] Signal: Segmentation fault (11)
[node-10:18791] Signal code: Address not mapped (1)
[node-10:18791] Failing at address: 0x7ffc73158f30
[node-10:18791] [ 0] /lib/x86_64-linux-gnu/libc.so.6(+0x3ef10)[0x7f74dd7eff10]
[node-10:18791] [ 1] ./main_openmp(+0x10dd)[0x555e865100dd]
[node-10:18791] [ 2] ./main_openmp(+0x12e6)[0x555e865102e6]
[node-10:18791] [ 3] ./main_openmp(+0x1631)[0x555e86510631]
[node-10:18791] [ 4] /lib/x86_64-linux-gnu/libc.so.6(__libc_start_main+0xe7)[0x7f74dd7d2c87]
[node-10:18791] [ 5] ./main_openmp(+0xb1a)[0x555e8650fb1a]
[node-10:18791] *** End of error message ***
--------------------------------------------------------------------------
mpirun noticed that process rank 0 with PID 0 on node node-9 exited on signal 11 (Segmentation fault).
--------------------------------------------------------------------------
