[node-7:20224] *** Process received signal ***
[node-7:20224] Signal: Segmentation fault (11)
[node-7:20224] Signal code: Address not mapped (1)
[node-7:20224] Failing at address: 0x7fff6fd63010
[node-7:20224] [ 0] /lib/x86_64-linux-gnu/libc.so.6(+0x3ef10)[0x7f45a99fff10]
[node-7:20224] [ 1] ./main(+0x10ad)[0x55b2e53610ad]
[node-7:20224] [ 2] ./main(+0x12b6)[0x55b2e53612b6]
[node-7:20224] [ 3] ./main(+0x1601)[0x55b2e5361601]
[node-7:20224] [ 4] /lib/x86_64-linux-gnu/libc.so.6(__libc_start_main+0xe7)[0x7f45a99e2c87]
[node-7:20224] [ 5] ./main(+0xb1a)[0x55b2e5360b1a]
[node-7:20224] *** End of error message ***
[node-10:16839] *** Process received signal ***
[node-10:16839] Signal: Segmentation fault (11)
[node-10:16839] Signal code: Address not mapped (1)
[node-10:16839] Failing at address: 0x7ffbe470c7c0
[node-8:16458] *** Process received signal ***
[node-8:16458] Signal: Segmentation fault (11)
[node-8:16458] Signal code: Address not mapped (1)
[node-8:16458] Failing at address: 0x7ffd77477440
[node-9:32197] *** Process received signal ***
[node-9:32197] Signal: Segmentation fault (11)
[node-9:32197] Signal code: Address not mapped (1)
[node-9:32197] Failing at address: 0x7fff33da1b40
[node-8:16458] [ 0] /lib/x86_64-linux-gnu/libc.so.6(+0x3ef10)[0x7f9d51f94f10]
[node-8:16458] [ 1] ./main(+0x10ad)[0x5568ccde70ad]
[node-8:16458] [ 2] ./main(+0x12b6)[0x5568ccde72b6]
[node-8:16458] [node-10:16839] [ 0] /lib/x86_64-linux-gnu/libc.so.6(+0x3ef10)[0x7f5811159f10]
[node-10:16839] [ 1] ./main(+0x10ad[node-9:32197] [ 0] /lib/x86_64-linux-gnu/libc.so.6(+0x3ef10)[0x7fc7d51f9f10]
[node-9:32197] [ 1] ./main(+0x10ad)[0x5578901f40ad]
[node-9:32197] [ 2] ./main[ 3] ./main(+0x1601)[0x5568ccde7601]
)[0x55cc43c390ad]
[node-10:16839] [ 2] ./main(+0x12b6)[0x55cc43c392b6]
[node-10:16839] [ 3] ./main(+0x1601)(+0x12b6)[0x5578901f42b6]
[node-9:32197] [ 3] ./main(+0x1601)[0x5578901f4601]
[node-9:32197] [ 4] /lib/x86_64-linux-gnu/libc.so.6(__libc_start_main+0xe7)[0x7fc7d51dcc87]
[node-9:32197] [ 5] ./main(+0xb1a)[0x5578901f3b1a]
[node-9:32197] *** End of error message ***
[node-8:16458] [ 4] /lib/x86_64-linux-gnu/libc.so.6(__libc_start_main+0xe7)[0x7f9d51f77c87]
[0x55cc43c39601]
[node-10:16839] [ 4] [node-8:16458] [ 5] ./main(+0xb1a)[0x5568ccde6b1a]
/lib/x86_64-linux-gnu/libc.so.6(__libc_start_main+0xe7)[0x7f581113cc87]
[node-10:16839] [ 5] ./main(+0xb1a)[0x55cc43c38b1a]
[node-10:16839] *** End of error message ***
[node-8:16458] *** End of error message ***
--------------------------------------------------------------------------
mpirun noticed that process rank 1 with PID 16458 on node node-8 exited on signal 11 (Segmentation fault).
--------------------------------------------------------------------------
