[node-1:23610] *** Process received signal ***
[node-1:23610] Signal: Segmentation fault (11)
[node-1:23610] Signal code: Address not mapped (1)
[node-1:23610] Failing at address: 0x7ffce41b9780
[node-1:23610] [ 0] /lib/x86_64-linux-gnu/libc.so.6(+0x3ef10)[0x7f13636c1f10]
[node-1:23610] [ 1] ./main_openmp(+0x10dd)[0x55f9f196e0dd]
[node-1:23610] [ 2] ./main_openmp(+0x12e6)[0x55f9f196e2e6]
[node-1:23610] [ 3] ./main_openmp(+0x1631)[0x55f9f196e631]
[node-1:23610] [ 4] /lib/x86_64-linux-gnu/libc.so.6(__libc_start_main+0xe7)[0x7f13636a4c87]
[node-1:23610] [ 5] ./main_openmp(+0xb1a)[0x55f9f196db1a]
[node-1:23610] *** End of error message ***
[node-3:28668] *** Process received signal ***
[node-3:28668] Signal: Segmentation fault (11)
[node-3:28668] Signal code: Address not mapped (1)
[node-3:28668] Failing at address: 0x7ffc7d22b080
[node-2:08416] *** Process received signal ***
[node-2:08416] Signal: Segmentation fault (11)
[node-2:08416] Signal code: Address not mapped (1)
[node-2:08416] Failing at address: 0x7ffd827c5d60
[node-6:08965] *** Process received signal ***
[node-6:08965] Signal: Segmentation fault (11)
[node-6:08965] Signal code: Address not mapped (1)
[node-6:08965] Failing at address: 0x7ffe0c3f1ae0
[node-4:15449] *** Process received signal ***
[node-4:15449] Signal: Segmentation fault (11)
[node-4:15449] Signal code: Address not mapped (1)
[node-4:15449] Failing at address: 0x7ffe860ecb40
[node-3:28668] [ 0] /lib/x86_64-linux-gnu/libc.so.6(+0x3ef10)[0x7f0a60b4af10]
[node-3:28668] [ 1] ./main_openmp(+0x10dd)[0x55e375da20dd]
[node-3:28668] [ 2] ./main_openmp(+0x12e6)[0x55e375da22e6]
[node-3:28668] [ 3] ./main_openmp(+0x1631)[0x55e375da2631]
[node-3:28668] [ 4] [node-2:08416] [node-6:08965] [ 0] /lib/x86_64-linux-gnu/libc.so.6(+0x3ef10)[0x7f15e65b4f10]
[node-6:08965] [ 1] ./main_openmp(+0x10dd)[0x5578487790dd]
[node-6:08965] [ 2] ./main_openmp(+0x12e6)[0x5578487792e6]
[node-6:08965] [ 3] ./main_openmp(+0x1631)[0x557848779631]
[node-6:08965] [node-4:15449] [ 0] /lib/x86_64-linux-gnu/libc.so.6(+0x3ef10)[0x7f7794707f10]
[node-4:15449] [ 1] /lib/x86_64-linux-gnu/libc.so.6(__libc_start_main+0xe7)[0x7f0a60b2dc87]
[node-3:28668] [ 5] ./main_openmp(+0xb1a)[0x55e375da1b1a]
[node-3:28668] *** End of error message ***
[node-5:23065] *** Process received signal ***
[node-5:23065] Signal: Segmentation fault (11)
[node-5:23065] Signal code: Address not mapped (1)
[node-5:23065] Failing at address: 0x7fff7a8cc710
[node-7:30223] *** Process received signal ***
[node-7:30223] Signal: Segmentation fault (11)
[node-7:30223] Signal code: Address not mapped (1)
[node-7:30223] Failing at address: 0x7ffe9c1d1e50
[ 0] [ 4] /lib/x86_64-linux-gnu/libc.so.6(__libc_start_main+0xe7)[0x7f15e6597c87]
[node-6:08965] [ 5] ./main_openmp(+0xb1a)[0x557848778b1a]
[node-6:08965] *** End of error message ***
./main_openmp(+0x10dd)[0x55a49a00c0dd]
[node-4:15449] [ 2] ./main_openmp(+0x12e6)[0x55a49a00c2e6]
[node-5:23065] [ 0] /lib/x86_64-linux-gnu/libc.so.6(+0x3ef10)[0x7f952fffff10]
[node-5:23065] [ 1] ./main_openmp(+0x10dd)[0x558cbb4eb0dd]
[node-5:23065] [ 2] [node-7:30223] [ 0] /lib/x86_64-linux-gnu/libc.so.6(+0x3ef10)[0x7f89e68b3f10]
[node-7:30223] /lib/x86_64-linux-gnu/libc.so.6(+0x3ef10[node-4:15449] [ 3] ./main_openmp(+0x1631)[0x55a49a00c631]
[node-4:15449] [ 4] ./main_openmp(+0x12e6)[0x558cbb4eb2e6]
[node-5:23065] [ 3] ./main_openmp(+0x1631)[0x558cbb4eb631]
[node-5:23065] [ 4] [ 1] ./main_openmp(+0x10dd)[0x564cec7e20dd]
[node-7:30223] [ 2] ./main_openmp(+0x12e6)[0x564cec7e22e6]
[node-7:30223] [ 3] ./main_openmp(+0x1631)[0x564cec7e2631]
[node-7:30223] [ 4] )[0x7f3bf2a17f10]
[node-2:08416] [ 1] ./main_openmp(+0x10dd)[0x5594d600e0dd]
[node-2:08416] [ 2] ./main_openmp(+0x12e6)[0x5594d600e2e6]
[node-2:08416] [ 3] ./main_openmp(+0x1631)[0x5594d600e631]
[node-2:08416] [ 4] /lib/x86_64-linux-gnu/libc.so.6(__libc_start_main+0xe7)[0x7f77946eac87]
[node-4:15449] [ 5] ./main_openmp(+0xb1a)[0x55a49a00bb1a]
[node-4:15449] *** End of error message ***
/lib/x86_64-linux-gnu/libc.so.6(__libc_start_main+0xe7)[0x7f952ffe2c87]
[node-5:23065] [ 5] ./main_openmp(+0xb1a)[0x558cbb4eab1a]
[node-5:23065] *** End of error message ***
/lib/x86_64-linux-gnu/libc.so.6(__libc_start_main+0xe7)[0x7f89e6896c87]
[node-7:30223] [ 5] ./main_openmp(+0xb1a)[0x564cec7e1b1a]
[node-7:30223] *** End of error message ***
/lib/x86_64-linux-gnu/libc.so.6(__libc_start_main+0xe7)[0x7f3bf29fac87]
[node-2:08416] [ 5] ./main_openmp(+0xb1a)[0x5594d600db1a]
[node-2:08416] *** End of error message ***
--------------------------------------------------------------------------
mpirun noticed that process rank 0 with PID 0 on node node-1 exited on signal 11 (Segmentation fault).
--------------------------------------------------------------------------
