[node-4:10789] *** Process received signal ***
[node-4:10789] Signal: Segmentation fault (11)
[node-4:10789] Signal code:  (128)
[node-4:10789] Failing at address: (nil)
[node-4:10789] [ 0] /lib/x86_64-linux-gnu/libc.so.6(+0x3ef10)[0x7fdaae875f10]
[node-4:10789] [ 1] ./main_openmp(+0x10dd)[0x55e74b7410dd]
[node-4:10789] [ 2] ./main_openmp(+0x12e6)[0x55e74b7412e6]
[node-4:10789] [ 3] ./main_openmp(+0x1631)[0x55e74b741631]
[node-4:10789] [ 4] /lib/x86_64-linux-gnu/libc.so.6(__libc_start_main+0xe7)[0x7fdaae858c87]
[node-4:10789] [ 5] ./main_openmp(+0xb1a)[0x55e74b740b1a]
[node-4:10789] *** End of error message ***
[node-5:18500] *** Process received signal ***
[node-5:18500] Signal: Segmentation fault (11)
[node-5:18500] Signal code: Address not mapped (1)
[node-5:18500] Failing at address: 0x7ffdfa8fd530
[node-6:04812] *** Process received signal ***
[node-6:04812] Signal: Segmentation fault (11)
[node-6:04812] Signal code: Address not mapped (1)
[node-6:04812] Failing at address: 0x7ffde20a28d0
[node-5:18500] [ 0] /lib/x86_64-linux-gnu/libc.so.6(+0x3ef10)[0x7f74bb020f10]
[node-5:18500] [ 1] ./main_openmp(+0x10dd)[0x55b2a93c70dd]
[node-5:18500] [ 2] ./main_openmp(+0x12e6)[0x55b2a93c72e6]
[node-5:18500] [ 3] ./main_openmp(+0x1631)[0x55b2a93c7631]
[node-5:18500] [ 4] /lib/x86_64-linux-gnu/libc.so.6(__libc_start_main+0xe7)[0x7f74bb003c87]
[node-5:18500] [ 5] ./main_openmp(+0xb1a)[0x55b2a93c6b1a]
[node-5:18500] *** End of error message ***
[node-6:04812] [ 0] /lib/x86_64-linux-gnu/libc.so.6(+0x3ef10)[0x7faeafa0af10]
[node-6:04812] [ 1] ./main_openmp(+0x10dd)[0x55d946eb50dd]
[node-6:04812] [ 2] ./main_openmp(+0x12e6)[0x55d946eb52e6]
[node-6:04812] [ 3] ./main_openmp(+0x1631)[0x55d946eb5631]
[node-6:04812] [ 4] /lib/x86_64-linux-gnu/libc.so.6(__libc_start_main+0xe7)[0x7faeaf9edc87]
[node-6:04812] [ 5] ./main_openmp(+0xb1a)[0x55d946eb4b1a]
[node-6:04812] *** End of error message ***
[node-8:20817] *** Process received signal ***
[node-8:20817] Signal: Segmentation fault (11)
[node-8:20817] Signal code: Address not mapped (1)
[node-8:20817] Failing at address: 0x7ffd610d5ee0
[node-8:20817] [ 0] /lib/x86_64-linux-gnu/libc.so.6(+0x3ef10)[0x7fb02447cf10]
[node-8:20817] [ 1] ./main_openmp(+0x10dd)[0x5644e39220dd]
[node-8:20817] [ 2] ./main_openmp(+0x12e6)[0x5644e39222e6]
[node-8:20817] [ 3] [node-7:26809] *** Process received signal ***
[node-7:26809] Signal: Segmentation fault (11)
[node-7:26809] Signal code:  (128)
[node-7:26809] Failing at address: (nil)
./main_openmp(+0x1631)[0x5644e3922631[node-7:26809] [ 0] /lib/x86_64-linux-gnu/libc.so.6(+0x3ef10)[0x7fb883c30f10]
[node-7:26809] [ 1] ]
[node-8:20817] [ 4] /lib/x86_64-linux-gnu/libc.so.6(__libc_start_main+0xe7)[0x7fb02445fc87]
[node-8:20817] [ 5] ./main_openmp(+0xb1a)[0x5644e3921b1a]
[node-8:20817] *** End of error message ***
./main_openmp(+0x10dd)[0x5597a624c0dd]
[node-7:26809] [ 2] ./main_openmp(+0x12e6)[0x5597a624c2e6]
[node-7:26809] [ 3] ./main_openmp(+0x1631)[0x5597a624c631]
[node-7:26809] [ 4] /lib/x86_64-linux-gnu/libc.so.6(__libc_start_main+0xe7)[0x7fb883c13c87]
[node-7:26809] [ 5] ./main_openmp(+0xb1a)[0x5597a624bb1a]
[node-7:26809] *** End of error message ***
--------------------------------------------------------------------------
mpirun noticed that process rank 0 with PID 0 on node node-4 exited on signal 11 (Segmentation fault).
--------------------------------------------------------------------------
