[node-1:16141] *** Process received signal ***
[node-1:16141] Signal: Segmentation fault (11)
[node-1:16141] Signal code: Address not mapped (1)
[node-1:16141] Failing at address: 0x7fff286aa890
[node-1:16141] [ 0] /lib/x86_64-linux-gnu/libc.so.6(+0x3ef10)[0x7f3b30399f10]
[node-1:16141] [ 1] ./main(+0x10ad)[0x55e9fe8110ad]
[node-1:16141] [ 2] ./main(+0x12b6)[0x55e9fe8112b6]
[node-1:16141] [ 3] ./main(+0x1601)[0x55e9fe811601]
[node-1:16141] [ 4] /lib/x86_64-linux-gnu/libc.so.6(__libc_start_main+0xe7)[0x7f3b3037cc87]
[node-1:16141] [ 5] ./main(+0xb1a)[0x55e9fe810b1a]
[node-1:16141] *** End of error message ***
[node-3:21962] *** Process received signal ***
[node-3:21962] Signal: Segmentation fault (11)
[node-3:21962] Signal code: Address not mapped (1)
[node-3:21962] Failing at address: 0x7ffce1633840
[node-3:21962] [ 0] [node-2:00845] *** Process received signal ***
[node-2:00845] Signal: Segmentation fault (11)
[node-2:00845] Signal code: Address not mapped (1)
[node-2:00845] Failing at address: 0x7ffc018e4600
[node-2:00845] [ 0] /lib/x86_64-linux-gnu/libc.so.6(+0x3ef10)[0x7f70c3bd1f10]
[node-2:00845] [ 1] ./main(+0x10ad)[0x555c98f150ad]
[node-2:00845] [ 2] ./main(+0x12b6)[0x555c98f152b6]
[node-2:00845] [ 3] ./main(+0x1601)[0x/lib/x86_64-linux-gnu/libc.so.6(+0x3ef10)[0x7f5cecab7f10]
[node-3:21962] [ 1] ./main(+0x10ad)[0x55bef27ab0ad]
[node-3:21962] [ 2] ./main(+0x12b6)[0x55bef27ab2b6]
[node-3:21962] [ 3] 555c98f15601]
[node-2:00845] [ 4] /lib/x86_64-linux-gnu/libc.so.6(__libc_start_main+0xe7)[0x7f70c3bb4c87]
[node-2:00845] [ 5] ./main(+0xb1a)./main(+0x1601)[0x55bef27ab601]
[node-3:21962] [ 4] /lib/x86_64-linux-gnu/libc.so.6(__libc_start_main+0xe7)[0x7f5ceca9ac87]
[node-3:21962] [ 5] ./main(+0xb1a)[0x55bef27aab1a]
[node-3:21962] *** End of error message ***
[0x555c98f14b1a]
[node-2:00845] *** End of error message ***
--------------------------------------------------------------------------
mpirun noticed that process rank 0 with PID 0 on node node-1 exited on signal 11 (Segmentation fault).
--------------------------------------------------------------------------
