[node-1:15440] *** Process received signal ***
[node-1:15440] Signal: Segmentation fault (11)
[node-1:15440] Signal code: Address not mapped (1)
[node-1:15440] Failing at address: 0x7ffc9efab960
[node-1:15440] [ 0] /lib/x86_64-linux-gnu/libc.so.6(+0x3ef10)[0x7f4377b59f10]
[node-1:15440] [ 1] ./main(+0x10ad)[0x55ae8a6a10ad]
[node-1:15440] [ 2] ./main(+0x12b6)[0x55ae8a6a12b6]
[node-1:15440] [ 3] ./main(+0x1601)[0x55ae8a6a1601]
[node-1:15440] [ 4] /lib/x86_64-linux-gnu/libc.so.6(__libc_start_main+0xe7)[0x7f4377b3cc87]
[node-1:15440] [ 5] ./main(+0xb1a)[0x55ae8a6a0b1a]
[node-1:15440] *** End of error message ***
[node-2:32591] *** Process received signal ***
[node-2:32591] Signal: Segmentation fault (11)
[node-2:32591] Signal code: Address not mapped (1)
[node-2:32591] Failing at address: 0x7ffd3c589d70
[node-2:32591] [ 0] /lib/x86_64-linux-gnu/libc.so.6(+0x3ef10)[0x7f6b18180f10]
[node-2:32591] [ 1] [node-3:21324] *** Process received signal ***
[node-3:21324] Signal: Segmentation fault (11)
[node-3:21324] Signal code: Address not mapped (1)
[node-3:21324] Failing at address: 0x7ffc82d828a0
./main(+0x10ad)[0x5555cd8b10ad]
[node-2:32591] [ 2] ./main(+0x12b6)[0x5555cd8b12b6]
[node-2:32591] [ 3] ./main(+0x1601)[0x5555cd8b1601]
[node-2:32591] [ 4] /lib/x86_64-linux-gnu/libc.so.6(__libc_start_main+0xe7)[0x7f6b18163c87]
[node-2:32591] [ 5] ./main(+0x[node-3:21324] [ 0] /lib/x86_64-linux-gnu/libc.so.6(+0x3ef10)[0x7f25c2860f10]
[node-3:21324] [ 1] ./main(+0x10ad)[0x5635489b00ad]
[node-3:21324] [ 2] ./main(+0x12b6)[0x5635489b02b6]
[node-3:21324] [ 3] ./main(+0x1601)[0x5635489b0601]
[node-3:21324] [ 4] /lib/x86_64-linux-gnu/libc.so.6(__libc_start_main+0xe7)[0x7f25c2843c87]
[node-3:21324] [ 5] ./main(+0xb1a)[0x5635489afb1a]
[node-3:21324] *** End of error message ***
b1a)[0x5555cd8b0b1a]
[node-2:32591] *** End of error message ***
--------------------------------------------------------------------------
mpirun noticed that process rank 0 with PID 0 on node node-1 exited on signal 11 (Segmentation fault).
--------------------------------------------------------------------------
