[node-1:09843] *** Process received signal ***
[node-1:09843] Signal: Segmentation fault (11)
[node-1:09843] Signal code: Address not mapped (1)
[node-1:09843] Failing at address: 0x7ffec9d9b100
[node-1:09843] [ 0] /lib/x86_64-linux-gnu/libc.so.6(+0x3ef10)[0x7f52700f0f10]
[node-1:09843] [ 1] ./main(+0x10ad)[0x561b65efb0ad]
[node-1:09843] [ 2] ./main(+0x12b6)[0x561b65efb2b6]
[node-1:09843] [ 3] ./main(+0x1601)[0x561b65efb601]
[node-1:09843] [ 4] /lib/x86_64-linux-gnu/libc.so.6(__libc_start_main+0xe7)[0x7f52700d3c87]
[node-1:09843] [ 5] ./main(+0xb1a)[0x561b65efab1a]
[node-1:09843] *** End of error message ***
[node-2:27141] *** Process received signal ***
[node-2:27141] Signal: Segmentation fault (11)
[node-2:27141] Signal code: Address not mapped (1)
[node-2:27141] Failing at address: 0x7fff22a3c330
[node-2:27141] [ 0] /lib/x86_64-linux-gnu/libc.so.6(+0x3ef10)[0x7f57a3508f10]
[node-2:27141] [ 1] ./main(+0x10ad)[0x5569b5e220ad]
[node-2:27141] [ 2] ./main(+0x12b6)[0x5569b5e222b6]
[node-2:27141] [ 3] ./main(+0x1601)[0x5569b5e22601]
[node-3:16353] *** Process received signal ***
[node-3:16353] Signal: Segmentation fault (11)
[node-3:16353] Signal code:  (128)
[node-3:16353] Failing at address: (nil)
[node-2:27141] [ 4] /lib/x86_64-linux-gnu/libc.so.6(__libc_start_main+0xe7)[0x7f57a34ebc87]
[node-3:16353] [ 0] /lib/x86_64-linux-gnu/libc.so.6(+0x3ef10)[0x7fac39a47f10]
[node-3:16353] [ 1] ./main(+0x10ad)[0x55f2955dd0ad]
[node-3:16353] [ 2] [node-2:27141] [ 5] ./main(+0xb1a)[0x5569b5e21b1a]
[node-2:27141] *** End of error message ***
./main(+0x12b6)[0x55f2955dd2b6]
[node-3:16353] [ 3] ./main(+0x1601)[0x55f2955dd601]
[node-3:16353] [ 4] /lib/x86_64-linux-gnu/libc.so.6(__libc_start_main+0xe7)[0x7fac39a2ac87]
[node-3:16353] [ 5] ./main(+0xb1a)[0x55f2955dcb1a]
[node-3:16353] *** End of error message ***
--------------------------------------------------------------------------
mpirun noticed that process rank 2 with PID 16353 on node node-3 exited on signal 11 (Segmentation fault).
--------------------------------------------------------------------------
