[node-1:26474] *** Process received signal ***
[node-1:26474] Signal: Segmentation fault (11)
[node-1:26474] Signal code: Address not mapped (1)
[node-1:26474] Failing at address: 0x7ffde0d49580
[node-1:26474] [ 0] /lib/x86_64-linux-gnu/libc.so.6(+0x3ef10)[0x7f7af8f9ef10]
[node-1:26474] [ 1] ./main(+0x10ad)[0x55d5539010ad]
[node-1:26474] [ 2] ./main(+0x12b6)[0x55d5539012b6]
[node-1:26474] [ 3] ./main(+0x1601)[0x55d553901601]
[node-1:26474] [ 4] /lib/x86_64-linux-gnu/libc.so.6(__libc_start_main+0xe7)[0x7f7af8f81c87]
[node-1:26474] [ 5] ./main(+0xb1a)[0x55d553900b1a]
[node-1:26474] *** End of error message ***
[node-2:11378] *** Process received signal ***
[node-2:11378] Signal: Segmentation fault (11)
[node-2:11378] Signal code: Address not mapped (1)
[node-2:11378] Failing at address: 0x7fff725fea40
[node-3:31203] *** Process received signal ***
[node-3:31203] Signal: Segmentation fault (11)
[node-3:31203] Signal code: Address not mapped (1)
[node-3:31203] Failing at address: 0x7ffebfcc4740
[node-2:11378] [ 0] [node-5:25772] *** Process received signal ***
[node-5:25772] Signal: Segmentation fault (11)
[node-5:25772] Signal code: Address not mapped (1)
[node-5:25772] Failing at address: 0x7fff86130bf0
[node-3:31203] [ 0] [node-7:32264] *** Process received signal ***
[node-7:32264] Signal: Segmentation fault (11)
[node-7:32264] Signal code:  (128)
[node-7:32264] Failing at address: (nil)
/lib/x86_64-linux-gnu/libc.so.6(+0x3ef10)[0x7f2c72f3ef10]
[node-2:11378] [node-5:25772] [ 0] /lib/x86_64-linux-gnu/libc.so.6(+0x3ef10)[0x7fa0db134f10]
[node-5:25772] [ 1] ./main(+0x10ad)[0x562e4acc80ad]
[node-5:25772] [ 2] ./main(+0x12b6)[0x562e4acc82b6]
[node-5:25772] [ 3] ./main(+0x1601)[0x562e4acc8601/lib/x86_64-linux-gnu/libc.so.6(+0x3ef10)[0x7fc42de86f10]
[node-3:31203] [ 1] ./main(+0x10ad)[0x558b0e4160ad]
[node-3:31203] [ 2] ./main(+0x12b6[ 1] ./main(+0x10ad)[0x55c23eb050ad]
[node-2:11378] [ 2] ]
[node-5:25772] [ 4] /lib/x86_64-linux-gnu/libc.so.6()[0x558b0e4162b6]
[node-3:31203] [ 3] ./main(+0x1601)[0x558b0e416601]
[node-3:31203] [ 4] /lib/x86_64-linux-gnu/libc.so.6(__libc_start_main+0xe7)[0x7fc42de69c87]
[node-3:31203] ./main(+0x12b6)[0x55c23eb052b6]
[node-2:11378] [ 3] ./main(+0x1601)[0x55c23eb05601]
__libc_start_main+0xe7)[0x7fa0db117c87]
[node-5:25772] [ 5] ./main(+0xb1a)[0x562e4acc7b1a]
[node-5:25772] *** End of error message ***
[ 5] ./main(+0xb1a)[0x558b0e415b1a]
[node-3:31203] *** End of error message ***
[node-7:32264] [ 0] /lib/x86_64-linux-gnu/libc.so.6(+0x3ef10)[0x7f43e316df10]
[node-7:32264] [ 1] ./main(+0x10ad)[0x55c931c0b0ad]
[node-7:32264] [ 2] [node-2:11378] [ 4] /lib/x86_64-linux-gnu/libc.so.6(__libc_start_main+0xe7)[0x7f2c72f21c87]
[node-2:11378] [ 5] [node-4:18145] *** Process received signal ***
[node-4:18145] Signal: Segmentation fault (11)
[node-4:18145] Signal code: Address not mapped (1)
[node-4:18145] Failing at address: 0x7ffe34b77610
./main(+0x12b6)[0x55c931c0b2b6]
[node-7:32264] [ 3] ./main(+0x1601)./main(+0xb1a)[0x55c23eb04b1a]
[node-2:11378] *** End of error message ***
[node-6:11567] *** Process received signal ***
[node-6:11567] Signal: Segmentation fault (11)
[node-6:11567] Signal code: Address not mapped (1)
[node-6:11567] Failing at address: 0x7ffe5600d5b0
[node-4:18145] [ 0] /lib/x86_64-linux-gnu/libc.so.6(+0x3ef10)[0x7f7c10ad5f10]
[node-4:18145] [ 1] ./main(+0x10ad)[0x55f322ceb0ad[0x55c931c0b601]
[node-7:32264] [ 4] [node-6:11567] [ 0] /lib/x86_64-linux-gnu/libc.so.6(+0x3ef10)[0x7f41d8f83f10]
[node-6:11567] [ 1] ./main(+0x10ad)[0x559a550940ad]
[node-6:11567] [ 2] ./main(+0x12b6)[0x559a550942b6]
[node-6:11567] [ 3] ./main(+0x1601)[0x559a55094601]
[node-6:11567] [ 4] /lib/x86_64-linux-gnu/libc.so.6(__libc_start_main+0xe7)[0x7f41d8f66c87]
[node-6:11567] [ 5] ./main(+0xb1a)[0x559a55093b1a]
[node-6:11567] *** End of error message ***
]
[node-4:18145] [ 2] ./main/lib/x86_64-linux-gnu/libc.so.6(__libc_start_main+0xe7)[0x7f43e3150c87]
[node-7:32264] [ 5] ./main(+0xb1a)[0x55c931c0ab1a]
(+0x12b6)[0x55f322ceb2b6[node-7:32264] *** End of error message ***
]
[node-4:18145] [ 3] ./main(+0x1601)[0x55f322ceb601]
[node-4:18145] [ 4] /lib/x86_64-linux-gnu/libc.so.6(__libc_start_main+0xe7)[0x7f7c10ab8c87]
[node-4:18145] [ 5] ./main(+0xb1a)[0x55f322ceab1a]
[node-4:18145] *** End of error message ***
--------------------------------------------------------------------------
mpirun noticed that process rank 5 with PID 11567 on node node-6 exited on signal 11 (Segmentation fault).
--------------------------------------------------------------------------
