[node-1:25913] *** Process received signal ***
[node-1:25913] Signal: Segmentation fault (11)
[node-1:25913] Signal code: Address not mapped (1)
[node-1:25913] Failing at address: 0x7ffed8660d80
[node-1:25913] [ 0] /lib/x86_64-linux-gnu/libc.so.6(+0x3ef10)[0x7fe3639fbf10]
[node-1:25913] [ 1] ./main(+0x10ad)[0x5617a8a0c0ad]
[node-1:25913] [ 2] ./main(+0x12b6)[0x5617a8a0c2b6]
[node-1:25913] [ 3] ./main(+0x1601)[0x5617a8a0c601]
[node-1:25913] [ 4] /lib/x86_64-linux-gnu/libc.so.6(__libc_start_main+0xe7)[0x7fe3639dec87]
[node-1:25913] [ 5] ./main(+0xb1a)[0x5617a8a0bb1a]
[node-1:25913] *** End of error message ***
[node-4:17704] *** Process received signal ***
[node-4:17704] Signal: Segmentation fault (11)
[node-4:17704] Signal code: Address not mapped (1)
[node-4:17704] Failing at address: 0x7fff791bfd40
[node-6:11085] *** Process received signal ***
[node-6:11085] Signal: Segmentation fault (11)
[node-6:11085] Signal code: Address not mapped (1)
[node-6:11085] Failing at address: 0x7ffedced7470
[node-3:30713] *** Process received signal ***
[node-3:30713] Signal: Segmentation fault (11)
[node-3:30713] Signal code: Address not mapped (1)
[node-3:30713] Failing at address: 0x7ffe2c2b1500
[node-4:17704] [ 0] /lib/x86_64-linux-gnu/libc.so.6(+0x3ef10)[0x7f951b94ef10]
[node-4:17704] [ 1] ./main(+0x10ad)[0x5573caaf40ad]
[node-4:17704] [ 2] ./main(+0x12b6)[0x5573caaf42b6]
[node-4:17704] [ 3] ./main(+0x1601)[0x5573caaf4601]
[node-4:17704] [ 4] /lib/x86_64-linux-gnu/libc.so.6(__libc_start_main+0xe7)[0x7f951b931c87]
[node-4:17704] [node-2:10798] *** Process received signal ***
[node-2:10798] Signal: Segmentation fault (11)
[node-2:10798] Signal code: Address not mapped (1)
[node-2:10798] Failing at address: 0x7ffe7df3fc40
[node-5:25320] *** Process received signal ***
[node-5:25320] Signal: Segmentation fault (11)
[node-5:25320] Signal code: Address not mapped (1)
[node-5:25320] Failing at address: 0x7ffc1afc2610
[node-6:11085] [ 0] /lib/x86_64-linux-gnu/libc.so.6(+0x3ef10)[0x7f70694b1f10]
[node-6:11085] [ 1] ./main(+0x10ad)[0x558a7198b0ad]
[node-6:11085] [ 2] ./main(+0x12b6)[0x558a7198b2b6]
[node-6:11085] [ 3] ./main(+0x1601)[0x558a7198b601]
[node-6:11085] [ 4] [node-3:30713] [ 0] [ 5] ./main(+0xb1a)[0x5573caaf3b1a]
[node-4:17704] *** End of error message ***
[node-2:10798] [ 0] [node-5:25320] [ 0] /lib/x86_64-linux-gnu/libc.so.6(__libc_start_main+0xe7)[0x7f7069494c87]
[node-6:11085] [ 5] ./main(+0xb1a)[0x558a7198ab1a]
[node-6:11085] *** End of error message ***
/lib/x86_64-linux-gnu/libc.so.6(+0x3ef10)[0x7fcd5f480f10]
[node-3:30713] [ 1] ./main(+0x10ad)[0x555d687ae0ad]
[node-3:30713] [ 2] ./main(+0x12b6)[0x555d687ae2b6/lib/x86_64-linux-gnu/libc.so.6(+0x3ef10)[0x7fbe2d5a6f10]
[node-2:10798] [ 1] ./main(+0x10ad)[0x55afccc300ad]
[node-2:10798] [ 2] ./main(+0x12b6)[0x55afccc302b6]
/lib/x86_64-linux-gnu/libc.so.6(+0x3ef10)[0x7fc18851bf10]
]
[node-3:30713] [ 3] ./main(+0x1601)[0x555d687ae601]
[node-3:30713] [ 4] [node-2:10798] [ 3] ./main(+0x1601)[0x55afccc30601]
[node-2:10798] [ 4] [node-5:25320] [ 1] ./main(/lib/x86_64-linux-gnu/libc.so.6(__libc_start_main+0xe7)[0x7fcd5f463c87]
[node-3:30713] [ 5] ./main(+0xb1a)[0x555d687adb1a]
[node-3:30713] *** End of error message ***
/lib/x86_64-linux-gnu/libc.so.6(__libc_start_main+0xe7)[0x7fbe2d589c87]
+0x10ad)[0x5602e24ab0ad]
[node-5:25320] [ 2] [node-2:10798] [ 5] ./main(+0xb1a)[0x55afccc2fb1a]
./main(+0x12b6)[0x5602e24ab2b6]
[node-5:25320] [ 3] ./main(+0x1601)[0x5602e24ab601]
[node-5:25320] [ 4] [node-2:10798] *** End of error message ***
/lib/x86_64-linux-gnu/libc.so.6(__libc_start_main+0xe7)[0x7fc1884fec87]
[node-5:25320] [ 5] ./main(+0xb1a)[0x5602e24aab1a]
[node-5:25320] *** End of error message ***
--------------------------------------------------------------------------
mpirun noticed that process rank 5 with PID 11085 on node node-6 exited on signal 11 (Segmentation fault).
--------------------------------------------------------------------------
