[node-1:08910] *** Process received signal ***
[node-1:08910] Signal: Segmentation fault (11)
[node-1:08910] Signal code: Address not mapped (1)
[node-1:08910] Failing at address: 0x7ffd6c996130
[node-1:08910] [ 0] /lib/x86_64-linux-gnu/libc.so.6(+0x3ef10)[0x7f03393a5f10]
[node-1:08910] [ 1] ./main(+0x10ad)[0x5626145e00ad]
[node-1:08910] [ 2] ./main(+0x12b6)[0x5626145e02b6]
[node-1:08910] [ 3] ./main(+0x1601)[0x5626145e0601]
[node-1:08910] [ 4] /lib/x86_64-linux-gnu/libc.so.6(__libc_start_main+0xe7)[0x7f0339388c87]
[node-1:08910] [ 5] ./main(+0xb1a)[0x5626145dfb1a]
[node-1:08910] *** End of error message ***
[node-2:26256] *** Process received signal ***
[node-2:26256] Signal: Segmentation fault (11)
[node-2:26256] Signal code: Address not mapped (1)
[node-2:26256] Failing at address: 0x7ffea8dc8190
[node-2:26256] [ 0] /lib/x86_64-linux-gnu/libc.so.6(+0x3ef10)[0x7fdc50035f10]
[node-2:26256] [ 1] ./main(+0x10ad)[0x55e97177a0ad]
[node-2:26256] [ 2] ./main(+0x12b6)[0x55e97177a2b6]
[node-2:26256] [ 3] ./main(+0x1601)[0x55e97177a601]
[node-2:26256] [ 4] /lib/x86_64-linux-gnu/libc.so.6(__libc_start_main+0xe7)[0x7fdc50018c87]
[node-2:26256] [ 5] ./main(+0xb1a)[0x55e971779b1a]
[node-2:26256] *** End of error message ***
--------------------------------------------------------------------------
mpirun noticed that process rank 0 with PID 0 on node node-1 exited on signal 11 (Segmentation fault).
--------------------------------------------------------------------------
