[node-1:24407] *** Process received signal ***
[node-1:24407] Signal: Segmentation fault (11)
[node-1:24407] Signal code:  (128)
[node-1:24407] Failing at address: (nil)
[node-1:24407] [ 0] /lib/x86_64-linux-gnu/libc.so.6(+0x3ef10)[0x7f64081aff10]
[node-1:24407] [ 1] ./main_openmp(+0x10dd)[0x55e04f55c0dd]
[node-1:24407] [ 2] ./main_openmp(+0x12e6)[0x55e04f55c2e6]
[node-1:24407] [ 3] ./main_openmp(+0x1631)[0x55e04f55c631]
[node-1:24407] [ 4] /lib/x86_64-linux-gnu/libc.so.6(__libc_start_main+0xe7)[0x7f6408192c87]
[node-1:24407] [ 5] ./main_openmp(+0xb1a)[0x55e04f55bb1a]
[node-1:24407] *** End of error message ***
[node-10:20389] *** Process received signal ***
[node-10:20389] Signal: Segmentation fault (11)
[node-10:20389] Signal code:  (128)
[node-10:20389] Failing at address: (nil)
[node-10:20389] [ 0] /lib/x86_64-linux-gnu/libc.so.6(+0x3ef10)[0x7fa49c8a9f10]
[node-10:20389] [ 1] ./main_openmp(+0x10dd)[0x555e16c4c0dd]
[node-9:05199] *** Process received signal ***
[node-9:05199] Signal: Segmentation fault (11)
[node-9:05199] Signal code: Address not mapped (1)
[node-9:05199] Failing at address: 0x7fff45ae3e30
[node-10:20389] [ 2] ./main_openmp(+0x12e6)[0x555e16c4c2e6]
[node-10:20389] [ 3] ./main_openmp(+0x1631)[0x555e16c4c631]
[node-10:20389] [ 4] /lib/x86_64-linux-gnu/libc.so.6(__libc_start_main+0xe7)[0x7fa49c88cc87]
[node-10:20389] [ 5] ./main_openmp(+0xb1a)[0x555e16c4bb1a]
[node-10:20389] *** End of error message ***
[node-9:05199] [ 0] /lib/x86_64-linux-gnu/libc.so.6(+0x3ef10)[0x7f1e7719ef10]
[node-9:05199] [ 1] ./main_openmp(+0x10dd)[0x5648c6aa40dd]
[node-9:05199] [ 2] ./main_openmp(+0x12e6)[0x5648c6aa42e6]
[node-9:05199] [ 3] ./main_openmp(+0x1631)[0x5648c6aa4631]
[node-9:05199] [ 4] /lib/x86_64-linux-gnu/libc.so.6(__libc_start_main+0xe7)[0x7f1e77181c87]
[node-9:05199] [ 5] ./main_openmp(+0xb1a)[0x5648c6aa3b1a]
[node-9:05199] *** End of error message ***
--------------------------------------------------------------------------
mpirun noticed that process rank 1 with PID 5199 on node node-9 exited on signal 11 (Segmentation fault).
--------------------------------------------------------------------------
