[node-9:06537] *** Process received signal ***
[node-9:06537] Signal: Segmentation fault (11)
[node-9:06537] Signal code: Address not mapped (1)
[node-9:06537] Failing at address: 0x7ffda3558af0
[node-9:06537] [ 0] /lib/x86_64-linux-gnu/libc.so.6(+0x3ef10)[0x7f536a7a4f10]
[node-9:06537] [ 1] ./main(+0x10ad)[0x55de2d16d0ad]
[node-9:06537] [ 2] ./main(+0x12b6)[0x55de2d16d2b6]
[node-9:06537] [ 3] ./main(+0x1601)[0x55de2d16d601]
[node-9:06537] [ 4] /lib/x86_64-linux-gnu/libc.so.6(__libc_start_main+0xe7)[0x7f536a787c87]
[node-9:06537] [ 5] ./main(+0xb1a)[0x55de2d16cb1a]
[node-9:06537] *** End of error message ***
[node-10:21150] *** Process received signal ***
[node-10:21150] Signal: Segmentation fault (11)
[node-10:21150] Signal code: Address not mapped (1)
[node-10:21150] Failing at address: 0x7ffd258fbc20
[node-10:21150] [ 0] /lib/x86_64-linux-gnu/libc.so.6(+0x3ef10)[0x7fe294252f10]
[node-10:21150] [ 1] ./main(+0x10ad)[0x5569eacc70ad]
[node-10:21150] [ 2] ./main(+0x12b6)[0x5569eacc72b6]
[node-10:21150] [ 3] ./main(+0x1601)[0x5569eacc7601]
[node-10:21150] [ 4] /lib/x86_64-linux-gnu/libc.so.6(__libc_start_main+0xe7)[0x7fe294235c87]
[node-10:21150] [ 5] ./main(+0xb1a)[0x5569eacc6b1a]
[node-10:21150] *** End of error message ***
--------------------------------------------------------------------------
mpirun noticed that process rank 0 with PID 0 on node node-9 exited on signal 11 (Segmentation fault).
--------------------------------------------------------------------------
