[node-6:12332] *** Process received signal ***
[node-6:12332] Signal: Segmentation fault (11)
[node-6:12332] Signal code: Address not mapped (1)
[node-6:12332] Failing at address: 0x7ffe35852850
[node-6:12332] [ 0] /lib/x86_64-linux-gnu/libc.so.6(+0x3ef10)[0x7ff56a313f10]
[node-6:12332] [ 1] ./main(+0x10ad)[0x558ebb7e60ad]
[node-6:12332] [ 2] ./main(+0x12b6)[0x558ebb7e62b6]
[node-6:12332] [ 3] ./main(+0x1601)[0x558ebb7e6601]
[node-6:12332] [ 4] /lib/x86_64-linux-gnu/libc.so.6(__libc_start_main+0xe7)[0x7ff56a2f6c87]
[node-6:12332] [ 5] ./main(+0xb1a)[0x558ebb7e5b1a]
[node-6:12332] *** End of error message ***
[node-7:00430] *** Process received signal ***
[node-7:00430] Signal: Segmentation fault (11)
[node-7:00430] Signal code: Address not mapped (1)
[node-7:00430] Failing at address: 0x7ffb54f5c350
[node-7:00430] [ 0] /lib/x86_64-linux-gnu/libc.so.6(+0x3ef10)[0x7f68b5935f10]
[node-7:00430] [ 1] ./main(+0x10ad)[0x5584975db0ad]
[node-7:00430] [ 2] ./main(+0x12b6)[0x5584975db2b6]
[node-7:00430] [ 3] ./main(+0x1601)[0x5584975db601]
[node-7:00430] [ 4] [node-8:24716] *** Process received signal ***
[node-8:24716] Signal: Segmentation fault (11)
[node-8:24716] Signal code: Address not mapped (1)
[node-8:24716] Failing at address: 0x7ffbd13ee960
/lib/x86_64-linux-gnu/libc.so.6(__libc_start_main+0xe7)[0x7f68b5918c87]
[node-7:00430] [ 5] ./main(+0xb1a)[0x5584975dab1a]
[node-8:24716] [node-7:00430] *** End of error message ***
[ 0] /lib/x86_64-linux-gnu/libc.so.6(+0x3ef10)[0x7f56562cdf10]
[node-8:24716] [ 1] ./main(+0x10ad)[0x5633047920ad]
[node-8:24716] [ 2] ./main(+0x12b6)[0x5633047922b6]
[node-8:24716] [ 3] ./main(+0x1601)[0x563304792601]
[node-8:24716] [ 4] /lib/x86_64-linux-gnu/libc.so.6(__libc_start_main+0xe7)[0x7f56562b0c87]
[node-8:24716] [ 5] ./main(+0xb1a)[0x563304791b1a]
[node-8:24716] *** End of error message ***
--------------------------------------------------------------------------
mpirun noticed that process rank 2 with PID 24716 on node node-8 exited on signal 11 (Segmentation fault).
--------------------------------------------------------------------------
