[node-9:05862] *** Process received signal ***
[node-9:05862] Signal: Segmentation fault (11)
[node-9:05862] Signal code: Address not mapped (1)
[node-9:05862] Failing at address: 0x7ffc49ebd840
[node-9:05862] [ 0] /lib/x86_64-linux-gnu/libc.so.6(+0x3ef10)[0x7f4d73654f10]
[node-9:05862] [ 1] ./main(+0x10ad)[0x564c17e3b0ad]
[node-9:05862] [ 2] ./main(+0x12b6)[0x564c17e3b2b6]
[node-9:05862] [ 3] ./main(+0x1601)[0x564c17e3b601]
[node-9:05862] [ 4] /lib/x86_64-linux-gnu/libc.so.6(__libc_start_main+0xe7)[0x7f4d73637c87]
[node-9:05862] [ 5] ./main(+0xb1a)[0x564c17e3ab1a]
[node-9:05862] *** End of error message ***
[node-10:20814] *** Process received signal ***
[node-10:20814] Signal: Segmentation fault (11)
[node-10:20814] Signal code: Address not mapped (1)
[node-10:20814] Failing at address: 0x7ffce3cfcd20
[node-10:20814] [ 0] /lib/x86_64-linux-gnu/libc.so.6(+0x3ef10)[0x7f6eab571f10]
[node-10:20814] [ 1] ./main(+0x10ad)[0x55ec2a8220ad]
[node-10:20814] [ 2] ./main(+0x12b6)[0x55ec2a8222b6]
[node-10:20814] [ 3] ./main(+0x1601)[0x55ec2a822601]
[node-10:20814] [ 4] /lib/x86_64-linux-gnu/libc.so.6(__libc_start_main+0xe7)[0x7f6eab554c87]
[node-10:20814] [ 5] ./main(+0xb1a)[0x55ec2a821b1a]
[node-10:20814] *** End of error message ***
--------------------------------------------------------------------------
mpirun noticed that process rank 0 with PID 0 on node node-9 exited on signal 11 (Segmentation fault).
--------------------------------------------------------------------------
