[node-1:10626] *** Process received signal ***
[node-1:10626] Signal: Segmentation fault (11)
[node-1:10626] Signal code: Address not mapped (1)
[node-1:10626] Failing at address: 0x7ffbd963b7d0
[node-1:10626] [ 0] /lib/x86_64-linux-gnu/libc.so.6(+0x3ef10)[0x7f5d6f06df10]
[node-1:10626] [ 1] ./main(+0x10ad)[0x55b1824390ad]
[node-1:10626] [ 2] ./main(+0x12b6)[0x55b1824392b6]
[node-1:10626] [ 3] ./main(+0x1601)[0x55b182439601]
[node-1:10626] [ 4] /lib/x86_64-linux-gnu/libc.so.6(__libc_start_main+0xe7)[0x7f5d6f050c87]
[node-1:10626] [ 5] ./main(+0xb1a)[0x55b182438b1a]
[node-1:10626] *** End of error message ***
[node-4:02474] *** Process received signal ***
[node-4:02474] Signal: Segmentation fault (11)
[node-4:02474] Signal code: Address not mapped (1)
[node-4:02474] Failing at address: 0x7ffcff350cb0
[node-4:02474] [ 0] /lib/x86_64-linux-gnu/libc.so.6(+0x3ef10)[0x7faabe41ff10]
[node-4:02474] [ 1] ./main(+0x10ad)[0x56207a6c60ad]
[node-4:02474] [ 2] ./main(+0x12b6)[node-2:27887] *** Process received signal ***
[node-2:27887] Signal: Segmentation fault (11)
[node-2:27887] Signal code: Address not mapped (1)
[node-2:27887] Failing at address: 0x7ffcd0dfd9b0
[node-3:17111] *** Process received signal ***
[node-3:17111] Signal: Segmentation fault (11)
[node-3:17111] Signal code: Address not mapped (1)
[node-3:17111] Failing at address: 0x7ffbfe0c8ef0
[node-2:27887] [ 0] [node-3:17111] [ 0] [0x56207a6c62b6]
[node-4:02474] /lib/x86_64-linux-gnu/libc.so.6(+0x3ef10)[0x7f02d811af10]
[node-2:27887] [ 1] ./main(+0x10ad)[0x5578aca110ad]
[node-2:27887] [ 2] ./main(+0x12b6)[0x5578aca112b6]
[node-2:27887] [ 3] ./main(+0x1601)[0x56207a6c6601]
[node-4:02474] [ 4] /lib/x86_64-linux-gnu/libc.so.6(__libc_start_main+0xe7)[0x7faabe402c87]
[node-4:02474] [ 5] ./main(+0xb1a)[0x56207a6c5b1a]
[node-4:02474] *** End of error message ***
[ 3] ./main(+0x1601)[0x5578aca11601]
[node-2:27887] [ 4] /lib/x86_64-linux-gnu/libc.so.6(/lib/x86_64-linux-gnu/libc.so.6(__libc_start_main+0xe7)[0x7f02d80fdc87]
[node-2:27887] [ 5] ./main(+0xb1a)[0x5578aca10b1a]
[node-2:27887] *** End of error message ***
+0x3ef10)[0x7f8cf8944f10]
[node-3:17111] [ 1] ./main(+0x10ad)[0x55ceea7d20ad]
[node-3:17111] [ 2] ./main(+0x12b6)[0x55ceea7d22b6]
[node-3:17111] [ 3] ./main(+0x1601)[0x55ceea7d2601]
[node-3:17111] [ 4] /lib/x86_64-linux-gnu/libc.so.6(__libc_start_main+0xe7)[0x7f8cf8927c87]
[node-3:17111] [ 5] ./main(+0xb1a)[0x55ceea7d1b1a]
[node-3:17111] *** End of error message ***
--------------------------------------------------------------------------
mpirun noticed that process rank 0 with PID 0 on node node-1 exited on signal 11 (Segmentation fault).
--------------------------------------------------------------------------
