[node-7:18976] *** Process received signal ***
[node-7:18976] Signal: Segmentation fault (11)
[node-7:18976] Signal code: Address not mapped (1)
[node-7:18976] Failing at address: 0x7ffd99dfa660
[node-7:18976] [ 0] /lib/x86_64-linux-gnu/libc.so.6(+0x3ef10)[0x7f5f27797f10]
[node-7:18976] [ 1] ./main(+0x10ad)[0x5580b27070ad]
[node-7:18976] [ 2] ./main(+0x12b6)[0x5580b27072b6]
[node-7:18976] [ 3] ./main(+0x1601)[0x5580b2707601]
[node-7:18976] [ 4] /lib/x86_64-linux-gnu/libc.so.6(__libc_start_main+0xe7)[0x7f5f2777ac87]
[node-7:18976] [ 5] ./main(+0xb1a)[0x5580b2706b1a]
[node-7:18976] *** End of error message ***
[node-8:15327] *** Process received signal ***
[node-8:15327] Signal: Segmentation fault (11)
[node-8:15327] Signal code: Address not mapped (1)
[node-8:15327] Failing at address: 0x7ffb3beeda20
[node-9:31998] *** Process received signal ***
[node-9:31998] Signal: Segmentation fault (11)
[node-9:31998] Signal code: Address not mapped (1)
[node-9:31998] Failing at address: 0x7ffc437b99e0
[node-8:15327] [ 0] [node-9:31998] [ 0] /lib/x86_64-linux-gnu/libc.so.6(+0x3ef10)[0x7f37a165cf10]
[node-9:31998] [ 1] ./main(+0x10ad)[0x5566ca9490ad]
[node-9:31998] [ 2] ./main(+0x12b6)[0x5566ca9492b6]
[node-9:31998] [ 3] ./main(/lib/x86_64-linux-gnu/libc.so.6(+0x3ef10)[0x7f726c688f10]
[node-8:15327] [ 1] ./main(+0x10ad)[0x55d74543c0ad]
[node-8:15327] [ 2] ./main(+0x12b6)[0x55d74543c2b6]
[node-8:15327] [ 3] ./main(+0x1601)[0x55d74543c601]
[node-8:15327] [ 4] /lib/x86_64-linux-gnu/libc.so.6(__libc_start_main+0xe7)[0x7f726c66bc87]
[node-8:15327] +0x1601)[0x5566ca949601]
[node-9:31998] [ 4] /lib/x86_64-linux-gnu/libc.so.6(__libc_start_main+0xe7)[0x7f37a163fc87]
[node-9:31998] [ 5] ./main(+0xb1a)[0x5566ca948b1a]
[node-9:31998] *** End of error message ***
[ 5] ./main(+0xb1a)[0x55d74543bb1a]
[node-8:15327] *** End of error message ***
--------------------------------------------------------------------------
mpirun noticed that process rank 0 with PID 0 on node node-7 exited on signal 11 (Segmentation fault).
--------------------------------------------------------------------------
