[node-1:27084] *** Process received signal ***
[node-1:27084] Signal: Segmentation fault (11)
[node-1:27084] Signal code: Address not mapped (1)
[node-1:27084] Failing at address: 0x7fff489e7c00
[node-1:27084] [ 0] /lib/x86_64-linux-gnu/libc.so.6(+0x3ef10)[0x7f3c6b9def10]
[node-1:27084] [ 1] ./main(+0x10ad)[0x559f4f2790ad]
[node-1:27084] [ 2] ./main(+0x12b6)[0x559f4f2792b6]
[node-1:27084] [ 3] ./main(+0x1601)[0x559f4f279601]
[node-1:27084] [ 4] /lib/x86_64-linux-gnu/libc.so.6(__libc_start_main+0xe7)[0x7f3c6b9c1c87]
[node-1:27084] [ 5] ./main(+0xb1a)[0x559f4f278b1a]
[node-1:27084] *** End of error message ***
[node-3:31818] *** Process received signal ***
[node-3:31818] Signal: Segmentation fault (11)
[node-3:31818] Signal code:  (128)
[node-3:31818] Failing at address: (nil)
[node-2:12014] *** Process received signal ***
[node-2:12014] Signal: Segmentation fault (11)
[node-2:12014] Signal code: Address not mapped (1)
[node-2:12014] Failing at address: 0x7ffea176e160
[node-3:31818] [ 0] [node-2:12014] [ 0] /lib/x86_64-linux-gnu/libc.so.6(+0x3ef10)[0x7f09db33bf10]
[node-3:31818] [ 1] ./main/lib/x86_64-linux-gnu/libc.so.6(+0x3ef10)[0x7fc372285f10]
[node-2:12014] [ 1] ./main(+0x10ad)[0x55a51c9060ad]
[node-2:12014] [ 2] ./main(+0x12b6)[0x55a51c9062b6]
(+0x10ad)[0x5565dc6a50ad]
[node-3:31818] [ 2] ./main([node-2:12014] [ 3] ./main(+0x1601)[0x55a51c906601]
[node-2:12014] [ 4] /lib/x86_64-linux-gnu/libc.so.6(__libc_start_main+0xe7)[0x7fc372268c87]
[node-2:12014] [ 5] ./main(+0xb1a)[0x55a51c905b1a]
[node-2:12014] *** End of error message ***
+0x12b6)[0x5565dc6a52b6]
[node-3:31818] [ 3] ./main(+0x1601)[0x5565dc6a5601]
[node-3:31818] [ 4] /lib/x86_64-linux-gnu/libc.so.6(__libc_start_main+0xe7)[0x7f09db31ec87]
[node-3:31818] [ 5] ./main(+0xb1a)[0x5565dc6a4b1a]
[node-3:31818] *** End of error message ***
[node-9:06626] *** Process received signal ***
[node-9:06626] Signal: Segmentation fault (11)
[node-9:06626] Signal code: Address not mapped (1)
[node-9:06626] Failing at address: 0x7ffd71a6a370
[node-8:24618] *** Process received signal ***
[node-8:24618] Signal: Segmentation fault (11)
[node-8:24618] Signal code:  (128)
[node-8:24618] Failing at address: (nil)
[node-9:06626] [ 0] /lib/x86_64-linux-gnu/libc.so.6(+0x3ef10)[0x7fc9c9227f10]
[node-8:24618] [ 0] /lib/x86_64-linux-gnu/libc.so.6(+0x3ef10)[0x[node-9:06626] [ 1] ./main(+0x10ad)7f2d673e6f10]
[node-8:24618] [ 1] ./main(+0x10ad)[0x55d7379d60ad]
[node-8:24618] [ 2] ./main(+0x[0x5640ec5be0ad]
[node-9:06626] [ 2] ./main(+0x12b6)[0x5640ec5be2b6]
[node-9:06626] [ 3] ./main(+0x1601)[0x5640ec5be601]
[node-9:06626] [ 4] /lib/x86_64-linux-gnu/libc.so.6(__libc_start_main+0xe7)[0x7fc9c920ac87]
[node-9:06626] [ 5] ./main(+0xb1a)[0x5640ec5bdb1a]
12b6)[0x55d7379d62b6]
[node-8:24618] [ 3] ./main(+0x1601[node-9:06626] *** End of error message ***
)[0x55d7379d6601]
[node-8:24618] [ 4] /lib/x86_64-linux-gnu/libc.so.6(__libc_start_main+0xe7)[0x7f2d673c9c87]
[node-8:24618] [ 5] ./main(+0xb1a)[0x55d7379d5b1a]
[node-8:24618] *** End of error message ***
--------------------------------------------------------------------------
mpirun noticed that process rank 0 with PID 0 on node node-1 exited on signal 11 (Segmentation fault).
--------------------------------------------------------------------------
