[node-1:20612] *** Process received signal ***
[node-1:20612] Signal: Segmentation fault (11)
[node-1:20612] Signal code: Address not mapped (1)
[node-1:20612] Failing at address: 0x7ffdcda5c540
[node-1:20612] [ 0] /lib/x86_64-linux-gnu/libc.so.6(+0x3ef10)[0x7f921bb5af10]
[node-1:20612] [ 1] ./main(+0x10ad)[0x55b1ecc910ad]
[node-1:20612] [ 2] ./main(+0x12b6)[0x55b1ecc912b6]
[node-1:20612] [ 3] ./main(+0x1601)[0x55b1ecc91601]
[node-1:20612] [ 4] /lib/x86_64-linux-gnu/libc.so.6(__libc_start_main+0xe7)[0x7f921bb3dc87]
[node-1:20612] [ 5] ./main(+0xb1a)[0x55b1ecc90b1a]
[node-1:20612] *** End of error message ***
[node-2:05420] *** Process received signal ***
[node-2:05420] Signal: Segmentation fault (11)
[node-2:05420] Signal code: Address not mapped (1)
[node-2:05420] Failing at address: 0x7fff1407c0a0
[node-2:05420] [ 0] [node-3:25971] *** Process received signal ***
[node-3:25971] Signal: Segmentation fault (11)
[node-3:25971] Signal code: Address not mapped (1)
[node-3:25971] Failing at address: 0x7ffe483c5750
[node-8:21466] *** Process received signal ***
[node-8:21466] Signal: Segmentation fault (11)
[node-8:21466] Signal code: Address not mapped (1)
[node-8:21466] Failing at address: 0x7ffe432cef60
/lib/x86_64-linux-gnu/libc.so.6(+0x3ef10)[0x7fbd8d19af10]
[node-2:05420] [ 1] ./main(+0x10ad)[0x558860c4e0ad]
[node-2:05420] [ 2] [node-3:25971] [ 0] /lib/x86_64-linux-gnu/libc.so.6(+0x3ef10)[0x7f10cb2d6f10]
[node-3:25971] [ 1] ./main(+0x10ad)[0x56148f7000ad]
[node-3:25971] [ 2] ./main(+0x12b6)[0x56148f7002b6]
[node-3:25971] [ 3] ./main(+0x1601)[0x56148f700601]
[node-3:25971] [ 4] [node-9:03523] *** Process received signal ***
[node-9:03523] Signal: Segmentation fault (11)
[node-9:03523] Signal code: Address not mapped (1)
[node-9:03523] Failing at address: 0x7ffed393ea30
[node-8:21466] [ 0] ./main(+0x12b6)[0x558860c4e2b6]
[node-2:05420] [ 3] ./main(+0x1601)[0x558860c4e601]
/lib/x86_64-linux-gnu/libc.so.6(__libc_start_main+0xe7)[0x7f10cb2b9c87]
[node-3:25971] [ 5] ./main(+0xb1a)[0x56148f6ffb1a]
[node-3:25971] *** End of error message ***
[node-9:03523] [ 0] /lib/x86_64-linux-gnu/libc.so.6(+0x3ef10)[0x[node-2:05420] [ 4] /lib/x86_64-linux-gnu/libc.so.6(+0x3ef10)[0x7fa6b5545f10]
[node-9:03523] [ 1] 7f17fa17ef10]
[node-8:21466] [ 1] ./main(+0x10ad)[0x5643823450ad/lib/x86_64-linux-gnu/libc.so.6(__libc_start_main+0xe7)[0x7fbd8d17dc87]
[node-2:05420] [ 5] ./main(+0xb1a)[0x558860c4db1a]
[node-2:05420] *** End of error message ***
./main(+0x10ad)[0x55bf0335f0ad]
[node-9:03523] [ 2] ./main(+0x12b6)[0x55bf0335f2b6]
[node-9:03523] [ 3] ./main(+0x1601)[0x55bf0335f601]
]
[node-8:21466] [ 2] ./main(+0x12b6)[0x[node-9:03523] [ 4] /lib/x86_64-linux-gnu/libc.so.6(__libc_start_main+0xe7)[0x7fa6b5528c87]
[node-9:03523] [ 5] ./main(+0xb1a)[0x55bf0335eb1a]
[node-9:03523] *** End of error message ***
5643823452b6]
[node-8:21466] [ 3] ./main(+0x1601)[0x564382345601]
[node-8:21466] [ 4] /lib/x86_64-linux-gnu/libc.so.6(__libc_start_main+0xe7)[0x7f17fa161c87]
[node-8:21466] [ 5] ./main(+0xb1a)[0x564382344b1a]
[node-8:21466] *** End of error message ***
--------------------------------------------------------------------------
mpirun noticed that process rank 0 with PID 0 on node node-1 exited on signal 11 (Segmentation fault).
--------------------------------------------------------------------------
