[node-5:07330] *** Process received signal ***
[node-5:07330] Signal: Segmentation fault (11)
[node-5:07330] Signal code: Address not mapped (1)
[node-5:07330] Failing at address: 0x7ffc08a7e220
[node-5:07330] [ 0] /lib/x86_64-linux-gnu/libc.so.6(+0x3ef10)[0x7fd137b6ef10]
[node-5:07330] [ 1] ./main(+0x10ad)[0x562697b580ad]
[node-5:07330] [ 2] ./main(+0x12b6)[0x562697b582b6]
[node-5:07330] [ 3] ./main(+0x1601)[0x562697b58601]
[node-5:07330] [ 4] /lib/x86_64-linux-gnu/libc.so.6(__libc_start_main+0xe7)[0x7fd137b51c87]
[node-5:07330] [ 5] ./main(+0xb1a)[0x562697b57b1a]
[node-5:07330] *** End of error message ***
[node-6:27310] *** Process received signal ***
[node-6:27310] Signal: Segmentation fault (11)
[node-6:27310] Signal code: Address not mapped (1)
[node-6:27310] Failing at address: 0x7ffd7e9cd1f0
[node-6:27310] [ 0] /lib/x86_64-linux-gnu/libc.so.6(+0x3ef10)[0x7fca1b791f10]
[node-6:27310] [ 1] ./main(+0x10ad)[0x55e35fef20ad]
[node-6:27310] [ 2] ./main(+0x12b6)[0x55e35fef22b6]
[node-6:27310] [ 3] ./main(+0x1601)[0x55e35fef2601]
[node-6:27310] [ 4] /lib/x86_64-linux-gnu/libc.so.6(__libc_start_main+0xe7)[0x7fca1b774c87]
[node-6:27310] [ 5] ./main(+0xb1a)[0x55e35fef1b1a]
[node-6:27310] *** End of error message ***
--------------------------------------------------------------------------
mpirun noticed that process rank 1 with PID 27310 on node node-6 exited on signal 11 (Segmentation fault).
--------------------------------------------------------------------------
