[node-1:06101] *** Process received signal ***
[node-1:06101] Signal: Segmentation fault (11)
[node-1:06101] Signal code: Address not mapped (1)
[node-1:06101] Failing at address: 0x7ffe52e2d9b0
[node-1:06101] [ 0] /lib/x86_64-linux-gnu/libc.so.6(+0x3ef10)[0x7f0da2746f10]
[node-1:06101] [ 1] ./main(+0x10ad)[0x55794c8170ad]
[node-1:06101] [ 2] ./main(+0x12b6)[0x55794c8172b6]
[node-1:06101] [ 3] ./main(+0x1601)[0x55794c817601]
[node-1:06101] [ 4] /lib/x86_64-linux-gnu/libc.so.6(__libc_start_main+0xe7)[0x7f0da2729c87]
[node-1:06101] [ 5] ./main(+0xb1a)[0x55794c816b1a]
[node-1:06101] *** End of error message ***
[node-2:23628] *** Process received signal ***
[node-2:23628] Signal: Segmentation fault (11)
[node-2:23628] Signal code: Address not mapped (1)
[node-2:23628] Failing at address: 0x7ffe6f6a2580
[node-4:31042] *** Process received signal ***
[node-4:31042] Signal: Segmentation fault (11)
[node-4:31042] Signal code: Address not mapped (1)
[node-4:31042] Failing at address: 0x7ffe2cda5c40
[node-2:23628] [ 0] /lib/x86_64-linux-gnu/libc.so.6(+0x3ef10)[0x7f6478d61f10]
[node-2:23628] [ 1] ./main(+0x10ad)[0x55c0e88c30ad]
[node-2:23628] [ 2] [node-3:13229] *** Process received signal ***
[node-3:13229] Signal: Segmentation fault (11)
[node-3:13229] Signal code:  (128)
[node-3:13229] Failing at address: (nil)
[node-4:31042] [ 0] /lib/x86_64-linux-gnu/libc.so.6(+0x3ef10)[0x7f42f6570f10]
./main(+0x12b6)[0x55c0e88c32b6]
[node-2:23628] [node-3:13229] [ 0] [node-4:31042] [ 1] ./main(+0x10ad)[0x55f109cb90ad]
[node-4:31042] [ 2] [ 3] /lib/x86_64-linux-gnu/libc.so.6(+0x3ef10)[0x7f5e4027ff10]
[node-3:13229] [ 1] ./main(+0x10ad)[0x555d530d80ad]
[node-3:13229] [ 2] ./main(+0x12b6)[0x555d530d82b6]
[node-3:13229] [ 3] ./main(+0x1601)[0x555d530d8601]
[node-3:13229] [ 4] /lib/x86_64-linux-gnu/libc.so.6(__libc_start_main+0xe7)[0x7f5e40262c87]
[node-3:13229] [ 5] ./main(+0xb1a)[0x555d530d7b1a]
./main(+0x12b6)[0x55f109cb92b6]
[node-4:31042] [ 3] ./main(+0x1601)[0x55c0e88c3601]
[node-2:23628] [ 4] /lib/x86_64-linux-gnu/libc.so.6(__libc_start_main+0xe7)[0x7f6478d44c87]
[node-2:23628] [ 5] ./main(+0xb1a)[0x55c0e88c2b1a]
[node-2:23628] *** End of error message ***
[node-3:13229] *** End of error message ***
./main(+0x1601)[0x55f109cb9601]
[node-4:31042] [ 4] /lib/x86_64-linux-gnu/libc.so.6(__libc_start_main+0xe7)[0x7f42f6553c87]
[node-4:31042] [ 5] ./main(+0xb1a)[0x55f109cb8b1a]
[node-4:31042] *** End of error message ***
--------------------------------------------------------------------------
mpirun noticed that process rank 0 with PID 0 on node node-1 exited on signal 11 (Segmentation fault).
--------------------------------------------------------------------------
