[node-9:07025] *** Process received signal ***
[node-9:07025] Signal: Segmentation fault (11)
[node-9:07025] Signal code: Address not mapped (1)
[node-9:07025] Failing at address: 0x7fff6ccdb9f0
[node-9:07025] [ 0] /lib/x86_64-linux-gnu/libc.so.6(+0x3ef10)[0x7faea960ef10]
[node-9:07025] [ 1] ./main(+0x10ad)[0x56140f5250ad]
[node-9:07025] [ 2] ./main(+0x12b6)[0x56140f5252b6]
[node-9:07025] [ 3] ./main(+0x1601)[0x56140f525601]
[node-9:07025] [ 4] /lib/x86_64-linux-gnu/libc.so.6(__libc_start_main+0xe7)[0x7faea95f1c87]
[node-9:07025] [ 5] ./main(+0xb1a)[0x56140f524b1a]
[node-9:07025] *** End of error message ***
[node-10:21443] *** Process received signal ***
[node-10:21443] Signal: Segmentation fault (11)
[node-10:21443] Signal code: Address not mapped (1)
[node-10:21443] Failing at address: 0x7fffd8149470
[node-10:21443] [ 0] /lib/x86_64-linux-gnu/libc.so.6(+0x3ef10)[0x7f6e58331f10]
[node-10:21443] [ 1] ./main(+0x10ad)[0x5649390370ad]
[node-10:21443] [ 2] ./main(+0x12b6)[0x5649390372b6]
[node-10:21443] [ 3] ./main(+0x1601)[0x564939037601]
[node-10:21443] [ 4] /lib/x86_64-linux-gnu/libc.so.6(__libc_start_main+0xe7)[0x7f6e58314c87]
[node-10:21443] [ 5] ./main(+0xb1a)[0x564939036b1a]
[node-10:21443] *** End of error message ***
--------------------------------------------------------------------------
mpirun noticed that process rank 1 with PID 21443 on node node-10 exited on signal 11 (Segmentation fault).
--------------------------------------------------------------------------
