[node-1:21154] *** Process received signal ***
[node-1:21154] Signal: Segmentation fault (11)
[node-1:21154] Signal code: Address not mapped (1)
[node-1:21154] Failing at address: 0x7fffb08586c0
[node-1:21154] [ 0] /lib/x86_64-linux-gnu/libc.so.6(+0x3ef10)[0x7fb7f9e75f10]
[node-1:21154] [ 1] ./main(+0x10ad)[0x55be2fd160ad]
[node-1:21154] [ 2] ./main(+0x12b6)[0x55be2fd162b6]
[node-1:21154] [ 3] ./main(+0x1601)[0x55be2fd16601]
[node-1:21154] [ 4] /lib/x86_64-linux-gnu/libc.so.6(__libc_start_main+0xe7)[0x7fb7f9e58c87]
[node-1:21154] [ 5] ./main(+0xb1a)[0x55be2fd15b1a]
[node-1:21154] *** End of error message ***
[node-6:06638] *** Process received signal ***
[node-6:06638] Signal: Segmentation fault (11)
[node-6:06638] Signal code: Address not mapped (1)
[node-6:06638] Failing at address: 0x7ffdb94c1cb0
[node-6:06638] [ 0] /lib/x86_64-linux-gnu/libc.so.6(+0x3ef10)[0x7fd7823b8f10]
[node-6:06638] [ 1] ./main(+0x10ad)[0x55c91f8450ad]
[node-6:06638] [ 2] ./main(+0x12b6)[0x55c91f8452b6]
[node-6:06638] [ 3] ./main(+0x1601)[0x55c91f845601]
[node-6:06638] [ 4] /lib/x86_64-linux-gnu/libc.so.6(__libc_start_main+0xe7)[0x7fd78239bc87]
[node-6:06638] [ 5] ./main(+0xb1a)[0x55c91f844b1a]
[node-6:06638] *** End of error message ***
[node-2:05959] *** Process received signal ***
[node-2:05959] Signal: Segmentation fault (11)
[node-2:05959] Signal code: Address not mapped (1)
[node-2:05959] Failing at address: 0x7ffd936a1ec0
[node-4:12941] *** Process received signal ***
[node-4:12941] Signal: Segmentation fault (11)
[node-4:12941] Signal code:  (128)
[node-4:12941] Failing at address: (nil)
[node-3:26454] *** Process received signal ***
[node-3:26454] Signal: Segmentation fault (11)
[node-3:26454] Signal code: Address not mapped (1)
[node-3:26454] Failing at address: 0x7ffceada39c0
[node-2:05959] [ 0] /lib/x86_64-linux-gnu/libc.so.6(+0x3ef10)[0x7fa805ccbf10]
[node-2:05959] [ 1] ./main(+0x10ad)[0x55e7f54a50ad]
[node-2:05959] [ 2] ./main(+0x12b6)[0x55e7f54a52b6]
[node-2:05959] [ 3] ./main(+0x1601)[0x55e7f54a5601]
[node-2:05959] [ 4] [node-4:12941] [ 0] /lib/x86_64-linux-gnu/libc.so.6(+0x3ef10)[0x7f98666f1f10]
[node-4:12941] [ 1] ./main(+0x10ad)[0x564184b830ad]
[node-4:12941] [ 2] ./main(+0x12b6)[0x564184b832b6]
[node-4:12941] [ 3] ./main(+0x1601)[0x564184b83601]
[node-4:12941] [ 4] [node-3:26454] [ 0] /lib/x86_64-linux-gnu/libc.so.6(__libc_start_main+0xe7)[0x7fa805caec87]
[node-2:05959] [ 5] ./main(+0xb1a)[0x55e7f54a4b1a]
[node-2:05959] *** End of error message ***
/lib/x86_64-linux-gnu/libc.so.6(__libc_start_main+0xe7)[0x7f98666d4c87]
[node-4:12941] [ 5] ./main(+0xb1a)[0x564184b82b1a]
[node-4:12941] *** End of error message ***
/lib/x86_64-linux-gnu/libc.so.6(+0x3ef10)[0x7fd119629f10]
[node-3:26454] [ 1] ./main(+0x10ad)[0x55ebd60a50ad]
[node-3:26454] [ 2] ./main(+0x12b6)[0x55ebd60a52b6]
[node-3:26454] [ 3] ./main(+0x1601)[0x55ebd60a5601]
[node-3:26454] [ 4] /lib/x86_64-linux-gnu/libc.so.6([node-5:20612] *** Process received signal ***
[node-5:20612] Signal: Segmentation fault (11)
[node-5:20612] Signal code: Address not mapped (1)
[node-5:20612] Failing at address: 0x7fff3ef158a0
[node-5:20612] [ 0] __libc_start_main+0xe7)[0x7fd11960cc87]
[node-3:26454] [ 5] ./main(+0xb1a)[0x55ebd60a4b1a]
[node-3:26454] *** End of error message ***
/lib/x86_64-linux-gnu/libc.so.6(+0x3ef10)[0x7fa235c53f10]
[node-5:20612] [ 1] ./main(+0x10ad)[0x55e0067970ad]
[node-5:20612] [ 2] ./main(+0x12b6)[0x55e0067972b6]
[node-5:20612] [ 3] ./main(+0x1601)[0x55e006797601]
[node-5:20612] [ 4] /lib/x86_64-linux-gnu/libc.so.6(__libc_start_main+0xe7)[0x7fa235c36c87]
[node-5:20612] [ 5] ./main(+0xb1a)[0x55e006796b1a]
[node-5:20612] *** End of error message ***
--------------------------------------------------------------------------
mpirun noticed that process rank 5 with PID 6638 on node node-6 exited on signal 11 (Segmentation fault).
--------------------------------------------------------------------------
