[node-1:21470] *** Process received signal ***
[node-1:21470] Signal: Segmentation fault (11)
[node-1:21470] Signal code: Address not mapped (1)
[node-1:21470] Failing at address: 0x7ffe2f7f9e00
[node-1:21470] [ 0] /lib/x86_64-linux-gnu/libc.so.6(+0x3ef10)[0x7f654f27df10]
[node-1:21470] [ 1] ./main(+0x10ad)[0x55d2c7bb50ad]
[node-1:21470] [ 2] ./main(+0x12b6)[0x55d2c7bb52b6]
[node-1:21470] [ 3] ./main(+0x1601)[0x55d2c7bb5601]
[node-1:21470] [ 4] /lib/x86_64-linux-gnu/libc.so.6(__libc_start_main+0xe7)[0x7f654f260c87]
[node-1:21470] [ 5] ./main(+0xb1a)[0x55d2c7bb4b1a]
[node-1:21470] *** End of error message ***
[node-2:06306] *** Process received signal ***
[node-2:06306] Signal: Segmentation fault (11)
[node-2:06306] Signal code: Address not mapped (1)
[node-2:06306] Failing at address: 0x7ffb3df9c650
[node-2:06306] [ 0] [node-3:26741] *** Process received signal ***
[node-3:26741] Signal: Segmentation fault (11)
[node-3:26741] Signal code: Address not mapped (1)
[node-3:26741] Failing at address: 0x7ffb99ee06f0
[node-3:26741] [ 0] /lib/x86_64-linux-gnu/libc.so.6(+0x3ef10)[0x7f06e0daef10]
[node-3:26741] [ 1] ./main(+0x10ad)[0x5614e1af60ad]
[node-3:26741] [ 2] ./main(+0x12b6)[0x5614e1af62b6]
/lib/x86_64-linux-gnu/libc.so.6(+0x3ef10)[0x7f7e3bd16f10]
[node-2:06306] [ 1] ./main(+0x10ad)[0x560dd3b6d0ad]
[node-2:06306] [ 2] ./main(+0x12b6)[0x560dd3b6d2b6]
[node-2:06306] [ 3] ./main(+0x1601)[0x560dd3b6d601]
[node-2:06306] [ 4] [node-3:26741] [ 3] ./main(+0x1601)[0x5614e1af6601]
[node-3:26741] [ 4] /lib/x86_64-linux-gnu/libc.so.6(__libc_start_main+0xe7)[0x7f06e0d91c87]
[node-3:26741] [ 5] ./main(+0xb1a)[0x5614e1af5b1a]
[node-3:26741] *** End of error message ***
/lib/x86_64-linux-gnu/libc.so.6(__libc_start_main+0xe7)[0x7f7e3bcf9c87]
[node-2:06306] [ 5] ./main(+0xb1a)[0x560dd3b6cb1a]
[node-2:06306] *** End of error message ***
--------------------------------------------------------------------------
mpirun noticed that process rank 0 with PID 0 on node node-1 exited on signal 11 (Segmentation fault).
--------------------------------------------------------------------------
